#
# There is insufficient memory for the Java Runtime Environment to continue.
# Native memory allocation (malloc) failed to allocate 715456 bytes for Chunk::new
# Possible reasons:
#   The system is out of physical RAM or swap space
#   The process is running with CompressedOops enabled, and the Java Heap may be blocking the growth of the native heap
# Possible solutions:
#   Reduce memory load on the system
#   Increase physical memory or swap space
#   Check if swap backing store is full
#   Decrease Java heap size (-Xmx/-Xms)
#   Decrease number of Java threads
#   Decrease Java thread stack sizes (-Xss)
#   Set larger code cache with -XX:ReservedCodeCacheSize=
#   JVM is running with Unscaled Compressed Oops mode in which the Java heap is
#     placed in the first 4GB address space. The Java Heap base address is the
#     maximum limit for the native heap growth. Please use -XX:HeapBaseMinAddress
#     to set the Java Heap base and to place the Java Heap above 4GB virtual address.
# This output file may be truncated or incomplete.
#
#  Out of Memory Error (arena.cpp:184), pid=11072, tid=3048
#
# JRE version: Java(TM) SE Runtime Environment (19.0.1+10) (build 19.0.1+10-21)
# Java VM: Java HotSpot(TM) 64-Bit Server VM (19.0.1+10-21, mixed mode, sharing, tiered, compressed oops, compressed class ptrs, g1 gc, windows-amd64)
# No core dump will be written. Minidumps are not enabled by default on client versions of Windows
#

---------------  S U M M A R Y ------------

Command Line: --add-opens=java.base/java.util=ALL-UNNAMED --add-opens=java.base/java.lang=ALL-UNNAMED --add-opens=java.base/java.lang.invoke=ALL-UNNAMED --add-opens=java.prefs/java.util.prefs=ALL-UNNAMED --add-opens=java.base/java.nio.charset=ALL-UNNAMED --add-opens=java.base/java.net=ALL-UNNAMED --add-opens=java.base/java.util.concurrent.atomic=ALL-UNNAMED -XX:MaxMetaspaceSize=384m -XX:+HeapDumpOnOutOfMemoryError -Xms256m -Xmx512m -Dfile.encoding=windows-1251 -Duser.country=US -Duser.language=en -Duser.variant -javaagent:C:\Users\HP\.gradle\wrapper\dists\gradle-8.3-bin\dxjbbhstwasg8cbags9q7cvli\gradle-8.3\lib\agents\gradle-instrumentation-agent-8.3.jar org.gradle.launcher.daemon.bootstrap.GradleDaemon 8.3

Host: 12th Gen Intel(R) Core(TM) i5-1235U, 12 cores, 7G,  Windows 11 , 64 bit Build 22621 (10.0.22621.2506)
Time: Sun Nov 19 17:46:58 2023 West Asia Standard Time elapsed time: 28.357901 seconds (0d 0h 0m 28s)

---------------  T H R E A D  ---------------

Current thread (0x000001979fd20c10):  JavaThread "C2 CompilerThread0" daemon [_thread_in_native, id=3048, stack(0x0000008cfd400000,0x0000008cfd500000)]


Current CompileTask:
C2:  28358 5128       4       groovy.lang.MetaClassImpl::addMetaMethodToIndex (65 bytes)

Stack: [0x0000008cfd400000,0x0000008cfd500000]
Native frames: (J=compiled Java code, j=interpreted, Vv=VM code, C=native code)
V  [jvm.dll+0x6ee8fa]
V  [jvm.dll+0x857a1e]
V  [jvm.dll+0x85940e]
V  [jvm.dll+0x859ac3]
V  [jvm.dll+0x28291f]
V  [jvm.dll+0xc9b5f]
V  [jvm.dll+0xc9ee5]
V  [jvm.dll+0x3bcbac]
V  [jvm.dll+0x386201]
V  [jvm.dll+0x38567a]
V  [jvm.dll+0x24c2c9]
V  [jvm.dll+0x24b671]
V  [jvm.dll+0x1d6d61]
V  [jvm.dll+0x25b0fa]
V  [jvm.dll+0x259588]
V  [jvm.dll+0x807928]
V  [jvm.dll+0x8015fa]
V  [jvm.dll+0x6ed5eb]
C  [ucrtbase.dll+0x29363]
C  [KERNEL32.DLL+0x1257d]
C  [ntdll.dll+0x5aa58]


---------------  P R O C E S S  ---------------

Threads class SMR info:
_java_thread_list=0x00000197a6361650, length=47, elements={
0x00000197848ca850, 0x000001979fd18900, 0x000001979fd19890, 0x000001979fd1a6c0,
0x000001979fd1b1f0, 0x000001979fd1bd20, 0x000001979fd1ee00, 0x000001979fd20c10,
0x000001979fd26bc0, 0x000001979fd2d6f0, 0x000001979fce5a20, 0x00000197a42b7020,
0x00000197a56c16f0, 0x00000197a54ee910, 0x00000197a5537060, 0x00000197a4fc5770,
0x00000197a4c86cc0, 0x00000197a5119c70, 0x00000197a5145c80, 0x00000197a5124a60,
0x00000197a5125a50, 0x00000197a5125fa0, 0x00000197a5127a30, 0x00000197a5124510,
0x00000197a5125500, 0x00000197a51264f0, 0x00000197a51274e0, 0x00000197a5126a40,
0x00000197a4ee9de0, 0x00000197a4ee6e10, 0x00000197a4ee88a0, 0x00000197a4ee9340,
0x00000197a4ee78b0, 0x00000197a4eea880, 0x00000197a4eeb320, 0x00000197a4eed300,
0x00000197a4eec860, 0x00000197a4eee2f0, 0x00000197a4eeadd0, 0x00000197a4eee840,
0x00000197a4ee8350, 0x00000197a4ee8df0, 0x00000197a4ee7360, 0x00000197a4eedda0,
0x00000197a4eeb870, 0x00000197a4ee7e00, 0x00000197a4eed850
}

Java Threads: ( => current thread )
  0x00000197848ca850 JavaThread "main" [_thread_blocked, id=6764, stack(0x0000008cfc700000,0x0000008cfc800000)]
  0x000001979fd18900 JavaThread "Reference Handler" daemon [_thread_blocked, id=12060, stack(0x0000008cfce00000,0x0000008cfcf00000)]
  0x000001979fd19890 JavaThread "Finalizer" daemon [_thread_blocked, id=12196, stack(0x0000008cfcf00000,0x0000008cfd000000)]
  0x000001979fd1a6c0 JavaThread "Signal Dispatcher" daemon [_thread_blocked, id=8156, stack(0x0000008cfd000000,0x0000008cfd100000)]
  0x000001979fd1b1f0 JavaThread "Attach Listener" daemon [_thread_blocked, id=16504, stack(0x0000008cfd100000,0x0000008cfd200000)]
  0x000001979fd1bd20 JavaThread "Service Thread" daemon [_thread_blocked, id=5068, stack(0x0000008cfd200000,0x0000008cfd300000)]
  0x000001979fd1ee00 JavaThread "Monitor Deflation Thread" daemon [_thread_blocked, id=12104, stack(0x0000008cfd300000,0x0000008cfd400000)]
=>0x000001979fd20c10 JavaThread "C2 CompilerThread0" daemon [_thread_in_native, id=3048, stack(0x0000008cfd400000,0x0000008cfd500000)]
  0x000001979fd26bc0 JavaThread "C1 CompilerThread0" daemon [_thread_blocked, id=9032, stack(0x0000008cfd500000,0x0000008cfd600000)]
  0x000001979fd2d6f0 JavaThread "Sweeper thread" daemon [_thread_blocked, id=18376, stack(0x0000008cfd600000,0x0000008cfd700000)]
  0x000001979fce5a20 JavaThread "Common-Cleaner" daemon [_thread_blocked, id=17048, stack(0x0000008cfd700000,0x0000008cfd800000)]
  0x00000197a42b7020 JavaThread "Notification Thread" daemon [_thread_blocked, id=16932, stack(0x0000008cfd800000,0x0000008cfd900000)]
  0x00000197a56c16f0 JavaThread "Daemon health stats" [_thread_blocked, id=18408, stack(0x0000008cfda00000,0x0000008cfdb00000)]
  0x00000197a54ee910 JavaThread "Incoming local TCP Connector on port 63458" [_thread_in_native, id=6828, stack(0x0000008cfe000000,0x0000008cfe100000)]
  0x00000197a5537060 JavaThread "Daemon periodic checks" [_thread_blocked, id=5320, stack(0x0000008cfe100000,0x0000008cfe200000)]
  0x00000197a4fc5770 JavaThread "Daemon" [_thread_blocked, id=7912, stack(0x0000008cfe200000,0x0000008cfe300000)]
  0x00000197a4c86cc0 JavaThread "Handler for socket connection from /127.0.0.1:63458 to /127.0.0.1:63461" [_thread_in_native, id=15612, stack(0x0000008cfe300000,0x0000008cfe400000)]
  0x00000197a5119c70 JavaThread "Cancel handler" [_thread_blocked, id=17056, stack(0x0000008cfe400000,0x0000008cfe500000)]
  0x00000197a5145c80 JavaThread "Daemon worker" [_thread_in_native, id=15364, stack(0x0000008cfe500000,0x0000008cfe600000)]
  0x00000197a5124a60 JavaThread "Asynchronous log dispatcher for DefaultDaemonConnection: socket connection from /127.0.0.1:63458 to /127.0.0.1:63461" [_thread_blocked, id=17968, stack(0x0000008cfe600000,0x0000008cfe700000)]
  0x00000197a5125a50 JavaThread "Stdin handler" [_thread_blocked, id=11932, stack(0x0000008cfe700000,0x0000008cfe800000)]
  0x00000197a5125fa0 JavaThread "Daemon client event forwarder" [_thread_blocked, id=6784, stack(0x0000008cfe800000,0x0000008cfe900000)]
  0x00000197a5127a30 JavaThread "Cache worker for journal cache (C:\Users\HP\.gradle\caches\journal-1)" [_thread_blocked, id=12848, stack(0x0000008cfe900000,0x0000008cfea00000)]
  0x00000197a5124510 JavaThread "File lock request listener" [_thread_in_native, id=11480, stack(0x0000008cfea00000,0x0000008cfeb00000)]
  0x00000197a5125500 JavaThread "File lock release action executor" [_thread_blocked, id=16640, stack(0x0000008cfeb00000,0x0000008cfec00000)]
  0x00000197a51264f0 JavaThread "Cache worker for file hash cache (C:\Users\HP\.gradle\caches\8.3\fileHashes)" [_thread_blocked, id=9788, stack(0x0000008cfec00000,0x0000008cfed00000)]
  0x00000197a51274e0 JavaThread "File watcher server" daemon [_thread_in_native, id=18128, stack(0x0000008cff300000,0x0000008cff400000)]
  0x00000197a5126a40 JavaThread "File watcher consumer" daemon [_thread_blocked, id=18384, stack(0x0000008cff400000,0x0000008cff500000)]
  0x00000197a4ee9de0 JavaThread "jar transforms" [_thread_blocked, id=18324, stack(0x0000008cff500000,0x0000008cff600000)]
  0x00000197a4ee6e10 JavaThread "jar transforms Thread 2" [_thread_blocked, id=11916, stack(0x0000008cff600000,0x0000008cff700000)]
  0x00000197a4ee88a0 JavaThread "jar transforms Thread 3" [_thread_blocked, id=16548, stack(0x0000008cff700000,0x0000008cff800000)]
  0x00000197a4ee9340 JavaThread "jar transforms Thread 4" [_thread_blocked, id=16860, stack(0x0000008cff800000,0x0000008cff900000)]
  0x00000197a4ee78b0 JavaThread "jar transforms Thread 5" [_thread_blocked, id=8400, stack(0x0000008cff900000,0x0000008cffa00000)]
  0x00000197a4eea880 JavaThread "jar transforms Thread 6" [_thread_blocked, id=6084, stack(0x0000008cffa00000,0x0000008cffb00000)]
  0x00000197a4eeb320 JavaThread "jar transforms Thread 7" [_thread_blocked, id=17692, stack(0x0000008cffb00000,0x0000008cffc00000)]
  0x00000197a4eed300 JavaThread "jar transforms Thread 8" [_thread_blocked, id=17456, stack(0x0000008cffc00000,0x0000008cffd00000)]
  0x00000197a4eec860 JavaThread "jar transforms Thread 9" [_thread_blocked, id=5252, stack(0x0000008cffd00000,0x0000008cffe00000)]
  0x00000197a4eee2f0 JavaThread "jar transforms Thread 10" [_thread_blocked, id=18400, stack(0x0000008cffe00000,0x0000008cfff00000)]
  0x00000197a4eeadd0 JavaThread "jar transforms Thread 11" [_thread_blocked, id=17176, stack(0x0000008cfff00000,0x0000008d00000000)]
  0x00000197a4eee840 JavaThread "jar transforms Thread 12" [_thread_blocked, id=15068, stack(0x0000008c80000000,0x0000008c80100000)]
  0x00000197a4ee8350 JavaThread "Cache worker for checksums cache (D:\Users\HP\java G23\JavaSpring\learning_center_project\parent-service\.gradle\8.3\checksums)" [_thread_blocked, id=16476, stack(0x0000008c80100000,0x0000008c80200000)]
  0x00000197a4ee8df0 JavaThread "Cache worker for file hash cache (D:\Users\HP\java G23\JavaSpring\learning_center_project\parent-service\.gradle\8.3\fileHashes)" [_thread_blocked, id=11880, stack(0x0000008c80200000,0x0000008c80300000)]
  0x00000197a4ee7360 JavaThread "Cache worker for cache directory md-supplier (C:\Users\HP\.gradle\caches\8.3\md-supplier)" [_thread_blocked, id=1304, stack(0x0000008c80300000,0x0000008c80400000)]
  0x00000197a4eedda0 JavaThread "Cache worker for file content cache (C:\Users\HP\.gradle\caches\8.3\fileContent)" [_thread_blocked, id=18288, stack(0x0000008c80400000,0x0000008c80500000)]
  0x00000197a4eeb870 JavaThread "Cache worker for cache directory md-rule (C:\Users\HP\.gradle\caches\8.3\md-rule)" [_thread_blocked, id=4248, stack(0x0000008c80500000,0x0000008c80600000)]
  0x00000197a4ee7e00 JavaThread "Cache worker for execution history cache (C:\Users\HP\.gradle\caches\8.3\executionHistory)" [_thread_blocked, id=9816, stack(0x0000008c80600000,0x0000008c80700000)]
  0x00000197a4eed850 JavaThread "File lock release action executor Thread 2" [_thread_blocked, id=4976, stack(0x0000008c80700000,0x0000008c80800000)]

Other Threads:
  0x000001979fcfa010 VMThread "VM Thread" [stack: 0x0000008cfcd00000,0x0000008cfce00000] [id=10148]
  0x00000197848cb730 WatcherThread "VM Periodic Task Thread" [stack: 0x0000008cfd900000,0x0000008cfda00000] [id=12772]
  0x00000197848fc870 WorkerThread "GC Thread#0" [stack: 0x0000008cfc800000,0x0000008cfc900000] [id=6400]
  0x00000197a4acbb10 WorkerThread "GC Thread#1" [stack: 0x0000008cfdb00000,0x0000008cfdc00000] [id=17824]
  0x00000197a4acbde0 WorkerThread "GC Thread#2" [stack: 0x0000008cfdc00000,0x0000008cfdd00000] [id=12696]
  0x00000197a4acc0b0 WorkerThread "GC Thread#3" [stack: 0x0000008cfdd00000,0x0000008cfde00000] [id=2960]
  0x00000197a4acad00 WorkerThread "GC Thread#4" [stack: 0x0000008cfde00000,0x0000008cfdf00000] [id=3212]
  0x00000197a4aca490 WorkerThread "GC Thread#5" [stack: 0x0000008cfdf00000,0x0000008cfe000000] [id=6104]
  0x00000197a5bfb0c0 WorkerThread "GC Thread#6" [stack: 0x0000008cfed00000,0x0000008cfee00000] [id=12092]
  0x00000197a5bfadf0 WorkerThread "GC Thread#7" [stack: 0x0000008cfee00000,0x0000008cfef00000] [id=18252]
  0x00000197a5bf8c30 WorkerThread "GC Thread#8" [stack: 0x0000008cfef00000,0x0000008cff000000] [id=4600]
  0x00000197a5bfab20 WorkerThread "GC Thread#9" [stack: 0x0000008cff000000,0x0000008cff100000] [id=16004]
  0x00000197849017d0 ConcurrentGCThread "G1 Main Marker" [stack: 0x0000008cfc900000,0x0000008cfca00000] [id=16540]
  0x0000019784903210 WorkerThread "G1 Conc#0" [stack: 0x0000008cfca00000,0x0000008cfcb00000] [id=14896]
  0x00000197a5bfa850 WorkerThread "G1 Conc#1" [stack: 0x0000008cff100000,0x0000008cff200000] [id=5752]
  0x00000197a5bfb930 WorkerThread "G1 Conc#2" [stack: 0x0000008cff200000,0x0000008cff300000] [id=17360]
  0x000001979fbbd1a0 ConcurrentGCThread "G1 Refine#0" [stack: 0x0000008cfcb00000,0x0000008cfcc00000] [id=7856]
  0x000001979fbbdce0 ConcurrentGCThread "G1 Service" [stack: 0x0000008cfcc00000,0x0000008cfcd00000] [id=17580]

Threads with active compile tasks:
C2 CompilerThread0    28403 5128       4       groovy.lang.MetaClassImpl::addMetaMethodToIndex (65 bytes)

VM state: not at safepoint (normal execution)

VM Mutex/Monitor currently owned by a thread: None

Heap address: 0x00000000e0000000, size: 512 MB, Compressed Oops mode: 32-bit

CDS archive(s) mapped at: [0x0000000800000000-0x0000000800c40000-0x0000000800c40000), size 12845056, SharedBaseAddress: 0x0000000800000000, ArchiveRelocationMode: 0.
Compressed class space mapped at: 0x0000000801000000-0x0000000814400000, reserved size: 322961408
Narrow klass base: 0x0000000800000000, Narrow klass shift: 0, Narrow klass range: 0x100000000

GC Precious Log:
 CardTable entry size: 512
 Card Set container configuration: InlinePtr #cards 5 size 8 Array Of Cards #cards 12 size 40 Howl #buckets 4 coarsen threshold 1843 Howl Bitmap #cards 512 size 80 coarsen threshold 460 Card regions per heap region 1 cards per card region 2048
 CPUs: 12 total, 12 available
 Memory: 7863M
 Large Page Support: Disabled
 NUMA Support: Disabled
 Compressed Oops: Enabled (32-bit)
 Heap Region Size: 1M
 Heap Min Capacity: 256M
 Heap Initial Capacity: 256M
 Heap Max Capacity: 512M
 Pre-touch: Disabled
 Parallel Workers: 10
 Concurrent Workers: 3
 Concurrent Refinement Workers: 10
 Periodic GC: Disabled

Heap:
 garbage-first heap   total 262144K, used 154696K [0x00000000e0000000, 0x0000000100000000)
  region size 1024K, 94 young (96256K), 10 survivors (10240K)
 Metaspace       used 42598K, committed 44032K, reserved 380928K
  class space    used 5751K, committed 6528K, reserved 315392K

Heap Regions: E=young(eden), S=young(survivor), O=old, HS=humongous(starts), HC=humongous(continues), CS=collection set, F=free, OA=open archive, CA=closed archive, TAMS=top-at-mark-start (previous, next)
|   0|0x00000000e0000000, 0x00000000e0100000, 0x00000000e0100000|100%|HS|  |TAMS 0x00000000e0100000, 0x00000000e0000000| Complete 
|   1|0x00000000e0100000, 0x00000000e0200000, 0x00000000e0200000|100%|HC|  |TAMS 0x00000000e0200000, 0x00000000e0100000| Complete 
|   2|0x00000000e0200000, 0x00000000e0300000, 0x00000000e0300000|100%|HC|  |TAMS 0x00000000e0300000, 0x00000000e0200000| Complete 
|   3|0x00000000e0300000, 0x00000000e0400000, 0x00000000e0400000|100%|HC|  |TAMS 0x00000000e0400000, 0x00000000e0300000| Complete 
|   4|0x00000000e0400000, 0x00000000e0500000, 0x00000000e0500000|100%| O|  |TAMS 0x00000000e0500000, 0x00000000e0400000| Untracked 
|   5|0x00000000e0500000, 0x00000000e0600000, 0x00000000e0600000|100%| O|  |TAMS 0x00000000e0600000, 0x00000000e0500000| Untracked 
|   6|0x00000000e0600000, 0x00000000e0700000, 0x00000000e0700000|100%| O|  |TAMS 0x00000000e0700000, 0x00000000e0600000| Untracked 
|   7|0x00000000e0700000, 0x00000000e0800000, 0x00000000e0800000|100%| O|  |TAMS 0x00000000e0800000, 0x00000000e0700000| Untracked 
|   8|0x00000000e0800000, 0x00000000e0900000, 0x00000000e0900000|100%|HS|  |TAMS 0x00000000e0900000, 0x00000000e0800000| Complete 
|   9|0x00000000e0900000, 0x00000000e0a00000, 0x00000000e0a00000|100%| O|  |TAMS 0x00000000e0a00000, 0x00000000e0900000| Untracked 
|  10|0x00000000e0a00000, 0x00000000e0b00000, 0x00000000e0b00000|100%| O|  |TAMS 0x00000000e0b00000, 0x00000000e0a00000| Untracked 
|  11|0x00000000e0b00000, 0x00000000e0c00000, 0x00000000e0c00000|100%| O|  |TAMS 0x00000000e0b20e00, 0x00000000e0b00000| Untracked 
|  12|0x00000000e0c00000, 0x00000000e0d00000, 0x00000000e0d00000|100%|HS|  |TAMS 0x00000000e0d00000, 0x00000000e0c00000| Complete 
|  13|0x00000000e0d00000, 0x00000000e0e00000, 0x00000000e0e00000|100%|HC|  |TAMS 0x00000000e0e00000, 0x00000000e0d00000| Complete 
|  14|0x00000000e0e00000, 0x00000000e0f00000, 0x00000000e0f00000|100%|HS|  |TAMS 0x00000000e0f00000, 0x00000000e0e00000| Complete 
|  15|0x00000000e0f00000, 0x00000000e1000000, 0x00000000e1000000|100%|HC|  |TAMS 0x00000000e1000000, 0x00000000e0f00000| Complete 
|  16|0x00000000e1000000, 0x00000000e1100000, 0x00000000e1100000|100%|HC|  |TAMS 0x00000000e1100000, 0x00000000e1000000| Complete 
|  17|0x00000000e1100000, 0x00000000e1200000, 0x00000000e1200000|100%|HS|  |TAMS 0x00000000e1200000, 0x00000000e1100000| Complete 
|  18|0x00000000e1200000, 0x00000000e1300000, 0x00000000e1300000|100%|HC|  |TAMS 0x00000000e1300000, 0x00000000e1200000| Complete 
|  19|0x00000000e1300000, 0x00000000e1400000, 0x00000000e1400000|100%|HS|  |TAMS 0x00000000e1400000, 0x00000000e1300000| Complete 
|  20|0x00000000e1400000, 0x00000000e1500000, 0x00000000e1500000|100%|HC|  |TAMS 0x00000000e1500000, 0x00000000e1400000| Complete 
|  21|0x00000000e1500000, 0x00000000e1600000, 0x00000000e1600000|100%|HC|  |TAMS 0x00000000e1600000, 0x00000000e1500000| Complete 
|  22|0x00000000e1600000, 0x00000000e1700000, 0x00000000e1700000|100%|HC|  |TAMS 0x00000000e1700000, 0x00000000e1600000| Complete 
|  23|0x00000000e1700000, 0x00000000e1800000, 0x00000000e1800000|100%|HC|  |TAMS 0x00000000e1800000, 0x00000000e1700000| Complete 
|  24|0x00000000e1800000, 0x00000000e1900000, 0x00000000e1900000|100%|HC|  |TAMS 0x00000000e1900000, 0x00000000e1800000| Complete 
|  25|0x00000000e1900000, 0x00000000e1a00000, 0x00000000e1a00000|100%|HC|  |TAMS 0x00000000e1a00000, 0x00000000e1900000| Complete 
|  26|0x00000000e1a00000, 0x00000000e1b00000, 0x00000000e1b00000|100%|HC|  |TAMS 0x00000000e1b00000, 0x00000000e1a00000| Complete 
|  27|0x00000000e1b00000, 0x00000000e1c00000, 0x00000000e1c00000|100%|HC|  |TAMS 0x00000000e1c00000, 0x00000000e1b00000| Complete 
|  28|0x00000000e1c00000, 0x00000000e1d00000, 0x00000000e1d00000|100%|HC|  |TAMS 0x00000000e1d00000, 0x00000000e1c00000| Complete 
|  29|0x00000000e1d00000, 0x00000000e1e00000, 0x00000000e1e00000|100%|HC|  |TAMS 0x00000000e1e00000, 0x00000000e1d00000| Complete 
|  30|0x00000000e1e00000, 0x00000000e1f00000, 0x00000000e1f00000|100%|HC|  |TAMS 0x00000000e1f00000, 0x00000000e1e00000| Complete 
|  31|0x00000000e1f00000, 0x00000000e2000000, 0x00000000e2000000|100%|HS|  |TAMS 0x00000000e2000000, 0x00000000e1f00000| Complete 
|  32|0x00000000e2000000, 0x00000000e2100000, 0x00000000e2100000|100%|HC|  |TAMS 0x00000000e2100000, 0x00000000e2000000| Complete 
|  33|0x00000000e2100000, 0x00000000e2200000, 0x00000000e2200000|100%|HS|  |TAMS 0x00000000e2200000, 0x00000000e2100000| Complete 
|  34|0x00000000e2200000, 0x00000000e2300000, 0x00000000e2300000|100%|HC|  |TAMS 0x00000000e2300000, 0x00000000e2200000| Complete 
|  35|0x00000000e2300000, 0x00000000e2400000, 0x00000000e2400000|100%|HC|  |TAMS 0x00000000e2400000, 0x00000000e2300000| Complete 
|  36|0x00000000e2400000, 0x00000000e2500000, 0x00000000e2500000|100%|HC|  |TAMS 0x00000000e2500000, 0x00000000e2400000| Complete 
|  37|0x00000000e2500000, 0x00000000e2600000, 0x00000000e2600000|100%|HC|  |TAMS 0x00000000e2600000, 0x00000000e2500000| Complete 
|  38|0x00000000e2600000, 0x00000000e2700000, 0x00000000e2700000|100%|HC|  |TAMS 0x00000000e2700000, 0x00000000e2600000| Complete 
|  39|0x00000000e2700000, 0x00000000e2800000, 0x00000000e2800000|100%| O|  |TAMS 0x00000000e2700000, 0x00000000e2700000| Untracked 
|  40|0x00000000e2800000, 0x00000000e2900000, 0x00000000e2900000|100%| O|  |TAMS 0x00000000e2800000, 0x00000000e2800000| Untracked 
|  41|0x00000000e2900000, 0x00000000e2a00000, 0x00000000e2a00000|100%| O|  |TAMS 0x00000000e2900000, 0x00000000e2900000| Untracked 
|  42|0x00000000e2a00000, 0x00000000e2b00000, 0x00000000e2b00000|100%| O|  |TAMS 0x00000000e2a00000, 0x00000000e2a00000| Untracked 
|  43|0x00000000e2b00000, 0x00000000e2c00000, 0x00000000e2c00000|100%| O|  |TAMS 0x00000000e2b00000, 0x00000000e2b00000| Untracked 
|  44|0x00000000e2c00000, 0x00000000e2d00000, 0x00000000e2d00000|100%| O|  |TAMS 0x00000000e2c00000, 0x00000000e2c00000| Untracked 
|  45|0x00000000e2d00000, 0x00000000e2e00000, 0x00000000e2e00000|100%| O|  |TAMS 0x00000000e2d00000, 0x00000000e2d00000| Untracked 
|  46|0x00000000e2e00000, 0x00000000e2f00000, 0x00000000e2f00000|100%| O|  |TAMS 0x00000000e2e00000, 0x00000000e2e00000| Untracked 
|  47|0x00000000e2f00000, 0x00000000e3000000, 0x00000000e3000000|100%| O|  |TAMS 0x00000000e2f00000, 0x00000000e2f00000| Untracked 
|  48|0x00000000e3000000, 0x00000000e3100000, 0x00000000e3100000|100%| O|  |TAMS 0x00000000e3000000, 0x00000000e3000000| Untracked 
|  49|0x00000000e3100000, 0x00000000e319c200, 0x00000000e3200000| 60%| O|  |TAMS 0x00000000e3100000, 0x00000000e3100000| Untracked 
|  50|0x00000000e3200000, 0x00000000e3300000, 0x00000000e3300000|100%|HS|  |TAMS 0x00000000e3200000, 0x00000000e3200000| Complete 
|  51|0x00000000e3300000, 0x00000000e3400000, 0x00000000e3400000|100%|HS|  |TAMS 0x00000000e3300000, 0x00000000e3300000| Complete 
|  52|0x00000000e3400000, 0x00000000e3500000, 0x00000000e3500000|100%|HC|  |TAMS 0x00000000e3400000, 0x00000000e3400000| Complete 
|  53|0x00000000e3500000, 0x00000000e3600000, 0x00000000e3600000|100%|HS|  |TAMS 0x00000000e3500000, 0x00000000e3500000| Complete 
|  54|0x00000000e3600000, 0x00000000e3700000, 0x00000000e3700000|100%|HC|  |TAMS 0x00000000e3600000, 0x00000000e3600000| Complete 
|  55|0x00000000e3700000, 0x00000000e3800000, 0x00000000e3800000|100%|HS|  |TAMS 0x00000000e3700000, 0x00000000e3700000| Complete 
|  56|0x00000000e3800000, 0x00000000e3900000, 0x00000000e3900000|100%|HC|  |TAMS 0x00000000e3800000, 0x00000000e3800000| Complete 
|  57|0x00000000e3900000, 0x00000000e3a00000, 0x00000000e3a00000|100%|HC|  |TAMS 0x00000000e3900000, 0x00000000e3900000| Complete 
|  58|0x00000000e3a00000, 0x00000000e3b00000, 0x00000000e3b00000|100%|HS|  |TAMS 0x00000000e3a00000, 0x00000000e3a00000| Complete 
|  59|0x00000000e3b00000, 0x00000000e3c00000, 0x00000000e3c00000|100%|HS|  |TAMS 0x00000000e3b00000, 0x00000000e3b00000| Complete 
|  60|0x00000000e3c00000, 0x00000000e3c00000, 0x00000000e3d00000|  0%| F|  |TAMS 0x00000000e3c00000, 0x00000000e3c00000| Untracked 
|  61|0x00000000e3d00000, 0x00000000e3d00000, 0x00000000e3e00000|  0%| F|  |TAMS 0x00000000e3d00000, 0x00000000e3d00000| Untracked 
|  62|0x00000000e3e00000, 0x00000000e3e00000, 0x00000000e3f00000|  0%| F|  |TAMS 0x00000000e3e00000, 0x00000000e3e00000| Untracked 
|  63|0x00000000e3f00000, 0x00000000e3f00000, 0x00000000e4000000|  0%| F|  |TAMS 0x00000000e3f00000, 0x00000000e3f00000| Untracked 
|  64|0x00000000e4000000, 0x00000000e4000000, 0x00000000e4100000|  0%| F|  |TAMS 0x00000000e4000000, 0x00000000e4000000| Untracked 
|  65|0x00000000e4100000, 0x00000000e4100000, 0x00000000e4200000|  0%| F|  |TAMS 0x00000000e4100000, 0x00000000e4100000| Untracked 
|  66|0x00000000e4200000, 0x00000000e4200000, 0x00000000e4300000|  0%| F|  |TAMS 0x00000000e4200000, 0x00000000e4200000| Untracked 
|  67|0x00000000e4300000, 0x00000000e4300000, 0x00000000e4400000|  0%| F|  |TAMS 0x00000000e4300000, 0x00000000e4300000| Untracked 
|  68|0x00000000e4400000, 0x00000000e4400000, 0x00000000e4500000|  0%| F|  |TAMS 0x00000000e4400000, 0x00000000e4400000| Untracked 
|  69|0x00000000e4500000, 0x00000000e4500000, 0x00000000e4600000|  0%| F|  |TAMS 0x00000000e4500000, 0x00000000e4500000| Untracked 
|  70|0x00000000e4600000, 0x00000000e4600000, 0x00000000e4700000|  0%| F|  |TAMS 0x00000000e4600000, 0x00000000e4600000| Untracked 
|  71|0x00000000e4700000, 0x00000000e4700000, 0x00000000e4800000|  0%| F|  |TAMS 0x00000000e4700000, 0x00000000e4700000| Untracked 
|  72|0x00000000e4800000, 0x00000000e4800000, 0x00000000e4900000|  0%| F|  |TAMS 0x00000000e4800000, 0x00000000e4800000| Untracked 
|  73|0x00000000e4900000, 0x00000000e4900000, 0x00000000e4a00000|  0%| F|  |TAMS 0x00000000e4900000, 0x00000000e4900000| Untracked 
|  74|0x00000000e4a00000, 0x00000000e4a00000, 0x00000000e4b00000|  0%| F|  |TAMS 0x00000000e4a00000, 0x00000000e4a00000| Untracked 
|  75|0x00000000e4b00000, 0x00000000e4b00000, 0x00000000e4c00000|  0%| F|  |TAMS 0x00000000e4b00000, 0x00000000e4b00000| Untracked 
|  76|0x00000000e4c00000, 0x00000000e4c00000, 0x00000000e4d00000|  0%| F|  |TAMS 0x00000000e4c00000, 0x00000000e4c00000| Untracked 
|  77|0x00000000e4d00000, 0x00000000e4d00000, 0x00000000e4e00000|  0%| F|  |TAMS 0x00000000e4d00000, 0x00000000e4d00000| Untracked 
|  78|0x00000000e4e00000, 0x00000000e4e00000, 0x00000000e4f00000|  0%| F|  |TAMS 0x00000000e4e00000, 0x00000000e4e00000| Untracked 
|  79|0x00000000e4f00000, 0x00000000e4f00000, 0x00000000e5000000|  0%| F|  |TAMS 0x00000000e4f00000, 0x00000000e4f00000| Untracked 
|  80|0x00000000e5000000, 0x00000000e5000000, 0x00000000e5100000|  0%| F|  |TAMS 0x00000000e5000000, 0x00000000e5000000| Untracked 
|  81|0x00000000e5100000, 0x00000000e5100000, 0x00000000e5200000|  0%| F|  |TAMS 0x00000000e5100000, 0x00000000e5100000| Untracked 
|  82|0x00000000e5200000, 0x00000000e5200000, 0x00000000e5300000|  0%| F|  |TAMS 0x00000000e5200000, 0x00000000e5200000| Untracked 
|  83|0x00000000e5300000, 0x00000000e5300000, 0x00000000e5400000|  0%| F|  |TAMS 0x00000000e5300000, 0x00000000e5300000| Untracked 
|  84|0x00000000e5400000, 0x00000000e5400000, 0x00000000e5500000|  0%| F|  |TAMS 0x00000000e5400000, 0x00000000e5400000| Untracked 
|  85|0x00000000e5500000, 0x00000000e5500000, 0x00000000e5600000|  0%| F|  |TAMS 0x00000000e5500000, 0x00000000e5500000| Untracked 
|  86|0x00000000e5600000, 0x00000000e5600000, 0x00000000e5700000|  0%| F|  |TAMS 0x00000000e5600000, 0x00000000e5600000| Untracked 
|  87|0x00000000e5700000, 0x00000000e5700000, 0x00000000e5800000|  0%| F|  |TAMS 0x00000000e5700000, 0x00000000e5700000| Untracked 
|  88|0x00000000e5800000, 0x00000000e5800000, 0x00000000e5900000|  0%| F|  |TAMS 0x00000000e5800000, 0x00000000e5800000| Untracked 
|  89|0x00000000e5900000, 0x00000000e5900000, 0x00000000e5a00000|  0%| F|  |TAMS 0x00000000e5900000, 0x00000000e5900000| Untracked 
|  90|0x00000000e5a00000, 0x00000000e5a00000, 0x00000000e5b00000|  0%| F|  |TAMS 0x00000000e5a00000, 0x00000000e5a00000| Untracked 
|  91|0x00000000e5b00000, 0x00000000e5b00000, 0x00000000e5c00000|  0%| F|  |TAMS 0x00000000e5b00000, 0x00000000e5b00000| Untracked 
|  92|0x00000000e5c00000, 0x00000000e5c00000, 0x00000000e5d00000|  0%| F|  |TAMS 0x00000000e5c00000, 0x00000000e5c00000| Untracked 
|  93|0x00000000e5d00000, 0x00000000e5d00000, 0x00000000e5e00000|  0%| F|  |TAMS 0x00000000e5d00000, 0x00000000e5d00000| Untracked 
|  94|0x00000000e5e00000, 0x00000000e5e00000, 0x00000000e5f00000|  0%| F|  |TAMS 0x00000000e5e00000, 0x00000000e5e00000| Untracked 
|  95|0x00000000e5f00000, 0x00000000e5f00000, 0x00000000e6000000|  0%| F|  |TAMS 0x00000000e5f00000, 0x00000000e5f00000| Untracked 
|  96|0x00000000e6000000, 0x00000000e6000000, 0x00000000e6100000|  0%| F|  |TAMS 0x00000000e6000000, 0x00000000e6000000| Untracked 
|  97|0x00000000e6100000, 0x00000000e6100000, 0x00000000e6200000|  0%| F|  |TAMS 0x00000000e6100000, 0x00000000e6100000| Untracked 
|  98|0x00000000e6200000, 0x00000000e6200000, 0x00000000e6300000|  0%| F|  |TAMS 0x00000000e6200000, 0x00000000e6200000| Untracked 
|  99|0x00000000e6300000, 0x00000000e6300000, 0x00000000e6400000|  0%| F|  |TAMS 0x00000000e6300000, 0x00000000e6300000| Untracked 
| 100|0x00000000e6400000, 0x00000000e6400000, 0x00000000e6500000|  0%| F|  |TAMS 0x00000000e6400000, 0x00000000e6400000| Untracked 
| 101|0x00000000e6500000, 0x00000000e6500000, 0x00000000e6600000|  0%| F|  |TAMS 0x00000000e6500000, 0x00000000e6500000| Untracked 
| 102|0x00000000e6600000, 0x00000000e6600000, 0x00000000e6700000|  0%| F|  |TAMS 0x00000000e6600000, 0x00000000e6600000| Untracked 
| 103|0x00000000e6700000, 0x00000000e6700000, 0x00000000e6800000|  0%| F|  |TAMS 0x00000000e6700000, 0x00000000e6700000| Untracked 
| 104|0x00000000e6800000, 0x00000000e6800000, 0x00000000e6900000|  0%| F|  |TAMS 0x00000000e6800000, 0x00000000e6800000| Untracked 
| 105|0x00000000e6900000, 0x00000000e6900000, 0x00000000e6a00000|  0%| F|  |TAMS 0x00000000e6900000, 0x00000000e6900000| Untracked 
| 106|0x00000000e6a00000, 0x00000000e6a00000, 0x00000000e6b00000|  0%| F|  |TAMS 0x00000000e6a00000, 0x00000000e6a00000| Untracked 
| 107|0x00000000e6b00000, 0x00000000e6b00000, 0x00000000e6c00000|  0%| F|  |TAMS 0x00000000e6b00000, 0x00000000e6b00000| Untracked 
| 108|0x00000000e6c00000, 0x00000000e6c00000, 0x00000000e6d00000|  0%| F|  |TAMS 0x00000000e6c00000, 0x00000000e6c00000| Untracked 
| 109|0x00000000e6d00000, 0x00000000e6d00000, 0x00000000e6e00000|  0%| F|  |TAMS 0x00000000e6d00000, 0x00000000e6d00000| Untracked 
| 110|0x00000000e6e00000, 0x00000000e6e00000, 0x00000000e6f00000|  0%| F|  |TAMS 0x00000000e6e00000, 0x00000000e6e00000| Untracked 
| 111|0x00000000e6f00000, 0x00000000e6f00000, 0x00000000e7000000|  0%| F|  |TAMS 0x00000000e6f00000, 0x00000000e6f00000| Untracked 
| 112|0x00000000e7000000, 0x00000000e7000000, 0x00000000e7100000|  0%| F|  |TAMS 0x00000000e7000000, 0x00000000e7000000| Untracked 
| 113|0x00000000e7100000, 0x00000000e7100000, 0x00000000e7200000|  0%| F|  |TAMS 0x00000000e7100000, 0x00000000e7100000| Untracked 
| 114|0x00000000e7200000, 0x00000000e7200000, 0x00000000e7300000|  0%| F|  |TAMS 0x00000000e7200000, 0x00000000e7200000| Untracked 
| 115|0x00000000e7300000, 0x00000000e7300000, 0x00000000e7400000|  0%| F|  |TAMS 0x00000000e7300000, 0x00000000e7300000| Untracked 
| 116|0x00000000e7400000, 0x00000000e7400000, 0x00000000e7500000|  0%| F|  |TAMS 0x00000000e7400000, 0x00000000e7400000| Untracked 
| 117|0x00000000e7500000, 0x00000000e7500000, 0x00000000e7600000|  0%| F|  |TAMS 0x00000000e7500000, 0x00000000e7500000| Untracked 
| 118|0x00000000e7600000, 0x00000000e7600000, 0x00000000e7700000|  0%| F|  |TAMS 0x00000000e7600000, 0x00000000e7600000| Untracked 
| 119|0x00000000e7700000, 0x00000000e7700000, 0x00000000e7800000|  0%| F|  |TAMS 0x00000000e7700000, 0x00000000e7700000| Untracked 
| 120|0x00000000e7800000, 0x00000000e7800000, 0x00000000e7900000|  0%| F|  |TAMS 0x00000000e7800000, 0x00000000e7800000| Untracked 
| 121|0x00000000e7900000, 0x00000000e7900000, 0x00000000e7a00000|  0%| F|  |TAMS 0x00000000e7900000, 0x00000000e7900000| Untracked 
| 122|0x00000000e7a00000, 0x00000000e7a00000, 0x00000000e7b00000|  0%| F|  |TAMS 0x00000000e7a00000, 0x00000000e7a00000| Untracked 
| 123|0x00000000e7b00000, 0x00000000e7b00000, 0x00000000e7c00000|  0%| F|  |TAMS 0x00000000e7b00000, 0x00000000e7b00000| Untracked 
| 124|0x00000000e7c00000, 0x00000000e7c00000, 0x00000000e7d00000|  0%| F|  |TAMS 0x00000000e7c00000, 0x00000000e7c00000| Untracked 
| 125|0x00000000e7d00000, 0x00000000e7d00000, 0x00000000e7e00000|  0%| F|  |TAMS 0x00000000e7d00000, 0x00000000e7d00000| Untracked 
| 126|0x00000000e7e00000, 0x00000000e7e00000, 0x00000000e7f00000|  0%| F|  |TAMS 0x00000000e7e00000, 0x00000000e7e00000| Untracked 
| 127|0x00000000e7f00000, 0x00000000e7f00000, 0x00000000e8000000|  0%| F|  |TAMS 0x00000000e7f00000, 0x00000000e7f00000| Untracked 
| 128|0x00000000e8000000, 0x00000000e8000000, 0x00000000e8100000|  0%| F|  |TAMS 0x00000000e8000000, 0x00000000e8000000| Untracked 
| 129|0x00000000e8100000, 0x00000000e8100000, 0x00000000e8200000|  0%| F|  |TAMS 0x00000000e8100000, 0x00000000e8100000| Untracked 
| 130|0x00000000e8200000, 0x00000000e8200000, 0x00000000e8300000|  0%| F|  |TAMS 0x00000000e8200000, 0x00000000e8200000| Untracked 
| 131|0x00000000e8300000, 0x00000000e8300000, 0x00000000e8400000|  0%| F|  |TAMS 0x00000000e8300000, 0x00000000e8300000| Untracked 
| 132|0x00000000e8400000, 0x00000000e8400000, 0x00000000e8500000|  0%| F|  |TAMS 0x00000000e8400000, 0x00000000e8400000| Untracked 
| 133|0x00000000e8500000, 0x00000000e8500000, 0x00000000e8600000|  0%| F|  |TAMS 0x00000000e8500000, 0x00000000e8500000| Untracked 
| 134|0x00000000e8600000, 0x00000000e8600000, 0x00000000e8700000|  0%| F|  |TAMS 0x00000000e8600000, 0x00000000e8600000| Untracked 
| 135|0x00000000e8700000, 0x00000000e8700000, 0x00000000e8800000|  0%| F|  |TAMS 0x00000000e8700000, 0x00000000e8700000| Untracked 
| 136|0x00000000e8800000, 0x00000000e8800000, 0x00000000e8900000|  0%| F|  |TAMS 0x00000000e8800000, 0x00000000e8800000| Untracked 
| 137|0x00000000e8900000, 0x00000000e8900000, 0x00000000e8a00000|  0%| F|  |TAMS 0x00000000e8900000, 0x00000000e8900000| Untracked 
| 138|0x00000000e8a00000, 0x00000000e8a76058, 0x00000000e8b00000| 46%| S|CS|TAMS 0x00000000e8a00000, 0x00000000e8a00000| Complete 
| 139|0x00000000e8b00000, 0x00000000e8c00000, 0x00000000e8c00000|100%| S|CS|TAMS 0x00000000e8b00000, 0x00000000e8b00000| Complete 
| 140|0x00000000e8c00000, 0x00000000e8d00000, 0x00000000e8d00000|100%| S|CS|TAMS 0x00000000e8c00000, 0x00000000e8c00000| Complete 
| 141|0x00000000e8d00000, 0x00000000e8d00000, 0x00000000e8e00000|  0%| F|  |TAMS 0x00000000e8d00000, 0x00000000e8d00000| Untracked 
| 142|0x00000000e8e00000, 0x00000000e8e00000, 0x00000000e8f00000|  0%| F|  |TAMS 0x00000000e8e00000, 0x00000000e8e00000| Untracked 
| 143|0x00000000e8f00000, 0x00000000e8f00000, 0x00000000e9000000|  0%| F|  |TAMS 0x00000000e8f00000, 0x00000000e8f00000| Untracked 
| 144|0x00000000e9000000, 0x00000000e9000000, 0x00000000e9100000|  0%| F|  |TAMS 0x00000000e9000000, 0x00000000e9000000| Untracked 
| 145|0x00000000e9100000, 0x00000000e9100000, 0x00000000e9200000|  0%| F|  |TAMS 0x00000000e9100000, 0x00000000e9100000| Untracked 
| 146|0x00000000e9200000, 0x00000000e9200000, 0x00000000e9300000|  0%| F|  |TAMS 0x00000000e9200000, 0x00000000e9200000| Untracked 
| 147|0x00000000e9300000, 0x00000000e9300000, 0x00000000e9400000|  0%| F|  |TAMS 0x00000000e9300000, 0x00000000e9300000| Untracked 
| 148|0x00000000e9400000, 0x00000000e9400000, 0x00000000e9500000|  0%| F|  |TAMS 0x00000000e9400000, 0x00000000e9400000| Untracked 
| 149|0x00000000e9500000, 0x00000000e9500000, 0x00000000e9600000|  0%| F|  |TAMS 0x00000000e9500000, 0x00000000e9500000| Untracked 
| 150|0x00000000e9600000, 0x00000000e9600000, 0x00000000e9700000|  0%| F|  |TAMS 0x00000000e9600000, 0x00000000e9600000| Untracked 
| 151|0x00000000e9700000, 0x00000000e9700000, 0x00000000e9800000|  0%| F|  |TAMS 0x00000000e9700000, 0x00000000e9700000| Untracked 
| 152|0x00000000e9800000, 0x00000000e9800000, 0x00000000e9900000|  0%| F|  |TAMS 0x00000000e9800000, 0x00000000e9800000| Untracked 
| 153|0x00000000e9900000, 0x00000000e9a00000, 0x00000000e9a00000|100%| S|CS|TAMS 0x00000000e9900000, 0x00000000e9900000| Complete 
| 154|0x00000000e9a00000, 0x00000000e9b00000, 0x00000000e9b00000|100%| S|CS|TAMS 0x00000000e9a00000, 0x00000000e9a00000| Complete 
| 155|0x00000000e9b00000, 0x00000000e9c00000, 0x00000000e9c00000|100%| S|CS|TAMS 0x00000000e9b00000, 0x00000000e9b00000| Complete 
| 156|0x00000000e9c00000, 0x00000000e9d00000, 0x00000000e9d00000|100%| S|CS|TAMS 0x00000000e9c00000, 0x00000000e9c00000| Complete 
| 157|0x00000000e9d00000, 0x00000000e9e00000, 0x00000000e9e00000|100%| S|CS|TAMS 0x00000000e9d00000, 0x00000000e9d00000| Complete 
| 158|0x00000000e9e00000, 0x00000000e9f00000, 0x00000000e9f00000|100%| S|CS|TAMS 0x00000000e9e00000, 0x00000000e9e00000| Complete 
| 159|0x00000000e9f00000, 0x00000000ea000000, 0x00000000ea000000|100%| S|CS|TAMS 0x00000000e9f00000, 0x00000000e9f00000| Complete 
| 160|0x00000000ea000000, 0x00000000ea000000, 0x00000000ea100000|  0%| F|  |TAMS 0x00000000ea000000, 0x00000000ea000000| Untracked 
| 161|0x00000000ea100000, 0x00000000ea100000, 0x00000000ea200000|  0%| F|  |TAMS 0x00000000ea100000, 0x00000000ea100000| Untracked 
| 162|0x00000000ea200000, 0x00000000ea200000, 0x00000000ea300000|  0%| F|  |TAMS 0x00000000ea200000, 0x00000000ea200000| Untracked 
| 163|0x00000000ea300000, 0x00000000ea300000, 0x00000000ea400000|  0%| F|  |TAMS 0x00000000ea300000, 0x00000000ea300000| Untracked 
| 164|0x00000000ea400000, 0x00000000ea400000, 0x00000000ea500000|  0%| F|  |TAMS 0x00000000ea400000, 0x00000000ea400000| Untracked 
| 165|0x00000000ea500000, 0x00000000ea500000, 0x00000000ea600000|  0%| F|  |TAMS 0x00000000ea500000, 0x00000000ea500000| Untracked 
| 166|0x00000000ea600000, 0x00000000ea600000, 0x00000000ea700000|  0%| F|  |TAMS 0x00000000ea600000, 0x00000000ea600000| Untracked 
| 167|0x00000000ea700000, 0x00000000ea700000, 0x00000000ea800000|  0%| F|  |TAMS 0x00000000ea700000, 0x00000000ea700000| Untracked 
| 168|0x00000000ea800000, 0x00000000ea800000, 0x00000000ea900000|  0%| F|  |TAMS 0x00000000ea800000, 0x00000000ea800000| Untracked 
| 169|0x00000000ea900000, 0x00000000ea900000, 0x00000000eaa00000|  0%| F|  |TAMS 0x00000000ea900000, 0x00000000ea900000| Untracked 
| 170|0x00000000eaa00000, 0x00000000eaa00000, 0x00000000eab00000|  0%| F|  |TAMS 0x00000000eaa00000, 0x00000000eaa00000| Untracked 
| 171|0x00000000eab00000, 0x00000000eab00000, 0x00000000eac00000|  0%| F|  |TAMS 0x00000000eab00000, 0x00000000eab00000| Untracked 
| 172|0x00000000eac00000, 0x00000000ead00000, 0x00000000ead00000|100%| E|  |TAMS 0x00000000eac00000, 0x00000000eac00000| Complete 
| 173|0x00000000ead00000, 0x00000000eae00000, 0x00000000eae00000|100%| E|CS|TAMS 0x00000000ead00000, 0x00000000ead00000| Complete 
| 174|0x00000000eae00000, 0x00000000eaf00000, 0x00000000eaf00000|100%| E|CS|TAMS 0x00000000eae00000, 0x00000000eae00000| Complete 
| 175|0x00000000eaf00000, 0x00000000eb000000, 0x00000000eb000000|100%| E|CS|TAMS 0x00000000eaf00000, 0x00000000eaf00000| Complete 
| 176|0x00000000eb000000, 0x00000000eb100000, 0x00000000eb100000|100%| E|CS|TAMS 0x00000000eb000000, 0x00000000eb000000| Complete 
| 177|0x00000000eb100000, 0x00000000eb200000, 0x00000000eb200000|100%| E|CS|TAMS 0x00000000eb100000, 0x00000000eb100000| Complete 
| 178|0x00000000eb200000, 0x00000000eb300000, 0x00000000eb300000|100%| E|CS|TAMS 0x00000000eb200000, 0x00000000eb200000| Complete 
| 179|0x00000000eb300000, 0x00000000eb400000, 0x00000000eb400000|100%| E|CS|TAMS 0x00000000eb300000, 0x00000000eb300000| Complete 
| 180|0x00000000eb400000, 0x00000000eb500000, 0x00000000eb500000|100%| E|CS|TAMS 0x00000000eb400000, 0x00000000eb400000| Complete 
| 181|0x00000000eb500000, 0x00000000eb600000, 0x00000000eb600000|100%| E|  |TAMS 0x00000000eb500000, 0x00000000eb500000| Complete 
| 182|0x00000000eb600000, 0x00000000eb700000, 0x00000000eb700000|100%| E|CS|TAMS 0x00000000eb600000, 0x00000000eb600000| Complete 
| 183|0x00000000eb700000, 0x00000000eb800000, 0x00000000eb800000|100%| E|CS|TAMS 0x00000000eb700000, 0x00000000eb700000| Complete 
| 184|0x00000000eb800000, 0x00000000eb900000, 0x00000000eb900000|100%| E|CS|TAMS 0x00000000eb800000, 0x00000000eb800000| Complete 
| 185|0x00000000eb900000, 0x00000000eba00000, 0x00000000eba00000|100%| E|CS|TAMS 0x00000000eb900000, 0x00000000eb900000| Complete 
| 186|0x00000000eba00000, 0x00000000ebb00000, 0x00000000ebb00000|100%| E|CS|TAMS 0x00000000eba00000, 0x00000000eba00000| Complete 
| 187|0x00000000ebb00000, 0x00000000ebc00000, 0x00000000ebc00000|100%| E|CS|TAMS 0x00000000ebb00000, 0x00000000ebb00000| Complete 
| 188|0x00000000ebc00000, 0x00000000ebd00000, 0x00000000ebd00000|100%| E|CS|TAMS 0x00000000ebc00000, 0x00000000ebc00000| Complete 
| 189|0x00000000ebd00000, 0x00000000ebe00000, 0x00000000ebe00000|100%| E|CS|TAMS 0x00000000ebd00000, 0x00000000ebd00000| Complete 
| 190|0x00000000ebe00000, 0x00000000ebf00000, 0x00000000ebf00000|100%| E|CS|TAMS 0x00000000ebe00000, 0x00000000ebe00000| Complete 
| 191|0x00000000ebf00000, 0x00000000ec000000, 0x00000000ec000000|100%| E|CS|TAMS 0x00000000ebf00000, 0x00000000ebf00000| Complete 
| 192|0x00000000ec000000, 0x00000000ec100000, 0x00000000ec100000|100%| E|CS|TAMS 0x00000000ec000000, 0x00000000ec000000| Complete 
| 193|0x00000000ec100000, 0x00000000ec200000, 0x00000000ec200000|100%| E|CS|TAMS 0x00000000ec100000, 0x00000000ec100000| Complete 
| 194|0x00000000ec200000, 0x00000000ec300000, 0x00000000ec300000|100%| E|CS|TAMS 0x00000000ec200000, 0x00000000ec200000| Complete 
| 195|0x00000000ec300000, 0x00000000ec400000, 0x00000000ec400000|100%| E|CS|TAMS 0x00000000ec300000, 0x00000000ec300000| Complete 
| 196|0x00000000ec400000, 0x00000000ec500000, 0x00000000ec500000|100%| E|CS|TAMS 0x00000000ec400000, 0x00000000ec400000| Complete 
| 197|0x00000000ec500000, 0x00000000ec600000, 0x00000000ec600000|100%| E|CS|TAMS 0x00000000ec500000, 0x00000000ec500000| Complete 
| 198|0x00000000ec600000, 0x00000000ec700000, 0x00000000ec700000|100%| E|CS|TAMS 0x00000000ec600000, 0x00000000ec600000| Complete 
| 199|0x00000000ec700000, 0x00000000ec800000, 0x00000000ec800000|100%| E|CS|TAMS 0x00000000ec700000, 0x00000000ec700000| Complete 
| 200|0x00000000ec800000, 0x00000000ec900000, 0x00000000ec900000|100%| E|CS|TAMS 0x00000000ec800000, 0x00000000ec800000| Complete 
| 201|0x00000000ec900000, 0x00000000eca00000, 0x00000000eca00000|100%| E|CS|TAMS 0x00000000ec900000, 0x00000000ec900000| Complete 
| 202|0x00000000eca00000, 0x00000000ecb00000, 0x00000000ecb00000|100%| E|CS|TAMS 0x00000000eca00000, 0x00000000eca00000| Complete 
| 203|0x00000000ecb00000, 0x00000000ecc00000, 0x00000000ecc00000|100%| E|CS|TAMS 0x00000000ecb00000, 0x00000000ecb00000| Complete 
| 204|0x00000000ecc00000, 0x00000000ecd00000, 0x00000000ecd00000|100%| E|CS|TAMS 0x00000000ecc00000, 0x00000000ecc00000| Complete 
| 205|0x00000000ecd00000, 0x00000000ece00000, 0x00000000ece00000|100%| E|CS|TAMS 0x00000000ecd00000, 0x00000000ecd00000| Complete 
| 206|0x00000000ece00000, 0x00000000ecf00000, 0x00000000ecf00000|100%| E|CS|TAMS 0x00000000ece00000, 0x00000000ece00000| Complete 
| 207|0x00000000ecf00000, 0x00000000ed000000, 0x00000000ed000000|100%| E|CS|TAMS 0x00000000ecf00000, 0x00000000ecf00000| Complete 
| 208|0x00000000ed000000, 0x00000000ed100000, 0x00000000ed100000|100%| E|CS|TAMS 0x00000000ed000000, 0x00000000ed000000| Complete 
| 209|0x00000000ed100000, 0x00000000ed200000, 0x00000000ed200000|100%| E|CS|TAMS 0x00000000ed100000, 0x00000000ed100000| Complete 
| 210|0x00000000ed200000, 0x00000000ed300000, 0x00000000ed300000|100%| E|CS|TAMS 0x00000000ed200000, 0x00000000ed200000| Complete 
| 211|0x00000000ed300000, 0x00000000ed400000, 0x00000000ed400000|100%| E|CS|TAMS 0x00000000ed300000, 0x00000000ed300000| Complete 
| 212|0x00000000ed400000, 0x00000000ed500000, 0x00000000ed500000|100%| E|CS|TAMS 0x00000000ed400000, 0x00000000ed400000| Complete 
| 213|0x00000000ed500000, 0x00000000ed600000, 0x00000000ed600000|100%| E|CS|TAMS 0x00000000ed500000, 0x00000000ed500000| Complete 
| 214|0x00000000ed600000, 0x00000000ed700000, 0x00000000ed700000|100%| E|CS|TAMS 0x00000000ed600000, 0x00000000ed600000| Complete 
| 215|0x00000000ed700000, 0x00000000ed800000, 0x00000000ed800000|100%| E|CS|TAMS 0x00000000ed700000, 0x00000000ed700000| Complete 
| 216|0x00000000ed800000, 0x00000000ed900000, 0x00000000ed900000|100%| E|CS|TAMS 0x00000000ed800000, 0x00000000ed800000| Complete 
| 217|0x00000000ed900000, 0x00000000eda00000, 0x00000000eda00000|100%| E|CS|TAMS 0x00000000ed900000, 0x00000000ed900000| Complete 
| 218|0x00000000eda00000, 0x00000000edb00000, 0x00000000edb00000|100%| E|CS|TAMS 0x00000000eda00000, 0x00000000eda00000| Complete 
| 219|0x00000000edb00000, 0x00000000edc00000, 0x00000000edc00000|100%| E|CS|TAMS 0x00000000edb00000, 0x00000000edb00000| Complete 
| 220|0x00000000edc00000, 0x00000000edd00000, 0x00000000edd00000|100%| E|CS|TAMS 0x00000000edc00000, 0x00000000edc00000| Complete 
| 221|0x00000000edd00000, 0x00000000ede00000, 0x00000000ede00000|100%| E|CS|TAMS 0x00000000edd00000, 0x00000000edd00000| Complete 
| 222|0x00000000ede00000, 0x00000000edf00000, 0x00000000edf00000|100%| E|CS|TAMS 0x00000000ede00000, 0x00000000ede00000| Complete 
| 223|0x00000000edf00000, 0x00000000ee000000, 0x00000000ee000000|100%| E|CS|TAMS 0x00000000edf00000, 0x00000000edf00000| Complete 
| 224|0x00000000ee000000, 0x00000000ee100000, 0x00000000ee100000|100%| E|CS|TAMS 0x00000000ee000000, 0x00000000ee000000| Complete 
| 225|0x00000000ee100000, 0x00000000ee200000, 0x00000000ee200000|100%| E|CS|TAMS 0x00000000ee100000, 0x00000000ee100000| Complete 
| 226|0x00000000ee200000, 0x00000000ee300000, 0x00000000ee300000|100%| E|CS|TAMS 0x00000000ee200000, 0x00000000ee200000| Complete 
| 227|0x00000000ee300000, 0x00000000ee400000, 0x00000000ee400000|100%| E|CS|TAMS 0x00000000ee300000, 0x00000000ee300000| Complete 
| 228|0x00000000ee400000, 0x00000000ee500000, 0x00000000ee500000|100%| E|CS|TAMS 0x00000000ee400000, 0x00000000ee400000| Complete 
| 229|0x00000000ee500000, 0x00000000ee600000, 0x00000000ee600000|100%| E|CS|TAMS 0x00000000ee500000, 0x00000000ee500000| Complete 
| 230|0x00000000ee600000, 0x00000000ee700000, 0x00000000ee700000|100%| E|CS|TAMS 0x00000000ee600000, 0x00000000ee600000| Complete 
| 231|0x00000000ee700000, 0x00000000ee800000, 0x00000000ee800000|100%| E|CS|TAMS 0x00000000ee700000, 0x00000000ee700000| Complete 
| 232|0x00000000ee800000, 0x00000000ee900000, 0x00000000ee900000|100%| E|CS|TAMS 0x00000000ee800000, 0x00000000ee800000| Complete 
| 233|0x00000000ee900000, 0x00000000eea00000, 0x00000000eea00000|100%| E|CS|TAMS 0x00000000ee900000, 0x00000000ee900000| Complete 
| 234|0x00000000eea00000, 0x00000000eeb00000, 0x00000000eeb00000|100%| E|CS|TAMS 0x00000000eea00000, 0x00000000eea00000| Complete 
| 235|0x00000000eeb00000, 0x00000000eec00000, 0x00000000eec00000|100%| E|CS|TAMS 0x00000000eeb00000, 0x00000000eeb00000| Complete 
| 236|0x00000000eec00000, 0x00000000eed00000, 0x00000000eed00000|100%| E|CS|TAMS 0x00000000eec00000, 0x00000000eec00000| Complete 
| 237|0x00000000eed00000, 0x00000000eee00000, 0x00000000eee00000|100%| E|CS|TAMS 0x00000000eed00000, 0x00000000eed00000| Complete 
| 238|0x00000000eee00000, 0x00000000eef00000, 0x00000000eef00000|100%| E|CS|TAMS 0x00000000eee00000, 0x00000000eee00000| Complete 
| 239|0x00000000eef00000, 0x00000000ef000000, 0x00000000ef000000|100%| E|CS|TAMS 0x00000000eef00000, 0x00000000eef00000| Complete 
| 240|0x00000000ef000000, 0x00000000ef100000, 0x00000000ef100000|100%| E|CS|TAMS 0x00000000ef000000, 0x00000000ef000000| Complete 
| 241|0x00000000ef100000, 0x00000000ef200000, 0x00000000ef200000|100%| E|CS|TAMS 0x00000000ef100000, 0x00000000ef100000| Complete 
| 242|0x00000000ef200000, 0x00000000ef300000, 0x00000000ef300000|100%| E|CS|TAMS 0x00000000ef200000, 0x00000000ef200000| Complete 
| 243|0x00000000ef300000, 0x00000000ef400000, 0x00000000ef400000|100%| E|CS|TAMS 0x00000000ef300000, 0x00000000ef300000| Complete 
| 244|0x00000000ef400000, 0x00000000ef500000, 0x00000000ef500000|100%| E|CS|TAMS 0x00000000ef400000, 0x00000000ef400000| Complete 
| 245|0x00000000ef500000, 0x00000000ef600000, 0x00000000ef600000|100%| E|CS|TAMS 0x00000000ef500000, 0x00000000ef500000| Complete 
| 246|0x00000000ef600000, 0x00000000ef700000, 0x00000000ef700000|100%| E|CS|TAMS 0x00000000ef600000, 0x00000000ef600000| Complete 
| 247|0x00000000ef700000, 0x00000000ef800000, 0x00000000ef800000|100%| E|CS|TAMS 0x00000000ef700000, 0x00000000ef700000| Complete 
| 248|0x00000000ef800000, 0x00000000ef900000, 0x00000000ef900000|100%| E|CS|TAMS 0x00000000ef800000, 0x00000000ef800000| Complete 
| 249|0x00000000ef900000, 0x00000000efa00000, 0x00000000efa00000|100%| E|CS|TAMS 0x00000000ef900000, 0x00000000ef900000| Complete 
| 250|0x00000000efa00000, 0x00000000efb00000, 0x00000000efb00000|100%| E|CS|TAMS 0x00000000efa00000, 0x00000000efa00000| Complete 
| 251|0x00000000efb00000, 0x00000000efc00000, 0x00000000efc00000|100%| E|CS|TAMS 0x00000000efb00000, 0x00000000efb00000| Complete 
| 252|0x00000000efc00000, 0x00000000efd00000, 0x00000000efd00000|100%| E|CS|TAMS 0x00000000efc00000, 0x00000000efc00000| Complete 
| 253|0x00000000efd00000, 0x00000000efe00000, 0x00000000efe00000|100%| E|CS|TAMS 0x00000000efd00000, 0x00000000efd00000| Complete 
| 254|0x00000000efe00000, 0x00000000eff00000, 0x00000000eff00000|100%| E|CS|TAMS 0x00000000efe00000, 0x00000000efe00000| Complete 
| 255|0x00000000eff00000, 0x00000000f0000000, 0x00000000f0000000|100%| E|CS|TAMS 0x00000000eff00000, 0x00000000eff00000| Complete 

Card table byte_map: [0x000001979be80000,0x000001979bf80000] _byte_map_base: 0x000001979b780000

Marking Bits (Prev, Next): (CMBitMap*) 0x00000197848fcea0, (CMBitMap*) 0x00000197848fcee0
 Prev Bits: [0x000001979c080000, 0x000001979c880000)
 Next Bits: [0x000001979c880000, 0x000001979d080000)

Polling page: 0x0000019782860000

Metaspace:

Usage:
  Non-class:     35.99 MB used.
      Class:      5.62 MB used.
       Both:     41.61 MB used.

Virtual space:
  Non-class space:       64.00 MB reserved,      36.62 MB ( 57%) committed,  1 nodes.
      Class space:      308.00 MB reserved,       6.38 MB (  2%) committed,  1 nodes.
             Both:      372.00 MB reserved,      43.00 MB ( 12%) committed. 

Chunk freelists:
   Non-Class:  2.58 MB
       Class:  1.55 MB
        Both:  4.12 MB

MaxMetaspaceSize: 384.00 MB
CompressedClassSpaceSize: 308.00 MB
Initial GC threshold: 21.00 MB
Current GC threshold: 59.00 MB
CDS: on
MetaspaceReclaimPolicy: balanced
 - commit_granule_bytes: 65536.
 - commit_granule_words: 8192.
 - virtual_space_node_default_size: 8388608.
 - enlarge_chunks_in_place: 1.
 - new_chunks_are_fully_committed: 0.
 - uncommit_free_chunks: 1.
 - use_allocation_guard: 0.


Internal statistics:

num_allocs_failed_limit: 6.
num_arena_births: 2422.
num_arena_deaths: 0.
num_vsnodes_births: 2.
num_vsnodes_deaths: 0.
num_space_committed: 688.
num_space_uncommitted: 0.
num_chunks_returned_to_freelist: 6.
num_chunks_taken_from_freelist: 4414.
num_chunk_merges: 6.
num_chunk_splits: 2850.
num_chunks_enlarged: 1688.
num_inconsistent_stats: 0.

CodeHeap 'non-profiled nmethods': size=120000Kb used=1970Kb max_used=2761Kb free=118029Kb
 bounds [0x0000019794300000, 0x00000197945c0000, 0x000001979b830000]
CodeHeap 'profiled nmethods': size=120000Kb used=8280Kb max_used=10272Kb free=111719Kb
 bounds [0x000001978c830000, 0x000001978d240000, 0x0000019793d60000]
CodeHeap 'non-nmethods': size=5760Kb used=2407Kb max_used=2423Kb free=3352Kb
 bounds [0x0000019793d60000, 0x0000019793fd0000, 0x0000019794300000]
 total_blobs=5135 nmethods=4296 adapters=748
 compilation: enabled
              stopped_count=0, restarted_count=0
 full_count=0

Compilation events (20 events):
Event: 28.263 Thread 0x000001979fd26bc0 nmethod 5120 0x000001978c84e910 code [0x000001978c84eae0, 0x000001978c84ef98]
Event: 28.263 Thread 0x000001979fd26bc0 5121       3       org.codehaus.groovy.reflection.CachedClass$1$$Lambda$518/0x000000080153c288::test (8 bytes)
Event: 28.264 Thread 0x000001979fd26bc0 nmethod 5121 0x000001978ca67890 code [0x000001978ca67a60, 0x000001978ca67d68]
Event: 28.264 Thread 0x000001979fd26bc0 5122       3       org.codehaus.groovy.reflection.CachedClass$1::lambda$initValue$0 (7 bytes)
Event: 28.264 Thread 0x000001979fd26bc0 nmethod 5122 0x000001978ca1e490 code [0x000001978ca1e640, 0x000001978ca1e7e8]
Event: 28.264 Thread 0x000001979fd26bc0 5123       3       org.codehaus.groovy.reflection.CachedClass$1$$Lambda$519/0x000000080153c4c0::apply (12 bytes)
Event: 28.264 Thread 0x000001979fd26bc0 nmethod 5123 0x000001978cd31410 code [0x000001978cd315e0, 0x000001978cd31ab8]
Event: 28.264 Thread 0x000001979fd26bc0 5124       3       org.codehaus.groovy.reflection.CachedField::<init> (18 bytes)
Event: 28.265 Thread 0x000001979fd26bc0 nmethod 5124 0x000001978cb63610 code [0x000001978cb637c0, 0x000001978cb63ad8]
Event: 28.266 Thread 0x000001979fd26bc0 5125       1       org.codehaus.groovy.runtime.metaclass.MetaClassRegistryImpl::getMetaClassCreationHandler (5 bytes)
Event: 28.266 Thread 0x000001979fd26bc0 nmethod 5125 0x00000197943a1c90 code [0x00000197943a1e20, 0x00000197943a1ed8]
Event: 28.275 Thread 0x000001979fd26bc0 5126       3       com.sun.beans.introspect.MethodInfo::resolve (12 bytes)
Event: 28.276 Thread 0x000001979fd26bc0 nmethod 5126 0x000001978ccf6110 code [0x000001978ccf6320, 0x000001978ccf6858]
Event: 28.283 Thread 0x000001979fd26bc0 5127       3       java.lang.ClassLoader::preDefineClass (118 bytes)
Event: 28.285 Thread 0x000001979fd26bc0 nmethod 5127 0x000001978c866e10 code [0x000001978c867160, 0x000001978c8682f8]
Event: 28.288 Thread 0x000001979fd20c10 5128       4       groovy.lang.MetaClassImpl::addMetaMethodToIndex (65 bytes)
Event: 28.301 Thread 0x000001979fd26bc0 5131       3       com.sun.beans.introspect.PropertyInfo::add (30 bytes)
Event: 28.302 Thread 0x000001979fd26bc0 nmethod 5131 0x000001978c985690 code [0x000001978c985900, 0x000001978c986408]
Event: 28.302 Thread 0x000001979fd26bc0 5132       3       com.sun.beans.introspect.MethodInfo::<init> (19 bytes)
Event: 28.303 Thread 0x000001979fd26bc0 nmethod 5132 0x000001978c8e1e90 code [0x000001978c8e20c0, 0x000001978c8e27b8]

GC Heap History (8 events):
Event: 1.596 GC heap before
{Heap before GC invocations=0 (full 0):
 garbage-first heap   total 262144K, used 26624K [0x00000000e0000000, 0x0000000100000000)
  region size 1024K, 23 young (23552K), 0 survivors (0K)
 Metaspace       used 3169K, committed 3328K, reserved 380928K
  class space    used 390K, committed 448K, reserved 315392K
}
Event: 1.606 GC heap after
{Heap after GC invocations=1 (full 0):
 garbage-first heap   total 262144K, used 10307K [0x00000000e0000000, 0x0000000100000000)
  region size 1024K, 3 young (3072K), 3 survivors (3072K)
 Metaspace       used 3169K, committed 3328K, reserved 380928K
  class space    used 390K, committed 448K, reserved 315392K
}
Event: 3.990 GC heap before
{Heap before GC invocations=1 (full 0):
 garbage-first heap   total 262144K, used 41027K [0x00000000e0000000, 0x0000000100000000)
  region size 1024K, 32 young (32768K), 3 survivors (3072K)
 Metaspace       used 4140K, committed 4352K, reserved 380928K
  class space    used 483K, committed 576K, reserved 315392K
}
Event: 3.995 GC heap after
{Heap after GC invocations=2 (full 0):
 garbage-first heap   total 262144K, used 13810K [0x00000000e0000000, 0x0000000100000000)
  region size 1024K, 4 young (4096K), 4 survivors (4096K)
 Metaspace       used 4140K, committed 4352K, reserved 380928K
  class space    used 483K, committed 576K, reserved 315392K
}
Event: 16.451 GC heap before
{Heap before GC invocations=2 (full 0):
 garbage-first heap   total 262144K, used 114162K [0x00000000e0000000, 0x0000000100000000)
  region size 1024K, 103 young (105472K), 4 survivors (4096K)
 Metaspace       used 20842K, committed 21504K, reserved 380928K
  class space    used 2986K, committed 3328K, reserved 315392K
}
Event: 16.552 GC heap after
{Heap after GC invocations=3 (full 0):
 garbage-first heap   total 262144K, used 22271K [0x00000000e0000000, 0x0000000100000000)
  region size 1024K, 12 young (12288K), 12 survivors (12288K)
 Metaspace       used 20842K, committed 21504K, reserved 380928K
  class space    used 2986K, committed 3328K, reserved 315392K
}
Event: 23.183 GC heap before
{Heap before GC invocations=4 (full 0):
 garbage-first heap   total 262144K, used 147199K [0x00000000e0000000, 0x0000000100000000)
  region size 1024K, 108 young (110592K), 12 survivors (12288K)
 Metaspace       used 34923K, committed 36160K, reserved 380928K
  class space    used 4916K, committed 5568K, reserved 315392K
}
Event: 23.200 GC heap after
{Heap after GC invocations=5 (full 0):
 garbage-first heap   total 262144K, used 60488K [0x00000000e0000000, 0x0000000100000000)
  region size 1024K, 10 young (10240K), 10 survivors (10240K)
 Metaspace       used 34923K, committed 36160K, reserved 380928K
  class space    used 4916K, committed 5568K, reserved 315392K
}

Dll operation events (15 events):
Event: 0.023 Loaded shared library C:\Program Files\Java\jdk-19\bin\java.dll
Event: 0.038 Loaded shared library C:\Program Files\Java\jdk-19\bin\jsvml.dll
Event: 0.166 Loaded shared library C:\Program Files\Java\jdk-19\bin\zip.dll
Event: 0.175 Loaded shared library C:\Program Files\Java\jdk-19\bin\instrument.dll
Event: 0.187 Loaded shared library C:\Program Files\Java\jdk-19\bin\net.dll
Event: 0.190 Loaded shared library C:\Program Files\Java\jdk-19\bin\nio.dll
Event: 0.200 Loaded shared library C:\Program Files\Java\jdk-19\bin\zip.dll
Event: 0.764 Loaded shared library C:\Program Files\Java\jdk-19\bin\jimage.dll
Event: 0.949 Loaded shared library C:\Program Files\Java\jdk-19\bin\verify.dll
Event: 1.343 Loaded shared library C:\Users\HP\.gradle\native\68d5fa5c4cc2d200863cafc0d521ce42e7d3e7ee720ec0a83991735586a16f82\windows-amd64\native-platform.dll
Event: 1.360 Loaded shared library C:\Users\HP\.gradle\native\e376f236ea51e6404a007f0833ffe2c6e607c4080706a723a18a27aeea778392\windows-amd64\native-platform-file-events.dll
Event: 4.743 Loaded shared library C:\Program Files\Java\jdk-19\bin\management.dll
Event: 4.748 Loaded shared library C:\Program Files\Java\jdk-19\bin\management_ext.dll
Event: 6.183 Loaded shared library C:\Program Files\Java\jdk-19\bin\extnet.dll
Event: 7.441 Loaded shared library C:\Program Files\Java\jdk-19\bin\sunmscapi.dll

Deoptimization events (20 events):
Event: 28.134 Thread 0x00000197a5145c80 Uncommon trap: trap_request=0xffffff76 fr.pc=0x00000197945aaa50 relative=0x0000000000000130
Event: 28.134 Thread 0x00000197a5145c80 Uncommon trap: reason=predicate action=maybe_recompile pc=0x00000197945aaa50 method=java.util.Arrays.binarySearch0([Ljava/lang/Object;IILjava/lang/Object;Ljava/util/Comparator;)I @ 25 c2
Event: 28.134 Thread 0x00000197a5145c80 DEOPT PACKING pc=0x00000197945aaa50 sp=0x0000008cfe5f7e00
Event: 28.134 Thread 0x00000197a5145c80 DEOPT UNPACKING pc=0x0000019793dc6da3 sp=0x0000008cfe5f7d90 mode 2
Event: 28.220 Thread 0x00000197a5145c80 Uncommon trap: trap_request=0xffffffbe fr.pc=0x0000019794522700 relative=0x0000000000000320
Event: 28.220 Thread 0x00000197a5145c80 Uncommon trap: reason=profile_predicate action=maybe_recompile pc=0x0000019794522700 method=sun.instrument.TransformerManager.transform(Ljava/lang/Module;Ljava/lang/ClassLoader;Ljava/lang/String;Ljava/lang/Class;Ljava/security/ProtectionDomain;[B)[B @ 21 
Event: 28.220 Thread 0x00000197a5145c80 DEOPT PACKING pc=0x0000019794522700 sp=0x0000008cfe5f5130
Event: 28.220 Thread 0x00000197a5145c80 DEOPT UNPACKING pc=0x0000019793dc6da3 sp=0x0000008cfe5f5000 mode 2
Event: 28.290 Thread 0x00000197a5145c80 Uncommon trap: trap_request=0xffffffbe fr.pc=0x0000019794522700 relative=0x0000000000000320
Event: 28.290 Thread 0x00000197a5145c80 Uncommon trap: reason=profile_predicate action=maybe_recompile pc=0x0000019794522700 method=sun.instrument.TransformerManager.transform(Ljava/lang/Module;Ljava/lang/ClassLoader;Ljava/lang/String;Ljava/lang/Class;Ljava/security/ProtectionDomain;[B)[B @ 21 
Event: 28.290 Thread 0x00000197a5145c80 DEOPT PACKING pc=0x0000019794522700 sp=0x0000008cfe5f5130
Event: 28.290 Thread 0x00000197a5145c80 DEOPT UNPACKING pc=0x0000019793dc6da3 sp=0x0000008cfe5f5000 mode 2
Event: 28.293 Thread 0x00000197a5145c80 Uncommon trap: trap_request=0xffffffbe fr.pc=0x0000019794522700 relative=0x0000000000000320
Event: 28.293 Thread 0x00000197a5145c80 Uncommon trap: reason=profile_predicate action=maybe_recompile pc=0x0000019794522700 method=sun.instrument.TransformerManager.transform(Ljava/lang/Module;Ljava/lang/ClassLoader;Ljava/lang/String;Ljava/lang/Class;Ljava/security/ProtectionDomain;[B)[B @ 21 
Event: 28.293 Thread 0x00000197a5145c80 DEOPT PACKING pc=0x0000019794522700 sp=0x0000008cfe5f35e0
Event: 28.293 Thread 0x00000197a5145c80 DEOPT UNPACKING pc=0x0000019793dc6da3 sp=0x0000008cfe5f34b0 mode 2
Event: 28.295 Thread 0x00000197a5145c80 Uncommon trap: trap_request=0xffffffbe fr.pc=0x0000019794522700 relative=0x0000000000000320
Event: 28.295 Thread 0x00000197a5145c80 Uncommon trap: reason=profile_predicate action=maybe_recompile pc=0x0000019794522700 method=sun.instrument.TransformerManager.transform(Ljava/lang/Module;Ljava/lang/ClassLoader;Ljava/lang/String;Ljava/lang/Class;Ljava/security/ProtectionDomain;[B)[B @ 21 
Event: 28.295 Thread 0x00000197a5145c80 DEOPT PACKING pc=0x0000019794522700 sp=0x0000008cfe5f1900
Event: 28.295 Thread 0x00000197a5145c80 DEOPT UNPACKING pc=0x0000019793dc6da3 sp=0x0000008cfe5f17d0 mode 2

Classes loaded (20 events):
Event: 27.823 Loading class java/security/SecureClassLoaderBeanInfo
Event: 27.823 Loading class java/security/SecureClassLoaderBeanInfo done
Event: 27.829 Loading class java/security/SecureClassLoaderBeanInfo
Event: 27.829 Loading class java/security/SecureClassLoaderBeanInfo done
Event: 27.830 Loading class java/lang/ClassLoaderBeanInfo
Event: 27.830 Loading class java/lang/ClassLoaderBeanInfo done
Event: 27.830 Loading class java/lang/ClassLoaderBeanInfo
Event: 27.830 Loading class java/lang/ClassLoaderBeanInfo done
Event: 27.830 Loading class java/lang/ClassLoaderCustomizer
Event: 27.830 Loading class java/lang/ClassLoaderCustomizer done
Event: 27.831 Loading class java/lang/ClassLoaderCustomizer
Event: 27.831 Loading class java/lang/ClassLoaderCustomizer done
Event: 27.832 Loading class java/security/SecureClassLoaderCustomizer
Event: 27.832 Loading class java/security/SecureClassLoaderCustomizer done
Event: 27.833 Loading class java/security/SecureClassLoaderCustomizer
Event: 27.833 Loading class java/security/SecureClassLoaderCustomizer done
Event: 27.833 Loading class java/net/URLClassLoaderCustomizer
Event: 27.833 Loading class java/net/URLClassLoaderCustomizer done
Event: 27.834 Loading class java/net/URLClassLoaderCustomizer
Event: 27.834 Loading class java/net/URLClassLoaderCustomizer done

Classes unloaded (0 events):
No events

Classes redefined (0 events):
No events

Internal exceptions (20 events):
Event: 27.847 Thread 0x00000197a5145c80 Exception <a 'java/lang/ClassNotFoundException'{0x00000000eb9fbfc0}: org/jetbrains/plugins/gradle/tooling/internal/ExtraModelBuilder$ForGradle44BeanInfo> (0x00000000eb9fbfc0) 
thrown [s\open\src\hotspot\share\classfile\systemDictionary.cpp, line 255]
Event: 27.863 Thread 0x00000197a5145c80 Exception <a 'java/lang/ClassNotFoundException'{0x00000000eb807ba8}: org/jetbrains/plugins/gradle/tooling/internal/ExtraModelBuilder$ForGradle44Customizer> (0x00000000eb807ba8) 
thrown [s\open\src\hotspot\share\classfile\systemDictionary.cpp, line 255]
Event: 28.136 Thread 0x00000197a5145c80 Exception <a 'java/lang/ClassNotFoundException'{0x00000000eb2d1a20}: org/jetbrains/plugins/gradle/tooling/builder/WarModelBuilderImplBeanInfo> (0x00000000eb2d1a20) 
thrown [s\open\src\hotspot\share\classfile\systemDictionary.cpp, line 255]
Event: 28.136 Thread 0x00000197a5145c80 Exception <a 'java/lang/ClassNotFoundException'{0x00000000eb2dd040}: org/jetbrains/plugins/gradle/tooling/AbstractModelBuilderServiceBeanInfo> (0x00000000eb2dd040) 
thrown [s\open\src\hotspot\share\classfile\systemDictionary.cpp, line 255]
Event: 28.137 Thread 0x00000197a5145c80 Exception <a 'java/lang/ClassNotFoundException'{0x00000000eb2e8958}: org/jetbrains/plugins/gradle/tooling/AbstractModelBuilderServiceCustomizer> (0x00000000eb2e8958) 
thrown [s\open\src\hotspot\share\classfile\systemDictionary.cpp, line 255]
Event: 28.139 Thread 0x00000197a5145c80 Exception <a 'java/lang/ClassNotFoundException'{0x00000000eb2f6c18}: org/jetbrains/plugins/gradle/tooling/builder/WarModelBuilderImplCustomizer> (0x00000000eb2f6c18) 
thrown [s\open\src\hotspot\share\classfile\systemDictionary.cpp, line 255]
Event: 28.152 Thread 0x00000197a5145c80 Exception <a 'java/lang/ClassNotFoundException'{0x00000000eb1702d0}: org/jetbrains/plugins/gradle/tooling/builder/EarModelBuilderImplBeanInfo> (0x00000000eb1702d0) 
thrown [s\open\src\hotspot\share\classfile\systemDictionary.cpp, line 255]
Event: 28.153 Thread 0x00000197a5145c80 Exception <a 'java/lang/ClassNotFoundException'{0x00000000eb17b908}: org/jetbrains/plugins/gradle/tooling/builder/EarModelBuilderImplCustomizer> (0x00000000eb17b908) 
thrown [s\open\src\hotspot\share\classfile\systemDictionary.cpp, line 255]
Event: 28.190 Thread 0x00000197a5145c80 Exception <a 'java/lang/ClassNotFoundException'{0x00000000eb04b190}: org/jetbrains/plugins/gradle/tooling/builder/ScalaModelBuilderImplBeanInfo> (0x00000000eb04b190) 
thrown [s\open\src\hotspot\share\classfile\systemDictionary.cpp, line 255]
Event: 28.191 Thread 0x00000197a5145c80 Exception <a 'java/lang/ClassNotFoundException'{0x00000000eb0567e8}: org/jetbrains/plugins/gradle/tooling/builder/ScalaModelBuilderImplCustomizer> (0x00000000eb0567e8) 
thrown [s\open\src\hotspot\share\classfile\systemDictionary.cpp, line 255]
Event: 28.209 Thread 0x00000197a5145c80 Exception <a 'java/lang/ClassNotFoundException'{0x00000000eb0fa8f8}: org/jetbrains/plugins/gradle/tooling/builder/ExternalProjectBuilderImpl$1BeanInfo> (0x00000000eb0fa8f8) 
thrown [s\open\src\hotspot\share\classfile\systemDictionary.cpp, line 255]
Event: 28.210 Thread 0x00000197a5145c80 Exception <a 'java/lang/ClassNotFoundException'{0x00000000eaf06a40}: org/jetbrains/plugins/gradle/tooling/builder/ExternalProjectBuilderImpl$1Customizer> (0x00000000eaf06a40) 
thrown [s\open\src\hotspot\share\classfile\systemDictionary.cpp, line 255]
Event: 28.226 Thread 0x00000197a5145c80 Exception <a 'java/lang/ClassNotFoundException'{0x00000000eaf7f198}: org/jetbrains/plugins/gradle/tooling/builder/ExternalProjectBuilderImplBeanInfo> (0x00000000eaf7f198) 
thrown [s\open\src\hotspot\share\classfile\systemDictionary.cpp, line 255]
Event: 28.227 Thread 0x00000197a5145c80 Exception <a 'java/lang/ClassNotFoundException'{0x00000000eaf8aaa8}: org/jetbrains/plugins/gradle/tooling/builder/ExternalProjectBuilderImplCustomizer> (0x00000000eaf8aaa8) 
thrown [s\open\src\hotspot\share\classfile\systemDictionary.cpp, line 255]
Event: 28.247 Thread 0x00000197a5145c80 Exception <a 'java/lang/ClassNotFoundException'{0x00000000eae63d88}: org/jetbrains/plugins/gradle/tooling/tasks/DependenciesReport$ReportGeneratorBeanInfo> (0x00000000eae63d88) 
thrown [s\open\src\hotspot\share\classfile\systemDictionary.cpp, line 255]
Event: 28.257 Thread 0x00000197a5145c80 Exception <a 'java/lang/ClassNotFoundException'{0x00000000eae6f468}: org/jetbrains/plugins/gradle/tooling/tasks/DependenciesReport$ReportGeneratorCustomizer> (0x00000000eae6f468) 
thrown [s\open\src\hotspot\share\classfile\systemDictionary.cpp, line 255]
Event: 28.269 Thread 0x00000197a5145c80 Exception <a 'java/lang/ClassNotFoundException'{0x00000000eae9f480}: org/jetbrains/plugins/gradle/tooling/builder/DependencyGraphModelBuilderImplBeanInfo> (0x00000000eae9f480) 
thrown [s\open\src\hotspot\share\classfile\systemDictionary.cpp, line 255]
Event: 28.273 Thread 0x00000197a5145c80 Exception <a 'java/lang/ClassNotFoundException'{0x00000000eaeaab58}: org/jetbrains/plugins/gradle/tooling/builder/DependencyGraphModelBuilderImplCustomizer> (0x00000000eaeaab58) 
thrown [s\open\src\hotspot\share\classfile\systemDictionary.cpp, line 255]
Event: 28.300 Thread 0x00000197a5145c80 Exception <a 'java/lang/ClassNotFoundException'{0x00000000ead52788}: org/jetbrains/plugins/gradle/tooling/builder/ExternalTestsModelBuilderImplBeanInfo> (0x00000000ead52788) 
thrown [s\open\src\hotspot\share\classfile\systemDictionary.cpp, line 255]
Event: 28.300 Thread 0x00000197a5145c80 Exception <a 'java/lang/ClassNotFoundException'{0x00000000ead5de58}: org/jetbrains/plugins/gradle/tooling/builder/ExternalTestsModelBuilderImplCustomizer> (0x00000000ead5de58) 
thrown [s\open\src\hotspot\share\classfile\systemDictionary.cpp, line 255]

VM Operations (20 events):
Event: 24.191 Executing VM operation: HandshakeAllThreads
Event: 24.191 Executing VM operation: HandshakeAllThreads done
Event: 24.643 Executing VM operation: ICBufferFull
Event: 24.644 Executing VM operation: ICBufferFull done
Event: 24.745 Executing VM operation: HandshakeAllThreads
Event: 24.745 Executing VM operation: HandshakeAllThreads done
Event: 25.745 Executing VM operation: Cleanup
Event: 25.746 Executing VM operation: Cleanup done
Event: 26.756 Executing VM operation: Cleanup
Event: 26.756 Executing VM operation: Cleanup done
Event: 27.675 Executing VM operation: HandshakeAllThreads
Event: 27.675 Executing VM operation: HandshakeAllThreads done
Event: 27.823 Executing VM operation: HandshakeAllThreads
Event: 27.823 Executing VM operation: HandshakeAllThreads done
Event: 27.823 Executing VM operation: Cleanup
Event: 27.829 Executing VM operation: Cleanup done
Event: 27.842 Executing VM operation: HandshakeAllThreads
Event: 27.843 Executing VM operation: HandshakeAllThreads done
Event: 27.954 Executing VM operation: HandshakeAllThreads
Event: 27.954 Executing VM operation: HandshakeAllThreads done

Events (20 events):
Event: 27.962 Thread 0x000001979fd2d6f0 flushing nmethod 0x000001978d05fd10
Event: 27.962 Thread 0x000001979fd2d6f0 flushing nmethod 0x000001978d060290
Event: 27.962 Thread 0x000001979fd2d6f0 flushing nmethod 0x000001978d060910
Event: 27.962 Thread 0x000001979fd2d6f0 flushing nmethod 0x000001978d069890
Event: 27.962 Thread 0x000001979fd2d6f0 flushing nmethod 0x000001978d07c910
Event: 27.962 Thread 0x000001979fd2d6f0 flushing nmethod 0x000001978d086810
Event: 27.962 Thread 0x000001979fd2d6f0 flushing nmethod 0x000001978d086c90
Event: 27.962 Thread 0x000001979fd2d6f0 flushing nmethod 0x000001978d092a10
Event: 27.962 Thread 0x000001979fd2d6f0 flushing nmethod 0x000001978d093510
Event: 27.962 Thread 0x000001979fd2d6f0 flushing nmethod 0x000001978d093d10
Event: 27.962 Thread 0x000001979fd2d6f0 flushing nmethod 0x000001978d094a90
Event: 27.962 Thread 0x000001979fd2d6f0 flushing nmethod 0x000001978d095c10
Event: 27.962 Thread 0x000001979fd2d6f0 flushing nmethod 0x000001978d096890
Event: 27.962 Thread 0x000001979fd2d6f0 flushing nmethod 0x000001978d09f510
Event: 27.962 Thread 0x000001979fd2d6f0 flushing nmethod 0x000001978d0a1190
Event: 27.962 Thread 0x000001979fd2d6f0 flushing nmethod 0x000001978d0a9110
Event: 27.962 Thread 0x000001979fd2d6f0 flushing nmethod 0x000001978d0ce510
Event: 27.962 Thread 0x000001979fd2d6f0 flushing nmethod 0x000001978d0d1c90
Event: 27.962 Thread 0x000001979fd2d6f0 flushing nmethod 0x000001978d0e3910
Event: 27.963 Thread 0x000001979fd2d6f0 flushing nmethod 0x000001978d150810


Dynamic libraries:
0x00007ff73e470000 - 0x00007ff73e480000 	C:\Program Files\Java\jdk-19\bin\java.exe
0x00007ff876ad0000 - 0x00007ff876ce7000 	C:\WINDOWS\SYSTEM32\ntdll.dll
0x00007ff875a70000 - 0x00007ff875b34000 	C:\WINDOWS\System32\KERNEL32.DLL
0x00007ff8741a0000 - 0x00007ff874545000 	C:\WINDOWS\System32\KERNELBASE.dll
0x00007ff873ec0000 - 0x00007ff873fd1000 	C:\WINDOWS\System32\ucrtbase.dll
0x00007ff868ec0000 - 0x00007ff868ed8000 	C:\Program Files\Java\jdk-19\bin\jli.dll
0x00007ff874980000 - 0x00007ff874a31000 	C:\WINDOWS\System32\ADVAPI32.dll
0x00007ff8762a0000 - 0x00007ff876347000 	C:\WINDOWS\System32\msvcrt.dll
0x00007ff8748d0000 - 0x00007ff874976000 	C:\WINDOWS\System32\sechost.dll
0x00007ff8763d0000 - 0x00007ff8764e7000 	C:\WINDOWS\System32\RPCRT4.dll
0x00007ff875f20000 - 0x00007ff8760ce000 	C:\WINDOWS\System32\USER32.dll
0x00007ff874550000 - 0x00007ff874576000 	C:\WINDOWS\System32\win32u.dll
0x00007ff8751e0000 - 0x00007ff875209000 	C:\WINDOWS\System32\GDI32.dll
0x00007ff869b70000 - 0x00007ff869b8b000 	C:\Program Files\Java\jdk-19\bin\VCRUNTIME140.dll
0x00007ff873fe0000 - 0x00007ff8740f9000 	C:\WINDOWS\System32\gdi32full.dll
0x00007ff874100000 - 0x00007ff87419a000 	C:\WINDOWS\System32\msvcp_win.dll
0x00007ff856650000 - 0x00007ff8568e3000 	C:\WINDOWS\WinSxS\amd64_microsoft.windows.common-controls_6595b64144ccf1df_6.0.22621.2506_none_270c5ae97388e100\COMCTL32.dll
0x00007ff8605f0000 - 0x00007ff8605fa000 	C:\WINDOWS\SYSTEM32\VERSION.dll
0x00007ff8751a0000 - 0x00007ff8751d1000 	C:\WINDOWS\System32\IMM32.DLL
0x00007ff868eb0000 - 0x00007ff868ebc000 	C:\Program Files\Java\jdk-19\bin\vcruntime140_1.dll
0x00007ff8326b0000 - 0x00007ff83273e000 	C:\Program Files\Java\jdk-19\bin\msvcp140.dll
0x00007fffdbc30000 - 0x00007fffdc8f0000 	C:\Program Files\Java\jdk-19\bin\server\jvm.dll
0x00007ff84ebc0000 - 0x00007ff84ebc9000 	C:\WINDOWS\SYSTEM32\WSOCK32.dll
0x00007ff869030000 - 0x00007ff869064000 	C:\WINDOWS\SYSTEM32\WINMM.dll
0x00007ff8760d0000 - 0x00007ff876141000 	C:\WINDOWS\System32\WS2_32.dll
0x00007ff872e00000 - 0x00007ff872e18000 	C:\WINDOWS\SYSTEM32\kernel.appcore.dll
0x00007ff868ea0000 - 0x00007ff868eaa000 	C:\Program Files\Java\jdk-19\bin\jimage.dll
0x00007ff8716e0000 - 0x00007ff871913000 	C:\WINDOWS\SYSTEM32\DBGHELP.DLL
0x00007ff874df0000 - 0x00007ff875179000 	C:\WINDOWS\System32\combase.dll
0x00007ff874ca0000 - 0x00007ff874d77000 	C:\WINDOWS\System32\OLEAUT32.dll
0x00007ff84e1d0000 - 0x00007ff84e202000 	C:\WINDOWS\SYSTEM32\dbgcore.DLL
0x00007ff873e40000 - 0x00007ff873eba000 	C:\WINDOWS\System32\bcryptPrimitives.dll
0x00007ff8708e0000 - 0x00007ff8708ee000 	C:\Program Files\Java\jdk-19\bin\instrument.dll
0x00007ff868e70000 - 0x00007ff868e96000 	C:\Program Files\Java\jdk-19\bin\java.dll
0x00007fffdbb50000 - 0x00007fffdbc27000 	C:\Program Files\Java\jdk-19\bin\jsvml.dll
0x00007ff875210000 - 0x00007ff875a69000 	C:\WINDOWS\System32\SHELL32.dll
0x00007ff871d10000 - 0x00007ff872604000 	C:\WINDOWS\SYSTEM32\windows.storage.dll
0x00007ff871bd0000 - 0x00007ff871d0e000 	C:\WINDOWS\SYSTEM32\wintypes.dll
0x00007ff874ba0000 - 0x00007ff874c93000 	C:\WINDOWS\System32\SHCORE.dll
0x00007ff875ec0000 - 0x00007ff875f1e000 	C:\WINDOWS\System32\shlwapi.dll
0x00007ff873d70000 - 0x00007ff873d96000 	C:\WINDOWS\SYSTEM32\profapi.dll
0x00007ff859aa0000 - 0x00007ff859ab8000 	C:\Program Files\Java\jdk-19\bin\zip.dll
0x00007ff868e50000 - 0x00007ff868e63000 	C:\Program Files\Java\jdk-19\bin\net.dll
0x00007ff869f10000 - 0x00007ff86a047000 	C:\WINDOWS\SYSTEM32\WINHTTP.dll
0x00007ff873270000 - 0x00007ff8732d9000 	C:\WINDOWS\system32\mswsock.dll
0x00007ff868e30000 - 0x00007ff868e46000 	C:\Program Files\Java\jdk-19\bin\nio.dll
0x00007ff8393a0000 - 0x00007ff8393b0000 	C:\Program Files\Java\jdk-19\bin\verify.dll
0x00007ff86ebc0000 - 0x00007ff86ebe7000 	C:\Users\HP\.gradle\native\68d5fa5c4cc2d200863cafc0d521ce42e7d3e7ee720ec0a83991735586a16f82\windows-amd64\native-platform.dll
0x00007ff843100000 - 0x00007ff843244000 	C:\Users\HP\.gradle\native\e376f236ea51e6404a007f0833ffe2c6e607c4080706a723a18a27aeea778392\windows-amd64\native-platform-file-events.dll
0x00007ff86ebb0000 - 0x00007ff86ebba000 	C:\Program Files\Java\jdk-19\bin\management.dll
0x00007ff86eba0000 - 0x00007ff86ebab000 	C:\Program Files\Java\jdk-19\bin\management_ext.dll
0x00007ff874820000 - 0x00007ff874828000 	C:\WINDOWS\System32\PSAPI.DLL
0x00007ff8735c0000 - 0x00007ff8735db000 	C:\WINDOWS\SYSTEM32\CRYPTSP.dll
0x00007ff872d60000 - 0x00007ff872d95000 	C:\WINDOWS\system32\rsaenh.dll
0x00007ff873310000 - 0x00007ff87333c000 	C:\WINDOWS\SYSTEM32\USERENV.dll
0x00007ff873700000 - 0x00007ff873728000 	C:\WINDOWS\SYSTEM32\bcrypt.dll
0x00007ff8735a0000 - 0x00007ff8735ac000 	C:\WINDOWS\SYSTEM32\CRYPTBASE.dll
0x00007ff872870000 - 0x00007ff87289d000 	C:\WINDOWS\SYSTEM32\IPHLPAPI.DLL
0x00007ff8748c0000 - 0x00007ff8748c9000 	C:\WINDOWS\System32\NSI.dll
0x00007ff869db0000 - 0x00007ff869dc9000 	C:\WINDOWS\SYSTEM32\dhcpcsvc6.DLL
0x00007ff869c80000 - 0x00007ff869c9f000 	C:\WINDOWS\SYSTEM32\dhcpcsvc.DLL
0x00007ff8728e0000 - 0x00007ff8729d9000 	C:\WINDOWS\SYSTEM32\DNSAPI.dll
0x00007ff859a90000 - 0x00007ff859a98000 	C:\Program Files\Java\jdk-19\bin\extnet.dll
0x00007ff86eb90000 - 0x00007ff86eb9e000 	C:\Program Files\Java\jdk-19\bin\sunmscapi.dll
0x00007ff8746b0000 - 0x00007ff874816000 	C:\WINDOWS\System32\CRYPT32.dll
0x00007ff8736d0000 - 0x00007ff8736fd000 	C:\WINDOWS\SYSTEM32\ncrypt.dll
0x00007ff873690000 - 0x00007ff8736c7000 	C:\WINDOWS\SYSTEM32\NTASN1.dll
0x00007ff841970000 - 0x00007ff841978000 	C:\WINDOWS\system32\wshunix.dll

dbghelp: loaded successfully - version: 4.0.5 - missing functions: none
symbol engine: initialized successfully - sym options: 0x614 - pdb path: .;C:\Program Files\Java\jdk-19\bin;C:\WINDOWS\SYSTEM32;C:\WINDOWS\WinSxS\amd64_microsoft.windows.common-controls_6595b64144ccf1df_6.0.22621.2506_none_270c5ae97388e100;C:\Program Files\Java\jdk-19\bin\server;C:\Users\HP\.gradle\native\68d5fa5c4cc2d200863cafc0d521ce42e7d3e7ee720ec0a83991735586a16f82\windows-amd64;C:\Users\HP\.gradle\native\e376f236ea51e6404a007f0833ffe2c6e607c4080706a723a18a27aeea778392\windows-amd64

VM Arguments:
jvm_args: --add-opens=java.base/java.util=ALL-UNNAMED --add-opens=java.base/java.lang=ALL-UNNAMED --add-opens=java.base/java.lang.invoke=ALL-UNNAMED --add-opens=java.prefs/java.util.prefs=ALL-UNNAMED --add-opens=java.base/java.nio.charset=ALL-UNNAMED --add-opens=java.base/java.net=ALL-UNNAMED --add-opens=java.base/java.util.concurrent.atomic=ALL-UNNAMED -XX:MaxMetaspaceSize=384m -XX:+HeapDumpOnOutOfMemoryError -Xms256m -Xmx512m -Dfile.encoding=windows-1251 -Duser.country=US -Duser.language=en -Duser.variant -javaagent:C:\Users\HP\.gradle\wrapper\dists\gradle-8.3-bin\dxjbbhstwasg8cbags9q7cvli\gradle-8.3\lib\agents\gradle-instrumentation-agent-8.3.jar 
java_command: org.gradle.launcher.daemon.bootstrap.GradleDaemon 8.3
java_class_path (initial): C:\Users\HP\.gradle\wrapper\dists\gradle-8.3-bin\dxjbbhstwasg8cbags9q7cvli\gradle-8.3\lib\gradle-launcher-8.3.jar
Launcher Type: SUN_STANDARD

[Global flags]
     intx CICompilerCount                          = 4                                         {product} {ergonomic}
   size_t CompressedClassSpaceSize                 = 322961408                                 {product} {ergonomic}
     uint ConcGCThreads                            = 3                                         {product} {ergonomic}
     uint G1ConcRefinementThreads                  = 10                                        {product} {ergonomic}
   size_t G1HeapRegionSize                         = 1048576                                   {product} {ergonomic}
    uintx GCDrainStackTargetSize                   = 64                                        {product} {ergonomic}
     bool HeapDumpOnOutOfMemoryError               = true                                   {manageable} {command line}
   size_t InitialHeapSize                          = 268435456                                 {product} {command line}
   size_t MarkStackSize                            = 4194304                                   {product} {ergonomic}
   size_t MaxHeapSize                              = 536870912                                 {product} {command line}
   size_t MaxMetaspaceSize                         = 402653184                                 {product} {command line}
   size_t MaxNewSize                               = 321912832                                 {product} {ergonomic}
   size_t MinHeapDeltaBytes                        = 1048576                                   {product} {ergonomic}
   size_t MinHeapSize                              = 268435456                                 {product} {command line}
    uintx NonNMethodCodeHeapSize                   = 5839372                                {pd product} {ergonomic}
    uintx NonProfiledCodeHeapSize                  = 122909434                              {pd product} {ergonomic}
    uintx ProfiledCodeHeapSize                     = 122909434                              {pd product} {ergonomic}
    uintx ReservedCodeCacheSize                    = 251658240                              {pd product} {ergonomic}
     bool SegmentedCodeCache                       = true                                      {product} {ergonomic}
   size_t SoftMaxHeapSize                          = 536870912                              {manageable} {ergonomic}
     bool UseCompressedClassPointers               = true                           {product lp64_product} {ergonomic}
     bool UseCompressedOops                        = true                           {product lp64_product} {ergonomic}
     bool UseG1GC                                  = true                                      {product} {ergonomic}
     bool UseLargePagesIndividualAllocation        = false                                  {pd product} {ergonomic}

Logging:
Log output configuration:
 #0: stdout all=warning uptime,level,tags foldmultilines=false
 #1: stderr all=off uptime,level,tags foldmultilines=false

Environment Variables:
JAVA_HOME=C:\Program Files\Java\jdk-19
PATH=C:\Program Files\Common Files\Oracle\Java\javapath;C:\Program Files (x86)\Common Files\Oracle\Java\javapath;C:\WINDOWS\system32;C:\WINDOWS;C:\WINDOWS\System32\Wbem;C:\WINDOWS\System32\WindowsPowerShell\v1.0\;C:\WINDOWS\System32\OpenSSH\;C:\Program Files (x86)\Common Files\Acronis\SnapAPI\;C:\Program Files\Git\cmd;C:\Program Files\Docker\Docker\resources\bin;C:\Users\HP\AppData\Local\Microsoft\WindowsApps;C:\Program Files\Java\jdk-19\bin;%Intellij IDEA%;
USERNAME=HP
OS=Windows_NT
PROCESSOR_IDENTIFIER=Intel64 Family 6 Model 154 Stepping 4, GenuineIntel
TMP=C:\Users\HP\AppData\Local\Temp
TEMP=C:\Users\HP\AppData\Local\Temp



---------------  S Y S T E M  ---------------

OS:
 Windows 11 , 64 bit Build 22621 (10.0.22621.2506)
OS uptime: 0 days 2:06 hours
Hyper-V role detected

CPU: total 12 (initial active 12) (6 cores per cpu, 2 threads per core) family 6 model 154 stepping 4 microcode 0x42c, cx8, cmov, fxsr, ht, mmx, 3dnowpref, sse, sse2, sse3, ssse3, sse4.1, sse4.2, popcnt, lzcnt, tsc, tscinvbit, avx, avx2, aes, erms, clmul, bmi1, bmi2, adx, sha, fma, vzeroupper, clflush, clflushopt, clwb, hv, serialize, rdtscp, rdpid, fsrm

Memory: 4k page, system-wide physical 7863M (309M free)
TotalPageFile size 16799M (AvailPageFile size 0M)
current process WorkingSet (physical memory assigned to process): 316M, peak: 316M
current process commit charge ("private bytes"): 447M, peak: 448M

vm_info: Java HotSpot(TM) 64-Bit Server VM (19.0.1+10-21) for windows-amd64 JRE (19.0.1+10-21), built on 2022-09-14T12:45:06Z by "mach5one" with MS VC++ 17.1 (VS2022)

END.
