#
# There is insufficient memory for the Java Runtime Environment to continue.
# Native memory allocation (malloc) failed to allocate 614080 bytes for Chunk::new
# Possible reasons:
#   The system is out of physical RAM or swap space
#   The process is running with CompressedOops enabled, and the Java Heap may be blocking the growth of the native heap
# Possible solutions:
#   Reduce memory load on the system
#   Increase physical memory or swap space
#   Check if swap backing store is full
#   Decrease Java heap size (-Xmx/-Xms)
#   Decrease number of Java threads
#   Decrease Java thread stack sizes (-Xss)
#   Set larger code cache with -XX:ReservedCodeCacheSize=
#   JVM is running with Unscaled Compressed Oops mode in which the Java heap is
#     placed in the first 4GB address space. The Java Heap base address is the
#     maximum limit for the native heap growth. Please use -XX:HeapBaseMinAddress
#     to set the Java Heap base and to place the Java Heap above 4GB virtual address.
# This output file may be truncated or incomplete.
#
#  Out of Memory Error (arena.cpp:184), pid=17948, tid=17736
#
# JRE version: Java(TM) SE Runtime Environment (19.0.1+10) (build 19.0.1+10-21)
# Java VM: Java HotSpot(TM) 64-Bit Server VM (19.0.1+10-21, mixed mode, sharing, tiered, compressed oops, compressed class ptrs, g1 gc, windows-amd64)
# No core dump will be written. Minidumps are not enabled by default on client versions of Windows
#

---------------  S U M M A R Y ------------

Command Line: --add-opens=java.base/java.util=ALL-UNNAMED --add-opens=java.base/java.lang=ALL-UNNAMED --add-opens=java.base/java.lang.invoke=ALL-UNNAMED --add-opens=java.prefs/java.util.prefs=ALL-UNNAMED --add-opens=java.base/java.nio.charset=ALL-UNNAMED --add-opens=java.base/java.net=ALL-UNNAMED --add-opens=java.base/java.util.concurrent.atomic=ALL-UNNAMED -XX:MaxMetaspaceSize=384m -XX:+HeapDumpOnOutOfMemoryError -Xms256m -Xmx512m -Dfile.encoding=windows-1251 -Duser.country=US -Duser.language=en -Duser.variant -javaagent:C:\Users\HP\.gradle\wrapper\dists\gradle-8.3-bin\dxjbbhstwasg8cbags9q7cvli\gradle-8.3\lib\agents\gradle-instrumentation-agent-8.3.jar org.gradle.launcher.daemon.bootstrap.GradleDaemon 8.3

Host: 12th Gen Intel(R) Core(TM) i5-1235U, 12 cores, 7G,  Windows 11 , 64 bit Build 22621 (10.0.22621.2506)
Time: Sun Nov 19 17:46:58 2023 West Asia Standard Time elapsed time: 26.228683 seconds (0d 0h 0m 26s)

---------------  T H R E A D  ---------------

Current thread (0x0000017d82b8d900):  JavaThread "C2 CompilerThread0" daemon [_thread_in_native, id=17736, stack(0x0000001e69500000,0x0000001e69600000)]


Current CompileTask:
C2:  26228 2580       4       jdk.internal.org.objectweb.asm.SymbolTable::addConstantMemberReference (147 bytes)

Stack: [0x0000001e69500000,0x0000001e69600000]
Native frames: (J=compiled Java code, j=interpreted, Vv=VM code, C=native code)
V  [jvm.dll+0x6ee8fa]
V  [jvm.dll+0x857a1e]
V  [jvm.dll+0x85940e]
V  [jvm.dll+0x859ac3]
V  [jvm.dll+0x28291f]
V  [jvm.dll+0xc9b5f]
V  [jvm.dll+0xc9ee5]
V  [jvm.dll+0x3bcbac]
V  [jvm.dll+0x386201]
V  [jvm.dll+0x38567a]
V  [jvm.dll+0x24c2c9]
V  [jvm.dll+0x24b671]
V  [jvm.dll+0x1d6d61]
V  [jvm.dll+0x25b0fa]
V  [jvm.dll+0x259588]
V  [jvm.dll+0x807928]
V  [jvm.dll+0x8015fa]
V  [jvm.dll+0x6ed5eb]
C  [ucrtbase.dll+0x29363]
C  [KERNEL32.DLL+0x1257d]
C  [ntdll.dll+0x5aa58]


---------------  P R O C E S S  ---------------

Threads class SMR info:
_java_thread_list=0x0000017d88312cf0, length=25, elements={
0x0000017de770b5f0, 0x0000017d82b86e60, 0x0000017d82b87c50, 0x0000017d82b88a40,
0x0000017d82b89830, 0x0000017d82b8a360, 0x0000017d82b8cca0, 0x0000017d82b8d900,
0x0000017d82b90280, 0x0000017d82b90bf0, 0x0000017d86df9ab0, 0x0000017d86ee7450,
0x0000017d883599f0, 0x0000017d87ca5020, 0x0000017d8862f040, 0x0000017d883b0ff0,
0x0000017d881f3140, 0x0000017d8823a4f0, 0x0000017d87a54020, 0x0000017d8797e5c0,
0x0000017d8797c5e0, 0x0000017d8797f060, 0x0000017d8797f5b0, 0x0000017d8797c090,
0x0000017d8797db20
}

Java Threads: ( => current thread )
  0x0000017de770b5f0 JavaThread "main" [_thread_blocked, id=9896, stack(0x0000001e68800000,0x0000001e68900000)]
  0x0000017d82b86e60 JavaThread "Reference Handler" daemon [_thread_blocked, id=14216, stack(0x0000001e68f00000,0x0000001e69000000)]
  0x0000017d82b87c50 JavaThread "Finalizer" daemon [_thread_blocked, id=15172, stack(0x0000001e69000000,0x0000001e69100000)]
  0x0000017d82b88a40 JavaThread "Signal Dispatcher" daemon [_thread_blocked, id=3300, stack(0x0000001e69100000,0x0000001e69200000)]
  0x0000017d82b89830 JavaThread "Attach Listener" daemon [_thread_blocked, id=15380, stack(0x0000001e69200000,0x0000001e69300000)]
  0x0000017d82b8a360 JavaThread "Service Thread" daemon [_thread_blocked, id=17260, stack(0x0000001e69300000,0x0000001e69400000)]
  0x0000017d82b8cca0 JavaThread "Monitor Deflation Thread" daemon [_thread_blocked, id=17340, stack(0x0000001e69400000,0x0000001e69500000)]
=>0x0000017d82b8d900 JavaThread "C2 CompilerThread0" daemon [_thread_in_native, id=17736, stack(0x0000001e69500000,0x0000001e69600000)]
  0x0000017d82b90280 JavaThread "C1 CompilerThread0" daemon [_thread_blocked, id=11896, stack(0x0000001e69600000,0x0000001e69700000)]
  0x0000017d82b90bf0 JavaThread "Sweeper thread" daemon [_thread_blocked, id=4812, stack(0x0000001e69700000,0x0000001e69800000)]
  0x0000017d86df9ab0 JavaThread "Common-Cleaner" daemon [_thread_blocked, id=10708, stack(0x0000001e69800000,0x0000001e69900000)]
  0x0000017d86ee7450 JavaThread "Notification Thread" daemon [_thread_blocked, id=17348, stack(0x0000001e69900000,0x0000001e69a00000)]
  0x0000017d883599f0 JavaThread "Daemon health stats" [_thread_blocked, id=5092, stack(0x0000001e6a000000,0x0000001e6a100000)]
  0x0000017d87ca5020 JavaThread "Incoming local TCP Connector on port 63511" [_thread_in_native, id=9824, stack(0x0000001e6a100000,0x0000001e6a200000)]
  0x0000017d8862f040 JavaThread "Daemon periodic checks" [_thread_blocked, id=17744, stack(0x0000001e6a200000,0x0000001e6a300000)]
  0x0000017d883b0ff0 JavaThread "Daemon" [_thread_blocked, id=17280, stack(0x0000001e6a300000,0x0000001e6a400000)]
  0x0000017d881f3140 JavaThread "Handler for socket connection from /127.0.0.1:63511 to /127.0.0.1:63517" [_thread_in_native, id=17072, stack(0x0000001e6a400000,0x0000001e6a500000)]
  0x0000017d8823a4f0 JavaThread "Cancel handler" [_thread_blocked, id=8136, stack(0x0000001e6a500000,0x0000001e6a600000)]
  0x0000017d87a54020 JavaThread "Daemon worker" [_thread_in_vm, id=2592, stack(0x0000001e6a600000,0x0000001e6a700000)]
  0x0000017d8797e5c0 JavaThread "Asynchronous log dispatcher for DefaultDaemonConnection: socket connection from /127.0.0.1:63511 to /127.0.0.1:63517" [_thread_blocked, id=17616, stack(0x0000001e6a700000,0x0000001e6a800000)]
  0x0000017d8797c5e0 JavaThread "Stdin handler" [_thread_blocked, id=18340, stack(0x0000001e6a800000,0x0000001e6a900000)]
  0x0000017d8797f060 JavaThread "Daemon client event forwarder" [_thread_blocked, id=11532, stack(0x0000001e6a900000,0x0000001e6aa00000)]
  0x0000017d8797f5b0 JavaThread "Cache worker for journal cache (C:\Users\HP\.gradle\caches\journal-1)" [_thread_blocked, id=8388, stack(0x0000001e6aa00000,0x0000001e6ab00000)]
  0x0000017d8797c090 JavaThread "File lock request listener" [_thread_in_native, id=16260, stack(0x0000001e6ab00000,0x0000001e6ac00000)]
  0x0000017d8797db20 JavaThread "File lock release action executor" [_thread_blocked, id=17328, stack(0x0000001e6ac00000,0x0000001e6ad00000)]

Other Threads:
  0x0000017d82b68850 VMThread "VM Thread" [stack: 0x0000001e68e00000,0x0000001e68f00000] [id=11768]
  0x0000017d86f7e010 WatcherThread "VM Periodic Task Thread" [stack: 0x0000001e69a00000,0x0000001e69b00000] [id=4596]
  0x0000017de773d420 WorkerThread "GC Thread#0" [stack: 0x0000001e68900000,0x0000001e68a00000] [id=16900]
  0x0000017d8723bc70 WorkerThread "GC Thread#1" [stack: 0x0000001e69b00000,0x0000001e69c00000] [id=6504]
  0x0000017d8723a050 WorkerThread "GC Thread#2" [stack: 0x0000001e69c00000,0x0000001e69d00000] [id=3080]
  0x0000017d8723a8c0 WorkerThread "GC Thread#3" [stack: 0x0000001e69d00000,0x0000001e69e00000] [id=16960]
  0x0000017d8723ab90 WorkerThread "GC Thread#4" [stack: 0x0000001e69e00000,0x0000001e69f00000] [id=12464]
  0x0000017d8723b9a0 WorkerThread "GC Thread#5" [stack: 0x0000001e69f00000,0x0000001e6a000000] [id=17544]
  0x0000017de7742380 ConcurrentGCThread "G1 Main Marker" [stack: 0x0000001e68a00000,0x0000001e68b00000] [id=16560]
  0x0000017de7743dc0 WorkerThread "G1 Conc#0" [stack: 0x0000001e68b00000,0x0000001e68c00000] [id=17676]
  0x0000017d82a2c5a0 ConcurrentGCThread "G1 Refine#0" [stack: 0x0000001e68c00000,0x0000001e68d00000] [id=6196]
  0x0000017d82a2e0d0 ConcurrentGCThread "G1 Service" [stack: 0x0000001e68d00000,0x0000001e68e00000] [id=11412]

Threads with active compile tasks:
C2 CompilerThread0    26270 2580       4       jdk.internal.org.objectweb.asm.SymbolTable::addConstantMemberReference (147 bytes)

VM state: not at safepoint (normal execution)

VM Mutex/Monitor currently owned by a thread: None

Heap address: 0x00000000e0000000, size: 512 MB, Compressed Oops mode: 32-bit

CDS archive(s) mapped at: [0x0000000800000000-0x0000000800c40000-0x0000000800c40000), size 12845056, SharedBaseAddress: 0x0000000800000000, ArchiveRelocationMode: 0.
Compressed class space mapped at: 0x0000000801000000-0x0000000814400000, reserved size: 322961408
Narrow klass base: 0x0000000800000000, Narrow klass shift: 0, Narrow klass range: 0x100000000

GC Precious Log:
 CardTable entry size: 512
 Card Set container configuration: InlinePtr #cards 5 size 8 Array Of Cards #cards 12 size 40 Howl #buckets 4 coarsen threshold 1843 Howl Bitmap #cards 512 size 80 coarsen threshold 460 Card regions per heap region 1 cards per card region 2048
 CPUs: 12 total, 12 available
 Memory: 7863M
 Large Page Support: Disabled
 NUMA Support: Disabled
 Compressed Oops: Enabled (32-bit)
 Heap Region Size: 1M
 Heap Min Capacity: 256M
 Heap Initial Capacity: 256M
 Heap Max Capacity: 512M
 Pre-touch: Disabled
 Parallel Workers: 10
 Concurrent Workers: 3
 Concurrent Refinement Workers: 10
 Periodic GC: Disabled

Heap:
 garbage-first heap   total 262144K, used 73687K [0x00000000e0000000, 0x0000000100000000)
  region size 1024K, 63 young (64512K), 4 survivors (4096K)
 Metaspace       used 15571K, committed 16064K, reserved 380928K
  class space    used 2084K, committed 2368K, reserved 315392K

Heap Regions: E=young(eden), S=young(survivor), O=old, HS=humongous(starts), HC=humongous(continues), CS=collection set, F=free, OA=open archive, CA=closed archive, TAMS=top-at-mark-start (previous, next)
|   0|0x00000000e0000000, 0x00000000e0100000, 0x00000000e0100000|100%|HS|  |TAMS 0x00000000e0000000, 0x00000000e0000000| Complete 
|   1|0x00000000e0100000, 0x00000000e0200000, 0x00000000e0200000|100%|HC|  |TAMS 0x00000000e0100000, 0x00000000e0100000| Complete 
|   2|0x00000000e0200000, 0x00000000e0300000, 0x00000000e0300000|100%|HC|  |TAMS 0x00000000e0200000, 0x00000000e0200000| Complete 
|   3|0x00000000e0300000, 0x00000000e0400000, 0x00000000e0400000|100%|HC|  |TAMS 0x00000000e0300000, 0x00000000e0300000| Complete 
|   4|0x00000000e0400000, 0x00000000e0500000, 0x00000000e0500000|100%| O|  |TAMS 0x00000000e0400000, 0x00000000e0400000| Untracked 
|   5|0x00000000e0500000, 0x00000000e0600000, 0x00000000e0600000|100%| O|  |TAMS 0x00000000e0500000, 0x00000000e0500000| Untracked 
|   6|0x00000000e0600000, 0x00000000e0700000, 0x00000000e0700000|100%| O|  |TAMS 0x00000000e0600000, 0x00000000e0600000| Untracked 
|   7|0x00000000e0700000, 0x00000000e0800000, 0x00000000e0800000|100%| O|  |TAMS 0x00000000e0700000, 0x00000000e0700000| Untracked 
|   8|0x00000000e0800000, 0x00000000e0800000, 0x00000000e0900000|  0%| F|  |TAMS 0x00000000e0800000, 0x00000000e0800000| Untracked 
|   9|0x00000000e0900000, 0x00000000e0a00000, 0x00000000e0a00000|100%| O|  |TAMS 0x00000000e0900000, 0x00000000e0900000| Untracked 
|  10|0x00000000e0a00000, 0x00000000e0b00000, 0x00000000e0b00000|100%| O|  |TAMS 0x00000000e0a00000, 0x00000000e0a00000| Untracked 
|  11|0x00000000e0b00000, 0x00000000e0b3fe00, 0x00000000e0c00000| 24%| O|  |TAMS 0x00000000e0b00000, 0x00000000e0b00000| Untracked 
|  12|0x00000000e0c00000, 0x00000000e0c00000, 0x00000000e0d00000|  0%| F|  |TAMS 0x00000000e0c00000, 0x00000000e0c00000| Untracked 
|  13|0x00000000e0d00000, 0x00000000e0d00000, 0x00000000e0e00000|  0%| F|  |TAMS 0x00000000e0d00000, 0x00000000e0d00000| Untracked 
|  14|0x00000000e0e00000, 0x00000000e0e00000, 0x00000000e0f00000|  0%| F|  |TAMS 0x00000000e0e00000, 0x00000000e0e00000| Untracked 
|  15|0x00000000e0f00000, 0x00000000e0f00000, 0x00000000e1000000|  0%| F|  |TAMS 0x00000000e0f00000, 0x00000000e0f00000| Untracked 
|  16|0x00000000e1000000, 0x00000000e1000000, 0x00000000e1100000|  0%| F|  |TAMS 0x00000000e1000000, 0x00000000e1000000| Untracked 
|  17|0x00000000e1100000, 0x00000000e1100000, 0x00000000e1200000|  0%| F|  |TAMS 0x00000000e1100000, 0x00000000e1100000| Untracked 
|  18|0x00000000e1200000, 0x00000000e1200000, 0x00000000e1300000|  0%| F|  |TAMS 0x00000000e1200000, 0x00000000e1200000| Untracked 
|  19|0x00000000e1300000, 0x00000000e1300000, 0x00000000e1400000|  0%| F|  |TAMS 0x00000000e1300000, 0x00000000e1300000| Untracked 
|  20|0x00000000e1400000, 0x00000000e1400000, 0x00000000e1500000|  0%| F|  |TAMS 0x00000000e1400000, 0x00000000e1400000| Untracked 
|  21|0x00000000e1500000, 0x00000000e1500000, 0x00000000e1600000|  0%| F|  |TAMS 0x00000000e1500000, 0x00000000e1500000| Untracked 
|  22|0x00000000e1600000, 0x00000000e1600000, 0x00000000e1700000|  0%| F|  |TAMS 0x00000000e1600000, 0x00000000e1600000| Untracked 
|  23|0x00000000e1700000, 0x00000000e1700000, 0x00000000e1800000|  0%| F|  |TAMS 0x00000000e1700000, 0x00000000e1700000| Untracked 
|  24|0x00000000e1800000, 0x00000000e1800000, 0x00000000e1900000|  0%| F|  |TAMS 0x00000000e1800000, 0x00000000e1800000| Untracked 
|  25|0x00000000e1900000, 0x00000000e1900000, 0x00000000e1a00000|  0%| F|  |TAMS 0x00000000e1900000, 0x00000000e1900000| Untracked 
|  26|0x00000000e1a00000, 0x00000000e1a00000, 0x00000000e1b00000|  0%| F|  |TAMS 0x00000000e1a00000, 0x00000000e1a00000| Untracked 
|  27|0x00000000e1b00000, 0x00000000e1b00000, 0x00000000e1c00000|  0%| F|  |TAMS 0x00000000e1b00000, 0x00000000e1b00000| Untracked 
|  28|0x00000000e1c00000, 0x00000000e1c00000, 0x00000000e1d00000|  0%| F|  |TAMS 0x00000000e1c00000, 0x00000000e1c00000| Untracked 
|  29|0x00000000e1d00000, 0x00000000e1d00000, 0x00000000e1e00000|  0%| F|  |TAMS 0x00000000e1d00000, 0x00000000e1d00000| Untracked 
|  30|0x00000000e1e00000, 0x00000000e1e00000, 0x00000000e1f00000|  0%| F|  |TAMS 0x00000000e1e00000, 0x00000000e1e00000| Untracked 
|  31|0x00000000e1f00000, 0x00000000e1f00000, 0x00000000e2000000|  0%| F|  |TAMS 0x00000000e1f00000, 0x00000000e1f00000| Untracked 
|  32|0x00000000e2000000, 0x00000000e2000000, 0x00000000e2100000|  0%| F|  |TAMS 0x00000000e2000000, 0x00000000e2000000| Untracked 
|  33|0x00000000e2100000, 0x00000000e2100000, 0x00000000e2200000|  0%| F|  |TAMS 0x00000000e2100000, 0x00000000e2100000| Untracked 
|  34|0x00000000e2200000, 0x00000000e2200000, 0x00000000e2300000|  0%| F|  |TAMS 0x00000000e2200000, 0x00000000e2200000| Untracked 
|  35|0x00000000e2300000, 0x00000000e2300000, 0x00000000e2400000|  0%| F|  |TAMS 0x00000000e2300000, 0x00000000e2300000| Untracked 
|  36|0x00000000e2400000, 0x00000000e2400000, 0x00000000e2500000|  0%| F|  |TAMS 0x00000000e2400000, 0x00000000e2400000| Untracked 
|  37|0x00000000e2500000, 0x00000000e2500000, 0x00000000e2600000|  0%| F|  |TAMS 0x00000000e2500000, 0x00000000e2500000| Untracked 
|  38|0x00000000e2600000, 0x00000000e2600000, 0x00000000e2700000|  0%| F|  |TAMS 0x00000000e2600000, 0x00000000e2600000| Untracked 
|  39|0x00000000e2700000, 0x00000000e2700000, 0x00000000e2800000|  0%| F|  |TAMS 0x00000000e2700000, 0x00000000e2700000| Untracked 
|  40|0x00000000e2800000, 0x00000000e2800000, 0x00000000e2900000|  0%| F|  |TAMS 0x00000000e2800000, 0x00000000e2800000| Untracked 
|  41|0x00000000e2900000, 0x00000000e2900000, 0x00000000e2a00000|  0%| F|  |TAMS 0x00000000e2900000, 0x00000000e2900000| Untracked 
|  42|0x00000000e2a00000, 0x00000000e2a00000, 0x00000000e2b00000|  0%| F|  |TAMS 0x00000000e2a00000, 0x00000000e2a00000| Untracked 
|  43|0x00000000e2b00000, 0x00000000e2b00000, 0x00000000e2c00000|  0%| F|  |TAMS 0x00000000e2b00000, 0x00000000e2b00000| Untracked 
|  44|0x00000000e2c00000, 0x00000000e2c00000, 0x00000000e2d00000|  0%| F|  |TAMS 0x00000000e2c00000, 0x00000000e2c00000| Untracked 
|  45|0x00000000e2d00000, 0x00000000e2d00000, 0x00000000e2e00000|  0%| F|  |TAMS 0x00000000e2d00000, 0x00000000e2d00000| Untracked 
|  46|0x00000000e2e00000, 0x00000000e2e00000, 0x00000000e2f00000|  0%| F|  |TAMS 0x00000000e2e00000, 0x00000000e2e00000| Untracked 
|  47|0x00000000e2f00000, 0x00000000e2f00000, 0x00000000e3000000|  0%| F|  |TAMS 0x00000000e2f00000, 0x00000000e2f00000| Untracked 
|  48|0x00000000e3000000, 0x00000000e3000000, 0x00000000e3100000|  0%| F|  |TAMS 0x00000000e3000000, 0x00000000e3000000| Untracked 
|  49|0x00000000e3100000, 0x00000000e3100000, 0x00000000e3200000|  0%| F|  |TAMS 0x00000000e3100000, 0x00000000e3100000| Untracked 
|  50|0x00000000e3200000, 0x00000000e3200000, 0x00000000e3300000|  0%| F|  |TAMS 0x00000000e3200000, 0x00000000e3200000| Untracked 
|  51|0x00000000e3300000, 0x00000000e3300000, 0x00000000e3400000|  0%| F|  |TAMS 0x00000000e3300000, 0x00000000e3300000| Untracked 
|  52|0x00000000e3400000, 0x00000000e3400000, 0x00000000e3500000|  0%| F|  |TAMS 0x00000000e3400000, 0x00000000e3400000| Untracked 
|  53|0x00000000e3500000, 0x00000000e3500000, 0x00000000e3600000|  0%| F|  |TAMS 0x00000000e3500000, 0x00000000e3500000| Untracked 
|  54|0x00000000e3600000, 0x00000000e3600000, 0x00000000e3700000|  0%| F|  |TAMS 0x00000000e3600000, 0x00000000e3600000| Untracked 
|  55|0x00000000e3700000, 0x00000000e3700000, 0x00000000e3800000|  0%| F|  |TAMS 0x00000000e3700000, 0x00000000e3700000| Untracked 
|  56|0x00000000e3800000, 0x00000000e3800000, 0x00000000e3900000|  0%| F|  |TAMS 0x00000000e3800000, 0x00000000e3800000| Untracked 
|  57|0x00000000e3900000, 0x00000000e3900000, 0x00000000e3a00000|  0%| F|  |TAMS 0x00000000e3900000, 0x00000000e3900000| Untracked 
|  58|0x00000000e3a00000, 0x00000000e3a00000, 0x00000000e3b00000|  0%| F|  |TAMS 0x00000000e3a00000, 0x00000000e3a00000| Untracked 
|  59|0x00000000e3b00000, 0x00000000e3b00000, 0x00000000e3c00000|  0%| F|  |TAMS 0x00000000e3b00000, 0x00000000e3b00000| Untracked 
|  60|0x00000000e3c00000, 0x00000000e3c00000, 0x00000000e3d00000|  0%| F|  |TAMS 0x00000000e3c00000, 0x00000000e3c00000| Untracked 
|  61|0x00000000e3d00000, 0x00000000e3d00000, 0x00000000e3e00000|  0%| F|  |TAMS 0x00000000e3d00000, 0x00000000e3d00000| Untracked 
|  62|0x00000000e3e00000, 0x00000000e3e00000, 0x00000000e3f00000|  0%| F|  |TAMS 0x00000000e3e00000, 0x00000000e3e00000| Untracked 
|  63|0x00000000e3f00000, 0x00000000e3f00000, 0x00000000e4000000|  0%| F|  |TAMS 0x00000000e3f00000, 0x00000000e3f00000| Untracked 
|  64|0x00000000e4000000, 0x00000000e4000000, 0x00000000e4100000|  0%| F|  |TAMS 0x00000000e4000000, 0x00000000e4000000| Untracked 
|  65|0x00000000e4100000, 0x00000000e4100000, 0x00000000e4200000|  0%| F|  |TAMS 0x00000000e4100000, 0x00000000e4100000| Untracked 
|  66|0x00000000e4200000, 0x00000000e4200000, 0x00000000e4300000|  0%| F|  |TAMS 0x00000000e4200000, 0x00000000e4200000| Untracked 
|  67|0x00000000e4300000, 0x00000000e4300000, 0x00000000e4400000|  0%| F|  |TAMS 0x00000000e4300000, 0x00000000e4300000| Untracked 
|  68|0x00000000e4400000, 0x00000000e4400000, 0x00000000e4500000|  0%| F|  |TAMS 0x00000000e4400000, 0x00000000e4400000| Untracked 
|  69|0x00000000e4500000, 0x00000000e4500000, 0x00000000e4600000|  0%| F|  |TAMS 0x00000000e4500000, 0x00000000e4500000| Untracked 
|  70|0x00000000e4600000, 0x00000000e4600000, 0x00000000e4700000|  0%| F|  |TAMS 0x00000000e4600000, 0x00000000e4600000| Untracked 
|  71|0x00000000e4700000, 0x00000000e4700000, 0x00000000e4800000|  0%| F|  |TAMS 0x00000000e4700000, 0x00000000e4700000| Untracked 
|  72|0x00000000e4800000, 0x00000000e4800000, 0x00000000e4900000|  0%| F|  |TAMS 0x00000000e4800000, 0x00000000e4800000| Untracked 
|  73|0x00000000e4900000, 0x00000000e4900000, 0x00000000e4a00000|  0%| F|  |TAMS 0x00000000e4900000, 0x00000000e4900000| Untracked 
|  74|0x00000000e4a00000, 0x00000000e4a00000, 0x00000000e4b00000|  0%| F|  |TAMS 0x00000000e4a00000, 0x00000000e4a00000| Untracked 
|  75|0x00000000e4b00000, 0x00000000e4b00000, 0x00000000e4c00000|  0%| F|  |TAMS 0x00000000e4b00000, 0x00000000e4b00000| Untracked 
|  76|0x00000000e4c00000, 0x00000000e4c00000, 0x00000000e4d00000|  0%| F|  |TAMS 0x00000000e4c00000, 0x00000000e4c00000| Untracked 
|  77|0x00000000e4d00000, 0x00000000e4d00000, 0x00000000e4e00000|  0%| F|  |TAMS 0x00000000e4d00000, 0x00000000e4d00000| Untracked 
|  78|0x00000000e4e00000, 0x00000000e4e00000, 0x00000000e4f00000|  0%| F|  |TAMS 0x00000000e4e00000, 0x00000000e4e00000| Untracked 
|  79|0x00000000e4f00000, 0x00000000e4f00000, 0x00000000e5000000|  0%| F|  |TAMS 0x00000000e4f00000, 0x00000000e4f00000| Untracked 
|  80|0x00000000e5000000, 0x00000000e5000000, 0x00000000e5100000|  0%| F|  |TAMS 0x00000000e5000000, 0x00000000e5000000| Untracked 
|  81|0x00000000e5100000, 0x00000000e5100000, 0x00000000e5200000|  0%| F|  |TAMS 0x00000000e5100000, 0x00000000e5100000| Untracked 
|  82|0x00000000e5200000, 0x00000000e5200000, 0x00000000e5300000|  0%| F|  |TAMS 0x00000000e5200000, 0x00000000e5200000| Untracked 
|  83|0x00000000e5300000, 0x00000000e5300000, 0x00000000e5400000|  0%| F|  |TAMS 0x00000000e5300000, 0x00000000e5300000| Untracked 
|  84|0x00000000e5400000, 0x00000000e5400000, 0x00000000e5500000|  0%| F|  |TAMS 0x00000000e5400000, 0x00000000e5400000| Untracked 
|  85|0x00000000e5500000, 0x00000000e5500000, 0x00000000e5600000|  0%| F|  |TAMS 0x00000000e5500000, 0x00000000e5500000| Untracked 
|  86|0x00000000e5600000, 0x00000000e5600000, 0x00000000e5700000|  0%| F|  |TAMS 0x00000000e5600000, 0x00000000e5600000| Untracked 
|  87|0x00000000e5700000, 0x00000000e5700000, 0x00000000e5800000|  0%| F|  |TAMS 0x00000000e5700000, 0x00000000e5700000| Untracked 
|  88|0x00000000e5800000, 0x00000000e5800000, 0x00000000e5900000|  0%| F|  |TAMS 0x00000000e5800000, 0x00000000e5800000| Untracked 
|  89|0x00000000e5900000, 0x00000000e5900000, 0x00000000e5a00000|  0%| F|  |TAMS 0x00000000e5900000, 0x00000000e5900000| Untracked 
|  90|0x00000000e5a00000, 0x00000000e5a00000, 0x00000000e5b00000|  0%| F|  |TAMS 0x00000000e5a00000, 0x00000000e5a00000| Untracked 
|  91|0x00000000e5b00000, 0x00000000e5b00000, 0x00000000e5c00000|  0%| F|  |TAMS 0x00000000e5b00000, 0x00000000e5b00000| Untracked 
|  92|0x00000000e5c00000, 0x00000000e5c00000, 0x00000000e5d00000|  0%| F|  |TAMS 0x00000000e5c00000, 0x00000000e5c00000| Untracked 
|  93|0x00000000e5d00000, 0x00000000e5d00000, 0x00000000e5e00000|  0%| F|  |TAMS 0x00000000e5d00000, 0x00000000e5d00000| Untracked 
|  94|0x00000000e5e00000, 0x00000000e5e00000, 0x00000000e5f00000|  0%| F|  |TAMS 0x00000000e5e00000, 0x00000000e5e00000| Untracked 
|  95|0x00000000e5f00000, 0x00000000e5f00000, 0x00000000e6000000|  0%| F|  |TAMS 0x00000000e5f00000, 0x00000000e5f00000| Untracked 
|  96|0x00000000e6000000, 0x00000000e6000000, 0x00000000e6100000|  0%| F|  |TAMS 0x00000000e6000000, 0x00000000e6000000| Untracked 
|  97|0x00000000e6100000, 0x00000000e6100000, 0x00000000e6200000|  0%| F|  |TAMS 0x00000000e6100000, 0x00000000e6100000| Untracked 
|  98|0x00000000e6200000, 0x00000000e6200000, 0x00000000e6300000|  0%| F|  |TAMS 0x00000000e6200000, 0x00000000e6200000| Untracked 
|  99|0x00000000e6300000, 0x00000000e6300000, 0x00000000e6400000|  0%| F|  |TAMS 0x00000000e6300000, 0x00000000e6300000| Untracked 
| 100|0x00000000e6400000, 0x00000000e6400000, 0x00000000e6500000|  0%| F|  |TAMS 0x00000000e6400000, 0x00000000e6400000| Untracked 
| 101|0x00000000e6500000, 0x00000000e6500000, 0x00000000e6600000|  0%| F|  |TAMS 0x00000000e6500000, 0x00000000e6500000| Untracked 
| 102|0x00000000e6600000, 0x00000000e6600000, 0x00000000e6700000|  0%| F|  |TAMS 0x00000000e6600000, 0x00000000e6600000| Untracked 
| 103|0x00000000e6700000, 0x00000000e6700000, 0x00000000e6800000|  0%| F|  |TAMS 0x00000000e6700000, 0x00000000e6700000| Untracked 
| 104|0x00000000e6800000, 0x00000000e6800000, 0x00000000e6900000|  0%| F|  |TAMS 0x00000000e6800000, 0x00000000e6800000| Untracked 
| 105|0x00000000e6900000, 0x00000000e6900000, 0x00000000e6a00000|  0%| F|  |TAMS 0x00000000e6900000, 0x00000000e6900000| Untracked 
| 106|0x00000000e6a00000, 0x00000000e6a00000, 0x00000000e6b00000|  0%| F|  |TAMS 0x00000000e6a00000, 0x00000000e6a00000| Untracked 
| 107|0x00000000e6b00000, 0x00000000e6b00000, 0x00000000e6c00000|  0%| F|  |TAMS 0x00000000e6b00000, 0x00000000e6b00000| Untracked 
| 108|0x00000000e6c00000, 0x00000000e6c00000, 0x00000000e6d00000|  0%| F|  |TAMS 0x00000000e6c00000, 0x00000000e6c00000| Untracked 
| 109|0x00000000e6d00000, 0x00000000e6d00000, 0x00000000e6e00000|  0%| F|  |TAMS 0x00000000e6d00000, 0x00000000e6d00000| Untracked 
| 110|0x00000000e6e00000, 0x00000000e6e00000, 0x00000000e6f00000|  0%| F|  |TAMS 0x00000000e6e00000, 0x00000000e6e00000| Untracked 
| 111|0x00000000e6f00000, 0x00000000e6f00000, 0x00000000e7000000|  0%| F|  |TAMS 0x00000000e6f00000, 0x00000000e6f00000| Untracked 
| 112|0x00000000e7000000, 0x00000000e7000000, 0x00000000e7100000|  0%| F|  |TAMS 0x00000000e7000000, 0x00000000e7000000| Untracked 
| 113|0x00000000e7100000, 0x00000000e7100000, 0x00000000e7200000|  0%| F|  |TAMS 0x00000000e7100000, 0x00000000e7100000| Untracked 
| 114|0x00000000e7200000, 0x00000000e7200000, 0x00000000e7300000|  0%| F|  |TAMS 0x00000000e7200000, 0x00000000e7200000| Untracked 
| 115|0x00000000e7300000, 0x00000000e7300000, 0x00000000e7400000|  0%| F|  |TAMS 0x00000000e7300000, 0x00000000e7300000| Untracked 
| 116|0x00000000e7400000, 0x00000000e7400000, 0x00000000e7500000|  0%| F|  |TAMS 0x00000000e7400000, 0x00000000e7400000| Untracked 
| 117|0x00000000e7500000, 0x00000000e7500000, 0x00000000e7600000|  0%| F|  |TAMS 0x00000000e7500000, 0x00000000e7500000| Untracked 
| 118|0x00000000e7600000, 0x00000000e7600000, 0x00000000e7700000|  0%| F|  |TAMS 0x00000000e7600000, 0x00000000e7600000| Untracked 
| 119|0x00000000e7700000, 0x00000000e7700000, 0x00000000e7800000|  0%| F|  |TAMS 0x00000000e7700000, 0x00000000e7700000| Untracked 
| 120|0x00000000e7800000, 0x00000000e7800000, 0x00000000e7900000|  0%| F|  |TAMS 0x00000000e7800000, 0x00000000e7800000| Untracked 
| 121|0x00000000e7900000, 0x00000000e7900000, 0x00000000e7a00000|  0%| F|  |TAMS 0x00000000e7900000, 0x00000000e7900000| Untracked 
| 122|0x00000000e7a00000, 0x00000000e7a00000, 0x00000000e7b00000|  0%| F|  |TAMS 0x00000000e7a00000, 0x00000000e7a00000| Untracked 
| 123|0x00000000e7b00000, 0x00000000e7b00000, 0x00000000e7c00000|  0%| F|  |TAMS 0x00000000e7b00000, 0x00000000e7b00000| Untracked 
| 124|0x00000000e7c00000, 0x00000000e7c00000, 0x00000000e7d00000|  0%| F|  |TAMS 0x00000000e7c00000, 0x00000000e7c00000| Untracked 
| 125|0x00000000e7d00000, 0x00000000e7d00000, 0x00000000e7e00000|  0%| F|  |TAMS 0x00000000e7d00000, 0x00000000e7d00000| Untracked 
| 126|0x00000000e7e00000, 0x00000000e7e00000, 0x00000000e7f00000|  0%| F|  |TAMS 0x00000000e7e00000, 0x00000000e7e00000| Untracked 
| 127|0x00000000e7f00000, 0x00000000e7f00000, 0x00000000e8000000|  0%| F|  |TAMS 0x00000000e7f00000, 0x00000000e7f00000| Untracked 
| 128|0x00000000e8000000, 0x00000000e8000000, 0x00000000e8100000|  0%| F|  |TAMS 0x00000000e8000000, 0x00000000e8000000| Untracked 
| 129|0x00000000e8100000, 0x00000000e8100000, 0x00000000e8200000|  0%| F|  |TAMS 0x00000000e8100000, 0x00000000e8100000| Untracked 
| 130|0x00000000e8200000, 0x00000000e8200000, 0x00000000e8300000|  0%| F|  |TAMS 0x00000000e8200000, 0x00000000e8200000| Untracked 
| 131|0x00000000e8300000, 0x00000000e8300000, 0x00000000e8400000|  0%| F|  |TAMS 0x00000000e8300000, 0x00000000e8300000| Untracked 
| 132|0x00000000e8400000, 0x00000000e8400000, 0x00000000e8500000|  0%| F|  |TAMS 0x00000000e8400000, 0x00000000e8400000| Untracked 
| 133|0x00000000e8500000, 0x00000000e8500000, 0x00000000e8600000|  0%| F|  |TAMS 0x00000000e8500000, 0x00000000e8500000| Untracked 
| 134|0x00000000e8600000, 0x00000000e8600000, 0x00000000e8700000|  0%| F|  |TAMS 0x00000000e8600000, 0x00000000e8600000| Untracked 
| 135|0x00000000e8700000, 0x00000000e8700000, 0x00000000e8800000|  0%| F|  |TAMS 0x00000000e8700000, 0x00000000e8700000| Untracked 
| 136|0x00000000e8800000, 0x00000000e8800000, 0x00000000e8900000|  0%| F|  |TAMS 0x00000000e8800000, 0x00000000e8800000| Untracked 
| 137|0x00000000e8900000, 0x00000000e8900000, 0x00000000e8a00000|  0%| F|  |TAMS 0x00000000e8900000, 0x00000000e8900000| Untracked 
| 138|0x00000000e8a00000, 0x00000000e8a00000, 0x00000000e8b00000|  0%| F|  |TAMS 0x00000000e8a00000, 0x00000000e8a00000| Untracked 
| 139|0x00000000e8b00000, 0x00000000e8b00000, 0x00000000e8c00000|  0%| F|  |TAMS 0x00000000e8b00000, 0x00000000e8b00000| Untracked 
| 140|0x00000000e8c00000, 0x00000000e8c00000, 0x00000000e8d00000|  0%| F|  |TAMS 0x00000000e8c00000, 0x00000000e8c00000| Untracked 
| 141|0x00000000e8d00000, 0x00000000e8d00000, 0x00000000e8e00000|  0%| F|  |TAMS 0x00000000e8d00000, 0x00000000e8d00000| Untracked 
| 142|0x00000000e8e00000, 0x00000000e8e00000, 0x00000000e8f00000|  0%| F|  |TAMS 0x00000000e8e00000, 0x00000000e8e00000| Untracked 
| 143|0x00000000e8f00000, 0x00000000e8f00000, 0x00000000e9000000|  0%| F|  |TAMS 0x00000000e8f00000, 0x00000000e8f00000| Untracked 
| 144|0x00000000e9000000, 0x00000000e9000000, 0x00000000e9100000|  0%| F|  |TAMS 0x00000000e9000000, 0x00000000e9000000| Untracked 
| 145|0x00000000e9100000, 0x00000000e9100000, 0x00000000e9200000|  0%| F|  |TAMS 0x00000000e9100000, 0x00000000e9100000| Untracked 
| 146|0x00000000e9200000, 0x00000000e9200000, 0x00000000e9300000|  0%| F|  |TAMS 0x00000000e9200000, 0x00000000e9200000| Untracked 
| 147|0x00000000e9300000, 0x00000000e9300000, 0x00000000e9400000|  0%| F|  |TAMS 0x00000000e9300000, 0x00000000e9300000| Untracked 
| 148|0x00000000e9400000, 0x00000000e9400000, 0x00000000e9500000|  0%| F|  |TAMS 0x00000000e9400000, 0x00000000e9400000| Untracked 
| 149|0x00000000e9500000, 0x00000000e9500000, 0x00000000e9600000|  0%| F|  |TAMS 0x00000000e9500000, 0x00000000e9500000| Untracked 
| 150|0x00000000e9600000, 0x00000000e9600000, 0x00000000e9700000|  0%| F|  |TAMS 0x00000000e9600000, 0x00000000e9600000| Untracked 
| 151|0x00000000e9700000, 0x00000000e9700000, 0x00000000e9800000|  0%| F|  |TAMS 0x00000000e9700000, 0x00000000e9700000| Untracked 
| 152|0x00000000e9800000, 0x00000000e9800000, 0x00000000e9900000|  0%| F|  |TAMS 0x00000000e9800000, 0x00000000e9800000| Untracked 
| 153|0x00000000e9900000, 0x00000000e9900000, 0x00000000e9a00000|  0%| F|  |TAMS 0x00000000e9900000, 0x00000000e9900000| Untracked 
| 154|0x00000000e9a00000, 0x00000000e9a00000, 0x00000000e9b00000|  0%| F|  |TAMS 0x00000000e9a00000, 0x00000000e9a00000| Untracked 
| 155|0x00000000e9b00000, 0x00000000e9b00000, 0x00000000e9c00000|  0%| F|  |TAMS 0x00000000e9b00000, 0x00000000e9b00000| Untracked 
| 156|0x00000000e9c00000, 0x00000000e9c00000, 0x00000000e9d00000|  0%| F|  |TAMS 0x00000000e9c00000, 0x00000000e9c00000| Untracked 
| 157|0x00000000e9d00000, 0x00000000e9d00000, 0x00000000e9e00000|  0%| F|  |TAMS 0x00000000e9d00000, 0x00000000e9d00000| Untracked 
| 158|0x00000000e9e00000, 0x00000000e9e00000, 0x00000000e9f00000|  0%| F|  |TAMS 0x00000000e9e00000, 0x00000000e9e00000| Untracked 
| 159|0x00000000e9f00000, 0x00000000e9f00000, 0x00000000ea000000|  0%| F|  |TAMS 0x00000000e9f00000, 0x00000000e9f00000| Untracked 
| 160|0x00000000ea000000, 0x00000000ea000000, 0x00000000ea100000|  0%| F|  |TAMS 0x00000000ea000000, 0x00000000ea000000| Untracked 
| 161|0x00000000ea100000, 0x00000000ea100000, 0x00000000ea200000|  0%| F|  |TAMS 0x00000000ea100000, 0x00000000ea100000| Untracked 
| 162|0x00000000ea200000, 0x00000000ea200000, 0x00000000ea300000|  0%| F|  |TAMS 0x00000000ea200000, 0x00000000ea200000| Untracked 
| 163|0x00000000ea300000, 0x00000000ea300000, 0x00000000ea400000|  0%| F|  |TAMS 0x00000000ea300000, 0x00000000ea300000| Untracked 
| 164|0x00000000ea400000, 0x00000000ea400000, 0x00000000ea500000|  0%| F|  |TAMS 0x00000000ea400000, 0x00000000ea400000| Untracked 
| 165|0x00000000ea500000, 0x00000000ea500000, 0x00000000ea600000|  0%| F|  |TAMS 0x00000000ea500000, 0x00000000ea500000| Untracked 
| 166|0x00000000ea600000, 0x00000000ea600000, 0x00000000ea700000|  0%| F|  |TAMS 0x00000000ea600000, 0x00000000ea600000| Untracked 
| 167|0x00000000ea700000, 0x00000000ea700000, 0x00000000ea800000|  0%| F|  |TAMS 0x00000000ea700000, 0x00000000ea700000| Untracked 
| 168|0x00000000ea800000, 0x00000000ea800000, 0x00000000ea900000|  0%| F|  |TAMS 0x00000000ea800000, 0x00000000ea800000| Untracked 
| 169|0x00000000ea900000, 0x00000000ea900000, 0x00000000eaa00000|  0%| F|  |TAMS 0x00000000ea900000, 0x00000000ea900000| Untracked 
| 170|0x00000000eaa00000, 0x00000000eaa00000, 0x00000000eab00000|  0%| F|  |TAMS 0x00000000eaa00000, 0x00000000eaa00000| Untracked 
| 171|0x00000000eab00000, 0x00000000eab00000, 0x00000000eac00000|  0%| F|  |TAMS 0x00000000eab00000, 0x00000000eab00000| Untracked 
| 172|0x00000000eac00000, 0x00000000eac00000, 0x00000000ead00000|  0%| F|  |TAMS 0x00000000eac00000, 0x00000000eac00000| Untracked 
| 173|0x00000000ead00000, 0x00000000ead00000, 0x00000000eae00000|  0%| F|  |TAMS 0x00000000ead00000, 0x00000000ead00000| Untracked 
| 174|0x00000000eae00000, 0x00000000eae00000, 0x00000000eaf00000|  0%| F|  |TAMS 0x00000000eae00000, 0x00000000eae00000| Untracked 
| 175|0x00000000eaf00000, 0x00000000eaf00000, 0x00000000eb000000|  0%| F|  |TAMS 0x00000000eaf00000, 0x00000000eaf00000| Untracked 
| 176|0x00000000eb000000, 0x00000000eb000000, 0x00000000eb100000|  0%| F|  |TAMS 0x00000000eb000000, 0x00000000eb000000| Untracked 
| 177|0x00000000eb100000, 0x00000000eb100000, 0x00000000eb200000|  0%| F|  |TAMS 0x00000000eb100000, 0x00000000eb100000| Untracked 
| 178|0x00000000eb200000, 0x00000000eb200000, 0x00000000eb300000|  0%| F|  |TAMS 0x00000000eb200000, 0x00000000eb200000| Untracked 
| 179|0x00000000eb300000, 0x00000000eb300000, 0x00000000eb400000|  0%| F|  |TAMS 0x00000000eb300000, 0x00000000eb300000| Untracked 
| 180|0x00000000eb400000, 0x00000000eb400000, 0x00000000eb500000|  0%| F|  |TAMS 0x00000000eb400000, 0x00000000eb400000| Untracked 
| 181|0x00000000eb500000, 0x00000000eb500000, 0x00000000eb600000|  0%| F|  |TAMS 0x00000000eb500000, 0x00000000eb500000| Untracked 
| 182|0x00000000eb600000, 0x00000000eb600000, 0x00000000eb700000|  0%| F|  |TAMS 0x00000000eb600000, 0x00000000eb600000| Untracked 
| 183|0x00000000eb700000, 0x00000000eb700000, 0x00000000eb800000|  0%| F|  |TAMS 0x00000000eb700000, 0x00000000eb700000| Untracked 
| 184|0x00000000eb800000, 0x00000000eb800000, 0x00000000eb900000|  0%| F|  |TAMS 0x00000000eb800000, 0x00000000eb800000| Untracked 
| 185|0x00000000eb900000, 0x00000000eb900000, 0x00000000eba00000|  0%| F|  |TAMS 0x00000000eb900000, 0x00000000eb900000| Untracked 
| 186|0x00000000eba00000, 0x00000000eba00000, 0x00000000ebb00000|  0%| F|  |TAMS 0x00000000eba00000, 0x00000000eba00000| Untracked 
| 187|0x00000000ebb00000, 0x00000000ebb00000, 0x00000000ebc00000|  0%| F|  |TAMS 0x00000000ebb00000, 0x00000000ebb00000| Untracked 
| 188|0x00000000ebc00000, 0x00000000ebc00000, 0x00000000ebd00000|  0%| F|  |TAMS 0x00000000ebc00000, 0x00000000ebc00000| Untracked 
| 189|0x00000000ebd00000, 0x00000000ebd00000, 0x00000000ebe00000|  0%| F|  |TAMS 0x00000000ebd00000, 0x00000000ebd00000| Untracked 
| 190|0x00000000ebe00000, 0x00000000ebe00000, 0x00000000ebf00000|  0%| F|  |TAMS 0x00000000ebe00000, 0x00000000ebe00000| Untracked 
| 191|0x00000000ebf00000, 0x00000000ebf00000, 0x00000000ec000000|  0%| F|  |TAMS 0x00000000ebf00000, 0x00000000ebf00000| Untracked 
| 192|0x00000000ec000000, 0x00000000ec000000, 0x00000000ec100000|  0%| F|  |TAMS 0x00000000ec000000, 0x00000000ec000000| Untracked 
| 193|0x00000000ec100000, 0x00000000ec200000, 0x00000000ec200000|100%| E|  |TAMS 0x00000000ec100000, 0x00000000ec100000| Complete 
| 194|0x00000000ec200000, 0x00000000ec300000, 0x00000000ec300000|100%| E|CS|TAMS 0x00000000ec200000, 0x00000000ec200000| Complete 
| 195|0x00000000ec300000, 0x00000000ec400000, 0x00000000ec400000|100%| E|CS|TAMS 0x00000000ec300000, 0x00000000ec300000| Complete 
| 196|0x00000000ec400000, 0x00000000ec500000, 0x00000000ec500000|100%| E|CS|TAMS 0x00000000ec400000, 0x00000000ec400000| Complete 
| 197|0x00000000ec500000, 0x00000000ec600000, 0x00000000ec600000|100%| E|CS|TAMS 0x00000000ec500000, 0x00000000ec500000| Complete 
| 198|0x00000000ec600000, 0x00000000ec700000, 0x00000000ec700000|100%| E|CS|TAMS 0x00000000ec600000, 0x00000000ec600000| Complete 
| 199|0x00000000ec700000, 0x00000000ec800000, 0x00000000ec800000|100%| E|CS|TAMS 0x00000000ec700000, 0x00000000ec700000| Complete 
| 200|0x00000000ec800000, 0x00000000ec900000, 0x00000000ec900000|100%| E|CS|TAMS 0x00000000ec800000, 0x00000000ec800000| Complete 
| 201|0x00000000ec900000, 0x00000000eca00000, 0x00000000eca00000|100%| E|CS|TAMS 0x00000000ec900000, 0x00000000ec900000| Complete 
| 202|0x00000000eca00000, 0x00000000ecb00000, 0x00000000ecb00000|100%| E|CS|TAMS 0x00000000eca00000, 0x00000000eca00000| Complete 
| 203|0x00000000ecb00000, 0x00000000ecc00000, 0x00000000ecc00000|100%| E|CS|TAMS 0x00000000ecb00000, 0x00000000ecb00000| Complete 
| 204|0x00000000ecc00000, 0x00000000ecd00000, 0x00000000ecd00000|100%| E|CS|TAMS 0x00000000ecc00000, 0x00000000ecc00000| Complete 
| 205|0x00000000ecd00000, 0x00000000ece00000, 0x00000000ece00000|100%| E|CS|TAMS 0x00000000ecd00000, 0x00000000ecd00000| Complete 
| 206|0x00000000ece00000, 0x00000000ecf00000, 0x00000000ecf00000|100%| E|CS|TAMS 0x00000000ece00000, 0x00000000ece00000| Complete 
| 207|0x00000000ecf00000, 0x00000000ed000000, 0x00000000ed000000|100%| E|CS|TAMS 0x00000000ecf00000, 0x00000000ecf00000| Complete 
| 208|0x00000000ed000000, 0x00000000ed100000, 0x00000000ed100000|100%| E|CS|TAMS 0x00000000ed000000, 0x00000000ed000000| Complete 
| 209|0x00000000ed100000, 0x00000000ed200000, 0x00000000ed200000|100%| E|CS|TAMS 0x00000000ed100000, 0x00000000ed100000| Complete 
| 210|0x00000000ed200000, 0x00000000ed300000, 0x00000000ed300000|100%| E|CS|TAMS 0x00000000ed200000, 0x00000000ed200000| Complete 
| 211|0x00000000ed300000, 0x00000000ed400000, 0x00000000ed400000|100%| E|CS|TAMS 0x00000000ed300000, 0x00000000ed300000| Complete 
| 212|0x00000000ed400000, 0x00000000ed500000, 0x00000000ed500000|100%| E|CS|TAMS 0x00000000ed400000, 0x00000000ed400000| Complete 
| 213|0x00000000ed500000, 0x00000000ed600000, 0x00000000ed600000|100%| E|CS|TAMS 0x00000000ed500000, 0x00000000ed500000| Complete 
| 214|0x00000000ed600000, 0x00000000ed700000, 0x00000000ed700000|100%| E|CS|TAMS 0x00000000ed600000, 0x00000000ed600000| Complete 
| 215|0x00000000ed700000, 0x00000000ed800000, 0x00000000ed800000|100%| E|CS|TAMS 0x00000000ed700000, 0x00000000ed700000| Complete 
| 216|0x00000000ed800000, 0x00000000ed900000, 0x00000000ed900000|100%| E|CS|TAMS 0x00000000ed800000, 0x00000000ed800000| Complete 
| 217|0x00000000ed900000, 0x00000000eda00000, 0x00000000eda00000|100%| E|CS|TAMS 0x00000000ed900000, 0x00000000ed900000| Complete 
| 218|0x00000000eda00000, 0x00000000edb00000, 0x00000000edb00000|100%| E|CS|TAMS 0x00000000eda00000, 0x00000000eda00000| Complete 
| 219|0x00000000edb00000, 0x00000000edc00000, 0x00000000edc00000|100%| E|CS|TAMS 0x00000000edb00000, 0x00000000edb00000| Complete 
| 220|0x00000000edc00000, 0x00000000edcb5fa0, 0x00000000edd00000| 71%| S|CS|TAMS 0x00000000edc00000, 0x00000000edc00000| Complete 
| 221|0x00000000edd00000, 0x00000000ede00000, 0x00000000ede00000|100%| S|CS|TAMS 0x00000000edd00000, 0x00000000edd00000| Complete 
| 222|0x00000000ede00000, 0x00000000edf00000, 0x00000000edf00000|100%| S|CS|TAMS 0x00000000ede00000, 0x00000000ede00000| Complete 
| 223|0x00000000edf00000, 0x00000000ee000000, 0x00000000ee000000|100%| S|CS|TAMS 0x00000000edf00000, 0x00000000edf00000| Complete 
| 224|0x00000000ee000000, 0x00000000ee100000, 0x00000000ee100000|100%| E|CS|TAMS 0x00000000ee000000, 0x00000000ee000000| Complete 
| 225|0x00000000ee100000, 0x00000000ee200000, 0x00000000ee200000|100%| E|CS|TAMS 0x00000000ee100000, 0x00000000ee100000| Complete 
| 226|0x00000000ee200000, 0x00000000ee300000, 0x00000000ee300000|100%| E|CS|TAMS 0x00000000ee200000, 0x00000000ee200000| Complete 
| 227|0x00000000ee300000, 0x00000000ee400000, 0x00000000ee400000|100%| E|CS|TAMS 0x00000000ee300000, 0x00000000ee300000| Complete 
| 228|0x00000000ee400000, 0x00000000ee500000, 0x00000000ee500000|100%| E|CS|TAMS 0x00000000ee400000, 0x00000000ee400000| Complete 
| 229|0x00000000ee500000, 0x00000000ee600000, 0x00000000ee600000|100%| E|CS|TAMS 0x00000000ee500000, 0x00000000ee500000| Complete 
| 230|0x00000000ee600000, 0x00000000ee700000, 0x00000000ee700000|100%| E|CS|TAMS 0x00000000ee600000, 0x00000000ee600000| Complete 
| 231|0x00000000ee700000, 0x00000000ee800000, 0x00000000ee800000|100%| E|CS|TAMS 0x00000000ee700000, 0x00000000ee700000| Complete 
| 232|0x00000000ee800000, 0x00000000ee900000, 0x00000000ee900000|100%| E|CS|TAMS 0x00000000ee800000, 0x00000000ee800000| Complete 
| 233|0x00000000ee900000, 0x00000000eea00000, 0x00000000eea00000|100%| E|CS|TAMS 0x00000000ee900000, 0x00000000ee900000| Complete 
| 234|0x00000000eea00000, 0x00000000eeb00000, 0x00000000eeb00000|100%| E|CS|TAMS 0x00000000eea00000, 0x00000000eea00000| Complete 
| 235|0x00000000eeb00000, 0x00000000eec00000, 0x00000000eec00000|100%| E|CS|TAMS 0x00000000eeb00000, 0x00000000eeb00000| Complete 
| 236|0x00000000eec00000, 0x00000000eed00000, 0x00000000eed00000|100%| E|CS|TAMS 0x00000000eec00000, 0x00000000eec00000| Complete 
| 237|0x00000000eed00000, 0x00000000eee00000, 0x00000000eee00000|100%| E|CS|TAMS 0x00000000eed00000, 0x00000000eed00000| Complete 
| 238|0x00000000eee00000, 0x00000000eef00000, 0x00000000eef00000|100%| E|CS|TAMS 0x00000000eee00000, 0x00000000eee00000| Complete 
| 239|0x00000000eef00000, 0x00000000ef000000, 0x00000000ef000000|100%| E|CS|TAMS 0x00000000eef00000, 0x00000000eef00000| Complete 
| 240|0x00000000ef000000, 0x00000000ef100000, 0x00000000ef100000|100%| E|CS|TAMS 0x00000000ef000000, 0x00000000ef000000| Complete 
| 241|0x00000000ef100000, 0x00000000ef200000, 0x00000000ef200000|100%| E|CS|TAMS 0x00000000ef100000, 0x00000000ef100000| Complete 
| 242|0x00000000ef200000, 0x00000000ef300000, 0x00000000ef300000|100%| E|CS|TAMS 0x00000000ef200000, 0x00000000ef200000| Complete 
| 243|0x00000000ef300000, 0x00000000ef400000, 0x00000000ef400000|100%| E|CS|TAMS 0x00000000ef300000, 0x00000000ef300000| Complete 
| 244|0x00000000ef400000, 0x00000000ef500000, 0x00000000ef500000|100%| E|CS|TAMS 0x00000000ef400000, 0x00000000ef400000| Complete 
| 245|0x00000000ef500000, 0x00000000ef600000, 0x00000000ef600000|100%| E|CS|TAMS 0x00000000ef500000, 0x00000000ef500000| Complete 
| 246|0x00000000ef600000, 0x00000000ef700000, 0x00000000ef700000|100%| E|CS|TAMS 0x00000000ef600000, 0x00000000ef600000| Complete 
| 247|0x00000000ef700000, 0x00000000ef800000, 0x00000000ef800000|100%| E|CS|TAMS 0x00000000ef700000, 0x00000000ef700000| Complete 
| 248|0x00000000ef800000, 0x00000000ef900000, 0x00000000ef900000|100%| E|CS|TAMS 0x00000000ef800000, 0x00000000ef800000| Complete 
| 249|0x00000000ef900000, 0x00000000efa00000, 0x00000000efa00000|100%| E|CS|TAMS 0x00000000ef900000, 0x00000000ef900000| Complete 
| 250|0x00000000efa00000, 0x00000000efb00000, 0x00000000efb00000|100%| E|CS|TAMS 0x00000000efa00000, 0x00000000efa00000| Complete 
| 251|0x00000000efb00000, 0x00000000efc00000, 0x00000000efc00000|100%| E|CS|TAMS 0x00000000efb00000, 0x00000000efb00000| Complete 
| 252|0x00000000efc00000, 0x00000000efd00000, 0x00000000efd00000|100%| E|CS|TAMS 0x00000000efc00000, 0x00000000efc00000| Complete 
| 253|0x00000000efd00000, 0x00000000efe00000, 0x00000000efe00000|100%| E|CS|TAMS 0x00000000efd00000, 0x00000000efd00000| Complete 
| 254|0x00000000efe00000, 0x00000000eff00000, 0x00000000eff00000|100%| E|CS|TAMS 0x00000000efe00000, 0x00000000efe00000| Complete 
| 255|0x00000000eff00000, 0x00000000f0000000, 0x00000000f0000000|100%| E|CS|TAMS 0x00000000eff00000, 0x00000000eff00000| Complete 

Card table byte_map: [0x0000017dfecc0000,0x0000017dfedc0000] _byte_map_base: 0x0000017dfe5c0000

Marking Bits (Prev, Next): (CMBitMap*) 0x0000017de773da50, (CMBitMap*) 0x0000017de773da90
 Prev Bits: [0x0000017dfeec0000, 0x0000017dff6c0000)
 Next Bits: [0x0000017dff6c0000, 0x0000017dffec0000)

Polling page: 0x0000017de5650000

Metaspace:

Usage:
  Non-class:     13.22 MB used.
      Class:      2.05 MB used.
       Both:     15.28 MB used.

Virtual space:
  Non-class space:       64.00 MB reserved,      13.44 MB ( 21%) committed,  1 nodes.
      Class space:      308.00 MB reserved,       2.31 MB ( <1%) committed,  1 nodes.
             Both:      372.00 MB reserved,      15.75 MB (  4%) committed. 

Chunk freelists:
   Non-Class:  2.58 MB
       Class:  1.53 MB
        Both:  4.11 MB

MaxMetaspaceSize: 384.00 MB
CompressedClassSpaceSize: 308.00 MB
Initial GC threshold: 21.00 MB
Current GC threshold: 21.00 MB
CDS: on
MetaspaceReclaimPolicy: balanced
 - commit_granule_bytes: 65536.
 - commit_granule_words: 8192.
 - virtual_space_node_default_size: 8388608.
 - enlarge_chunks_in_place: 1.
 - new_chunks_are_fully_committed: 0.
 - uncommit_free_chunks: 1.
 - use_allocation_guard: 0.


Internal statistics:

num_allocs_failed_limit: 0.
num_arena_births: 600.
num_arena_deaths: 0.
num_vsnodes_births: 2.
num_vsnodes_deaths: 0.
num_space_committed: 252.
num_space_uncommitted: 0.
num_chunks_returned_to_freelist: 0.
num_chunks_taken_from_freelist: 1146.
num_chunk_merges: 0.
num_chunk_splits: 743.
num_chunks_enlarged: 486.
num_inconsistent_stats: 0.

CodeHeap 'non-profiled nmethods': size=120000Kb used=1103Kb max_used=1103Kb free=118896Kb
 bounds [0x0000017df7140000, 0x0000017df73b0000, 0x0000017dfe670000]
CodeHeap 'profiled nmethods': size=120000Kb used=5290Kb max_used=5290Kb free=114709Kb
 bounds [0x0000017def670000, 0x0000017defba0000, 0x0000017df6ba0000]
CodeHeap 'non-nmethods': size=5760Kb used=1328Kb max_used=1343Kb free=4432Kb
 bounds [0x0000017df6ba0000, 0x0000017df6e10000, 0x0000017df7140000]
 total_blobs=3142 nmethods=2590 adapters=462
 compilation: enabled
              stopped_count=0, restarted_count=0
 full_count=0

Compilation events (20 events):
Event: 26.176 Thread 0x0000017d82b90280 2584       3       java.lang.invoke.MemberName::<init> (26 bytes)
Event: 26.176 Thread 0x0000017d82b90280 nmethod 2584 0x0000017defb95d90 code [0x0000017defb95f60, 0x0000017defb96188]
Event: 26.177 Thread 0x0000017d82b90280 2585       3       java.lang.invoke.MethodHandles$Lookup::resolveOrFail (47 bytes)
Event: 26.177 Thread 0x0000017d82b90280 nmethod 2585 0x0000017defb96290 code [0x0000017defb964e0, 0x0000017defb96ca8]
Event: 26.180 Thread 0x0000017d82b90280 2588       3       java.lang.invoke.MethodHandles$Lookup::checkField (58 bytes)
Event: 26.181 Thread 0x0000017d82b90280 nmethod 2588 0x0000017defb97010 code [0x0000017defb97200, 0x0000017defb97678]
Event: 26.183 Thread 0x0000017d82b90280 2591       3       java.lang.invoke.MemberName::getFactory (4 bytes)
Event: 26.183 Thread 0x0000017d82b90280 nmethod 2591 0x0000017defb97810 code [0x0000017defb979a0, 0x0000017defb97a98]
Event: 26.186 Thread 0x0000017d82b90280 2593       3       java.util.ArrayList::toArray (12 bytes)
Event: 26.187 Thread 0x0000017d82b90280 nmethod 2593 0x0000017defb97b10 code [0x0000017defb97cc0, 0x0000017defb97ea8]
Event: 26.187 Thread 0x0000017d82b90280 2592       3       java.util.List::of (64 bytes)
Event: 26.188 Thread 0x0000017d82b90280 nmethod 2592 0x0000017defb97f90 code [0x0000017defb98220, 0x0000017defb98ef8]
Event: 26.214 Thread 0x0000017d82b90280 2600       3       java.lang.invoke.DirectMethodHandle::afIndex (20 bytes)
Event: 26.215 Thread 0x0000017d82b90280 nmethod 2600 0x0000017defb99310 code [0x0000017defb994a0, 0x0000017defb995f8]
Event: 26.215 Thread 0x0000017d82b90280 2601       3       java.lang.invoke.MethodHandles$Lookup::getDirectFieldCommon (67 bytes)
Event: 26.215 Thread 0x0000017d82b90280 nmethod 2601 0x0000017defb99690 code [0x0000017defb998a0, 0x0000017defb99d28]
Event: 26.216 Thread 0x0000017d82b90280 2602       3       java.lang.invoke.MemberName::isVolatile (8 bytes)
Event: 26.216 Thread 0x0000017d82b90280 nmethod 2602 0x0000017defb99f10 code [0x0000017defb9a0c0, 0x0000017defb9a298]
Event: 26.216 Thread 0x0000017d82b90280 2603       3       java.lang.invoke.LambdaForm$NamedFunction::<init> (10 bytes)
Event: 26.216 Thread 0x0000017d82b90280 nmethod 2603 0x0000017defb9a390 code [0x0000017defb9a560, 0x0000017defb9a8c8]

GC Heap History (4 events):
Event: 3.897 GC heap before
{Heap before GC invocations=0 (full 0):
 garbage-first heap   total 262144K, used 26624K [0x00000000e0000000, 0x0000000100000000)
  region size 1024K, 23 young (23552K), 0 survivors (0K)
 Metaspace       used 3177K, committed 3328K, reserved 380928K
  class space    used 389K, committed 448K, reserved 315392K
}
Event: 4.160 GC heap after
{Heap after GC invocations=1 (full 0):
 garbage-first heap   total 262144K, used 10293K [0x00000000e0000000, 0x0000000100000000)
  region size 1024K, 3 young (3072K), 3 survivors (3072K)
 Metaspace       used 3177K, committed 3328K, reserved 380928K
  class space    used 389K, committed 448K, reserved 315392K
}
Event: 8.947 GC heap before
{Heap before GC invocations=1 (full 0):
 garbage-first heap   total 262144K, used 39989K [0x00000000e0000000, 0x0000000100000000)
  region size 1024K, 32 young (32768K), 3 survivors (3072K)
 Metaspace       used 4153K, committed 4352K, reserved 380928K
  class space    used 482K, committed 576K, reserved 315392K
}
Event: 8.953 GC heap after
{Heap after GC invocations=2 (full 0):
 garbage-first heap   total 262144K, used 14295K [0x00000000e0000000, 0x0000000100000000)
  region size 1024K, 4 young (4096K), 4 survivors (4096K)
 Metaspace       used 4153K, committed 4352K, reserved 380928K
  class space    used 482K, committed 576K, reserved 315392K
}

Dll operation events (15 events):
Event: 0.048 Loaded shared library C:\Program Files\Java\jdk-19\bin\java.dll
Event: 0.094 Loaded shared library C:\Program Files\Java\jdk-19\bin\jsvml.dll
Event: 0.233 Loaded shared library C:\Program Files\Java\jdk-19\bin\zip.dll
Event: 0.241 Loaded shared library C:\Program Files\Java\jdk-19\bin\instrument.dll
Event: 0.248 Loaded shared library C:\Program Files\Java\jdk-19\bin\net.dll
Event: 0.250 Loaded shared library C:\Program Files\Java\jdk-19\bin\nio.dll
Event: 0.257 Loaded shared library C:\Program Files\Java\jdk-19\bin\zip.dll
Event: 1.677 Loaded shared library C:\Program Files\Java\jdk-19\bin\jimage.dll
Event: 2.279 Loaded shared library C:\Program Files\Java\jdk-19\bin\verify.dll
Event: 3.389 Loaded shared library C:\Users\HP\.gradle\native\68d5fa5c4cc2d200863cafc0d521ce42e7d3e7ee720ec0a83991735586a16f82\windows-amd64\native-platform.dll
Event: 3.400 Loaded shared library C:\Users\HP\.gradle\native\e376f236ea51e6404a007f0833ffe2c6e607c4080706a723a18a27aeea778392\windows-amd64\native-platform-file-events.dll
Event: 14.058 Loaded shared library C:\Program Files\Java\jdk-19\bin\management.dll
Event: 14.329 Loaded shared library C:\Program Files\Java\jdk-19\bin\management_ext.dll
Event: 18.593 Loaded shared library C:\Program Files\Java\jdk-19\bin\extnet.dll
Event: 22.458 Loaded shared library C:\Program Files\Java\jdk-19\bin\sunmscapi.dll

Deoptimization events (20 events):
Event: 25.617 Thread 0x0000017d87a54020 DEOPT PACKING pc=0x0000017df71e6010 sp=0x0000001e6a6fc600
Event: 25.617 Thread 0x0000017d87a54020 DEOPT UNPACKING pc=0x0000017df6c06da3 sp=0x0000001e6a6fc5b8 mode 2
Event: 25.845 Thread 0x0000017d87a54020 Uncommon trap: trap_request=0xffffff45 fr.pc=0x0000017df71c765c relative=0x000000000000079c
Event: 25.845 Thread 0x0000017d87a54020 Uncommon trap: reason=unstable_if action=reinterpret pc=0x0000017df71c765c method=java.util.ArrayList.grow(I)[Ljava/lang/Object; @ 17 c2
Event: 25.845 Thread 0x0000017d87a54020 DEOPT PACKING pc=0x0000017df71c765c sp=0x0000001e6a6fd400
Event: 25.845 Thread 0x0000017d87a54020 DEOPT UNPACKING pc=0x0000017df6c06da3 sp=0x0000001e6a6fd298 mode 2
Event: 25.960 Thread 0x0000017d87a54020 Uncommon trap: trap_request=0xffffff45 fr.pc=0x0000017df7164ee8 relative=0x0000000000000bc8
Event: 25.960 Thread 0x0000017d87a54020 Uncommon trap: reason=unstable_if action=reinterpret pc=0x0000017df7164ee8 method=java.io.WinNTFileSystem.resolve(Ljava/lang/String;Ljava/lang/String;)Ljava/lang/String; @ 19 c2
Event: 25.960 Thread 0x0000017d87a54020 DEOPT PACKING pc=0x0000017df7164ee8 sp=0x0000001e6a6fd160
Event: 25.961 Thread 0x0000017d87a54020 DEOPT UNPACKING pc=0x0000017df6c06da3 sp=0x0000001e6a6fd0f8 mode 2
Event: 25.963 Thread 0x0000017d87a54020 Uncommon trap: trap_request=0xffffff45 fr.pc=0x0000017df71b0264 relative=0x00000000000005a4
Event: 25.963 Thread 0x0000017d87a54020 Uncommon trap: reason=unstable_if action=reinterpret pc=0x0000017df71b0264 method=java.io.File.getName()Ljava/lang/String; @ 16 c2
Event: 25.963 Thread 0x0000017d87a54020 DEOPT PACKING pc=0x0000017df71b0264 sp=0x0000001e6a6fd110
Event: 25.963 Thread 0x0000017d87a54020 DEOPT UNPACKING pc=0x0000017df6c06da3 sp=0x0000001e6a6fd0e0 mode 2
Event: 26.132 Thread 0x0000017d87a54020 Uncommon trap: trap_request=0xffffffcc fr.pc=0x0000017df724d058 relative=0x0000000000000338
Event: 26.132 Thread 0x0000017d87a54020 Uncommon trap: reason=intrinsic_or_type_checked_inlining action=make_not_entrant pc=0x0000017df724d058 method=java.util.Arrays.copyOf([Ljava/lang/Object;ILjava/lang/Class;)[Ljava/lang/Object; @ 35 c2
Event: 26.132 Thread 0x0000017d87a54020 DEOPT PACKING pc=0x0000017df724d058 sp=0x0000001e6a6fcb10
Event: 26.132 Thread 0x0000017d87a54020 DEOPT UNPACKING pc=0x0000017df6c06da3 sp=0x0000001e6a6fcab8 mode 2
Event: 26.175 Thread 0x0000017d87a54020 DEOPT PACKING pc=0x0000017defb1bee9 sp=0x0000001e6a6fc380
Event: 26.175 Thread 0x0000017d87a54020 DEOPT UNPACKING pc=0x0000017df6c07543 sp=0x0000001e6a6fb890 mode 0

Classes loaded (20 events):
Event: 26.131 Loading class java/lang/invoke/BoundMethodHandle$Species_LLLLLLLLLLLLL
Event: 26.131 Loading class java/lang/invoke/BoundMethodHandle$Species_LLLLLLLLLLLLL done
Event: 26.154 Loading class java/lang/invoke/BoundMethodHandle$Species_LLLLLLLLLLLLLL
Event: 26.154 Loading class java/lang/invoke/BoundMethodHandle$Species_LLLLLLLLLLLLLL done
Event: 26.159 Loading class java/lang/invoke/BoundMethodHandle$Species_LLLLLLLLLLLLLLL
Event: 26.159 Loading class java/lang/invoke/BoundMethodHandle$Species_LLLLLLLLLLLLLLL done
Event: 26.163 Loading class java/lang/invoke/BoundMethodHandle$Species_LLLLLLLLLLLLLLLL
Event: 26.163 Loading class java/lang/invoke/BoundMethodHandle$Species_LLLLLLLLLLLLLLLL done
Event: 26.167 Loading class java/lang/invoke/BoundMethodHandle$Species_LLLLLLLLLLLLLLLLL
Event: 26.167 Loading class java/lang/invoke/BoundMethodHandle$Species_LLLLLLLLLLLLLLLLL done
Event: 26.172 Loading class java/lang/invoke/BoundMethodHandle$Species_LLLLLLLLLLLLLLLLLL
Event: 26.172 Loading class java/lang/invoke/BoundMethodHandle$Species_LLLLLLLLLLLLLLLLLL done
Event: 26.177 Loading class java/lang/invoke/BoundMethodHandle$Species_LLLLLLLLLLLLLLLLLLL
Event: 26.177 Loading class java/lang/invoke/BoundMethodHandle$Species_LLLLLLLLLLLLLLLLLLL done
Event: 26.181 Loading class java/lang/invoke/BoundMethodHandle$Species_LLLLLLLLLLLLLLLLLLLL
Event: 26.181 Loading class java/lang/invoke/BoundMethodHandle$Species_LLLLLLLLLLLLLLLLLLLL done
Event: 26.184 Loading class java/lang/invoke/BoundMethodHandle$Species_LLLLLLLLLLLLLLLLLLLLL
Event: 26.184 Loading class java/lang/invoke/BoundMethodHandle$Species_LLLLLLLLLLLLLLLLLLLLL done
Event: 26.212 Loading class java/lang/invoke/BoundMethodHandle$Species_LLLLLLLLLLLLLLLLLLLLLL
Event: 26.212 Loading class java/lang/invoke/BoundMethodHandle$Species_LLLLLLLLLLLLLLLLLLLLLL done

Classes unloaded (0 events):
No events

Classes redefined (0 events):
No events

Internal exceptions (20 events):
Event: 25.611 Thread 0x0000017d87a54020 Exception <a 'java/lang/NoSuchMethodError'{0x00000000ecb2d9e0}: 'void java.lang.invoke.DirectMethodHandle$Holder.invokeInterface(java.lang.Object, java.lang.Object)'> (0x00000000ecb2d9e0) 
thrown [s\open\src\hotspot\share\interpreter\linkResolver.cpp, line 774]
Event: 25.611 Thread 0x0000017d87a54020 Exception <a 'java/lang/IncompatibleClassChangeError'{0x00000000ecb31228}: Found class java.lang.Object, but interface was expected> (0x00000000ecb31228) 
thrown [s\open\src\hotspot\share\interpreter\linkResolver.cpp, line 841]
Event: 25.637 Thread 0x0000017d87a54020 Exception <a 'java/lang/NoSuchMethodError'{0x00000000ecba3458}: 'void java.lang.invoke.DirectMethodHandle$Holder.invokeStaticInit(java.lang.Object)'> (0x00000000ecba3458) 
thrown [s\open\src\hotspot\share\interpreter\linkResolver.cpp, line 774]
Event: 25.672 Thread 0x0000017d87a54020 Exception <a 'java/lang/NoSuchMethodError'{0x00000000eca4e6c8}: 'java.lang.Object java.lang.invoke.DirectMethodHandle$Holder.newInvokeSpecial(java.lang.Object, java.lang.Object, java.lang.Object, int)'> (0x00000000eca4e6c8) 
thrown [s\open\src\hotspot\share\interpreter\linkResolver.cpp, line 774]
Event: 25.673 Thread 0x0000017d87a54020 Exception <a 'java/lang/NoSuchMethodError'{0x00000000eca53020}: 'java.lang.Object java.lang.invoke.DirectMethodHandle$Holder.invokeSpecial(java.lang.Object, java.lang.Object, java.lang.Object, java.lang.Object, int)'> (0x00000000eca53020) 
thrown [s\open\src\hotspot\share\interpreter\linkResolver.cpp, line 774]
Event: 25.673 Thread 0x0000017d87a54020 Exception <a 'java/lang/NoSuchMethodError'{0x00000000eca57158}: 'java.lang.Object java.lang.invoke.Invokers$Holder.linkToTargetMethod(java.lang.Object, java.lang.Object, int, java.lang.Object)'> (0x00000000eca57158) 
thrown [s\open\src\hotspot\share\interpreter\linkResolver.cpp, line 774]
Event: 25.857 Thread 0x0000017d87a54020 Exception <a 'java/lang/NoSuchMethodError'{0x00000000ec8eaa58}: 'java.lang.Object java.lang.invoke.DirectMethodHandle$Holder.invokeVirtual(java.lang.Object, java.lang.Object, java.lang.Object, java.lang.Object, java.lang.Object, java.lang.Object, java.lang.Object, java.lang.Object, java.lang.Object)'> (0x00000000ec8eaa58) 
thrown [s\open\src\hotspot\share\interpreter\linkResolver.cpp, line 774]
Event: 25.951 Thread 0x0000017d87a54020 Exception <a 'java/lang/NoSuchMethodError'{0x00000000ec611000}: 'java.lang.Object java.lang.invoke.DirectMethodHandle$Holder.invokeVirtual(java.lang.Object, java.lang.Object, java.lang.Object, java.lang.Object, java.lang.Object, java.lang.Object, java.lang.Object, java.lang.Object, java.lang.Object, java.lang.Object)'> (0x00000000ec611000) 
thrown [s\open\src\hotspot\share\interpreter\linkResolver.cpp, line 774]
Event: 26.119 Thread 0x0000017d87a54020 Exception <a 'java/lang/NoSuchMethodError'{0x00000000ec425920}: 'java.lang.Object java.lang.invoke.DelegatingMethodHandle$Holder.reinvoke_L(java.lang.Object, java.lang.Object, java.lang.Object, java.lang.Object, java.lang.Object, java.lang.Object, java.lang.Object, java.lang.Object, java.lang.Object, java.lang.Object, java.lang.Object, java.lang.Object, java.lang.Object, java.lang.Object, java.lang.Object, java.lang.Object, java.lang.Object, java.lang.Object, java.lang.Object, java.lang.Object, java.lang.O
Event: 26.129 Thread 0x0000017d87a54020 Exception <a 'java/lang/NoSuchMethodError'{0x00000000ec47f6b8}: 'java.lang.Object java.lang.invoke.DirectMethodHandle$Holder.invokeStatic(java.lang.Object, java.lang.Object, java.lang.Object, java.lang.Object, java.lang.Object, java.lang.Object, java.lang.Object, java.lang.Object, java.lang.Object, java.lang.Object, java.lang.Object, java.lang.Object, java.lang.Object, java.lang.Object, java.lang.Object)'> (0x00000000ec47f6b8) 
thrown [s\open\src\hotspot\share\interpreter\linkResolver.cpp, line 774]
Event: 26.134 Thread 0x0000017d87a54020 Exception <a 'java/lang/NoSuchMethodError'{0x00000000ec4a43d0}: 'java.lang.Object java.lang.invoke.DirectMethodHandle$Holder.invokeStatic(java.lang.Object, java.lang.Object, java.lang.Object, java.lang.Object, java.lang.Object, java.lang.Object, java.lang.Object, java.lang.Object, java.lang.Object, java.lang.Object, java.lang.Object, java.lang.Object, java.lang.Object, java.lang.Object, java.lang.Object, java.lang.Object)'> (0x00000000ec4a43d0) 
thrown [s\open\src\hotspot\share\interpreter\linkResolver.cpp
Event: 26.157 Thread 0x0000017d87a54020 Exception <a 'java/lang/NoSuchMethodError'{0x00000000ec4cbc90}: 'java.lang.Object java.lang.invoke.DirectMethodHandle$Holder.invokeStatic(java.lang.Object, java.lang.Object, java.lang.Object, java.lang.Object, java.lang.Object, java.lang.Object, java.lang.Object, java.lang.Object, java.lang.Object, java.lang.Object, java.lang.Object, java.lang.Object, java.lang.Object, java.lang.Object, java.lang.Object, java.lang.Object, java.lang.Object)'> (0x00000000ec4cbc90) 
thrown [s\open\src\hotspot\share\interprete
Event: 26.162 Thread 0x0000017d87a54020 Exception <a 'java/lang/NoSuchMethodError'{0x00000000ec4f47f8}: 'java.lang.Object java.lang.invoke.DirectMethodHandle$Holder.invokeStatic(java.lang.Object, java.lang.Object, java.lang.Object, java.lang.Object, java.lang.Object, java.lang.Object, java.lang.Object, java.lang.Object, java.lang.Object, java.lang.Object, java.lang.Object, java.lang.Object, java.lang.Object, java.lang.Object, java.lang.Object, java.lang.Object, java.lang.Object, java.lang.Object)'> (0x00000000ec4f47f8) 
thrown [s\open\src\hotspo
Event: 26.165 Thread 0x0000017d87a54020 Exception <a 'java/lang/NoSuchMethodError'{0x00000000ec31e8e8}: 'java.lang.Object java.lang.invoke.DirectMethodHandle$Holder.invokeStatic(java.lang.Object, java.lang.Object, java.lang.Object, java.lang.Object, java.lang.Object, java.lang.Object, java.lang.Object, java.lang.Object, java.lang.Object, java.lang.Object, java.lang.Object, java.lang.Object, java.lang.Object, java.lang.Object, java.lang.Object, java.lang.Object, java.lang.Object, java.lang.Object, java.lang.Object)'> (0x00000000ec31e8e8) 
thrown 
Event: 26.170 Thread 0x0000017d87a54020 Exception <a 'java/lang/NoSuchMethodError'{0x00000000ec349b70}: 'java.lang.Object java.lang.invoke.DirectMethodHandle$Holder.invokeStatic(java.lang.Object, java.lang.Object, java.lang.Object, java.lang.Object, java.lang.Object, java.lang.Object, java.lang.Object, java.lang.Object, java.lang.Object, java.lang.Object, java.lang.Object, java.lang.Object, java.lang.Object, java.lang.Object, java.lang.Object, java.lang.Object, java.lang.Object, java.lang.Object, java.lang.Object, java.lang.Object)'> (0x00000000
Event: 26.175 Thread 0x0000017d87a54020 Exception <a 'java/lang/NoSuchMethodError'{0x00000000ec37c020}: 'java.lang.Object java.lang.invoke.DirectMethodHandle$Holder.invokeStatic(java.lang.Object, java.lang.Object, java.lang.Object, java.lang.Object, java.lang.Object, java.lang.Object, java.lang.Object, java.lang.Object, java.lang.Object, java.lang.Object, java.lang.Object, java.lang.Object, java.lang.Object, java.lang.Object, java.lang.Object, java.lang.Object, java.lang.Object, java.lang.Object, java.lang.Object, java.lang.Object, java.lang.Obj
Event: 26.179 Thread 0x0000017d87a54020 Exception <a 'java/lang/NoSuchMethodError'{0x00000000ec3a90e8}: 'java.lang.Object java.lang.invoke.DirectMethodHandle$Holder.invokeStatic(java.lang.Object, java.lang.Object, java.lang.Object, java.lang.Object, java.lang.Object, java.lang.Object, java.lang.Object, java.lang.Object, java.lang.Object, java.lang.Object, java.lang.Object, java.lang.Object, java.lang.Object, java.lang.Object, java.lang.Object, java.lang.Object, java.lang.Object, java.lang.Object, java.lang.Object, java.lang.Object, java.lang.Obj
Event: 26.183 Thread 0x0000017d87a54020 Exception <a 'java/lang/NoSuchMethodError'{0x00000000ec3d6e20}: 'java.lang.Object java.lang.invoke.DirectMethodHandle$Holder.invokeStatic(java.lang.Object, java.lang.Object, java.lang.Object, java.lang.Object, java.lang.Object, java.lang.Object, java.lang.Object, java.lang.Object, java.lang.Object, java.lang.Object, java.lang.Object, java.lang.Object, java.lang.Object, java.lang.Object, java.lang.Object, java.lang.Object, java.lang.Object, java.lang.Object, java.lang.Object, java.lang.Object, java.lang.Obj
Event: 26.186 Thread 0x0000017d87a54020 Exception <a 'java/lang/NoSuchMethodError'{0x00000000ec205a88}: 'java.lang.Object java.lang.invoke.DirectMethodHandle$Holder.invokeStatic(java.lang.Object, java.lang.Object, java.lang.Object, java.lang.Object, java.lang.Object, java.lang.Object, java.lang.Object, java.lang.Object, java.lang.Object, java.lang.Object, java.lang.Object, java.lang.Object, java.lang.Object, java.lang.Object, java.lang.Object, java.lang.Object, java.lang.Object, java.lang.Object, java.lang.Object, java.lang.Object, java.lang.Obj
Event: 26.214 Thread 0x0000017d87a54020 Exception <a 'java/lang/NoSuchMethodError'{0x00000000ec235f30}: 'java.lang.Object java.lang.invoke.DirectMethodHandle$Holder.invokeStatic(java.lang.Object, java.lang.Object, java.lang.Object, java.lang.Object, java.lang.Object, java.lang.Object, java.lang.Object, java.lang.Object, java.lang.Object, java.lang.Object, java.lang.Object, java.lang.Object, java.lang.Object, java.lang.Object, java.lang.Object, java.lang.Object, java.lang.Object, java.lang.Object, java.lang.Object, java.lang.Object, java.lang.Obj

VM Operations (20 events):
Event: 21.599 Executing VM operation: HandshakeAllThreads
Event: 21.599 Executing VM operation: HandshakeAllThreads done
Event: 22.492 Executing VM operation: HandshakeAllThreads
Event: 22.492 Executing VM operation: HandshakeAllThreads done
Event: 22.492 Executing VM operation: Cleanup
Event: 22.492 Executing VM operation: Cleanup done
Event: 23.494 Executing VM operation: Cleanup
Event: 23.495 Executing VM operation: Cleanup done
Event: 24.502 Executing VM operation: Cleanup
Event: 24.502 Executing VM operation: Cleanup done
Event: 25.086 Executing VM operation: HandshakeAllThreads
Event: 25.086 Executing VM operation: HandshakeAllThreads done
Event: 25.666 Executing VM operation: HandshakeAllThreads
Event: 25.667 Executing VM operation: HandshakeAllThreads done
Event: 25.667 Executing VM operation: Cleanup
Event: 25.667 Executing VM operation: Cleanup done
Event: 25.979 Executing VM operation: HandshakeAllThreads
Event: 25.979 Executing VM operation: HandshakeAllThreads done
Event: 25.980 Executing VM operation: HandshakeAllThreads
Event: 25.980 Executing VM operation: HandshakeAllThreads done

Events (20 events):
Event: 0.127 Thread 0x0000017d82b90bf0 Thread added: 0x0000017d82b90bf0
Event: 0.176 Thread 0x0000017d86df9ab0 Thread added: 0x0000017d86df9ab0
Event: 0.397 Thread 0x0000017d86ee7450 Thread added: 0x0000017d86ee7450
Event: 3.314 Thread 0x0000017d876ab1a0 Thread added: 0x0000017d876ab1a0
Event: 3.877 Thread 0x0000017d876ab1a0 Thread exited: 0x0000017d876ab1a0
Event: 4.186 Thread 0x0000017d876c99a0 Thread added: 0x0000017d876c99a0
Event: 4.384 Thread 0x0000017d876c99a0 Thread exited: 0x0000017d876c99a0
Event: 15.164 Thread 0x0000017d883599f0 Thread added: 0x0000017d883599f0
Event: 21.353 Thread 0x0000017d87ca5020 Thread added: 0x0000017d87ca5020
Event: 22.445 Thread 0x0000017d8862f040 Thread added: 0x0000017d8862f040
Event: 22.980 Thread 0x0000017d883b0ff0 Thread added: 0x0000017d883b0ff0
Event: 22.998 Thread 0x0000017d881f3140 Thread added: 0x0000017d881f3140
Event: 23.435 Thread 0x0000017d8823a4f0 Thread added: 0x0000017d8823a4f0
Event: 24.296 Thread 0x0000017d87a54020 Thread added: 0x0000017d87a54020
Event: 24.319 Thread 0x0000017d8797e5c0 Thread added: 0x0000017d8797e5c0
Event: 24.326 Thread 0x0000017d8797c5e0 Thread added: 0x0000017d8797c5e0
Event: 24.333 Thread 0x0000017d8797f060 Thread added: 0x0000017d8797f060
Event: 25.667 Thread 0x0000017d8797f5b0 Thread added: 0x0000017d8797f5b0
Event: 25.694 Thread 0x0000017d8797c090 Thread added: 0x0000017d8797c090
Event: 26.076 Thread 0x0000017d8797db20 Thread added: 0x0000017d8797db20


Dynamic libraries:
0x00007ff73e470000 - 0x00007ff73e480000 	C:\Program Files\Java\jdk-19\bin\java.exe
0x00007ff876ad0000 - 0x00007ff876ce7000 	C:\WINDOWS\SYSTEM32\ntdll.dll
0x00007ff875a70000 - 0x00007ff875b34000 	C:\WINDOWS\System32\KERNEL32.DLL
0x00007ff8741a0000 - 0x00007ff874545000 	C:\WINDOWS\System32\KERNELBASE.dll
0x00007ff873ec0000 - 0x00007ff873fd1000 	C:\WINDOWS\System32\ucrtbase.dll
0x00007ff869b70000 - 0x00007ff869b8b000 	C:\Program Files\Java\jdk-19\bin\VCRUNTIME140.dll
0x00007ff868ec0000 - 0x00007ff868ed8000 	C:\Program Files\Java\jdk-19\bin\jli.dll
0x00007ff874980000 - 0x00007ff874a31000 	C:\WINDOWS\System32\ADVAPI32.dll
0x00007ff8762a0000 - 0x00007ff876347000 	C:\WINDOWS\System32\msvcrt.dll
0x00007ff8748d0000 - 0x00007ff874976000 	C:\WINDOWS\System32\sechost.dll
0x00007ff8763d0000 - 0x00007ff8764e7000 	C:\WINDOWS\System32\RPCRT4.dll
0x00007ff875f20000 - 0x00007ff8760ce000 	C:\WINDOWS\System32\USER32.dll
0x00007ff874550000 - 0x00007ff874576000 	C:\WINDOWS\System32\win32u.dll
0x00007ff8751e0000 - 0x00007ff875209000 	C:\WINDOWS\System32\GDI32.dll
0x00007ff873fe0000 - 0x00007ff8740f9000 	C:\WINDOWS\System32\gdi32full.dll
0x00007ff874100000 - 0x00007ff87419a000 	C:\WINDOWS\System32\msvcp_win.dll
0x00007ff856650000 - 0x00007ff8568e3000 	C:\WINDOWS\WinSxS\amd64_microsoft.windows.common-controls_6595b64144ccf1df_6.0.22621.2506_none_270c5ae97388e100\COMCTL32.dll
0x00007ff8605f0000 - 0x00007ff8605fa000 	C:\WINDOWS\SYSTEM32\VERSION.dll
0x00007ff8751a0000 - 0x00007ff8751d1000 	C:\WINDOWS\System32\IMM32.DLL
0x00007ff868eb0000 - 0x00007ff868ebc000 	C:\Program Files\Java\jdk-19\bin\vcruntime140_1.dll
0x00007ff8326b0000 - 0x00007ff83273e000 	C:\Program Files\Java\jdk-19\bin\msvcp140.dll
0x00007fffdbc30000 - 0x00007fffdc8f0000 	C:\Program Files\Java\jdk-19\bin\server\jvm.dll
0x00007ff84ebc0000 - 0x00007ff84ebc9000 	C:\WINDOWS\SYSTEM32\WSOCK32.dll
0x00007ff8760d0000 - 0x00007ff876141000 	C:\WINDOWS\System32\WS2_32.dll
0x00007ff869030000 - 0x00007ff869064000 	C:\WINDOWS\SYSTEM32\WINMM.dll
0x00007ff872e00000 - 0x00007ff872e18000 	C:\WINDOWS\SYSTEM32\kernel.appcore.dll
0x00007ff868ea0000 - 0x00007ff868eaa000 	C:\Program Files\Java\jdk-19\bin\jimage.dll
0x00007ff8716e0000 - 0x00007ff871913000 	C:\WINDOWS\SYSTEM32\DBGHELP.DLL
0x00007ff874df0000 - 0x00007ff875179000 	C:\WINDOWS\System32\combase.dll
0x00007ff874ca0000 - 0x00007ff874d77000 	C:\WINDOWS\System32\OLEAUT32.dll
0x00007ff84e1d0000 - 0x00007ff84e202000 	C:\WINDOWS\SYSTEM32\dbgcore.DLL
0x00007ff873e40000 - 0x00007ff873eba000 	C:\WINDOWS\System32\bcryptPrimitives.dll
0x00007ff8708e0000 - 0x00007ff8708ee000 	C:\Program Files\Java\jdk-19\bin\instrument.dll
0x00007ff868e70000 - 0x00007ff868e96000 	C:\Program Files\Java\jdk-19\bin\java.dll
0x00007fffdbb50000 - 0x00007fffdbc27000 	C:\Program Files\Java\jdk-19\bin\jsvml.dll
0x00007ff875210000 - 0x00007ff875a69000 	C:\WINDOWS\System32\SHELL32.dll
0x00007ff871d10000 - 0x00007ff872604000 	C:\WINDOWS\SYSTEM32\windows.storage.dll
0x00007ff871bd0000 - 0x00007ff871d0e000 	C:\WINDOWS\SYSTEM32\wintypes.dll
0x00007ff874ba0000 - 0x00007ff874c93000 	C:\WINDOWS\System32\SHCORE.dll
0x00007ff875ec0000 - 0x00007ff875f1e000 	C:\WINDOWS\System32\shlwapi.dll
0x00007ff873d70000 - 0x00007ff873d96000 	C:\WINDOWS\SYSTEM32\profapi.dll
0x00007ff859aa0000 - 0x00007ff859ab8000 	C:\Program Files\Java\jdk-19\bin\zip.dll
0x00007ff868e50000 - 0x00007ff868e63000 	C:\Program Files\Java\jdk-19\bin\net.dll
0x00007ff869f10000 - 0x00007ff86a047000 	C:\WINDOWS\SYSTEM32\WINHTTP.dll
0x00007ff873270000 - 0x00007ff8732d9000 	C:\WINDOWS\system32\mswsock.dll
0x00007ff868e30000 - 0x00007ff868e46000 	C:\Program Files\Java\jdk-19\bin\nio.dll
0x00007ff8393a0000 - 0x00007ff8393b0000 	C:\Program Files\Java\jdk-19\bin\verify.dll
0x00007ff86ebc0000 - 0x00007ff86ebe7000 	C:\Users\HP\.gradle\native\68d5fa5c4cc2d200863cafc0d521ce42e7d3e7ee720ec0a83991735586a16f82\windows-amd64\native-platform.dll
0x00007ff843100000 - 0x00007ff843244000 	C:\Users\HP\.gradle\native\e376f236ea51e6404a007f0833ffe2c6e607c4080706a723a18a27aeea778392\windows-amd64\native-platform-file-events.dll
0x00007ff86ebb0000 - 0x00007ff86ebba000 	C:\Program Files\Java\jdk-19\bin\management.dll
0x00007ff86eba0000 - 0x00007ff86ebab000 	C:\Program Files\Java\jdk-19\bin\management_ext.dll
0x00007ff874820000 - 0x00007ff874828000 	C:\WINDOWS\System32\PSAPI.DLL
0x00007ff8735c0000 - 0x00007ff8735db000 	C:\WINDOWS\SYSTEM32\CRYPTSP.dll
0x00007ff872d60000 - 0x00007ff872d95000 	C:\WINDOWS\system32\rsaenh.dll
0x00007ff873310000 - 0x00007ff87333c000 	C:\WINDOWS\SYSTEM32\USERENV.dll
0x00007ff873700000 - 0x00007ff873728000 	C:\WINDOWS\SYSTEM32\bcrypt.dll
0x00007ff8735a0000 - 0x00007ff8735ac000 	C:\WINDOWS\SYSTEM32\CRYPTBASE.dll
0x00007ff872870000 - 0x00007ff87289d000 	C:\WINDOWS\SYSTEM32\IPHLPAPI.DLL
0x00007ff8748c0000 - 0x00007ff8748c9000 	C:\WINDOWS\System32\NSI.dll
0x00007ff869db0000 - 0x00007ff869dc9000 	C:\WINDOWS\SYSTEM32\dhcpcsvc6.DLL
0x00007ff869c80000 - 0x00007ff869c9f000 	C:\WINDOWS\SYSTEM32\dhcpcsvc.DLL
0x00007ff8728e0000 - 0x00007ff8729d9000 	C:\WINDOWS\SYSTEM32\DNSAPI.dll
0x00007ff859a90000 - 0x00007ff859a98000 	C:\Program Files\Java\jdk-19\bin\extnet.dll
0x00007ff86eb90000 - 0x00007ff86eb9e000 	C:\Program Files\Java\jdk-19\bin\sunmscapi.dll
0x00007ff8746b0000 - 0x00007ff874816000 	C:\WINDOWS\System32\CRYPT32.dll
0x00007ff8736d0000 - 0x00007ff8736fd000 	C:\WINDOWS\SYSTEM32\ncrypt.dll
0x00007ff873690000 - 0x00007ff8736c7000 	C:\WINDOWS\SYSTEM32\NTASN1.dll
0x00007ff841970000 - 0x00007ff841978000 	C:\WINDOWS\system32\wshunix.dll

dbghelp: loaded successfully - version: 4.0.5 - missing functions: none
symbol engine: initialized successfully - sym options: 0x614 - pdb path: .;C:\Program Files\Java\jdk-19\bin;C:\WINDOWS\SYSTEM32;C:\WINDOWS\WinSxS\amd64_microsoft.windows.common-controls_6595b64144ccf1df_6.0.22621.2506_none_270c5ae97388e100;C:\Program Files\Java\jdk-19\bin\server;C:\Users\HP\.gradle\native\68d5fa5c4cc2d200863cafc0d521ce42e7d3e7ee720ec0a83991735586a16f82\windows-amd64;C:\Users\HP\.gradle\native\e376f236ea51e6404a007f0833ffe2c6e607c4080706a723a18a27aeea778392\windows-amd64

VM Arguments:
jvm_args: --add-opens=java.base/java.util=ALL-UNNAMED --add-opens=java.base/java.lang=ALL-UNNAMED --add-opens=java.base/java.lang.invoke=ALL-UNNAMED --add-opens=java.prefs/java.util.prefs=ALL-UNNAMED --add-opens=java.base/java.nio.charset=ALL-UNNAMED --add-opens=java.base/java.net=ALL-UNNAMED --add-opens=java.base/java.util.concurrent.atomic=ALL-UNNAMED -XX:MaxMetaspaceSize=384m -XX:+HeapDumpOnOutOfMemoryError -Xms256m -Xmx512m -Dfile.encoding=windows-1251 -Duser.country=US -Duser.language=en -Duser.variant -javaagent:C:\Users\HP\.gradle\wrapper\dists\gradle-8.3-bin\dxjbbhstwasg8cbags9q7cvli\gradle-8.3\lib\agents\gradle-instrumentation-agent-8.3.jar 
java_command: org.gradle.launcher.daemon.bootstrap.GradleDaemon 8.3
java_class_path (initial): C:\Users\HP\.gradle\wrapper\dists\gradle-8.3-bin\dxjbbhstwasg8cbags9q7cvli\gradle-8.3\lib\gradle-launcher-8.3.jar
Launcher Type: SUN_STANDARD

[Global flags]
     intx CICompilerCount                          = 4                                         {product} {ergonomic}
   size_t CompressedClassSpaceSize                 = 322961408                                 {product} {ergonomic}
     uint ConcGCThreads                            = 3                                         {product} {ergonomic}
     uint G1ConcRefinementThreads                  = 10                                        {product} {ergonomic}
   size_t G1HeapRegionSize                         = 1048576                                   {product} {ergonomic}
    uintx GCDrainStackTargetSize                   = 64                                        {product} {ergonomic}
     bool HeapDumpOnOutOfMemoryError               = true                                   {manageable} {command line}
   size_t InitialHeapSize                          = 268435456                                 {product} {command line}
   size_t MarkStackSize                            = 4194304                                   {product} {ergonomic}
   size_t MaxHeapSize                              = 536870912                                 {product} {command line}
   size_t MaxMetaspaceSize                         = 402653184                                 {product} {command line}
   size_t MaxNewSize                               = 321912832                                 {product} {ergonomic}
   size_t MinHeapDeltaBytes                        = 1048576                                   {product} {ergonomic}
   size_t MinHeapSize                              = 268435456                                 {product} {command line}
    uintx NonNMethodCodeHeapSize                   = 5839372                                {pd product} {ergonomic}
    uintx NonProfiledCodeHeapSize                  = 122909434                              {pd product} {ergonomic}
    uintx ProfiledCodeHeapSize                     = 122909434                              {pd product} {ergonomic}
    uintx ReservedCodeCacheSize                    = 251658240                              {pd product} {ergonomic}
     bool SegmentedCodeCache                       = true                                      {product} {ergonomic}
   size_t SoftMaxHeapSize                          = 536870912                              {manageable} {ergonomic}
     bool UseCompressedClassPointers               = true                           {product lp64_product} {ergonomic}
     bool UseCompressedOops                        = true                           {product lp64_product} {ergonomic}
     bool UseG1GC                                  = true                                      {product} {ergonomic}
     bool UseLargePagesIndividualAllocation        = false                                  {pd product} {ergonomic}

Logging:
Log output configuration:
 #0: stdout all=warning uptime,level,tags foldmultilines=false
 #1: stderr all=off uptime,level,tags foldmultilines=false

Environment Variables:
JAVA_HOME=C:\Program Files\Java\jdk-19
PATH=C:\Program Files\Common Files\Oracle\Java\javapath;C:\Program Files (x86)\Common Files\Oracle\Java\javapath;C:\WINDOWS\system32;C:\WINDOWS;C:\WINDOWS\System32\Wbem;C:\WINDOWS\System32\WindowsPowerShell\v1.0\;C:\WINDOWS\System32\OpenSSH\;C:\Program Files (x86)\Common Files\Acronis\SnapAPI\;C:\Program Files\Git\cmd;C:\Program Files\Docker\Docker\resources\bin;C:\Users\HP\AppData\Local\Microsoft\WindowsApps;C:\Program Files\Java\jdk-19\bin;%Intellij IDEA%;
USERNAME=HP
OS=Windows_NT
PROCESSOR_IDENTIFIER=Intel64 Family 6 Model 154 Stepping 4, GenuineIntel
TMP=C:\Users\HP\AppData\Local\Temp
TEMP=C:\Users\HP\AppData\Local\Temp



---------------  S Y S T E M  ---------------

OS:
 Windows 11 , 64 bit Build 22621 (10.0.22621.2506)
OS uptime: 0 days 2:06 hours
Hyper-V role detected

CPU: total 12 (initial active 12) (6 cores per cpu, 2 threads per core) family 6 model 154 stepping 4 microcode 0x42c, cx8, cmov, fxsr, ht, mmx, 3dnowpref, sse, sse2, sse3, ssse3, sse4.1, sse4.2, popcnt, lzcnt, tsc, tscinvbit, avx, avx2, aes, erms, clmul, bmi1, bmi2, adx, sha, fma, vzeroupper, clflush, clflushopt, clwb, hv, serialize, rdtscp, rdpid, fsrm

Memory: 4k page, system-wide physical 7863M (306M free)
TotalPageFile size 16799M (AvailPageFile size 0M)
current process WorkingSet (physical memory assigned to process): 154M, peak: 154M
current process commit charge ("private bytes"): 394M, peak: 394M

vm_info: Java HotSpot(TM) 64-Bit Server VM (19.0.1+10-21) for windows-amd64 JRE (19.0.1+10-21), built on 2022-09-14T12:45:06Z by "mach5one" with MS VC++ 17.1 (VS2022)

END.
