#
# There is insufficient memory for the Java Runtime Environment to continue.
# Native memory allocation (malloc) failed to allocate 32744 bytes for Chunk::new
# Possible reasons:
#   The system is out of physical RAM or swap space
#   The process is running with CompressedOops enabled, and the Java Heap may be blocking the growth of the native heap
# Possible solutions:
#   Reduce memory load on the system
#   Increase physical memory or swap space
#   Check if swap backing store is full
#   Decrease Java heap size (-Xmx/-Xms)
#   Decrease number of Java threads
#   Decrease Java thread stack sizes (-Xss)
#   Set larger code cache with -XX:ReservedCodeCacheSize=
#   JVM is running with Unscaled Compressed Oops mode in which the Java heap is
#     placed in the first 4GB address space. The Java Heap base address is the
#     maximum limit for the native heap growth. Please use -XX:HeapBaseMinAddress
#     to set the Java Heap base and to place the Java Heap above 4GB virtual address.
# This output file may be truncated or incomplete.
#
#  Out of Memory Error (arena.cpp:184), pid=10448, tid=3252
#
# JRE version: Java(TM) SE Runtime Environment (19.0.1+10) (build 19.0.1+10-21)
# Java VM: Java HotSpot(TM) 64-Bit Server VM (19.0.1+10-21, mixed mode, sharing, tiered, compressed oops, compressed class ptrs, g1 gc, windows-amd64)
# No core dump will be written. Minidumps are not enabled by default on client versions of Windows
#

---------------  S U M M A R Y ------------

Command Line: --add-opens=java.base/java.util=ALL-UNNAMED --add-opens=java.base/java.lang=ALL-UNNAMED --add-opens=java.base/java.lang.invoke=ALL-UNNAMED --add-opens=java.prefs/java.util.prefs=ALL-UNNAMED --add-opens=java.base/java.nio.charset=ALL-UNNAMED --add-opens=java.base/java.net=ALL-UNNAMED --add-opens=java.base/java.util.concurrent.atomic=ALL-UNNAMED -XX:MaxMetaspaceSize=384m -XX:+HeapDumpOnOutOfMemoryError -Xms256m -Xmx512m -Dfile.encoding=windows-1251 -Duser.country=US -Duser.language=en -Duser.variant -javaagent:C:\Users\HP\.gradle\wrapper\dists\gradle-8.3-bin\dxjbbhstwasg8cbags9q7cvli\gradle-8.3\lib\agents\gradle-instrumentation-agent-8.3.jar org.gradle.launcher.daemon.bootstrap.GradleDaemon 8.3

Host: 12th Gen Intel(R) Core(TM) i5-1235U, 12 cores, 7G,  Windows 11 , 64 bit Build 22621 (10.0.22621.2506)
Time: Sun Nov 19 17:46:58 2023 West Asia Standard Time elapsed time: 26.194075 seconds (0d 0h 0m 26s)

---------------  T H R E A D  ---------------

Current thread (0x000001df6f14e770):  JavaThread "C2 CompilerThread0" daemon [_thread_in_native, id=3252, stack(0x000000ceac200000,0x000000ceac300000)]


Current CompileTask:
C2:  26194 2635   !   4       java.lang.ClassLoader::loadClass (121 bytes)

Stack: [0x000000ceac200000,0x000000ceac300000]
Native frames: (J=compiled Java code, j=interpreted, Vv=VM code, C=native code)
V  [jvm.dll+0x6ee8fa]
V  [jvm.dll+0x857a1e]
V  [jvm.dll+0x85940e]
V  [jvm.dll+0x859ac3]
V  [jvm.dll+0x28291f]
V  [jvm.dll+0xc9b5f]
V  [jvm.dll+0xc9ee5]
V  [jvm.dll+0x719e19]
V  [jvm.dll+0x1ee3e7]
V  [jvm.dll+0x24c41b]
V  [jvm.dll+0x24b671]
V  [jvm.dll+0x1d6d61]
V  [jvm.dll+0x25b0fa]
V  [jvm.dll+0x259588]
V  [jvm.dll+0x807928]
V  [jvm.dll+0x8015fa]
V  [jvm.dll+0x6ed5eb]
C  [ucrtbase.dll+0x29363]
C  [KERNEL32.DLL+0x1257d]
C  [ntdll.dll+0x5aa58]


---------------  P R O C E S S  ---------------

Threads class SMR info:
_java_thread_list=0x000001df75421fb0, length=26, elements={
0x000001df53d0b930, 0x000001df6f147a90, 0x000001df6f148a20, 0x000001df6f1499b0,
0x000001df6f14a7a0, 0x000001df6f14d1e0, 0x000001df6f14db10, 0x000001df6f14e770,
0x000001df6f1515d0, 0x000001df6f152f50, 0x000001df6f116330, 0x000001df73600010,
0x000001df74379740, 0x000001df744360c0, 0x000001df74267560, 0x000001df74927970,
0x000001df736c1fb0, 0x000001df740578d0, 0x000001df7345e030, 0x000001df74253170,
0x000001df742536c0, 0x000001df74254160, 0x000001df742546b0, 0x000001df74255150,
0x000001df74253c10, 0x000001df742556a0
}

Java Threads: ( => current thread )
  0x000001df53d0b930 JavaThread "main" [_thread_blocked, id=6000, stack(0x000000ceab500000,0x000000ceab600000)]
  0x000001df6f147a90 JavaThread "Reference Handler" daemon [_thread_blocked, id=15176, stack(0x000000ceabc00000,0x000000ceabd00000)]
  0x000001df6f148a20 JavaThread "Finalizer" daemon [_thread_blocked, id=5672, stack(0x000000ceabd00000,0x000000ceabe00000)]
  0x000001df6f1499b0 JavaThread "Signal Dispatcher" daemon [_thread_blocked, id=8108, stack(0x000000ceabe00000,0x000000ceabf00000)]
  0x000001df6f14a7a0 JavaThread "Attach Listener" daemon [_thread_blocked, id=17316, stack(0x000000ceabf00000,0x000000ceac000000)]
  0x000001df6f14d1e0 JavaThread "Service Thread" daemon [_thread_blocked, id=17748, stack(0x000000ceac000000,0x000000ceac100000)]
  0x000001df6f14db10 JavaThread "Monitor Deflation Thread" daemon [_thread_blocked, id=11224, stack(0x000000ceac100000,0x000000ceac200000)]
=>0x000001df6f14e770 JavaThread "C2 CompilerThread0" daemon [_thread_in_native, id=3252, stack(0x000000ceac200000,0x000000ceac300000)]
  0x000001df6f1515d0 JavaThread "C1 CompilerThread0" daemon [_thread_blocked, id=18316, stack(0x000000ceac300000,0x000000ceac400000)]
  0x000001df6f152f50 JavaThread "Sweeper thread" daemon [_thread_blocked, id=16704, stack(0x000000ceac400000,0x000000ceac500000)]
  0x000001df6f116330 JavaThread "Common-Cleaner" daemon [_thread_blocked, id=16656, stack(0x000000ceac500000,0x000000ceac600000)]
  0x000001df73600010 JavaThread "Notification Thread" daemon [_thread_blocked, id=9248, stack(0x000000ceac600000,0x000000ceac700000)]
  0x000001df74379740 JavaThread "Daemon health stats" [_thread_blocked, id=9728, stack(0x000000ceacd00000,0x000000ceace00000)]
  0x000001df744360c0 JavaThread "Incoming local TCP Connector on port 63512" [_thread_in_native, id=17832, stack(0x000000ceace00000,0x000000ceacf00000)]
  0x000001df74267560 JavaThread "Daemon periodic checks" [_thread_blocked, id=10868, stack(0x000000ceacf00000,0x000000cead000000)]
  0x000001df74927970 JavaThread "Daemon" [_thread_blocked, id=17236, stack(0x000000cead000000,0x000000cead100000)]
  0x000001df736c1fb0 JavaThread "Handler for socket connection from /127.0.0.1:63512 to /127.0.0.1:63513" [_thread_in_native, id=18364, stack(0x000000cead100000,0x000000cead200000)]
  0x000001df740578d0 JavaThread "Cancel handler" [_thread_blocked, id=17132, stack(0x000000cead200000,0x000000cead300000)]
  0x000001df7345e030 JavaThread "Daemon worker" [_thread_in_vm, id=3000, stack(0x000000cead300000,0x000000cead400000)]
  0x000001df74253170 JavaThread "Asynchronous log dispatcher for DefaultDaemonConnection: socket connection from /127.0.0.1:63512 to /127.0.0.1:63513" [_thread_blocked, id=18060, stack(0x000000cead400000,0x000000cead500000)]
  0x000001df742536c0 JavaThread "Stdin handler" [_thread_blocked, id=17656, stack(0x000000cead500000,0x000000cead600000)]
  0x000001df74254160 JavaThread "Daemon client event forwarder" [_thread_blocked, id=9072, stack(0x000000cead600000,0x000000cead700000)]
  0x000001df742546b0 JavaThread "Cache worker for journal cache (C:\Users\HP\.gradle\caches\journal-1)" [_thread_blocked, id=1172, stack(0x000000cead700000,0x000000cead800000)]
  0x000001df74255150 JavaThread "File lock request listener" [_thread_in_native, id=13804, stack(0x000000cead800000,0x000000cead900000)]
  0x000001df74253c10 JavaThread "File lock release action executor" [_thread_blocked, id=15540, stack(0x000000cead900000,0x000000ceada00000)]
  0x000001df742556a0 JavaThread "Cache worker for file hash cache (C:\Users\HP\.gradle\caches\8.3\fileHashes)" [_thread_blocked, id=13436, stack(0x000000ceada00000,0x000000ceadb00000)]

Other Threads:
  0x000001df6f12a1a0 VMThread "VM Thread" [stack: 0x000000ceabb00000,0x000000ceabc00000] [id=14420]
  0x000001df73602d70 WatcherThread "VM Periodic Task Thread" [stack: 0x000000ceac700000,0x000000ceac800000] [id=16496]
  0x000001df53d3d950 WorkerThread "GC Thread#0" [stack: 0x000000ceab600000,0x000000ceab700000] [id=11624]
  0x000001df73e01f90 WorkerThread "GC Thread#1" [stack: 0x000000ceac800000,0x000000ceac900000] [id=4676]
  0x000001df73e01cc0 WorkerThread "GC Thread#2" [stack: 0x000000ceac900000,0x000000ceaca00000] [id=10312]
  0x000001df73e02530 WorkerThread "GC Thread#3" [stack: 0x000000ceaca00000,0x000000ceacb00000] [id=7924]
  0x000001df73e02260 WorkerThread "GC Thread#4" [stack: 0x000000ceacb00000,0x000000ceacc00000] [id=15576]
  0x000001df73e02da0 WorkerThread "GC Thread#5" [stack: 0x000000ceacc00000,0x000000ceacd00000] [id=5716]
  0x000001df53d428b0 ConcurrentGCThread "G1 Main Marker" [stack: 0x000000ceab700000,0x000000ceab800000] [id=8532]
  0x000001df53d442f0 WorkerThread "G1 Conc#0" [stack: 0x000000ceab800000,0x000000ceab900000] [id=17572]
  0x000001df6efee1b0 ConcurrentGCThread "G1 Refine#0" [stack: 0x000000ceab900000,0x000000ceaba00000] [id=16452]
  0x000001df6efeecf0 ConcurrentGCThread "G1 Service" [stack: 0x000000ceaba00000,0x000000ceabb00000] [id=3160]

Threads with active compile tasks:
C2 CompilerThread0    26250 2635   !   4       java.lang.ClassLoader::loadClass (121 bytes)

VM state: not at safepoint (normal execution)

VM Mutex/Monitor currently owned by a thread: None

Heap address: 0x00000000e0000000, size: 512 MB, Compressed Oops mode: 32-bit

CDS archive(s) mapped at: [0x0000000800000000-0x0000000800c40000-0x0000000800c40000), size 12845056, SharedBaseAddress: 0x0000000800000000, ArchiveRelocationMode: 0.
Compressed class space mapped at: 0x0000000801000000-0x0000000814400000, reserved size: 322961408
Narrow klass base: 0x0000000800000000, Narrow klass shift: 0, Narrow klass range: 0x100000000

GC Precious Log:
 CardTable entry size: 512
 Card Set container configuration: InlinePtr #cards 5 size 8 Array Of Cards #cards 12 size 40 Howl #buckets 4 coarsen threshold 1843 Howl Bitmap #cards 512 size 80 coarsen threshold 460 Card regions per heap region 1 cards per card region 2048
 CPUs: 12 total, 12 available
 Memory: 7863M
 Large Page Support: Disabled
 NUMA Support: Disabled
 Compressed Oops: Enabled (32-bit)
 Heap Region Size: 1M
 Heap Min Capacity: 256M
 Heap Initial Capacity: 256M
 Heap Max Capacity: 512M
 Pre-touch: Disabled
 Parallel Workers: 10
 Concurrent Workers: 3
 Concurrent Refinement Workers: 10
 Periodic GC: Disabled

Heap:
 garbage-first heap   total 262144K, used 96027K [0x00000000e0000000, 0x0000000100000000)
  region size 1024K, 85 young (87040K), 4 survivors (4096K)
 Metaspace       used 18449K, committed 19008K, reserved 380928K
  class space    used 2588K, committed 2880K, reserved 315392K

Heap Regions: E=young(eden), S=young(survivor), O=old, HS=humongous(starts), HC=humongous(continues), CS=collection set, F=free, OA=open archive, CA=closed archive, TAMS=top-at-mark-start (previous, next)
|   0|0x00000000e0000000, 0x00000000e0100000, 0x00000000e0100000|100%|HS|  |TAMS 0x00000000e0000000, 0x00000000e0000000| Complete 
|   1|0x00000000e0100000, 0x00000000e0200000, 0x00000000e0200000|100%|HC|  |TAMS 0x00000000e0100000, 0x00000000e0100000| Complete 
|   2|0x00000000e0200000, 0x00000000e0300000, 0x00000000e0300000|100%|HC|  |TAMS 0x00000000e0200000, 0x00000000e0200000| Complete 
|   3|0x00000000e0300000, 0x00000000e0400000, 0x00000000e0400000|100%|HC|  |TAMS 0x00000000e0300000, 0x00000000e0300000| Complete 
|   4|0x00000000e0400000, 0x00000000e0500000, 0x00000000e0500000|100%| O|  |TAMS 0x00000000e0400000, 0x00000000e0400000| Untracked 
|   5|0x00000000e0500000, 0x00000000e0600000, 0x00000000e0600000|100%| O|  |TAMS 0x00000000e0500000, 0x00000000e0500000| Untracked 
|   6|0x00000000e0600000, 0x00000000e0700000, 0x00000000e0700000|100%| O|  |TAMS 0x00000000e0600000, 0x00000000e0600000| Untracked 
|   7|0x00000000e0700000, 0x00000000e0700000, 0x00000000e0800000|  0%| F|  |TAMS 0x00000000e0700000, 0x00000000e0700000| Untracked 
|   8|0x00000000e0800000, 0x00000000e0900000, 0x00000000e0900000|100%| O|  |TAMS 0x00000000e0800000, 0x00000000e0800000| Untracked 
|   9|0x00000000e0900000, 0x00000000e0a00000, 0x00000000e0a00000|100%| O|  |TAMS 0x00000000e0900000, 0x00000000e0900000| Untracked 
|  10|0x00000000e0a00000, 0x00000000e0b00000, 0x00000000e0b00000|100%| O|  |TAMS 0x00000000e0a00000, 0x00000000e0a00000| Untracked 
|  11|0x00000000e0b00000, 0x00000000e0b25e00, 0x00000000e0c00000| 14%| O|  |TAMS 0x00000000e0b00000, 0x00000000e0b00000| Untracked 
|  12|0x00000000e0c00000, 0x00000000e0c00000, 0x00000000e0d00000|  0%| F|  |TAMS 0x00000000e0c00000, 0x00000000e0c00000| Untracked 
|  13|0x00000000e0d00000, 0x00000000e0d00000, 0x00000000e0e00000|  0%| F|  |TAMS 0x00000000e0d00000, 0x00000000e0d00000| Untracked 
|  14|0x00000000e0e00000, 0x00000000e0e00000, 0x00000000e0f00000|  0%| F|  |TAMS 0x00000000e0e00000, 0x00000000e0e00000| Untracked 
|  15|0x00000000e0f00000, 0x00000000e0f00000, 0x00000000e1000000|  0%| F|  |TAMS 0x00000000e0f00000, 0x00000000e0f00000| Untracked 
|  16|0x00000000e1000000, 0x00000000e1000000, 0x00000000e1100000|  0%| F|  |TAMS 0x00000000e1000000, 0x00000000e1000000| Untracked 
|  17|0x00000000e1100000, 0x00000000e1100000, 0x00000000e1200000|  0%| F|  |TAMS 0x00000000e1100000, 0x00000000e1100000| Untracked 
|  18|0x00000000e1200000, 0x00000000e1200000, 0x00000000e1300000|  0%| F|  |TAMS 0x00000000e1200000, 0x00000000e1200000| Untracked 
|  19|0x00000000e1300000, 0x00000000e1300000, 0x00000000e1400000|  0%| F|  |TAMS 0x00000000e1300000, 0x00000000e1300000| Untracked 
|  20|0x00000000e1400000, 0x00000000e1400000, 0x00000000e1500000|  0%| F|  |TAMS 0x00000000e1400000, 0x00000000e1400000| Untracked 
|  21|0x00000000e1500000, 0x00000000e1500000, 0x00000000e1600000|  0%| F|  |TAMS 0x00000000e1500000, 0x00000000e1500000| Untracked 
|  22|0x00000000e1600000, 0x00000000e1600000, 0x00000000e1700000|  0%| F|  |TAMS 0x00000000e1600000, 0x00000000e1600000| Untracked 
|  23|0x00000000e1700000, 0x00000000e1700000, 0x00000000e1800000|  0%| F|  |TAMS 0x00000000e1700000, 0x00000000e1700000| Untracked 
|  24|0x00000000e1800000, 0x00000000e1800000, 0x00000000e1900000|  0%| F|  |TAMS 0x00000000e1800000, 0x00000000e1800000| Untracked 
|  25|0x00000000e1900000, 0x00000000e1900000, 0x00000000e1a00000|  0%| F|  |TAMS 0x00000000e1900000, 0x00000000e1900000| Untracked 
|  26|0x00000000e1a00000, 0x00000000e1a00000, 0x00000000e1b00000|  0%| F|  |TAMS 0x00000000e1a00000, 0x00000000e1a00000| Untracked 
|  27|0x00000000e1b00000, 0x00000000e1b00000, 0x00000000e1c00000|  0%| F|  |TAMS 0x00000000e1b00000, 0x00000000e1b00000| Untracked 
|  28|0x00000000e1c00000, 0x00000000e1c00000, 0x00000000e1d00000|  0%| F|  |TAMS 0x00000000e1c00000, 0x00000000e1c00000| Untracked 
|  29|0x00000000e1d00000, 0x00000000e1d00000, 0x00000000e1e00000|  0%| F|  |TAMS 0x00000000e1d00000, 0x00000000e1d00000| Untracked 
|  30|0x00000000e1e00000, 0x00000000e1e00000, 0x00000000e1f00000|  0%| F|  |TAMS 0x00000000e1e00000, 0x00000000e1e00000| Untracked 
|  31|0x00000000e1f00000, 0x00000000e1f00000, 0x00000000e2000000|  0%| F|  |TAMS 0x00000000e1f00000, 0x00000000e1f00000| Untracked 
|  32|0x00000000e2000000, 0x00000000e2000000, 0x00000000e2100000|  0%| F|  |TAMS 0x00000000e2000000, 0x00000000e2000000| Untracked 
|  33|0x00000000e2100000, 0x00000000e2100000, 0x00000000e2200000|  0%| F|  |TAMS 0x00000000e2100000, 0x00000000e2100000| Untracked 
|  34|0x00000000e2200000, 0x00000000e2200000, 0x00000000e2300000|  0%| F|  |TAMS 0x00000000e2200000, 0x00000000e2200000| Untracked 
|  35|0x00000000e2300000, 0x00000000e2300000, 0x00000000e2400000|  0%| F|  |TAMS 0x00000000e2300000, 0x00000000e2300000| Untracked 
|  36|0x00000000e2400000, 0x00000000e2400000, 0x00000000e2500000|  0%| F|  |TAMS 0x00000000e2400000, 0x00000000e2400000| Untracked 
|  37|0x00000000e2500000, 0x00000000e2500000, 0x00000000e2600000|  0%| F|  |TAMS 0x00000000e2500000, 0x00000000e2500000| Untracked 
|  38|0x00000000e2600000, 0x00000000e2600000, 0x00000000e2700000|  0%| F|  |TAMS 0x00000000e2600000, 0x00000000e2600000| Untracked 
|  39|0x00000000e2700000, 0x00000000e2700000, 0x00000000e2800000|  0%| F|  |TAMS 0x00000000e2700000, 0x00000000e2700000| Untracked 
|  40|0x00000000e2800000, 0x00000000e2800000, 0x00000000e2900000|  0%| F|  |TAMS 0x00000000e2800000, 0x00000000e2800000| Untracked 
|  41|0x00000000e2900000, 0x00000000e2900000, 0x00000000e2a00000|  0%| F|  |TAMS 0x00000000e2900000, 0x00000000e2900000| Untracked 
|  42|0x00000000e2a00000, 0x00000000e2a00000, 0x00000000e2b00000|  0%| F|  |TAMS 0x00000000e2a00000, 0x00000000e2a00000| Untracked 
|  43|0x00000000e2b00000, 0x00000000e2b00000, 0x00000000e2c00000|  0%| F|  |TAMS 0x00000000e2b00000, 0x00000000e2b00000| Untracked 
|  44|0x00000000e2c00000, 0x00000000e2c00000, 0x00000000e2d00000|  0%| F|  |TAMS 0x00000000e2c00000, 0x00000000e2c00000| Untracked 
|  45|0x00000000e2d00000, 0x00000000e2d00000, 0x00000000e2e00000|  0%| F|  |TAMS 0x00000000e2d00000, 0x00000000e2d00000| Untracked 
|  46|0x00000000e2e00000, 0x00000000e2e00000, 0x00000000e2f00000|  0%| F|  |TAMS 0x00000000e2e00000, 0x00000000e2e00000| Untracked 
|  47|0x00000000e2f00000, 0x00000000e2f00000, 0x00000000e3000000|  0%| F|  |TAMS 0x00000000e2f00000, 0x00000000e2f00000| Untracked 
|  48|0x00000000e3000000, 0x00000000e3000000, 0x00000000e3100000|  0%| F|  |TAMS 0x00000000e3000000, 0x00000000e3000000| Untracked 
|  49|0x00000000e3100000, 0x00000000e3100000, 0x00000000e3200000|  0%| F|  |TAMS 0x00000000e3100000, 0x00000000e3100000| Untracked 
|  50|0x00000000e3200000, 0x00000000e3200000, 0x00000000e3300000|  0%| F|  |TAMS 0x00000000e3200000, 0x00000000e3200000| Untracked 
|  51|0x00000000e3300000, 0x00000000e3300000, 0x00000000e3400000|  0%| F|  |TAMS 0x00000000e3300000, 0x00000000e3300000| Untracked 
|  52|0x00000000e3400000, 0x00000000e3400000, 0x00000000e3500000|  0%| F|  |TAMS 0x00000000e3400000, 0x00000000e3400000| Untracked 
|  53|0x00000000e3500000, 0x00000000e3500000, 0x00000000e3600000|  0%| F|  |TAMS 0x00000000e3500000, 0x00000000e3500000| Untracked 
|  54|0x00000000e3600000, 0x00000000e3600000, 0x00000000e3700000|  0%| F|  |TAMS 0x00000000e3600000, 0x00000000e3600000| Untracked 
|  55|0x00000000e3700000, 0x00000000e3700000, 0x00000000e3800000|  0%| F|  |TAMS 0x00000000e3700000, 0x00000000e3700000| Untracked 
|  56|0x00000000e3800000, 0x00000000e3800000, 0x00000000e3900000|  0%| F|  |TAMS 0x00000000e3800000, 0x00000000e3800000| Untracked 
|  57|0x00000000e3900000, 0x00000000e3900000, 0x00000000e3a00000|  0%| F|  |TAMS 0x00000000e3900000, 0x00000000e3900000| Untracked 
|  58|0x00000000e3a00000, 0x00000000e3a00000, 0x00000000e3b00000|  0%| F|  |TAMS 0x00000000e3a00000, 0x00000000e3a00000| Untracked 
|  59|0x00000000e3b00000, 0x00000000e3b00000, 0x00000000e3c00000|  0%| F|  |TAMS 0x00000000e3b00000, 0x00000000e3b00000| Untracked 
|  60|0x00000000e3c00000, 0x00000000e3c00000, 0x00000000e3d00000|  0%| F|  |TAMS 0x00000000e3c00000, 0x00000000e3c00000| Untracked 
|  61|0x00000000e3d00000, 0x00000000e3d00000, 0x00000000e3e00000|  0%| F|  |TAMS 0x00000000e3d00000, 0x00000000e3d00000| Untracked 
|  62|0x00000000e3e00000, 0x00000000e3e00000, 0x00000000e3f00000|  0%| F|  |TAMS 0x00000000e3e00000, 0x00000000e3e00000| Untracked 
|  63|0x00000000e3f00000, 0x00000000e3f00000, 0x00000000e4000000|  0%| F|  |TAMS 0x00000000e3f00000, 0x00000000e3f00000| Untracked 
|  64|0x00000000e4000000, 0x00000000e4000000, 0x00000000e4100000|  0%| F|  |TAMS 0x00000000e4000000, 0x00000000e4000000| Untracked 
|  65|0x00000000e4100000, 0x00000000e4100000, 0x00000000e4200000|  0%| F|  |TAMS 0x00000000e4100000, 0x00000000e4100000| Untracked 
|  66|0x00000000e4200000, 0x00000000e4200000, 0x00000000e4300000|  0%| F|  |TAMS 0x00000000e4200000, 0x00000000e4200000| Untracked 
|  67|0x00000000e4300000, 0x00000000e4300000, 0x00000000e4400000|  0%| F|  |TAMS 0x00000000e4300000, 0x00000000e4300000| Untracked 
|  68|0x00000000e4400000, 0x00000000e4400000, 0x00000000e4500000|  0%| F|  |TAMS 0x00000000e4400000, 0x00000000e4400000| Untracked 
|  69|0x00000000e4500000, 0x00000000e4500000, 0x00000000e4600000|  0%| F|  |TAMS 0x00000000e4500000, 0x00000000e4500000| Untracked 
|  70|0x00000000e4600000, 0x00000000e4600000, 0x00000000e4700000|  0%| F|  |TAMS 0x00000000e4600000, 0x00000000e4600000| Untracked 
|  71|0x00000000e4700000, 0x00000000e4700000, 0x00000000e4800000|  0%| F|  |TAMS 0x00000000e4700000, 0x00000000e4700000| Untracked 
|  72|0x00000000e4800000, 0x00000000e4800000, 0x00000000e4900000|  0%| F|  |TAMS 0x00000000e4800000, 0x00000000e4800000| Untracked 
|  73|0x00000000e4900000, 0x00000000e4900000, 0x00000000e4a00000|  0%| F|  |TAMS 0x00000000e4900000, 0x00000000e4900000| Untracked 
|  74|0x00000000e4a00000, 0x00000000e4a00000, 0x00000000e4b00000|  0%| F|  |TAMS 0x00000000e4a00000, 0x00000000e4a00000| Untracked 
|  75|0x00000000e4b00000, 0x00000000e4b00000, 0x00000000e4c00000|  0%| F|  |TAMS 0x00000000e4b00000, 0x00000000e4b00000| Untracked 
|  76|0x00000000e4c00000, 0x00000000e4c00000, 0x00000000e4d00000|  0%| F|  |TAMS 0x00000000e4c00000, 0x00000000e4c00000| Untracked 
|  77|0x00000000e4d00000, 0x00000000e4d00000, 0x00000000e4e00000|  0%| F|  |TAMS 0x00000000e4d00000, 0x00000000e4d00000| Untracked 
|  78|0x00000000e4e00000, 0x00000000e4e00000, 0x00000000e4f00000|  0%| F|  |TAMS 0x00000000e4e00000, 0x00000000e4e00000| Untracked 
|  79|0x00000000e4f00000, 0x00000000e4f00000, 0x00000000e5000000|  0%| F|  |TAMS 0x00000000e4f00000, 0x00000000e4f00000| Untracked 
|  80|0x00000000e5000000, 0x00000000e5000000, 0x00000000e5100000|  0%| F|  |TAMS 0x00000000e5000000, 0x00000000e5000000| Untracked 
|  81|0x00000000e5100000, 0x00000000e5100000, 0x00000000e5200000|  0%| F|  |TAMS 0x00000000e5100000, 0x00000000e5100000| Untracked 
|  82|0x00000000e5200000, 0x00000000e5200000, 0x00000000e5300000|  0%| F|  |TAMS 0x00000000e5200000, 0x00000000e5200000| Untracked 
|  83|0x00000000e5300000, 0x00000000e5300000, 0x00000000e5400000|  0%| F|  |TAMS 0x00000000e5300000, 0x00000000e5300000| Untracked 
|  84|0x00000000e5400000, 0x00000000e5400000, 0x00000000e5500000|  0%| F|  |TAMS 0x00000000e5400000, 0x00000000e5400000| Untracked 
|  85|0x00000000e5500000, 0x00000000e5500000, 0x00000000e5600000|  0%| F|  |TAMS 0x00000000e5500000, 0x00000000e5500000| Untracked 
|  86|0x00000000e5600000, 0x00000000e5600000, 0x00000000e5700000|  0%| F|  |TAMS 0x00000000e5600000, 0x00000000e5600000| Untracked 
|  87|0x00000000e5700000, 0x00000000e5700000, 0x00000000e5800000|  0%| F|  |TAMS 0x00000000e5700000, 0x00000000e5700000| Untracked 
|  88|0x00000000e5800000, 0x00000000e5800000, 0x00000000e5900000|  0%| F|  |TAMS 0x00000000e5800000, 0x00000000e5800000| Untracked 
|  89|0x00000000e5900000, 0x00000000e5900000, 0x00000000e5a00000|  0%| F|  |TAMS 0x00000000e5900000, 0x00000000e5900000| Untracked 
|  90|0x00000000e5a00000, 0x00000000e5a00000, 0x00000000e5b00000|  0%| F|  |TAMS 0x00000000e5a00000, 0x00000000e5a00000| Untracked 
|  91|0x00000000e5b00000, 0x00000000e5b00000, 0x00000000e5c00000|  0%| F|  |TAMS 0x00000000e5b00000, 0x00000000e5b00000| Untracked 
|  92|0x00000000e5c00000, 0x00000000e5c00000, 0x00000000e5d00000|  0%| F|  |TAMS 0x00000000e5c00000, 0x00000000e5c00000| Untracked 
|  93|0x00000000e5d00000, 0x00000000e5d00000, 0x00000000e5e00000|  0%| F|  |TAMS 0x00000000e5d00000, 0x00000000e5d00000| Untracked 
|  94|0x00000000e5e00000, 0x00000000e5e00000, 0x00000000e5f00000|  0%| F|  |TAMS 0x00000000e5e00000, 0x00000000e5e00000| Untracked 
|  95|0x00000000e5f00000, 0x00000000e5f00000, 0x00000000e6000000|  0%| F|  |TAMS 0x00000000e5f00000, 0x00000000e5f00000| Untracked 
|  96|0x00000000e6000000, 0x00000000e6000000, 0x00000000e6100000|  0%| F|  |TAMS 0x00000000e6000000, 0x00000000e6000000| Untracked 
|  97|0x00000000e6100000, 0x00000000e6100000, 0x00000000e6200000|  0%| F|  |TAMS 0x00000000e6100000, 0x00000000e6100000| Untracked 
|  98|0x00000000e6200000, 0x00000000e6200000, 0x00000000e6300000|  0%| F|  |TAMS 0x00000000e6200000, 0x00000000e6200000| Untracked 
|  99|0x00000000e6300000, 0x00000000e6300000, 0x00000000e6400000|  0%| F|  |TAMS 0x00000000e6300000, 0x00000000e6300000| Untracked 
| 100|0x00000000e6400000, 0x00000000e6400000, 0x00000000e6500000|  0%| F|  |TAMS 0x00000000e6400000, 0x00000000e6400000| Untracked 
| 101|0x00000000e6500000, 0x00000000e6500000, 0x00000000e6600000|  0%| F|  |TAMS 0x00000000e6500000, 0x00000000e6500000| Untracked 
| 102|0x00000000e6600000, 0x00000000e6600000, 0x00000000e6700000|  0%| F|  |TAMS 0x00000000e6600000, 0x00000000e6600000| Untracked 
| 103|0x00000000e6700000, 0x00000000e6700000, 0x00000000e6800000|  0%| F|  |TAMS 0x00000000e6700000, 0x00000000e6700000| Untracked 
| 104|0x00000000e6800000, 0x00000000e6800000, 0x00000000e6900000|  0%| F|  |TAMS 0x00000000e6800000, 0x00000000e6800000| Untracked 
| 105|0x00000000e6900000, 0x00000000e6900000, 0x00000000e6a00000|  0%| F|  |TAMS 0x00000000e6900000, 0x00000000e6900000| Untracked 
| 106|0x00000000e6a00000, 0x00000000e6a00000, 0x00000000e6b00000|  0%| F|  |TAMS 0x00000000e6a00000, 0x00000000e6a00000| Untracked 
| 107|0x00000000e6b00000, 0x00000000e6b00000, 0x00000000e6c00000|  0%| F|  |TAMS 0x00000000e6b00000, 0x00000000e6b00000| Untracked 
| 108|0x00000000e6c00000, 0x00000000e6c00000, 0x00000000e6d00000|  0%| F|  |TAMS 0x00000000e6c00000, 0x00000000e6c00000| Untracked 
| 109|0x00000000e6d00000, 0x00000000e6d00000, 0x00000000e6e00000|  0%| F|  |TAMS 0x00000000e6d00000, 0x00000000e6d00000| Untracked 
| 110|0x00000000e6e00000, 0x00000000e6e00000, 0x00000000e6f00000|  0%| F|  |TAMS 0x00000000e6e00000, 0x00000000e6e00000| Untracked 
| 111|0x00000000e6f00000, 0x00000000e6f00000, 0x00000000e7000000|  0%| F|  |TAMS 0x00000000e6f00000, 0x00000000e6f00000| Untracked 
| 112|0x00000000e7000000, 0x00000000e7000000, 0x00000000e7100000|  0%| F|  |TAMS 0x00000000e7000000, 0x00000000e7000000| Untracked 
| 113|0x00000000e7100000, 0x00000000e7100000, 0x00000000e7200000|  0%| F|  |TAMS 0x00000000e7100000, 0x00000000e7100000| Untracked 
| 114|0x00000000e7200000, 0x00000000e7200000, 0x00000000e7300000|  0%| F|  |TAMS 0x00000000e7200000, 0x00000000e7200000| Untracked 
| 115|0x00000000e7300000, 0x00000000e7300000, 0x00000000e7400000|  0%| F|  |TAMS 0x00000000e7300000, 0x00000000e7300000| Untracked 
| 116|0x00000000e7400000, 0x00000000e7400000, 0x00000000e7500000|  0%| F|  |TAMS 0x00000000e7400000, 0x00000000e7400000| Untracked 
| 117|0x00000000e7500000, 0x00000000e7500000, 0x00000000e7600000|  0%| F|  |TAMS 0x00000000e7500000, 0x00000000e7500000| Untracked 
| 118|0x00000000e7600000, 0x00000000e7600000, 0x00000000e7700000|  0%| F|  |TAMS 0x00000000e7600000, 0x00000000e7600000| Untracked 
| 119|0x00000000e7700000, 0x00000000e7700000, 0x00000000e7800000|  0%| F|  |TAMS 0x00000000e7700000, 0x00000000e7700000| Untracked 
| 120|0x00000000e7800000, 0x00000000e7800000, 0x00000000e7900000|  0%| F|  |TAMS 0x00000000e7800000, 0x00000000e7800000| Untracked 
| 121|0x00000000e7900000, 0x00000000e7900000, 0x00000000e7a00000|  0%| F|  |TAMS 0x00000000e7900000, 0x00000000e7900000| Untracked 
| 122|0x00000000e7a00000, 0x00000000e7a00000, 0x00000000e7b00000|  0%| F|  |TAMS 0x00000000e7a00000, 0x00000000e7a00000| Untracked 
| 123|0x00000000e7b00000, 0x00000000e7b00000, 0x00000000e7c00000|  0%| F|  |TAMS 0x00000000e7b00000, 0x00000000e7b00000| Untracked 
| 124|0x00000000e7c00000, 0x00000000e7c00000, 0x00000000e7d00000|  0%| F|  |TAMS 0x00000000e7c00000, 0x00000000e7c00000| Untracked 
| 125|0x00000000e7d00000, 0x00000000e7d00000, 0x00000000e7e00000|  0%| F|  |TAMS 0x00000000e7d00000, 0x00000000e7d00000| Untracked 
| 126|0x00000000e7e00000, 0x00000000e7e00000, 0x00000000e7f00000|  0%| F|  |TAMS 0x00000000e7e00000, 0x00000000e7e00000| Untracked 
| 127|0x00000000e7f00000, 0x00000000e7f00000, 0x00000000e8000000|  0%| F|  |TAMS 0x00000000e7f00000, 0x00000000e7f00000| Untracked 
| 128|0x00000000e8000000, 0x00000000e8000000, 0x00000000e8100000|  0%| F|  |TAMS 0x00000000e8000000, 0x00000000e8000000| Untracked 
| 129|0x00000000e8100000, 0x00000000e8100000, 0x00000000e8200000|  0%| F|  |TAMS 0x00000000e8100000, 0x00000000e8100000| Untracked 
| 130|0x00000000e8200000, 0x00000000e8200000, 0x00000000e8300000|  0%| F|  |TAMS 0x00000000e8200000, 0x00000000e8200000| Untracked 
| 131|0x00000000e8300000, 0x00000000e8300000, 0x00000000e8400000|  0%| F|  |TAMS 0x00000000e8300000, 0x00000000e8300000| Untracked 
| 132|0x00000000e8400000, 0x00000000e8400000, 0x00000000e8500000|  0%| F|  |TAMS 0x00000000e8400000, 0x00000000e8400000| Untracked 
| 133|0x00000000e8500000, 0x00000000e8500000, 0x00000000e8600000|  0%| F|  |TAMS 0x00000000e8500000, 0x00000000e8500000| Untracked 
| 134|0x00000000e8600000, 0x00000000e8600000, 0x00000000e8700000|  0%| F|  |TAMS 0x00000000e8600000, 0x00000000e8600000| Untracked 
| 135|0x00000000e8700000, 0x00000000e8700000, 0x00000000e8800000|  0%| F|  |TAMS 0x00000000e8700000, 0x00000000e8700000| Untracked 
| 136|0x00000000e8800000, 0x00000000e8800000, 0x00000000e8900000|  0%| F|  |TAMS 0x00000000e8800000, 0x00000000e8800000| Untracked 
| 137|0x00000000e8900000, 0x00000000e8900000, 0x00000000e8a00000|  0%| F|  |TAMS 0x00000000e8900000, 0x00000000e8900000| Untracked 
| 138|0x00000000e8a00000, 0x00000000e8a00000, 0x00000000e8b00000|  0%| F|  |TAMS 0x00000000e8a00000, 0x00000000e8a00000| Untracked 
| 139|0x00000000e8b00000, 0x00000000e8b00000, 0x00000000e8c00000|  0%| F|  |TAMS 0x00000000e8b00000, 0x00000000e8b00000| Untracked 
| 140|0x00000000e8c00000, 0x00000000e8c00000, 0x00000000e8d00000|  0%| F|  |TAMS 0x00000000e8c00000, 0x00000000e8c00000| Untracked 
| 141|0x00000000e8d00000, 0x00000000e8d00000, 0x00000000e8e00000|  0%| F|  |TAMS 0x00000000e8d00000, 0x00000000e8d00000| Untracked 
| 142|0x00000000e8e00000, 0x00000000e8e00000, 0x00000000e8f00000|  0%| F|  |TAMS 0x00000000e8e00000, 0x00000000e8e00000| Untracked 
| 143|0x00000000e8f00000, 0x00000000e8f00000, 0x00000000e9000000|  0%| F|  |TAMS 0x00000000e8f00000, 0x00000000e8f00000| Untracked 
| 144|0x00000000e9000000, 0x00000000e9000000, 0x00000000e9100000|  0%| F|  |TAMS 0x00000000e9000000, 0x00000000e9000000| Untracked 
| 145|0x00000000e9100000, 0x00000000e9100000, 0x00000000e9200000|  0%| F|  |TAMS 0x00000000e9100000, 0x00000000e9100000| Untracked 
| 146|0x00000000e9200000, 0x00000000e9200000, 0x00000000e9300000|  0%| F|  |TAMS 0x00000000e9200000, 0x00000000e9200000| Untracked 
| 147|0x00000000e9300000, 0x00000000e9300000, 0x00000000e9400000|  0%| F|  |TAMS 0x00000000e9300000, 0x00000000e9300000| Untracked 
| 148|0x00000000e9400000, 0x00000000e9400000, 0x00000000e9500000|  0%| F|  |TAMS 0x00000000e9400000, 0x00000000e9400000| Untracked 
| 149|0x00000000e9500000, 0x00000000e9500000, 0x00000000e9600000|  0%| F|  |TAMS 0x00000000e9500000, 0x00000000e9500000| Untracked 
| 150|0x00000000e9600000, 0x00000000e9600000, 0x00000000e9700000|  0%| F|  |TAMS 0x00000000e9600000, 0x00000000e9600000| Untracked 
| 151|0x00000000e9700000, 0x00000000e9700000, 0x00000000e9800000|  0%| F|  |TAMS 0x00000000e9700000, 0x00000000e9700000| Untracked 
| 152|0x00000000e9800000, 0x00000000e9800000, 0x00000000e9900000|  0%| F|  |TAMS 0x00000000e9800000, 0x00000000e9800000| Untracked 
| 153|0x00000000e9900000, 0x00000000e9900000, 0x00000000e9a00000|  0%| F|  |TAMS 0x00000000e9900000, 0x00000000e9900000| Untracked 
| 154|0x00000000e9a00000, 0x00000000e9a00000, 0x00000000e9b00000|  0%| F|  |TAMS 0x00000000e9a00000, 0x00000000e9a00000| Untracked 
| 155|0x00000000e9b00000, 0x00000000e9b00000, 0x00000000e9c00000|  0%| F|  |TAMS 0x00000000e9b00000, 0x00000000e9b00000| Untracked 
| 156|0x00000000e9c00000, 0x00000000e9c00000, 0x00000000e9d00000|  0%| F|  |TAMS 0x00000000e9c00000, 0x00000000e9c00000| Untracked 
| 157|0x00000000e9d00000, 0x00000000e9d00000, 0x00000000e9e00000|  0%| F|  |TAMS 0x00000000e9d00000, 0x00000000e9d00000| Untracked 
| 158|0x00000000e9e00000, 0x00000000e9e00000, 0x00000000e9f00000|  0%| F|  |TAMS 0x00000000e9e00000, 0x00000000e9e00000| Untracked 
| 159|0x00000000e9f00000, 0x00000000e9f00000, 0x00000000ea000000|  0%| F|  |TAMS 0x00000000e9f00000, 0x00000000e9f00000| Untracked 
| 160|0x00000000ea000000, 0x00000000ea000000, 0x00000000ea100000|  0%| F|  |TAMS 0x00000000ea000000, 0x00000000ea000000| Untracked 
| 161|0x00000000ea100000, 0x00000000ea100000, 0x00000000ea200000|  0%| F|  |TAMS 0x00000000ea100000, 0x00000000ea100000| Untracked 
| 162|0x00000000ea200000, 0x00000000ea200000, 0x00000000ea300000|  0%| F|  |TAMS 0x00000000ea200000, 0x00000000ea200000| Untracked 
| 163|0x00000000ea300000, 0x00000000ea300000, 0x00000000ea400000|  0%| F|  |TAMS 0x00000000ea300000, 0x00000000ea300000| Untracked 
| 164|0x00000000ea400000, 0x00000000ea400000, 0x00000000ea500000|  0%| F|  |TAMS 0x00000000ea400000, 0x00000000ea400000| Untracked 
| 165|0x00000000ea500000, 0x00000000ea500000, 0x00000000ea600000|  0%| F|  |TAMS 0x00000000ea500000, 0x00000000ea500000| Untracked 
| 166|0x00000000ea600000, 0x00000000ea600000, 0x00000000ea700000|  0%| F|  |TAMS 0x00000000ea600000, 0x00000000ea600000| Untracked 
| 167|0x00000000ea700000, 0x00000000ea700000, 0x00000000ea800000|  0%| F|  |TAMS 0x00000000ea700000, 0x00000000ea700000| Untracked 
| 168|0x00000000ea800000, 0x00000000ea800000, 0x00000000ea900000|  0%| F|  |TAMS 0x00000000ea800000, 0x00000000ea800000| Untracked 
| 169|0x00000000ea900000, 0x00000000ea900000, 0x00000000eaa00000|  0%| F|  |TAMS 0x00000000ea900000, 0x00000000ea900000| Untracked 
| 170|0x00000000eaa00000, 0x00000000eaa00000, 0x00000000eab00000|  0%| F|  |TAMS 0x00000000eaa00000, 0x00000000eaa00000| Untracked 
| 171|0x00000000eab00000, 0x00000000eab816d0, 0x00000000eac00000| 50%| E|  |TAMS 0x00000000eab00000, 0x00000000eab00000| Complete 
| 172|0x00000000eac00000, 0x00000000ead00000, 0x00000000ead00000|100%| E|CS|TAMS 0x00000000eac00000, 0x00000000eac00000| Complete 
| 173|0x00000000ead00000, 0x00000000eae00000, 0x00000000eae00000|100%| E|CS|TAMS 0x00000000ead00000, 0x00000000ead00000| Complete 
| 174|0x00000000eae00000, 0x00000000eaf00000, 0x00000000eaf00000|100%| E|CS|TAMS 0x00000000eae00000, 0x00000000eae00000| Complete 
| 175|0x00000000eaf00000, 0x00000000eb000000, 0x00000000eb000000|100%| E|CS|TAMS 0x00000000eaf00000, 0x00000000eaf00000| Complete 
| 176|0x00000000eb000000, 0x00000000eb100000, 0x00000000eb100000|100%| E|CS|TAMS 0x00000000eb000000, 0x00000000eb000000| Complete 
| 177|0x00000000eb100000, 0x00000000eb200000, 0x00000000eb200000|100%| E|CS|TAMS 0x00000000eb100000, 0x00000000eb100000| Complete 
| 178|0x00000000eb200000, 0x00000000eb300000, 0x00000000eb300000|100%| E|CS|TAMS 0x00000000eb200000, 0x00000000eb200000| Complete 
| 179|0x00000000eb300000, 0x00000000eb400000, 0x00000000eb400000|100%| E|CS|TAMS 0x00000000eb300000, 0x00000000eb300000| Complete 
| 180|0x00000000eb400000, 0x00000000eb500000, 0x00000000eb500000|100%| E|CS|TAMS 0x00000000eb400000, 0x00000000eb400000| Complete 
| 181|0x00000000eb500000, 0x00000000eb600000, 0x00000000eb600000|100%| E|CS|TAMS 0x00000000eb500000, 0x00000000eb500000| Complete 
| 182|0x00000000eb600000, 0x00000000eb700000, 0x00000000eb700000|100%| E|CS|TAMS 0x00000000eb600000, 0x00000000eb600000| Complete 
| 183|0x00000000eb700000, 0x00000000eb800000, 0x00000000eb800000|100%| E|CS|TAMS 0x00000000eb700000, 0x00000000eb700000| Complete 
| 184|0x00000000eb800000, 0x00000000eb900000, 0x00000000eb900000|100%| E|CS|TAMS 0x00000000eb800000, 0x00000000eb800000| Complete 
| 185|0x00000000eb900000, 0x00000000eba00000, 0x00000000eba00000|100%| E|CS|TAMS 0x00000000eb900000, 0x00000000eb900000| Complete 
| 186|0x00000000eba00000, 0x00000000ebb00000, 0x00000000ebb00000|100%| E|CS|TAMS 0x00000000eba00000, 0x00000000eba00000| Complete 
| 187|0x00000000ebb00000, 0x00000000ebc00000, 0x00000000ebc00000|100%| E|CS|TAMS 0x00000000ebb00000, 0x00000000ebb00000| Complete 
| 188|0x00000000ebc00000, 0x00000000ebd00000, 0x00000000ebd00000|100%| E|CS|TAMS 0x00000000ebc00000, 0x00000000ebc00000| Complete 
| 189|0x00000000ebd00000, 0x00000000ebe00000, 0x00000000ebe00000|100%| E|CS|TAMS 0x00000000ebd00000, 0x00000000ebd00000| Complete 
| 190|0x00000000ebe00000, 0x00000000ebf00000, 0x00000000ebf00000|100%| E|CS|TAMS 0x00000000ebe00000, 0x00000000ebe00000| Complete 
| 191|0x00000000ebf00000, 0x00000000ec000000, 0x00000000ec000000|100%| E|CS|TAMS 0x00000000ebf00000, 0x00000000ebf00000| Complete 
| 192|0x00000000ec000000, 0x00000000ec100000, 0x00000000ec100000|100%| E|CS|TAMS 0x00000000ec000000, 0x00000000ec000000| Complete 
| 193|0x00000000ec100000, 0x00000000ec200000, 0x00000000ec200000|100%| E|CS|TAMS 0x00000000ec100000, 0x00000000ec100000| Complete 
| 194|0x00000000ec200000, 0x00000000ec300000, 0x00000000ec300000|100%| E|CS|TAMS 0x00000000ec200000, 0x00000000ec200000| Complete 
| 195|0x00000000ec300000, 0x00000000ec400000, 0x00000000ec400000|100%| E|CS|TAMS 0x00000000ec300000, 0x00000000ec300000| Complete 
| 196|0x00000000ec400000, 0x00000000ec500000, 0x00000000ec500000|100%| E|CS|TAMS 0x00000000ec400000, 0x00000000ec400000| Complete 
| 197|0x00000000ec500000, 0x00000000ec600000, 0x00000000ec600000|100%| E|CS|TAMS 0x00000000ec500000, 0x00000000ec500000| Complete 
| 198|0x00000000ec600000, 0x00000000ec700000, 0x00000000ec700000|100%| E|CS|TAMS 0x00000000ec600000, 0x00000000ec600000| Complete 
| 199|0x00000000ec700000, 0x00000000ec800000, 0x00000000ec800000|100%| E|CS|TAMS 0x00000000ec700000, 0x00000000ec700000| Complete 
| 200|0x00000000ec800000, 0x00000000ec900000, 0x00000000ec900000|100%| E|CS|TAMS 0x00000000ec800000, 0x00000000ec800000| Complete 
| 201|0x00000000ec900000, 0x00000000eca00000, 0x00000000eca00000|100%| E|CS|TAMS 0x00000000ec900000, 0x00000000ec900000| Complete 
| 202|0x00000000eca00000, 0x00000000ecb00000, 0x00000000ecb00000|100%| E|CS|TAMS 0x00000000eca00000, 0x00000000eca00000| Complete 
| 203|0x00000000ecb00000, 0x00000000ecc00000, 0x00000000ecc00000|100%| E|CS|TAMS 0x00000000ecb00000, 0x00000000ecb00000| Complete 
| 204|0x00000000ecc00000, 0x00000000ecd00000, 0x00000000ecd00000|100%| E|CS|TAMS 0x00000000ecc00000, 0x00000000ecc00000| Complete 
| 205|0x00000000ecd00000, 0x00000000ece00000, 0x00000000ece00000|100%| E|CS|TAMS 0x00000000ecd00000, 0x00000000ecd00000| Complete 
| 206|0x00000000ece00000, 0x00000000ecf00000, 0x00000000ecf00000|100%| E|CS|TAMS 0x00000000ece00000, 0x00000000ece00000| Complete 
| 207|0x00000000ecf00000, 0x00000000ed000000, 0x00000000ed000000|100%| E|CS|TAMS 0x00000000ecf00000, 0x00000000ecf00000| Complete 
| 208|0x00000000ed000000, 0x00000000ed100000, 0x00000000ed100000|100%| E|CS|TAMS 0x00000000ed000000, 0x00000000ed000000| Complete 
| 209|0x00000000ed100000, 0x00000000ed200000, 0x00000000ed200000|100%| E|CS|TAMS 0x00000000ed100000, 0x00000000ed100000| Complete 
| 210|0x00000000ed200000, 0x00000000ed300000, 0x00000000ed300000|100%| E|CS|TAMS 0x00000000ed200000, 0x00000000ed200000| Complete 
| 211|0x00000000ed300000, 0x00000000ed400000, 0x00000000ed400000|100%| E|CS|TAMS 0x00000000ed300000, 0x00000000ed300000| Complete 
| 212|0x00000000ed400000, 0x00000000ed500000, 0x00000000ed500000|100%| E|CS|TAMS 0x00000000ed400000, 0x00000000ed400000| Complete 
| 213|0x00000000ed500000, 0x00000000ed600000, 0x00000000ed600000|100%| E|CS|TAMS 0x00000000ed500000, 0x00000000ed500000| Complete 
| 214|0x00000000ed600000, 0x00000000ed700000, 0x00000000ed700000|100%| E|CS|TAMS 0x00000000ed600000, 0x00000000ed600000| Complete 
| 215|0x00000000ed700000, 0x00000000ed800000, 0x00000000ed800000|100%| E|CS|TAMS 0x00000000ed700000, 0x00000000ed700000| Complete 
| 216|0x00000000ed800000, 0x00000000ed900000, 0x00000000ed900000|100%| E|CS|TAMS 0x00000000ed800000, 0x00000000ed800000| Complete 
| 217|0x00000000ed900000, 0x00000000eda00000, 0x00000000eda00000|100%| E|CS|TAMS 0x00000000ed900000, 0x00000000ed900000| Complete 
| 218|0x00000000eda00000, 0x00000000edb00000, 0x00000000edb00000|100%| E|CS|TAMS 0x00000000eda00000, 0x00000000eda00000| Complete 
| 219|0x00000000edb00000, 0x00000000edc00000, 0x00000000edc00000|100%| E|CS|TAMS 0x00000000edb00000, 0x00000000edb00000| Complete 
| 220|0x00000000edc00000, 0x00000000edca1048, 0x00000000edd00000| 62%| S|CS|TAMS 0x00000000edc00000, 0x00000000edc00000| Complete 
| 221|0x00000000edd00000, 0x00000000ede00000, 0x00000000ede00000|100%| S|CS|TAMS 0x00000000edd00000, 0x00000000edd00000| Complete 
| 222|0x00000000ede00000, 0x00000000edf00000, 0x00000000edf00000|100%| S|CS|TAMS 0x00000000ede00000, 0x00000000ede00000| Complete 
| 223|0x00000000edf00000, 0x00000000ee000000, 0x00000000ee000000|100%| S|CS|TAMS 0x00000000edf00000, 0x00000000edf00000| Complete 
| 224|0x00000000ee000000, 0x00000000ee100000, 0x00000000ee100000|100%| E|CS|TAMS 0x00000000ee000000, 0x00000000ee000000| Complete 
| 225|0x00000000ee100000, 0x00000000ee200000, 0x00000000ee200000|100%| E|CS|TAMS 0x00000000ee100000, 0x00000000ee100000| Complete 
| 226|0x00000000ee200000, 0x00000000ee300000, 0x00000000ee300000|100%| E|CS|TAMS 0x00000000ee200000, 0x00000000ee200000| Complete 
| 227|0x00000000ee300000, 0x00000000ee400000, 0x00000000ee400000|100%| E|CS|TAMS 0x00000000ee300000, 0x00000000ee300000| Complete 
| 228|0x00000000ee400000, 0x00000000ee500000, 0x00000000ee500000|100%| E|CS|TAMS 0x00000000ee400000, 0x00000000ee400000| Complete 
| 229|0x00000000ee500000, 0x00000000ee600000, 0x00000000ee600000|100%| E|CS|TAMS 0x00000000ee500000, 0x00000000ee500000| Complete 
| 230|0x00000000ee600000, 0x00000000ee700000, 0x00000000ee700000|100%| E|CS|TAMS 0x00000000ee600000, 0x00000000ee600000| Complete 
| 231|0x00000000ee700000, 0x00000000ee800000, 0x00000000ee800000|100%| E|CS|TAMS 0x00000000ee700000, 0x00000000ee700000| Complete 
| 232|0x00000000ee800000, 0x00000000ee900000, 0x00000000ee900000|100%| E|CS|TAMS 0x00000000ee800000, 0x00000000ee800000| Complete 
| 233|0x00000000ee900000, 0x00000000eea00000, 0x00000000eea00000|100%| E|CS|TAMS 0x00000000ee900000, 0x00000000ee900000| Complete 
| 234|0x00000000eea00000, 0x00000000eeb00000, 0x00000000eeb00000|100%| E|CS|TAMS 0x00000000eea00000, 0x00000000eea00000| Complete 
| 235|0x00000000eeb00000, 0x00000000eec00000, 0x00000000eec00000|100%| E|CS|TAMS 0x00000000eeb00000, 0x00000000eeb00000| Complete 
| 236|0x00000000eec00000, 0x00000000eed00000, 0x00000000eed00000|100%| E|CS|TAMS 0x00000000eec00000, 0x00000000eec00000| Complete 
| 237|0x00000000eed00000, 0x00000000eee00000, 0x00000000eee00000|100%| E|CS|TAMS 0x00000000eed00000, 0x00000000eed00000| Complete 
| 238|0x00000000eee00000, 0x00000000eef00000, 0x00000000eef00000|100%| E|CS|TAMS 0x00000000eee00000, 0x00000000eee00000| Complete 
| 239|0x00000000eef00000, 0x00000000ef000000, 0x00000000ef000000|100%| E|CS|TAMS 0x00000000eef00000, 0x00000000eef00000| Complete 
| 240|0x00000000ef000000, 0x00000000ef100000, 0x00000000ef100000|100%| E|CS|TAMS 0x00000000ef000000, 0x00000000ef000000| Complete 
| 241|0x00000000ef100000, 0x00000000ef200000, 0x00000000ef200000|100%| E|CS|TAMS 0x00000000ef100000, 0x00000000ef100000| Complete 
| 242|0x00000000ef200000, 0x00000000ef300000, 0x00000000ef300000|100%| E|CS|TAMS 0x00000000ef200000, 0x00000000ef200000| Complete 
| 243|0x00000000ef300000, 0x00000000ef400000, 0x00000000ef400000|100%| E|CS|TAMS 0x00000000ef300000, 0x00000000ef300000| Complete 
| 244|0x00000000ef400000, 0x00000000ef500000, 0x00000000ef500000|100%| E|CS|TAMS 0x00000000ef400000, 0x00000000ef400000| Complete 
| 245|0x00000000ef500000, 0x00000000ef600000, 0x00000000ef600000|100%| E|CS|TAMS 0x00000000ef500000, 0x00000000ef500000| Complete 
| 246|0x00000000ef600000, 0x00000000ef700000, 0x00000000ef700000|100%| E|CS|TAMS 0x00000000ef600000, 0x00000000ef600000| Complete 
| 247|0x00000000ef700000, 0x00000000ef800000, 0x00000000ef800000|100%| E|CS|TAMS 0x00000000ef700000, 0x00000000ef700000| Complete 
| 248|0x00000000ef800000, 0x00000000ef900000, 0x00000000ef900000|100%| E|CS|TAMS 0x00000000ef800000, 0x00000000ef800000| Complete 
| 249|0x00000000ef900000, 0x00000000efa00000, 0x00000000efa00000|100%| E|CS|TAMS 0x00000000ef900000, 0x00000000ef900000| Complete 
| 250|0x00000000efa00000, 0x00000000efb00000, 0x00000000efb00000|100%| E|CS|TAMS 0x00000000efa00000, 0x00000000efa00000| Complete 
| 251|0x00000000efb00000, 0x00000000efc00000, 0x00000000efc00000|100%| E|CS|TAMS 0x00000000efb00000, 0x00000000efb00000| Complete 
| 252|0x00000000efc00000, 0x00000000efd00000, 0x00000000efd00000|100%| E|CS|TAMS 0x00000000efc00000, 0x00000000efc00000| Complete 
| 253|0x00000000efd00000, 0x00000000efe00000, 0x00000000efe00000|100%| E|CS|TAMS 0x00000000efd00000, 0x00000000efd00000| Complete 
| 254|0x00000000efe00000, 0x00000000eff00000, 0x00000000eff00000|100%| E|CS|TAMS 0x00000000efe00000, 0x00000000efe00000| Complete 
| 255|0x00000000eff00000, 0x00000000f0000000, 0x00000000f0000000|100%| E|CS|TAMS 0x00000000eff00000, 0x00000000eff00000| Complete 

Card table byte_map: [0x000001df6b2c0000,0x000001df6b3c0000] _byte_map_base: 0x000001df6abc0000

Marking Bits (Prev, Next): (CMBitMap*) 0x000001df53d3df80, (CMBitMap*) 0x000001df53d3dfc0
 Prev Bits: [0x000001df6b4c0000, 0x000001df6bcc0000)
 Next Bits: [0x000001df6bcc0000, 0x000001df6c4c0000)

Polling page: 0x000001df51c30000

Metaspace:

Usage:
  Non-class:     15.52 MB used.
      Class:      2.53 MB used.
       Both:     18.05 MB used.

Virtual space:
  Non-class space:       64.00 MB reserved,      15.81 MB ( 25%) committed,  1 nodes.
      Class space:      308.00 MB reserved,       2.81 MB ( <1%) committed,  1 nodes.
             Both:      372.00 MB reserved,      18.62 MB (  5%) committed. 

Chunk freelists:
   Non-Class:  3.53 MB
       Class:  1.02 MB
        Both:  4.55 MB

MaxMetaspaceSize: 384.00 MB
CompressedClassSpaceSize: 308.00 MB
Initial GC threshold: 21.00 MB
Current GC threshold: 21.00 MB
CDS: on
MetaspaceReclaimPolicy: balanced
 - commit_granule_bytes: 65536.
 - commit_granule_words: 8192.
 - virtual_space_node_default_size: 8388608.
 - enlarge_chunks_in_place: 1.
 - new_chunks_are_fully_committed: 0.
 - uncommit_free_chunks: 1.
 - use_allocation_guard: 0.


Internal statistics:

num_allocs_failed_limit: 0.
num_arena_births: 746.
num_arena_deaths: 0.
num_vsnodes_births: 2.
num_vsnodes_deaths: 0.
num_space_committed: 298.
num_space_uncommitted: 0.
num_chunks_returned_to_freelist: 0.
num_chunks_taken_from_freelist: 1446.
num_chunk_merges: 0.
num_chunk_splits: 941.
num_chunks_enlarged: 604.
num_inconsistent_stats: 0.

CodeHeap 'non-profiled nmethods': size=120000Kb used=1175Kb max_used=1175Kb free=118825Kb
 bounds [0x000001df63740000, 0x000001df639b0000, 0x000001df6ac70000]
CodeHeap 'profiled nmethods': size=120000Kb used=5574Kb max_used=5574Kb free=114426Kb
 bounds [0x000001df5bc70000, 0x000001df5c1f0000, 0x000001df631a0000]
CodeHeap 'non-nmethods': size=5760Kb used=1331Kb max_used=1347Kb free=4428Kb
 bounds [0x000001df631a0000, 0x000001df63410000, 0x000001df63740000]
 total_blobs=3287 nmethods=2726 adapters=471
 compilation: enabled
              stopped_count=0, restarted_count=0
 full_count=0

Compilation events (20 events):
Event: 25.628 Thread 0x000001df6f1515d0 2719       3       org.gradle.internal.service.DefaultServiceMethodFactory::toServiceMethod (11 bytes)
Event: 25.629 Thread 0x000001df6f1515d0 nmethod 2719 0x000001df5c1d8510 code [0x000001df5c1d86c0, 0x000001df5c1d8888]
Event: 25.629 Thread 0x000001df6f1515d0 2720   !   3       org.gradle.internal.service.MethodHandleBasedServiceMethodFactory::toServiceMethod (51 bytes)
Event: 25.631 Thread 0x000001df6f1515d0 nmethod 2720 0x000001df5c1d8990 code [0x000001df5c1d8ce0, 0x000001df5c1da1b8]
Event: 25.631 Thread 0x000001df6f1515d0 2721       3       java.lang.reflect.Method::getGenericParameterTypes (5 bytes)
Event: 25.638 Thread 0x000001df6f1515d0 nmethod 2721 0x000001df5c1da810 code [0x000001df5c1daac0, 0x000001df5c1dbb78]
Event: 25.640 Thread 0x000001df6f1515d0 2722       3       java.lang.reflect.Method::hasGenericInformation (13 bytes)
Event: 25.643 Thread 0x000001df6f1515d0 nmethod 2722 0x000001df5c1dc090 code [0x000001df5c1dc220, 0x000001df5c1dc398]
Event: 25.698 Thread 0x000001df6f1515d0 2723       3       java.util.LinkedList::linkLast (59 bytes)
Event: 25.698 Thread 0x000001df6f1515d0 nmethod 2723 0x000001df5c1dc410 code [0x000001df5c1dc5e0, 0x000001df5c1dca38]
Event: 25.705 Thread 0x000001df6f1515d0 2724       3       java.util.LinkedList$ListItr::<init> (47 bytes)
Event: 25.706 Thread 0x000001df6f1515d0 nmethod 2724 0x000001df5c1dcb90 code [0x000001df5c1dcd40, 0x000001df5c1dd028]
Event: 25.706 Thread 0x000001df6f1515d0 2725       3       org.gradle.internal.service.DefaultServiceRegistry$SingletonService::getAll (23 bytes)
Event: 25.706 Thread 0x000001df6f1515d0 nmethod 2725 0x000001df5c1dd110 code [0x000001df5c1dd2e0, 0x000001df5c1dd568]
Event: 25.721 Thread 0x000001df6f1515d0 2726       3       org.gradle.internal.service.AbstractServiceMethod::<init> (42 bytes)
Event: 25.724 Thread 0x000001df6f1515d0 nmethod 2726 0x000001df5c1dd690 code [0x000001df5c1dda00, 0x000001df5c1df588]
Event: 25.814 Thread 0x000001df6f1515d0 2729       3       java.util.concurrent.TimeUnit::toNanos (45 bytes)
Event: 25.815 Thread 0x000001df6f1515d0 nmethod 2729 0x000001df5c1dfd10 code [0x000001df5c1dfec0, 0x000001df5c1e0138]
Event: 26.047 Thread 0x000001df6f1515d0 2731       3       java.lang.System::getProperty (25 bytes)
Event: 26.049 Thread 0x000001df6f1515d0 nmethod 2731 0x000001df5c1e0210 code [0x000001df5c1e0420, 0x000001df5c1e0a08]

GC Heap History (4 events):
Event: 4.224 GC heap before
{Heap before GC invocations=0 (full 0):
 garbage-first heap   total 262144K, used 26624K [0x00000000e0000000, 0x0000000100000000)
  region size 1024K, 23 young (23552K), 0 survivors (0K)
 Metaspace       used 3161K, committed 3328K, reserved 380928K
  class space    used 389K, committed 448K, reserved 315392K
}
Event: 4.281 GC heap after
{Heap after GC invocations=1 (full 0):
 garbage-first heap   total 262144K, used 10210K [0x00000000e0000000, 0x0000000100000000)
  region size 1024K, 3 young (3072K), 3 survivors (3072K)
 Metaspace       used 3161K, committed 3328K, reserved 380928K
  class space    used 389K, committed 448K, reserved 315392K
}
Event: 10.232 GC heap before
{Heap before GC invocations=1 (full 0):
 garbage-first heap   total 262144K, used 39906K [0x00000000e0000000, 0x0000000100000000)
  region size 1024K, 32 young (32768K), 3 survivors (3072K)
 Metaspace       used 4162K, committed 4352K, reserved 380928K
  class space    used 484K, committed 576K, reserved 315392K
}
Event: 10.240 GC heap after
{Heap after GC invocations=2 (full 0):
 garbage-first heap   total 262144K, used 14107K [0x00000000e0000000, 0x0000000100000000)
  region size 1024K, 4 young (4096K), 4 survivors (4096K)
 Metaspace       used 4162K, committed 4352K, reserved 380928K
  class space    used 484K, committed 576K, reserved 315392K
}

Dll operation events (15 events):
Event: 0.034 Loaded shared library C:\Program Files\Java\jdk-19\bin\java.dll
Event: 0.050 Loaded shared library C:\Program Files\Java\jdk-19\bin\jsvml.dll
Event: 0.210 Loaded shared library C:\Program Files\Java\jdk-19\bin\zip.dll
Event: 0.241 Loaded shared library C:\Program Files\Java\jdk-19\bin\instrument.dll
Event: 0.250 Loaded shared library C:\Program Files\Java\jdk-19\bin\net.dll
Event: 0.252 Loaded shared library C:\Program Files\Java\jdk-19\bin\nio.dll
Event: 0.268 Loaded shared library C:\Program Files\Java\jdk-19\bin\zip.dll
Event: 1.446 Loaded shared library C:\Program Files\Java\jdk-19\bin\jimage.dll
Event: 2.291 Loaded shared library C:\Program Files\Java\jdk-19\bin\verify.dll
Event: 3.583 Loaded shared library C:\Users\HP\.gradle\native\68d5fa5c4cc2d200863cafc0d521ce42e7d3e7ee720ec0a83991735586a16f82\windows-amd64\native-platform.dll
Event: 3.591 Loaded shared library C:\Users\HP\.gradle\native\e376f236ea51e6404a007f0833ffe2c6e607c4080706a723a18a27aeea778392\windows-amd64\native-platform-file-events.dll
Event: 15.638 Loaded shared library C:\Program Files\Java\jdk-19\bin\management.dll
Event: 15.764 Loaded shared library C:\Program Files\Java\jdk-19\bin\management_ext.dll
Event: 19.675 Loaded shared library C:\Program Files\Java\jdk-19\bin\extnet.dll
Event: 21.952 Loaded shared library C:\Program Files\Java\jdk-19\bin\sunmscapi.dll

Deoptimization events (20 events):
Event: 24.265 Thread 0x000001df7345e030 Uncommon trap: trap_request=0xffffff45 fr.pc=0x000001df63763668 relative=0x0000000000000bc8
Event: 24.265 Thread 0x000001df7345e030 Uncommon trap: reason=unstable_if action=reinterpret pc=0x000001df63763668 method=java.io.WinNTFileSystem.resolve(Ljava/lang/String;Ljava/lang/String;)Ljava/lang/String; @ 19 c2
Event: 24.265 Thread 0x000001df7345e030 DEOPT PACKING pc=0x000001df63763668 sp=0x000000cead3fd1d0
Event: 24.265 Thread 0x000001df7345e030 DEOPT UNPACKING pc=0x000001df63206da3 sp=0x000000cead3fd168 mode 2
Event: 24.267 Thread 0x000001df7345e030 Uncommon trap: trap_request=0xffffff45 fr.pc=0x000001df637b23e4 relative=0x00000000000005a4
Event: 24.267 Thread 0x000001df7345e030 Uncommon trap: reason=unstable_if action=reinterpret pc=0x000001df637b23e4 method=java.io.File.getName()Ljava/lang/String; @ 16 c2
Event: 24.267 Thread 0x000001df7345e030 DEOPT PACKING pc=0x000001df637b23e4 sp=0x000000cead3fd180
Event: 24.267 Thread 0x000001df7345e030 DEOPT UNPACKING pc=0x000001df63206da3 sp=0x000000cead3fd150 mode 2
Event: 24.522 Thread 0x000001df7345e030 DEOPT PACKING pc=0x000001df5c08d669 sp=0x000000cead3fc380
Event: 24.522 Thread 0x000001df7345e030 DEOPT UNPACKING pc=0x000001df63207543 sp=0x000000cead3fb890 mode 0
Event: 24.530 Thread 0x000001df7345e030 Uncommon trap: trap_request=0xffffffcc fr.pc=0x000001df63857358 relative=0x0000000000000338
Event: 24.530 Thread 0x000001df7345e030 Uncommon trap: reason=intrinsic_or_type_checked_inlining action=make_not_entrant pc=0x000001df63857358 method=java.util.Arrays.copyOf([Ljava/lang/Object;ILjava/lang/Class;)[Ljava/lang/Object; @ 35 c2
Event: 24.530 Thread 0x000001df7345e030 DEOPT PACKING pc=0x000001df63857358 sp=0x000000cead3fcc10
Event: 24.530 Thread 0x000001df7345e030 DEOPT UNPACKING pc=0x000001df63206da3 sp=0x000000cead3fcba0 mode 2
Event: 25.654 Thread 0x000001df7345e030 DEOPT PACKING pc=0x000001df5c08d669 sp=0x000000cead3fc1a0
Event: 25.654 Thread 0x000001df7345e030 DEOPT UNPACKING pc=0x000001df63207543 sp=0x000000cead3fb6b0 mode 0
Event: 25.707 Thread 0x000001df7345e030 DEOPT PACKING pc=0x000001df5c08d68a sp=0x000000cead3f8cc0
Event: 25.707 Thread 0x000001df7345e030 DEOPT UNPACKING pc=0x000001df63207543 sp=0x000000cead3f81d0 mode 0
Event: 25.747 Thread 0x000001df7345e030 DEOPT PACKING pc=0x000001df5c08d669 sp=0x000000cead3f8cc0
Event: 25.747 Thread 0x000001df7345e030 DEOPT UNPACKING pc=0x000001df63207543 sp=0x000000cead3f81d0 mode 0

Classes loaded (20 events):
Event: 25.250 Loading class sun/security/provider/ByteArrayAccess$LE
Event: 25.250 Loading class sun/security/provider/ByteArrayAccess$LE done
Event: 25.345 Loading class java/util/concurrent/Semaphore
Event: 25.345 Loading class java/util/concurrent/Semaphore done
Event: 25.349 Loading class java/nio/file/FileVisitOption
Event: 25.349 Loading class java/nio/file/FileVisitOption done
Event: 25.377 Loading class java/util/stream/ReduceOps$1
Event: 25.377 Loading class java/util/stream/ReduceOps$1 done
Event: 25.377 Loading class java/util/stream/ReduceOps$1ReducingSink
Event: 25.377 Loading class java/util/stream/ReduceOps$1ReducingSink done
Event: 25.974 Loading class javax/xml/parsers/ParserConfigurationException
Event: 25.974 Loading class javax/xml/parsers/ParserConfigurationException done
Event: 25.974 Loading class org/xml/sax/SAXException
Event: 25.974 Loading class org/xml/sax/SAXException done
Event: 25.974 Loading class javax/xml/xpath/XPathExpressionException
Event: 25.974 Loading class javax/xml/xpath/XPathException
Event: 25.974 Loading class javax/xml/xpath/XPathException done
Event: 25.974 Loading class javax/xml/xpath/XPathExpressionException done
Event: 25.974 Loading class org/xml/sax/ErrorHandler
Event: 25.974 Loading class org/xml/sax/ErrorHandler done

Classes unloaded (0 events):
No events

Classes redefined (0 events):
No events

Internal exceptions (20 events):
Event: 24.258 Thread 0x000001df7345e030 Exception <a 'java/lang/NoSuchMethodError'{0x00000000ec4010a8}: 'java.lang.Object java.lang.invoke.DirectMethodHandle$Holder.invokeVirtual(java.lang.Object, java.lang.Object, java.lang.Object, java.lang.Object, java.lang.Object, java.lang.Object, java.lang.Object, java.lang.Object, java.lang.Object, java.lang.Object)'> (0x00000000ec4010a8) 
thrown [s\open\src\hotspot\share\interpreter\linkResolver.cpp, line 774]
Event: 24.348 Thread 0x000001df7345e030 Exception <a 'java/lang/NoSuchMethodError'{0x00000000ec395808}: 'java.lang.Object java.lang.invoke.DelegatingMethodHandle$Holder.reinvoke_L(java.lang.Object, java.lang.Object, java.lang.Object, java.lang.Object, java.lang.Object, java.lang.Object, java.lang.Object, java.lang.Object, java.lang.Object, java.lang.Object, java.lang.Object, java.lang.Object, java.lang.Object, java.lang.Object, java.lang.Object, java.lang.Object, java.lang.Object, java.lang.Object, java.lang.Object, java.lang.Object, java.lang.O
Event: 24.484 Thread 0x000001df7345e030 Exception <a 'java/lang/NoSuchMethodError'{0x00000000ec3ef568}: 'java.lang.Object java.lang.invoke.DirectMethodHandle$Holder.invokeStatic(java.lang.Object, java.lang.Object, java.lang.Object, java.lang.Object, java.lang.Object, java.lang.Object, java.lang.Object, java.lang.Object, java.lang.Object, java.lang.Object, java.lang.Object, java.lang.Object, java.lang.Object, java.lang.Object, java.lang.Object)'> (0x00000000ec3ef568) 
thrown [s\open\src\hotspot\share\interpreter\linkResolver.cpp, line 774]
Event: 24.496 Thread 0x000001df7345e030 Exception <a 'java/lang/NoSuchMethodError'{0x00000000ec214300}: 'java.lang.Object java.lang.invoke.DirectMethodHandle$Holder.invokeStatic(java.lang.Object, java.lang.Object, java.lang.Object, java.lang.Object, java.lang.Object, java.lang.Object, java.lang.Object, java.lang.Object, java.lang.Object, java.lang.Object, java.lang.Object, java.lang.Object, java.lang.Object, java.lang.Object, java.lang.Object, java.lang.Object)'> (0x00000000ec214300) 
thrown [s\open\src\hotspot\share\interpreter\linkResolver.cpp
Event: 24.504 Thread 0x000001df7345e030 Exception <a 'java/lang/NoSuchMethodError'{0x00000000ec23bb88}: 'java.lang.Object java.lang.invoke.DirectMethodHandle$Holder.invokeStatic(java.lang.Object, java.lang.Object, java.lang.Object, java.lang.Object, java.lang.Object, java.lang.Object, java.lang.Object, java.lang.Object, java.lang.Object, java.lang.Object, java.lang.Object, java.lang.Object, java.lang.Object, java.lang.Object, java.lang.Object, java.lang.Object, java.lang.Object)'> (0x00000000ec23bb88) 
thrown [s\open\src\hotspot\share\interprete
Event: 24.509 Thread 0x000001df7345e030 Exception <a 'java/lang/NoSuchMethodError'{0x00000000ec264728}: 'java.lang.Object java.lang.invoke.DirectMethodHandle$Holder.invokeStatic(java.lang.Object, java.lang.Object, java.lang.Object, java.lang.Object, java.lang.Object, java.lang.Object, java.lang.Object, java.lang.Object, java.lang.Object, java.lang.Object, java.lang.Object, java.lang.Object, java.lang.Object, java.lang.Object, java.lang.Object, java.lang.Object, java.lang.Object, java.lang.Object)'> (0x00000000ec264728) 
thrown [s\open\src\hotspo
Event: 24.513 Thread 0x000001df7345e030 Exception <a 'java/lang/NoSuchMethodError'{0x00000000ec28eca8}: 'java.lang.Object java.lang.invoke.DirectMethodHandle$Holder.invokeStatic(java.lang.Object, java.lang.Object, java.lang.Object, java.lang.Object, java.lang.Object, java.lang.Object, java.lang.Object, java.lang.Object, java.lang.Object, java.lang.Object, java.lang.Object, java.lang.Object, java.lang.Object, java.lang.Object, java.lang.Object, java.lang.Object, java.lang.Object, java.lang.Object, java.lang.Object)'> (0x00000000ec28eca8) 
thrown 
Event: 24.517 Thread 0x000001df7345e030 Exception <a 'java/lang/NoSuchMethodError'{0x00000000ec2b9ef8}: 'java.lang.Object java.lang.invoke.DirectMethodHandle$Holder.invokeStatic(java.lang.Object, java.lang.Object, java.lang.Object, java.lang.Object, java.lang.Object, java.lang.Object, java.lang.Object, java.lang.Object, java.lang.Object, java.lang.Object, java.lang.Object, java.lang.Object, java.lang.Object, java.lang.Object, java.lang.Object, java.lang.Object, java.lang.Object, java.lang.Object, java.lang.Object, java.lang.Object)'> (0x00000000
Event: 24.522 Thread 0x000001df7345e030 Exception <a 'java/lang/NoSuchMethodError'{0x00000000ec2ec248}: 'java.lang.Object java.lang.invoke.DirectMethodHandle$Holder.invokeStatic(java.lang.Object, java.lang.Object, java.lang.Object, java.lang.Object, java.lang.Object, java.lang.Object, java.lang.Object, java.lang.Object, java.lang.Object, java.lang.Object, java.lang.Object, java.lang.Object, java.lang.Object, java.lang.Object, java.lang.Object, java.lang.Object, java.lang.Object, java.lang.Object, java.lang.Object, java.lang.Object, java.lang.Obj
Event: 24.527 Thread 0x000001df7345e030 Exception <a 'java/lang/NoSuchMethodError'{0x00000000ec119560}: 'java.lang.Object java.lang.invoke.DirectMethodHandle$Holder.invokeStatic(java.lang.Object, java.lang.Object, java.lang.Object, java.lang.Object, java.lang.Object, java.lang.Object, java.lang.Object, java.lang.Object, java.lang.Object, java.lang.Object, java.lang.Object, java.lang.Object, java.lang.Object, java.lang.Object, java.lang.Object, java.lang.Object, java.lang.Object, java.lang.Object, java.lang.Object, java.lang.Object, java.lang.Obj
Event: 24.533 Thread 0x000001df7345e030 Exception <a 'java/lang/NoSuchMethodError'{0x00000000ec147298}: 'java.lang.Object java.lang.invoke.DirectMethodHandle$Holder.invokeStatic(java.lang.Object, java.lang.Object, java.lang.Object, java.lang.Object, java.lang.Object, java.lang.Object, java.lang.Object, java.lang.Object, java.lang.Object, java.lang.Object, java.lang.Object, java.lang.Object, java.lang.Object, java.lang.Object, java.lang.Object, java.lang.Object, java.lang.Object, java.lang.Object, java.lang.Object, java.lang.Object, java.lang.Obj
Event: 24.550 Thread 0x000001df7345e030 Exception <a 'java/lang/NoSuchMethodError'{0x00000000ec175a78}: 'java.lang.Object java.lang.invoke.DirectMethodHandle$Holder.invokeStatic(java.lang.Object, java.lang.Object, java.lang.Object, java.lang.Object, java.lang.Object, java.lang.Object, java.lang.Object, java.lang.Object, java.lang.Object, java.lang.Object, java.lang.Object, java.lang.Object, java.lang.Object, java.lang.Object, java.lang.Object, java.lang.Object, java.lang.Object, java.lang.Object, java.lang.Object, java.lang.Object, java.lang.Obj
Event: 24.562 Thread 0x000001df7345e030 Exception <a 'java/lang/NoSuchMethodError'{0x00000000ec1a64e0}: 'java.lang.Object java.lang.invoke.DirectMethodHandle$Holder.invokeStatic(java.lang.Object, java.lang.Object, java.lang.Object, java.lang.Object, java.lang.Object, java.lang.Object, java.lang.Object, java.lang.Object, java.lang.Object, java.lang.Object, java.lang.Object, java.lang.Object, java.lang.Object, java.lang.Object, java.lang.Object, java.lang.Object, java.lang.Object, java.lang.Object, java.lang.Object, java.lang.Object, java.lang.Obj
Event: 25.189 Thread 0x000001df7345e030 Exception <a 'java/lang/IncompatibleClassChangeError'{0x00000000eb83d368}: Found class java.lang.Object, but interface was expected> (0x00000000eb83d368) 
thrown [s\open\src\hotspot\share\interpreter\linkResolver.cpp, line 841]
Event: 25.352 Thread 0x000001df7345e030 Exception <a 'java/lang/NoSuchMethodError'{0x00000000eb666418}: 'int java.lang.invoke.DirectMethodHandle$Holder.invokeSpecialIFC(java.lang.Object, java.lang.Object, java.lang.Object, java.lang.Object)'> (0x00000000eb666418) 
thrown [s\open\src\hotspot\share\interpreter\linkResolver.cpp, line 774]
Event: 25.375 Thread 0x000001df7345e030 Exception <a 'java/lang/NoSuchMethodError'{0x00000000eb675708}: 'java.lang.Object java.lang.invoke.DirectMethodHandle$Holder.invokeInterface(java.lang.Object, java.lang.Object, java.lang.Object)'> (0x00000000eb675708) 
thrown [s\open\src\hotspot\share\interpreter\linkResolver.cpp, line 774]
Event: 25.375 Thread 0x000001df7345e030 Exception <a 'java/lang/IncompatibleClassChangeError'{0x00000000eb679338}: Found class java.lang.Object, but interface was expected> (0x00000000eb679338) 
thrown [s\open\src\hotspot\share\interpreter\linkResolver.cpp, line 841]
Event: 25.383 Thread 0x000001df7345e030 Exception <a 'java/lang/NoSuchMethodError'{0x00000000eb681628}: 'java.lang.Object java.lang.invoke.DirectMethodHandle$Holder.newInvokeSpecial(java.lang.Object, java.lang.Object, java.lang.Object, java.lang.Object, java.lang.Object, java.lang.Object, java.lang.Object, java.lang.Object, java.lang.Object, java.lang.Object, java.lang.Object)'> (0x00000000eb681628) 
thrown [s\open\src\hotspot\share\interpreter\linkResolver.cpp, line 774]
Event: 25.503 Thread 0x000001df7345e030 Exception <a 'java/lang/NoSuchMethodError'{0x00000000eb45f560}: 'int java.lang.invoke.DirectMethodHandle$Holder.invokeStatic(java.lang.Object, java.lang.Object, java.lang.Object, java.lang.Object)'> (0x00000000eb45f560) 
thrown [s\open\src\hotspot\share\interpreter\linkResolver.cpp, line 774]
Event: 25.721 Thread 0x000001df7345e030 Exception <a 'java/lang/NoSuchMethodError'{0x00000000eb1fb3d0}: 'java.lang.Object java.lang.invoke.DirectMethodHandle$Holder.invokeSpecial(java.lang.Object, java.lang.Object, java.lang.Object, java.lang.Object, java.lang.Object, java.lang.Object, java.lang.Object, java.lang.Object, java.lang.Object, java.lang.Object, java.lang.Object, java.lang.Object, java.lang.Object, java.lang.Object, java.lang.Object, java.lang.Object, java.lang.Object, java.lang.Object, java.lang.Object, java.lang.Object, java.lang.Ob

VM Operations (20 events):
Event: 21.825 Executing VM operation: HandshakeAllThreads
Event: 21.825 Executing VM operation: HandshakeAllThreads done
Event: 22.826 Executing VM operation: Cleanup
Event: 22.842 Executing VM operation: Cleanup done
Event: 23.277 Executing VM operation: HandshakeAllThreads
Event: 23.277 Executing VM operation: HandshakeAllThreads done
Event: 23.811 Executing VM operation: HandshakeAllThreads
Event: 23.811 Executing VM operation: HandshakeAllThreads done
Event: 24.274 Executing VM operation: HandshakeAllThreads
Event: 24.275 Executing VM operation: HandshakeAllThreads done
Event: 24.275 Executing VM operation: Cleanup
Event: 24.275 Executing VM operation: Cleanup done
Event: 24.276 Executing VM operation: HandshakeAllThreads
Event: 24.276 Executing VM operation: HandshakeAllThreads done
Event: 24.580 Executing VM operation: HandshakeAllThreads
Event: 24.580 Executing VM operation: HandshakeAllThreads done
Event: 24.581 Executing VM operation: HandshakeAllThreads
Event: 24.581 Executing VM operation: HandshakeAllThreads done
Event: 25.584 Executing VM operation: Cleanup
Event: 25.585 Executing VM operation: Cleanup done

Events (20 events):
Event: 0.156 Thread 0x000001df6f116330 Thread added: 0x000001df6f116330
Event: 0.313 Thread 0x000001df73600010 Thread added: 0x000001df73600010
Event: 1.465 Thread 0x000001df736cf000 Thread added: 0x000001df736cf000
Event: 1.850 Thread 0x000001df736cf000 Thread exited: 0x000001df736cf000
Event: 3.519 Thread 0x000001df73db7c80 Thread added: 0x000001df73db7c80
Event: 3.869 Thread 0x000001df73db7c80 Thread exited: 0x000001df73db7c80
Event: 16.367 Thread 0x000001df74379740 Thread added: 0x000001df74379740
Event: 21.538 Thread 0x000001df744360c0 Thread added: 0x000001df744360c0
Event: 21.831 Thread 0x000001df74267560 Thread added: 0x000001df74267560
Event: 22.038 Thread 0x000001df74927970 Thread added: 0x000001df74927970
Event: 22.052 Thread 0x000001df736c1fb0 Thread added: 0x000001df736c1fb0
Event: 22.227 Thread 0x000001df740578d0 Thread added: 0x000001df740578d0
Event: 22.241 Thread 0x000001df7345e030 Thread added: 0x000001df7345e030
Event: 22.290 Thread 0x000001df74253170 Thread added: 0x000001df74253170
Event: 22.312 Thread 0x000001df742536c0 Thread added: 0x000001df742536c0
Event: 22.320 Thread 0x000001df74254160 Thread added: 0x000001df74254160
Event: 23.812 Thread 0x000001df742546b0 Thread added: 0x000001df742546b0
Event: 23.912 Thread 0x000001df74255150 Thread added: 0x000001df74255150
Event: 23.995 Thread 0x000001df74253c10 Thread added: 0x000001df74253c10
Event: 25.317 Thread 0x000001df742556a0 Thread added: 0x000001df742556a0


Dynamic libraries:
0x00007ff73e470000 - 0x00007ff73e480000 	C:\Program Files\Java\jdk-19\bin\java.exe
0x00007ff876ad0000 - 0x00007ff876ce7000 	C:\WINDOWS\SYSTEM32\ntdll.dll
0x00007ff875a70000 - 0x00007ff875b34000 	C:\WINDOWS\System32\KERNEL32.DLL
0x00007ff8741a0000 - 0x00007ff874545000 	C:\WINDOWS\System32\KERNELBASE.dll
0x00007ff873ec0000 - 0x00007ff873fd1000 	C:\WINDOWS\System32\ucrtbase.dll
0x00007ff868ec0000 - 0x00007ff868ed8000 	C:\Program Files\Java\jdk-19\bin\jli.dll
0x00007ff874980000 - 0x00007ff874a31000 	C:\WINDOWS\System32\ADVAPI32.dll
0x00007ff8762a0000 - 0x00007ff876347000 	C:\WINDOWS\System32\msvcrt.dll
0x00007ff8748d0000 - 0x00007ff874976000 	C:\WINDOWS\System32\sechost.dll
0x00007ff8763d0000 - 0x00007ff8764e7000 	C:\WINDOWS\System32\RPCRT4.dll
0x00007ff875f20000 - 0x00007ff8760ce000 	C:\WINDOWS\System32\USER32.dll
0x00007ff874550000 - 0x00007ff874576000 	C:\WINDOWS\System32\win32u.dll
0x00007ff8751e0000 - 0x00007ff875209000 	C:\WINDOWS\System32\GDI32.dll
0x00007ff873fe0000 - 0x00007ff8740f9000 	C:\WINDOWS\System32\gdi32full.dll
0x00007ff874100000 - 0x00007ff87419a000 	C:\WINDOWS\System32\msvcp_win.dll
0x00007ff869b70000 - 0x00007ff869b8b000 	C:\Program Files\Java\jdk-19\bin\VCRUNTIME140.dll
0x00007ff856650000 - 0x00007ff8568e3000 	C:\WINDOWS\WinSxS\amd64_microsoft.windows.common-controls_6595b64144ccf1df_6.0.22621.2506_none_270c5ae97388e100\COMCTL32.dll
0x00007ff8605f0000 - 0x00007ff8605fa000 	C:\WINDOWS\SYSTEM32\VERSION.dll
0x00007ff8751a0000 - 0x00007ff8751d1000 	C:\WINDOWS\System32\IMM32.DLL
0x00007ff868eb0000 - 0x00007ff868ebc000 	C:\Program Files\Java\jdk-19\bin\vcruntime140_1.dll
0x00007ff8326b0000 - 0x00007ff83273e000 	C:\Program Files\Java\jdk-19\bin\msvcp140.dll
0x00007fffdbc30000 - 0x00007fffdc8f0000 	C:\Program Files\Java\jdk-19\bin\server\jvm.dll
0x00007ff84ebc0000 - 0x00007ff84ebc9000 	C:\WINDOWS\SYSTEM32\WSOCK32.dll
0x00007ff8760d0000 - 0x00007ff876141000 	C:\WINDOWS\System32\WS2_32.dll
0x00007ff869030000 - 0x00007ff869064000 	C:\WINDOWS\SYSTEM32\WINMM.dll
0x00007ff872e00000 - 0x00007ff872e18000 	C:\WINDOWS\SYSTEM32\kernel.appcore.dll
0x00007ff868ea0000 - 0x00007ff868eaa000 	C:\Program Files\Java\jdk-19\bin\jimage.dll
0x00007ff8716e0000 - 0x00007ff871913000 	C:\WINDOWS\SYSTEM32\DBGHELP.DLL
0x00007ff874df0000 - 0x00007ff875179000 	C:\WINDOWS\System32\combase.dll
0x00007ff874ca0000 - 0x00007ff874d77000 	C:\WINDOWS\System32\OLEAUT32.dll
0x00007ff84e1d0000 - 0x00007ff84e202000 	C:\WINDOWS\SYSTEM32\dbgcore.DLL
0x00007ff873e40000 - 0x00007ff873eba000 	C:\WINDOWS\System32\bcryptPrimitives.dll
0x00007ff8708e0000 - 0x00007ff8708ee000 	C:\Program Files\Java\jdk-19\bin\instrument.dll
0x00007ff868e70000 - 0x00007ff868e96000 	C:\Program Files\Java\jdk-19\bin\java.dll
0x00007fffdbb50000 - 0x00007fffdbc27000 	C:\Program Files\Java\jdk-19\bin\jsvml.dll
0x00007ff875210000 - 0x00007ff875a69000 	C:\WINDOWS\System32\SHELL32.dll
0x00007ff871d10000 - 0x00007ff872604000 	C:\WINDOWS\SYSTEM32\windows.storage.dll
0x00007ff871bd0000 - 0x00007ff871d0e000 	C:\WINDOWS\SYSTEM32\wintypes.dll
0x00007ff874ba0000 - 0x00007ff874c93000 	C:\WINDOWS\System32\SHCORE.dll
0x00007ff875ec0000 - 0x00007ff875f1e000 	C:\WINDOWS\System32\shlwapi.dll
0x00007ff873d70000 - 0x00007ff873d96000 	C:\WINDOWS\SYSTEM32\profapi.dll
0x00007ff859aa0000 - 0x00007ff859ab8000 	C:\Program Files\Java\jdk-19\bin\zip.dll
0x00007ff868e50000 - 0x00007ff868e63000 	C:\Program Files\Java\jdk-19\bin\net.dll
0x00007ff869f10000 - 0x00007ff86a047000 	C:\WINDOWS\SYSTEM32\WINHTTP.dll
0x00007ff873270000 - 0x00007ff8732d9000 	C:\WINDOWS\system32\mswsock.dll
0x00007ff868e30000 - 0x00007ff868e46000 	C:\Program Files\Java\jdk-19\bin\nio.dll
0x00007ff8393a0000 - 0x00007ff8393b0000 	C:\Program Files\Java\jdk-19\bin\verify.dll
0x00007ff86ebc0000 - 0x00007ff86ebe7000 	C:\Users\HP\.gradle\native\68d5fa5c4cc2d200863cafc0d521ce42e7d3e7ee720ec0a83991735586a16f82\windows-amd64\native-platform.dll
0x00007ff843100000 - 0x00007ff843244000 	C:\Users\HP\.gradle\native\e376f236ea51e6404a007f0833ffe2c6e607c4080706a723a18a27aeea778392\windows-amd64\native-platform-file-events.dll
0x00007ff86ebb0000 - 0x00007ff86ebba000 	C:\Program Files\Java\jdk-19\bin\management.dll
0x00007ff86eba0000 - 0x00007ff86ebab000 	C:\Program Files\Java\jdk-19\bin\management_ext.dll
0x00007ff874820000 - 0x00007ff874828000 	C:\WINDOWS\System32\PSAPI.DLL
0x00007ff8735c0000 - 0x00007ff8735db000 	C:\WINDOWS\SYSTEM32\CRYPTSP.dll
0x00007ff872d60000 - 0x00007ff872d95000 	C:\WINDOWS\system32\rsaenh.dll
0x00007ff873310000 - 0x00007ff87333c000 	C:\WINDOWS\SYSTEM32\USERENV.dll
0x00007ff873700000 - 0x00007ff873728000 	C:\WINDOWS\SYSTEM32\bcrypt.dll
0x00007ff8735a0000 - 0x00007ff8735ac000 	C:\WINDOWS\SYSTEM32\CRYPTBASE.dll
0x00007ff872870000 - 0x00007ff87289d000 	C:\WINDOWS\SYSTEM32\IPHLPAPI.DLL
0x00007ff8748c0000 - 0x00007ff8748c9000 	C:\WINDOWS\System32\NSI.dll
0x00007ff869db0000 - 0x00007ff869dc9000 	C:\WINDOWS\SYSTEM32\dhcpcsvc6.DLL
0x00007ff869c80000 - 0x00007ff869c9f000 	C:\WINDOWS\SYSTEM32\dhcpcsvc.DLL
0x00007ff8728e0000 - 0x00007ff8729d9000 	C:\WINDOWS\SYSTEM32\DNSAPI.dll
0x00007ff859a90000 - 0x00007ff859a98000 	C:\Program Files\Java\jdk-19\bin\extnet.dll
0x00007ff86eb90000 - 0x00007ff86eb9e000 	C:\Program Files\Java\jdk-19\bin\sunmscapi.dll
0x00007ff8746b0000 - 0x00007ff874816000 	C:\WINDOWS\System32\CRYPT32.dll
0x00007ff8736d0000 - 0x00007ff8736fd000 	C:\WINDOWS\SYSTEM32\ncrypt.dll
0x00007ff873690000 - 0x00007ff8736c7000 	C:\WINDOWS\SYSTEM32\NTASN1.dll
0x00007ff841970000 - 0x00007ff841978000 	C:\WINDOWS\system32\wshunix.dll

dbghelp: loaded successfully - version: 4.0.5 - missing functions: none
symbol engine: initialized successfully - sym options: 0x614 - pdb path: .;C:\Program Files\Java\jdk-19\bin;C:\WINDOWS\SYSTEM32;C:\WINDOWS\WinSxS\amd64_microsoft.windows.common-controls_6595b64144ccf1df_6.0.22621.2506_none_270c5ae97388e100;C:\Program Files\Java\jdk-19\bin\server;C:\Users\HP\.gradle\native\68d5fa5c4cc2d200863cafc0d521ce42e7d3e7ee720ec0a83991735586a16f82\windows-amd64;C:\Users\HP\.gradle\native\e376f236ea51e6404a007f0833ffe2c6e607c4080706a723a18a27aeea778392\windows-amd64

VM Arguments:
jvm_args: --add-opens=java.base/java.util=ALL-UNNAMED --add-opens=java.base/java.lang=ALL-UNNAMED --add-opens=java.base/java.lang.invoke=ALL-UNNAMED --add-opens=java.prefs/java.util.prefs=ALL-UNNAMED --add-opens=java.base/java.nio.charset=ALL-UNNAMED --add-opens=java.base/java.net=ALL-UNNAMED --add-opens=java.base/java.util.concurrent.atomic=ALL-UNNAMED -XX:MaxMetaspaceSize=384m -XX:+HeapDumpOnOutOfMemoryError -Xms256m -Xmx512m -Dfile.encoding=windows-1251 -Duser.country=US -Duser.language=en -Duser.variant -javaagent:C:\Users\HP\.gradle\wrapper\dists\gradle-8.3-bin\dxjbbhstwasg8cbags9q7cvli\gradle-8.3\lib\agents\gradle-instrumentation-agent-8.3.jar 
java_command: org.gradle.launcher.daemon.bootstrap.GradleDaemon 8.3
java_class_path (initial): C:\Users\HP\.gradle\wrapper\dists\gradle-8.3-bin\dxjbbhstwasg8cbags9q7cvli\gradle-8.3\lib\gradle-launcher-8.3.jar
Launcher Type: SUN_STANDARD

[Global flags]
     intx CICompilerCount                          = 4                                         {product} {ergonomic}
   size_t CompressedClassSpaceSize                 = 322961408                                 {product} {ergonomic}
     uint ConcGCThreads                            = 3                                         {product} {ergonomic}
     uint G1ConcRefinementThreads                  = 10                                        {product} {ergonomic}
   size_t G1HeapRegionSize                         = 1048576                                   {product} {ergonomic}
    uintx GCDrainStackTargetSize                   = 64                                        {product} {ergonomic}
     bool HeapDumpOnOutOfMemoryError               = true                                   {manageable} {command line}
   size_t InitialHeapSize                          = 268435456                                 {product} {command line}
   size_t MarkStackSize                            = 4194304                                   {product} {ergonomic}
   size_t MaxHeapSize                              = 536870912                                 {product} {command line}
   size_t MaxMetaspaceSize                         = 402653184                                 {product} {command line}
   size_t MaxNewSize                               = 321912832                                 {product} {ergonomic}
   size_t MinHeapDeltaBytes                        = 1048576                                   {product} {ergonomic}
   size_t MinHeapSize                              = 268435456                                 {product} {command line}
    uintx NonNMethodCodeHeapSize                   = 5839372                                {pd product} {ergonomic}
    uintx NonProfiledCodeHeapSize                  = 122909434                              {pd product} {ergonomic}
    uintx ProfiledCodeHeapSize                     = 122909434                              {pd product} {ergonomic}
    uintx ReservedCodeCacheSize                    = 251658240                              {pd product} {ergonomic}
     bool SegmentedCodeCache                       = true                                      {product} {ergonomic}
   size_t SoftMaxHeapSize                          = 536870912                              {manageable} {ergonomic}
     bool UseCompressedClassPointers               = true                           {product lp64_product} {ergonomic}
     bool UseCompressedOops                        = true                           {product lp64_product} {ergonomic}
     bool UseG1GC                                  = true                                      {product} {ergonomic}
     bool UseLargePagesIndividualAllocation        = false                                  {pd product} {ergonomic}

Logging:
Log output configuration:
 #0: stdout all=warning uptime,level,tags foldmultilines=false
 #1: stderr all=off uptime,level,tags foldmultilines=false

Environment Variables:
JAVA_HOME=C:\Program Files\Java\jdk-19
PATH=C:\Program Files\Common Files\Oracle\Java\javapath;C:\Program Files (x86)\Common Files\Oracle\Java\javapath;C:\WINDOWS\system32;C:\WINDOWS;C:\WINDOWS\System32\Wbem;C:\WINDOWS\System32\WindowsPowerShell\v1.0\;C:\WINDOWS\System32\OpenSSH\;C:\Program Files (x86)\Common Files\Acronis\SnapAPI\;C:\Program Files\Git\cmd;C:\Program Files\Docker\Docker\resources\bin;C:\Users\HP\AppData\Local\Microsoft\WindowsApps;C:\Program Files\Java\jdk-19\bin;%Intellij IDEA%;
USERNAME=HP
OS=Windows_NT
PROCESSOR_IDENTIFIER=Intel64 Family 6 Model 154 Stepping 4, GenuineIntel
TMP=C:\Users\HP\AppData\Local\Temp
TEMP=C:\Users\HP\AppData\Local\Temp



---------------  S Y S T E M  ---------------

OS:
 Windows 11 , 64 bit Build 22621 (10.0.22621.2506)
OS uptime: 0 days 2:06 hours
Hyper-V role detected

CPU: total 12 (initial active 12) (6 cores per cpu, 2 threads per core) family 6 model 154 stepping 4 microcode 0x42c, cx8, cmov, fxsr, ht, mmx, 3dnowpref, sse, sse2, sse3, ssse3, sse4.1, sse4.2, popcnt, lzcnt, tsc, tscinvbit, avx, avx2, aes, erms, clmul, bmi1, bmi2, adx, sha, fma, vzeroupper, clflush, clflushopt, clwb, hv, serialize, rdtscp, rdpid, fsrm

Memory: 4k page, system-wide physical 7863M (307M free)
TotalPageFile size 16799M (AvailPageFile size 1M)
current process WorkingSet (physical memory assigned to process): 201M, peak: 201M
current process commit charge ("private bytes"): 421M, peak: 421M

vm_info: Java HotSpot(TM) 64-Bit Server VM (19.0.1+10-21) for windows-amd64 JRE (19.0.1+10-21), built on 2022-09-14T12:45:06Z by "mach5one" with MS VC++ 17.1 (VS2022)

END.
