#
# There is insufficient memory for the Java Runtime Environment to continue.
# Native memory allocation (malloc) failed to allocate 446352 bytes for Chunk::new
# Possible reasons:
#   The system is out of physical RAM or swap space
#   The process is running with CompressedOops enabled, and the Java Heap may be blocking the growth of the native heap
# Possible solutions:
#   Reduce memory load on the system
#   Increase physical memory or swap space
#   Check if swap backing store is full
#   Decrease Java heap size (-Xmx/-Xms)
#   Decrease number of Java threads
#   Decrease Java thread stack sizes (-Xss)
#   Set larger code cache with -XX:ReservedCodeCacheSize=
#   JVM is running with Unscaled Compressed Oops mode in which the Java heap is
#     placed in the first 4GB address space. The Java Heap base address is the
#     maximum limit for the native heap growth. Please use -XX:HeapBaseMinAddress
#     to set the Java Heap base and to place the Java Heap above 4GB virtual address.
# This output file may be truncated or incomplete.
#
#  Out of Memory Error (arena.cpp:184), pid=7124, tid=6636
#
# JRE version: Java(TM) SE Runtime Environment (19.0.1+10) (build 19.0.1+10-21)
# Java VM: Java HotSpot(TM) 64-Bit Server VM (19.0.1+10-21, mixed mode, sharing, tiered, compressed oops, compressed class ptrs, g1 gc, windows-amd64)
# No core dump will be written. Minidumps are not enabled by default on client versions of Windows
#

---------------  S U M M A R Y ------------

Command Line: --add-opens=java.base/java.util=ALL-UNNAMED --add-opens=java.base/java.lang=ALL-UNNAMED --add-opens=java.base/java.lang.invoke=ALL-UNNAMED --add-opens=java.prefs/java.util.prefs=ALL-UNNAMED --add-opens=java.base/java.nio.charset=ALL-UNNAMED --add-opens=java.base/java.net=ALL-UNNAMED --add-opens=java.base/java.util.concurrent.atomic=ALL-UNNAMED -XX:MaxMetaspaceSize=384m -XX:+HeapDumpOnOutOfMemoryError -Xms256m -Xmx512m -Dfile.encoding=windows-1251 -Duser.country=US -Duser.language=en -Duser.variant -javaagent:C:\Users\HP\.gradle\wrapper\dists\gradle-8.3-bin\dxjbbhstwasg8cbags9q7cvli\gradle-8.3\lib\agents\gradle-instrumentation-agent-8.3.jar org.gradle.launcher.daemon.bootstrap.GradleDaemon 8.3

Host: 12th Gen Intel(R) Core(TM) i5-1235U, 12 cores, 7G,  Windows 11 , 64 bit Build 22621 (10.0.22621.2506)
Time: Sun Nov 19 17:46:58 2023 West Asia Standard Time elapsed time: 26.343377 seconds (0d 0h 0m 26s)

---------------  T H R E A D  ---------------

Current thread (0x00000165ff4e9e50):  JavaThread "C2 CompilerThread0" daemon [_thread_in_native, id=6636, stack(0x0000001c5d800000,0x0000001c5d900000)]


Current CompileTask:
C2:  26343 2419   !   4       java.util.zip.InflaterInputStream::read (122 bytes)

Stack: [0x0000001c5d800000,0x0000001c5d900000]
Native frames: (J=compiled Java code, j=interpreted, Vv=VM code, C=native code)
V  [jvm.dll+0x6ee8fa]
V  [jvm.dll+0x857a1e]
V  [jvm.dll+0x85940e]
V  [jvm.dll+0x859ac3]
V  [jvm.dll+0x28291f]
V  [jvm.dll+0xc9b5f]
V  [jvm.dll+0xc9ee5]
V  [jvm.dll+0x3bcbac]
V  [jvm.dll+0x386201]
V  [jvm.dll+0x38567a]
V  [jvm.dll+0x24c2c9]
V  [jvm.dll+0x24b671]
V  [jvm.dll+0x1d6d61]
V  [jvm.dll+0x25b0fa]
V  [jvm.dll+0x259588]
V  [jvm.dll+0x807928]
V  [jvm.dll+0x8015fa]
V  [jvm.dll+0x6ed5eb]
C  [ucrtbase.dll+0x29363]
C  [KERNEL32.DLL+0x1257d]
C  [ntdll.dll+0x5aa58]


---------------  P R O C E S S  ---------------

Threads class SMR info:
_java_thread_list=0x00000165ff7e9b30, length=22, elements={
0x00000165e408b360, 0x00000165ff4e3690, 0x00000165ff4e4480, 0x00000165ff4e52b0,
0x00000165ff4e5de0, 0x00000165ff4e88c0, 0x00000165ff4e91f0, 0x00000165ff4e9e50,
0x00000165ff4eee60, 0x00000165ff4f1980, 0x00000165ff692e10, 0x00000165ff7de5a0,
0x0000016584e01830, 0x00000165ff72e950, 0x000001658405a5d0, 0x0000016584685170,
0x00000165856d18a0, 0x00000165857ec910, 0x00000165846eb410, 0x00000165845901e0,
0x0000016584592710, 0x0000016584590730
}

Java Threads: ( => current thread )
  0x00000165e408b360 JavaThread "main" [_thread_blocked, id=7448, stack(0x0000001c5cb00000,0x0000001c5cc00000)]
  0x00000165ff4e3690 JavaThread "Reference Handler" daemon [_thread_blocked, id=3040, stack(0x0000001c5d200000,0x0000001c5d300000)]
  0x00000165ff4e4480 JavaThread "Finalizer" daemon [_thread_blocked, id=17720, stack(0x0000001c5d300000,0x0000001c5d400000)]
  0x00000165ff4e52b0 JavaThread "Signal Dispatcher" daemon [_thread_blocked, id=7768, stack(0x0000001c5d400000,0x0000001c5d500000)]
  0x00000165ff4e5de0 JavaThread "Attach Listener" daemon [_thread_blocked, id=17036, stack(0x0000001c5d500000,0x0000001c5d600000)]
  0x00000165ff4e88c0 JavaThread "Service Thread" daemon [_thread_blocked, id=3636, stack(0x0000001c5d600000,0x0000001c5d700000)]
  0x00000165ff4e91f0 JavaThread "Monitor Deflation Thread" daemon [_thread_blocked, id=14196, stack(0x0000001c5d700000,0x0000001c5d800000)]
=>0x00000165ff4e9e50 JavaThread "C2 CompilerThread0" daemon [_thread_in_native, id=6636, stack(0x0000001c5d800000,0x0000001c5d900000)]
  0x00000165ff4eee60 JavaThread "C1 CompilerThread0" daemon [_thread_blocked, id=9608, stack(0x0000001c5d900000,0x0000001c5da00000)]
  0x00000165ff4f1980 JavaThread "Sweeper thread" daemon [_thread_blocked, id=16844, stack(0x0000001c5da00000,0x0000001c5db00000)]
  0x00000165ff692e10 JavaThread "Common-Cleaner" daemon [_thread_blocked, id=10944, stack(0x0000001c5db00000,0x0000001c5dc00000)]
  0x00000165ff7de5a0 JavaThread "Notification Thread" daemon [_thread_blocked, id=18096, stack(0x0000001c5dc00000,0x0000001c5dd00000)]
  0x0000016584e01830 JavaThread "Daemon health stats" [_thread_blocked, id=2528, stack(0x0000001c5de00000,0x0000001c5df00000)]
  0x00000165ff72e950 JavaThread "Incoming local TCP Connector on port 63509" [_thread_in_native, id=17120, stack(0x0000001c5e400000,0x0000001c5e500000)]
  0x000001658405a5d0 JavaThread "Daemon periodic checks" [_thread_blocked, id=1000, stack(0x0000001c5e500000,0x0000001c5e600000)]
  0x0000016584685170 JavaThread "Daemon" [_thread_blocked, id=11740, stack(0x0000001c5e600000,0x0000001c5e700000)]
  0x00000165856d18a0 JavaThread "Handler for socket connection from /127.0.0.1:63509 to /127.0.0.1:63516" [_thread_in_native, id=11048, stack(0x0000001c5e700000,0x0000001c5e800000)]
  0x00000165857ec910 JavaThread "Cancel handler" [_thread_blocked, id=17648, stack(0x0000001c5e800000,0x0000001c5e900000)]
  0x00000165846eb410 JavaThread "Daemon worker" [_thread_in_vm, id=16840, stack(0x0000001c5e900000,0x0000001c5ea00000)]
  0x00000165845901e0 JavaThread "Asynchronous log dispatcher for DefaultDaemonConnection: socket connection from /127.0.0.1:63509 to /127.0.0.1:63516" [_thread_blocked, id=13036, stack(0x0000001c5ea00000,0x0000001c5eb00000)]
  0x0000016584592710 JavaThread "Stdin handler" [_thread_blocked, id=16096, stack(0x0000001c5eb00000,0x0000001c5ec00000)]
  0x0000016584590730 JavaThread "Daemon client event forwarder" [_thread_blocked, id=2472, stack(0x0000001c5ec00000,0x0000001c5ed00000)]

Other Threads:
  0x00000165ff4c6570 VMThread "VM Thread" [stack: 0x0000001c5d100000,0x0000001c5d200000] [id=18388]
  0x00000165ff7deae0 WatcherThread "VM Periodic Task Thread" [stack: 0x0000001c5dd00000,0x0000001c5de00000] [id=17412]
  0x00000165e40bd190 WorkerThread "GC Thread#0" [stack: 0x0000001c5cc00000,0x0000001c5cd00000] [id=2180]
  0x0000016584544680 WorkerThread "GC Thread#1" [stack: 0x0000001c5df00000,0x0000001c5e000000] [id=2232]
  0x0000016584543870 WorkerThread "GC Thread#2" [stack: 0x0000001c5e000000,0x0000001c5e100000] [id=8500]
  0x00000165845443b0 WorkerThread "GC Thread#3" [stack: 0x0000001c5e100000,0x0000001c5e200000] [id=17640]
  0x0000016584543b40 WorkerThread "GC Thread#4" [stack: 0x0000001c5e200000,0x0000001c5e300000] [id=17264]
  0x0000016584544ef0 WorkerThread "GC Thread#5" [stack: 0x0000001c5e300000,0x0000001c5e400000] [id=16420]
  0x00000165e40c20f0 ConcurrentGCThread "G1 Main Marker" [stack: 0x0000001c5cd00000,0x0000001c5ce00000] [id=15916]
  0x00000165e40c3b30 WorkerThread "G1 Conc#0" [stack: 0x0000001c5ce00000,0x0000001c5cf00000] [id=9104]
  0x00000165ff38c5a0 ConcurrentGCThread "G1 Refine#0" [stack: 0x0000001c5cf00000,0x0000001c5d000000] [id=11124]
  0x00000165ff38d790 ConcurrentGCThread "G1 Service" [stack: 0x0000001c5d000000,0x0000001c5d100000] [id=18332]

Threads with active compile tasks:
C2 CompilerThread0    26381 2419   !   4       java.util.zip.InflaterInputStream::read (122 bytes)

VM state: not at safepoint (normal execution)

VM Mutex/Monitor currently owned by a thread: None

Heap address: 0x00000000e0000000, size: 512 MB, Compressed Oops mode: 32-bit

CDS archive(s) mapped at: [0x0000000800000000-0x0000000800c40000-0x0000000800c40000), size 12845056, SharedBaseAddress: 0x0000000800000000, ArchiveRelocationMode: 0.
Compressed class space mapped at: 0x0000000801000000-0x0000000814400000, reserved size: 322961408
Narrow klass base: 0x0000000800000000, Narrow klass shift: 0, Narrow klass range: 0x100000000

GC Precious Log:
 CardTable entry size: 512
 Card Set container configuration: InlinePtr #cards 5 size 8 Array Of Cards #cards 12 size 40 Howl #buckets 4 coarsen threshold 1843 Howl Bitmap #cards 512 size 80 coarsen threshold 460 Card regions per heap region 1 cards per card region 2048
 CPUs: 12 total, 12 available
 Memory: 7863M
 Large Page Support: Disabled
 NUMA Support: Disabled
 Compressed Oops: Enabled (32-bit)
 Heap Region Size: 1M
 Heap Min Capacity: 256M
 Heap Initial Capacity: 256M
 Heap Max Capacity: 512M
 Pre-touch: Disabled
 Parallel Workers: 10
 Concurrent Workers: 3
 Concurrent Refinement Workers: 10
 Periodic GC: Disabled

Heap:
 garbage-first heap   total 262144K, used 63008K [0x00000000e0000000, 0x0000000100000000)
  region size 1024K, 54 young (55296K), 4 survivors (4096K)
 Metaspace       used 14189K, committed 14592K, reserved 380928K
  class space    used 1889K, committed 2048K, reserved 315392K

Heap Regions: E=young(eden), S=young(survivor), O=old, HS=humongous(starts), HC=humongous(continues), CS=collection set, F=free, OA=open archive, CA=closed archive, TAMS=top-at-mark-start (previous, next)
|   0|0x00000000e0000000, 0x00000000e0100000, 0x00000000e0100000|100%|HS|  |TAMS 0x00000000e0000000, 0x00000000e0000000| Complete 
|   1|0x00000000e0100000, 0x00000000e0200000, 0x00000000e0200000|100%|HC|  |TAMS 0x00000000e0100000, 0x00000000e0100000| Complete 
|   2|0x00000000e0200000, 0x00000000e0300000, 0x00000000e0300000|100%|HC|  |TAMS 0x00000000e0200000, 0x00000000e0200000| Complete 
|   3|0x00000000e0300000, 0x00000000e0400000, 0x00000000e0400000|100%|HC|  |TAMS 0x00000000e0300000, 0x00000000e0300000| Complete 
|   4|0x00000000e0400000, 0x00000000e0500000, 0x00000000e0500000|100%| O|  |TAMS 0x00000000e0400000, 0x00000000e0400000| Untracked 
|   5|0x00000000e0500000, 0x00000000e0600000, 0x00000000e0600000|100%| O|  |TAMS 0x00000000e0500000, 0x00000000e0500000| Untracked 
|   6|0x00000000e0600000, 0x00000000e0700000, 0x00000000e0700000|100%| O|  |TAMS 0x00000000e0600000, 0x00000000e0600000| Untracked 
|   7|0x00000000e0700000, 0x00000000e0700000, 0x00000000e0800000|  0%| F|  |TAMS 0x00000000e0700000, 0x00000000e0700000| Untracked 
|   8|0x00000000e0800000, 0x00000000e0900000, 0x00000000e0900000|100%| O|  |TAMS 0x00000000e0800000, 0x00000000e0800000| Untracked 
|   9|0x00000000e0900000, 0x00000000e0a00000, 0x00000000e0a00000|100%| O|  |TAMS 0x00000000e0900000, 0x00000000e0900000| Untracked 
|  10|0x00000000e0a00000, 0x00000000e0b00000, 0x00000000e0b00000|100%| O|  |TAMS 0x00000000e0a00000, 0x00000000e0a00000| Untracked 
|  11|0x00000000e0b00000, 0x00000000e0b0e800, 0x00000000e0c00000|  5%| O|  |TAMS 0x00000000e0b00000, 0x00000000e0b00000| Untracked 
|  12|0x00000000e0c00000, 0x00000000e0c00000, 0x00000000e0d00000|  0%| F|  |TAMS 0x00000000e0c00000, 0x00000000e0c00000| Untracked 
|  13|0x00000000e0d00000, 0x00000000e0d00000, 0x00000000e0e00000|  0%| F|  |TAMS 0x00000000e0d00000, 0x00000000e0d00000| Untracked 
|  14|0x00000000e0e00000, 0x00000000e0e00000, 0x00000000e0f00000|  0%| F|  |TAMS 0x00000000e0e00000, 0x00000000e0e00000| Untracked 
|  15|0x00000000e0f00000, 0x00000000e0f00000, 0x00000000e1000000|  0%| F|  |TAMS 0x00000000e0f00000, 0x00000000e0f00000| Untracked 
|  16|0x00000000e1000000, 0x00000000e1000000, 0x00000000e1100000|  0%| F|  |TAMS 0x00000000e1000000, 0x00000000e1000000| Untracked 
|  17|0x00000000e1100000, 0x00000000e1100000, 0x00000000e1200000|  0%| F|  |TAMS 0x00000000e1100000, 0x00000000e1100000| Untracked 
|  18|0x00000000e1200000, 0x00000000e1200000, 0x00000000e1300000|  0%| F|  |TAMS 0x00000000e1200000, 0x00000000e1200000| Untracked 
|  19|0x00000000e1300000, 0x00000000e1300000, 0x00000000e1400000|  0%| F|  |TAMS 0x00000000e1300000, 0x00000000e1300000| Untracked 
|  20|0x00000000e1400000, 0x00000000e1400000, 0x00000000e1500000|  0%| F|  |TAMS 0x00000000e1400000, 0x00000000e1400000| Untracked 
|  21|0x00000000e1500000, 0x00000000e1500000, 0x00000000e1600000|  0%| F|  |TAMS 0x00000000e1500000, 0x00000000e1500000| Untracked 
|  22|0x00000000e1600000, 0x00000000e1600000, 0x00000000e1700000|  0%| F|  |TAMS 0x00000000e1600000, 0x00000000e1600000| Untracked 
|  23|0x00000000e1700000, 0x00000000e1700000, 0x00000000e1800000|  0%| F|  |TAMS 0x00000000e1700000, 0x00000000e1700000| Untracked 
|  24|0x00000000e1800000, 0x00000000e1800000, 0x00000000e1900000|  0%| F|  |TAMS 0x00000000e1800000, 0x00000000e1800000| Untracked 
|  25|0x00000000e1900000, 0x00000000e1900000, 0x00000000e1a00000|  0%| F|  |TAMS 0x00000000e1900000, 0x00000000e1900000| Untracked 
|  26|0x00000000e1a00000, 0x00000000e1a00000, 0x00000000e1b00000|  0%| F|  |TAMS 0x00000000e1a00000, 0x00000000e1a00000| Untracked 
|  27|0x00000000e1b00000, 0x00000000e1b00000, 0x00000000e1c00000|  0%| F|  |TAMS 0x00000000e1b00000, 0x00000000e1b00000| Untracked 
|  28|0x00000000e1c00000, 0x00000000e1c00000, 0x00000000e1d00000|  0%| F|  |TAMS 0x00000000e1c00000, 0x00000000e1c00000| Untracked 
|  29|0x00000000e1d00000, 0x00000000e1d00000, 0x00000000e1e00000|  0%| F|  |TAMS 0x00000000e1d00000, 0x00000000e1d00000| Untracked 
|  30|0x00000000e1e00000, 0x00000000e1e00000, 0x00000000e1f00000|  0%| F|  |TAMS 0x00000000e1e00000, 0x00000000e1e00000| Untracked 
|  31|0x00000000e1f00000, 0x00000000e1f00000, 0x00000000e2000000|  0%| F|  |TAMS 0x00000000e1f00000, 0x00000000e1f00000| Untracked 
|  32|0x00000000e2000000, 0x00000000e2000000, 0x00000000e2100000|  0%| F|  |TAMS 0x00000000e2000000, 0x00000000e2000000| Untracked 
|  33|0x00000000e2100000, 0x00000000e2100000, 0x00000000e2200000|  0%| F|  |TAMS 0x00000000e2100000, 0x00000000e2100000| Untracked 
|  34|0x00000000e2200000, 0x00000000e2200000, 0x00000000e2300000|  0%| F|  |TAMS 0x00000000e2200000, 0x00000000e2200000| Untracked 
|  35|0x00000000e2300000, 0x00000000e2300000, 0x00000000e2400000|  0%| F|  |TAMS 0x00000000e2300000, 0x00000000e2300000| Untracked 
|  36|0x00000000e2400000, 0x00000000e2400000, 0x00000000e2500000|  0%| F|  |TAMS 0x00000000e2400000, 0x00000000e2400000| Untracked 
|  37|0x00000000e2500000, 0x00000000e2500000, 0x00000000e2600000|  0%| F|  |TAMS 0x00000000e2500000, 0x00000000e2500000| Untracked 
|  38|0x00000000e2600000, 0x00000000e2600000, 0x00000000e2700000|  0%| F|  |TAMS 0x00000000e2600000, 0x00000000e2600000| Untracked 
|  39|0x00000000e2700000, 0x00000000e2700000, 0x00000000e2800000|  0%| F|  |TAMS 0x00000000e2700000, 0x00000000e2700000| Untracked 
|  40|0x00000000e2800000, 0x00000000e2800000, 0x00000000e2900000|  0%| F|  |TAMS 0x00000000e2800000, 0x00000000e2800000| Untracked 
|  41|0x00000000e2900000, 0x00000000e2900000, 0x00000000e2a00000|  0%| F|  |TAMS 0x00000000e2900000, 0x00000000e2900000| Untracked 
|  42|0x00000000e2a00000, 0x00000000e2a00000, 0x00000000e2b00000|  0%| F|  |TAMS 0x00000000e2a00000, 0x00000000e2a00000| Untracked 
|  43|0x00000000e2b00000, 0x00000000e2b00000, 0x00000000e2c00000|  0%| F|  |TAMS 0x00000000e2b00000, 0x00000000e2b00000| Untracked 
|  44|0x00000000e2c00000, 0x00000000e2c00000, 0x00000000e2d00000|  0%| F|  |TAMS 0x00000000e2c00000, 0x00000000e2c00000| Untracked 
|  45|0x00000000e2d00000, 0x00000000e2d00000, 0x00000000e2e00000|  0%| F|  |TAMS 0x00000000e2d00000, 0x00000000e2d00000| Untracked 
|  46|0x00000000e2e00000, 0x00000000e2e00000, 0x00000000e2f00000|  0%| F|  |TAMS 0x00000000e2e00000, 0x00000000e2e00000| Untracked 
|  47|0x00000000e2f00000, 0x00000000e2f00000, 0x00000000e3000000|  0%| F|  |TAMS 0x00000000e2f00000, 0x00000000e2f00000| Untracked 
|  48|0x00000000e3000000, 0x00000000e3000000, 0x00000000e3100000|  0%| F|  |TAMS 0x00000000e3000000, 0x00000000e3000000| Untracked 
|  49|0x00000000e3100000, 0x00000000e3100000, 0x00000000e3200000|  0%| F|  |TAMS 0x00000000e3100000, 0x00000000e3100000| Untracked 
|  50|0x00000000e3200000, 0x00000000e3200000, 0x00000000e3300000|  0%| F|  |TAMS 0x00000000e3200000, 0x00000000e3200000| Untracked 
|  51|0x00000000e3300000, 0x00000000e3300000, 0x00000000e3400000|  0%| F|  |TAMS 0x00000000e3300000, 0x00000000e3300000| Untracked 
|  52|0x00000000e3400000, 0x00000000e3400000, 0x00000000e3500000|  0%| F|  |TAMS 0x00000000e3400000, 0x00000000e3400000| Untracked 
|  53|0x00000000e3500000, 0x00000000e3500000, 0x00000000e3600000|  0%| F|  |TAMS 0x00000000e3500000, 0x00000000e3500000| Untracked 
|  54|0x00000000e3600000, 0x00000000e3600000, 0x00000000e3700000|  0%| F|  |TAMS 0x00000000e3600000, 0x00000000e3600000| Untracked 
|  55|0x00000000e3700000, 0x00000000e3700000, 0x00000000e3800000|  0%| F|  |TAMS 0x00000000e3700000, 0x00000000e3700000| Untracked 
|  56|0x00000000e3800000, 0x00000000e3800000, 0x00000000e3900000|  0%| F|  |TAMS 0x00000000e3800000, 0x00000000e3800000| Untracked 
|  57|0x00000000e3900000, 0x00000000e3900000, 0x00000000e3a00000|  0%| F|  |TAMS 0x00000000e3900000, 0x00000000e3900000| Untracked 
|  58|0x00000000e3a00000, 0x00000000e3a00000, 0x00000000e3b00000|  0%| F|  |TAMS 0x00000000e3a00000, 0x00000000e3a00000| Untracked 
|  59|0x00000000e3b00000, 0x00000000e3b00000, 0x00000000e3c00000|  0%| F|  |TAMS 0x00000000e3b00000, 0x00000000e3b00000| Untracked 
|  60|0x00000000e3c00000, 0x00000000e3c00000, 0x00000000e3d00000|  0%| F|  |TAMS 0x00000000e3c00000, 0x00000000e3c00000| Untracked 
|  61|0x00000000e3d00000, 0x00000000e3d00000, 0x00000000e3e00000|  0%| F|  |TAMS 0x00000000e3d00000, 0x00000000e3d00000| Untracked 
|  62|0x00000000e3e00000, 0x00000000e3e00000, 0x00000000e3f00000|  0%| F|  |TAMS 0x00000000e3e00000, 0x00000000e3e00000| Untracked 
|  63|0x00000000e3f00000, 0x00000000e3f00000, 0x00000000e4000000|  0%| F|  |TAMS 0x00000000e3f00000, 0x00000000e3f00000| Untracked 
|  64|0x00000000e4000000, 0x00000000e4000000, 0x00000000e4100000|  0%| F|  |TAMS 0x00000000e4000000, 0x00000000e4000000| Untracked 
|  65|0x00000000e4100000, 0x00000000e4100000, 0x00000000e4200000|  0%| F|  |TAMS 0x00000000e4100000, 0x00000000e4100000| Untracked 
|  66|0x00000000e4200000, 0x00000000e4200000, 0x00000000e4300000|  0%| F|  |TAMS 0x00000000e4200000, 0x00000000e4200000| Untracked 
|  67|0x00000000e4300000, 0x00000000e4300000, 0x00000000e4400000|  0%| F|  |TAMS 0x00000000e4300000, 0x00000000e4300000| Untracked 
|  68|0x00000000e4400000, 0x00000000e4400000, 0x00000000e4500000|  0%| F|  |TAMS 0x00000000e4400000, 0x00000000e4400000| Untracked 
|  69|0x00000000e4500000, 0x00000000e4500000, 0x00000000e4600000|  0%| F|  |TAMS 0x00000000e4500000, 0x00000000e4500000| Untracked 
|  70|0x00000000e4600000, 0x00000000e4600000, 0x00000000e4700000|  0%| F|  |TAMS 0x00000000e4600000, 0x00000000e4600000| Untracked 
|  71|0x00000000e4700000, 0x00000000e4700000, 0x00000000e4800000|  0%| F|  |TAMS 0x00000000e4700000, 0x00000000e4700000| Untracked 
|  72|0x00000000e4800000, 0x00000000e4800000, 0x00000000e4900000|  0%| F|  |TAMS 0x00000000e4800000, 0x00000000e4800000| Untracked 
|  73|0x00000000e4900000, 0x00000000e4900000, 0x00000000e4a00000|  0%| F|  |TAMS 0x00000000e4900000, 0x00000000e4900000| Untracked 
|  74|0x00000000e4a00000, 0x00000000e4a00000, 0x00000000e4b00000|  0%| F|  |TAMS 0x00000000e4a00000, 0x00000000e4a00000| Untracked 
|  75|0x00000000e4b00000, 0x00000000e4b00000, 0x00000000e4c00000|  0%| F|  |TAMS 0x00000000e4b00000, 0x00000000e4b00000| Untracked 
|  76|0x00000000e4c00000, 0x00000000e4c00000, 0x00000000e4d00000|  0%| F|  |TAMS 0x00000000e4c00000, 0x00000000e4c00000| Untracked 
|  77|0x00000000e4d00000, 0x00000000e4d00000, 0x00000000e4e00000|  0%| F|  |TAMS 0x00000000e4d00000, 0x00000000e4d00000| Untracked 
|  78|0x00000000e4e00000, 0x00000000e4e00000, 0x00000000e4f00000|  0%| F|  |TAMS 0x00000000e4e00000, 0x00000000e4e00000| Untracked 
|  79|0x00000000e4f00000, 0x00000000e4f00000, 0x00000000e5000000|  0%| F|  |TAMS 0x00000000e4f00000, 0x00000000e4f00000| Untracked 
|  80|0x00000000e5000000, 0x00000000e5000000, 0x00000000e5100000|  0%| F|  |TAMS 0x00000000e5000000, 0x00000000e5000000| Untracked 
|  81|0x00000000e5100000, 0x00000000e5100000, 0x00000000e5200000|  0%| F|  |TAMS 0x00000000e5100000, 0x00000000e5100000| Untracked 
|  82|0x00000000e5200000, 0x00000000e5200000, 0x00000000e5300000|  0%| F|  |TAMS 0x00000000e5200000, 0x00000000e5200000| Untracked 
|  83|0x00000000e5300000, 0x00000000e5300000, 0x00000000e5400000|  0%| F|  |TAMS 0x00000000e5300000, 0x00000000e5300000| Untracked 
|  84|0x00000000e5400000, 0x00000000e5400000, 0x00000000e5500000|  0%| F|  |TAMS 0x00000000e5400000, 0x00000000e5400000| Untracked 
|  85|0x00000000e5500000, 0x00000000e5500000, 0x00000000e5600000|  0%| F|  |TAMS 0x00000000e5500000, 0x00000000e5500000| Untracked 
|  86|0x00000000e5600000, 0x00000000e5600000, 0x00000000e5700000|  0%| F|  |TAMS 0x00000000e5600000, 0x00000000e5600000| Untracked 
|  87|0x00000000e5700000, 0x00000000e5700000, 0x00000000e5800000|  0%| F|  |TAMS 0x00000000e5700000, 0x00000000e5700000| Untracked 
|  88|0x00000000e5800000, 0x00000000e5800000, 0x00000000e5900000|  0%| F|  |TAMS 0x00000000e5800000, 0x00000000e5800000| Untracked 
|  89|0x00000000e5900000, 0x00000000e5900000, 0x00000000e5a00000|  0%| F|  |TAMS 0x00000000e5900000, 0x00000000e5900000| Untracked 
|  90|0x00000000e5a00000, 0x00000000e5a00000, 0x00000000e5b00000|  0%| F|  |TAMS 0x00000000e5a00000, 0x00000000e5a00000| Untracked 
|  91|0x00000000e5b00000, 0x00000000e5b00000, 0x00000000e5c00000|  0%| F|  |TAMS 0x00000000e5b00000, 0x00000000e5b00000| Untracked 
|  92|0x00000000e5c00000, 0x00000000e5c00000, 0x00000000e5d00000|  0%| F|  |TAMS 0x00000000e5c00000, 0x00000000e5c00000| Untracked 
|  93|0x00000000e5d00000, 0x00000000e5d00000, 0x00000000e5e00000|  0%| F|  |TAMS 0x00000000e5d00000, 0x00000000e5d00000| Untracked 
|  94|0x00000000e5e00000, 0x00000000e5e00000, 0x00000000e5f00000|  0%| F|  |TAMS 0x00000000e5e00000, 0x00000000e5e00000| Untracked 
|  95|0x00000000e5f00000, 0x00000000e5f00000, 0x00000000e6000000|  0%| F|  |TAMS 0x00000000e5f00000, 0x00000000e5f00000| Untracked 
|  96|0x00000000e6000000, 0x00000000e6000000, 0x00000000e6100000|  0%| F|  |TAMS 0x00000000e6000000, 0x00000000e6000000| Untracked 
|  97|0x00000000e6100000, 0x00000000e6100000, 0x00000000e6200000|  0%| F|  |TAMS 0x00000000e6100000, 0x00000000e6100000| Untracked 
|  98|0x00000000e6200000, 0x00000000e6200000, 0x00000000e6300000|  0%| F|  |TAMS 0x00000000e6200000, 0x00000000e6200000| Untracked 
|  99|0x00000000e6300000, 0x00000000e6300000, 0x00000000e6400000|  0%| F|  |TAMS 0x00000000e6300000, 0x00000000e6300000| Untracked 
| 100|0x00000000e6400000, 0x00000000e6400000, 0x00000000e6500000|  0%| F|  |TAMS 0x00000000e6400000, 0x00000000e6400000| Untracked 
| 101|0x00000000e6500000, 0x00000000e6500000, 0x00000000e6600000|  0%| F|  |TAMS 0x00000000e6500000, 0x00000000e6500000| Untracked 
| 102|0x00000000e6600000, 0x00000000e6600000, 0x00000000e6700000|  0%| F|  |TAMS 0x00000000e6600000, 0x00000000e6600000| Untracked 
| 103|0x00000000e6700000, 0x00000000e6700000, 0x00000000e6800000|  0%| F|  |TAMS 0x00000000e6700000, 0x00000000e6700000| Untracked 
| 104|0x00000000e6800000, 0x00000000e6800000, 0x00000000e6900000|  0%| F|  |TAMS 0x00000000e6800000, 0x00000000e6800000| Untracked 
| 105|0x00000000e6900000, 0x00000000e6900000, 0x00000000e6a00000|  0%| F|  |TAMS 0x00000000e6900000, 0x00000000e6900000| Untracked 
| 106|0x00000000e6a00000, 0x00000000e6a00000, 0x00000000e6b00000|  0%| F|  |TAMS 0x00000000e6a00000, 0x00000000e6a00000| Untracked 
| 107|0x00000000e6b00000, 0x00000000e6b00000, 0x00000000e6c00000|  0%| F|  |TAMS 0x00000000e6b00000, 0x00000000e6b00000| Untracked 
| 108|0x00000000e6c00000, 0x00000000e6c00000, 0x00000000e6d00000|  0%| F|  |TAMS 0x00000000e6c00000, 0x00000000e6c00000| Untracked 
| 109|0x00000000e6d00000, 0x00000000e6d00000, 0x00000000e6e00000|  0%| F|  |TAMS 0x00000000e6d00000, 0x00000000e6d00000| Untracked 
| 110|0x00000000e6e00000, 0x00000000e6e00000, 0x00000000e6f00000|  0%| F|  |TAMS 0x00000000e6e00000, 0x00000000e6e00000| Untracked 
| 111|0x00000000e6f00000, 0x00000000e6f00000, 0x00000000e7000000|  0%| F|  |TAMS 0x00000000e6f00000, 0x00000000e6f00000| Untracked 
| 112|0x00000000e7000000, 0x00000000e7000000, 0x00000000e7100000|  0%| F|  |TAMS 0x00000000e7000000, 0x00000000e7000000| Untracked 
| 113|0x00000000e7100000, 0x00000000e7100000, 0x00000000e7200000|  0%| F|  |TAMS 0x00000000e7100000, 0x00000000e7100000| Untracked 
| 114|0x00000000e7200000, 0x00000000e7200000, 0x00000000e7300000|  0%| F|  |TAMS 0x00000000e7200000, 0x00000000e7200000| Untracked 
| 115|0x00000000e7300000, 0x00000000e7300000, 0x00000000e7400000|  0%| F|  |TAMS 0x00000000e7300000, 0x00000000e7300000| Untracked 
| 116|0x00000000e7400000, 0x00000000e7400000, 0x00000000e7500000|  0%| F|  |TAMS 0x00000000e7400000, 0x00000000e7400000| Untracked 
| 117|0x00000000e7500000, 0x00000000e7500000, 0x00000000e7600000|  0%| F|  |TAMS 0x00000000e7500000, 0x00000000e7500000| Untracked 
| 118|0x00000000e7600000, 0x00000000e7600000, 0x00000000e7700000|  0%| F|  |TAMS 0x00000000e7600000, 0x00000000e7600000| Untracked 
| 119|0x00000000e7700000, 0x00000000e7700000, 0x00000000e7800000|  0%| F|  |TAMS 0x00000000e7700000, 0x00000000e7700000| Untracked 
| 120|0x00000000e7800000, 0x00000000e7800000, 0x00000000e7900000|  0%| F|  |TAMS 0x00000000e7800000, 0x00000000e7800000| Untracked 
| 121|0x00000000e7900000, 0x00000000e7900000, 0x00000000e7a00000|  0%| F|  |TAMS 0x00000000e7900000, 0x00000000e7900000| Untracked 
| 122|0x00000000e7a00000, 0x00000000e7a00000, 0x00000000e7b00000|  0%| F|  |TAMS 0x00000000e7a00000, 0x00000000e7a00000| Untracked 
| 123|0x00000000e7b00000, 0x00000000e7b00000, 0x00000000e7c00000|  0%| F|  |TAMS 0x00000000e7b00000, 0x00000000e7b00000| Untracked 
| 124|0x00000000e7c00000, 0x00000000e7c00000, 0x00000000e7d00000|  0%| F|  |TAMS 0x00000000e7c00000, 0x00000000e7c00000| Untracked 
| 125|0x00000000e7d00000, 0x00000000e7d00000, 0x00000000e7e00000|  0%| F|  |TAMS 0x00000000e7d00000, 0x00000000e7d00000| Untracked 
| 126|0x00000000e7e00000, 0x00000000e7e00000, 0x00000000e7f00000|  0%| F|  |TAMS 0x00000000e7e00000, 0x00000000e7e00000| Untracked 
| 127|0x00000000e7f00000, 0x00000000e7f00000, 0x00000000e8000000|  0%| F|  |TAMS 0x00000000e7f00000, 0x00000000e7f00000| Untracked 
| 128|0x00000000e8000000, 0x00000000e8000000, 0x00000000e8100000|  0%| F|  |TAMS 0x00000000e8000000, 0x00000000e8000000| Untracked 
| 129|0x00000000e8100000, 0x00000000e8100000, 0x00000000e8200000|  0%| F|  |TAMS 0x00000000e8100000, 0x00000000e8100000| Untracked 
| 130|0x00000000e8200000, 0x00000000e8200000, 0x00000000e8300000|  0%| F|  |TAMS 0x00000000e8200000, 0x00000000e8200000| Untracked 
| 131|0x00000000e8300000, 0x00000000e8300000, 0x00000000e8400000|  0%| F|  |TAMS 0x00000000e8300000, 0x00000000e8300000| Untracked 
| 132|0x00000000e8400000, 0x00000000e8400000, 0x00000000e8500000|  0%| F|  |TAMS 0x00000000e8400000, 0x00000000e8400000| Untracked 
| 133|0x00000000e8500000, 0x00000000e8500000, 0x00000000e8600000|  0%| F|  |TAMS 0x00000000e8500000, 0x00000000e8500000| Untracked 
| 134|0x00000000e8600000, 0x00000000e8600000, 0x00000000e8700000|  0%| F|  |TAMS 0x00000000e8600000, 0x00000000e8600000| Untracked 
| 135|0x00000000e8700000, 0x00000000e8700000, 0x00000000e8800000|  0%| F|  |TAMS 0x00000000e8700000, 0x00000000e8700000| Untracked 
| 136|0x00000000e8800000, 0x00000000e8800000, 0x00000000e8900000|  0%| F|  |TAMS 0x00000000e8800000, 0x00000000e8800000| Untracked 
| 137|0x00000000e8900000, 0x00000000e8900000, 0x00000000e8a00000|  0%| F|  |TAMS 0x00000000e8900000, 0x00000000e8900000| Untracked 
| 138|0x00000000e8a00000, 0x00000000e8a00000, 0x00000000e8b00000|  0%| F|  |TAMS 0x00000000e8a00000, 0x00000000e8a00000| Untracked 
| 139|0x00000000e8b00000, 0x00000000e8b00000, 0x00000000e8c00000|  0%| F|  |TAMS 0x00000000e8b00000, 0x00000000e8b00000| Untracked 
| 140|0x00000000e8c00000, 0x00000000e8c00000, 0x00000000e8d00000|  0%| F|  |TAMS 0x00000000e8c00000, 0x00000000e8c00000| Untracked 
| 141|0x00000000e8d00000, 0x00000000e8d00000, 0x00000000e8e00000|  0%| F|  |TAMS 0x00000000e8d00000, 0x00000000e8d00000| Untracked 
| 142|0x00000000e8e00000, 0x00000000e8e00000, 0x00000000e8f00000|  0%| F|  |TAMS 0x00000000e8e00000, 0x00000000e8e00000| Untracked 
| 143|0x00000000e8f00000, 0x00000000e8f00000, 0x00000000e9000000|  0%| F|  |TAMS 0x00000000e8f00000, 0x00000000e8f00000| Untracked 
| 144|0x00000000e9000000, 0x00000000e9000000, 0x00000000e9100000|  0%| F|  |TAMS 0x00000000e9000000, 0x00000000e9000000| Untracked 
| 145|0x00000000e9100000, 0x00000000e9100000, 0x00000000e9200000|  0%| F|  |TAMS 0x00000000e9100000, 0x00000000e9100000| Untracked 
| 146|0x00000000e9200000, 0x00000000e9200000, 0x00000000e9300000|  0%| F|  |TAMS 0x00000000e9200000, 0x00000000e9200000| Untracked 
| 147|0x00000000e9300000, 0x00000000e9300000, 0x00000000e9400000|  0%| F|  |TAMS 0x00000000e9300000, 0x00000000e9300000| Untracked 
| 148|0x00000000e9400000, 0x00000000e9400000, 0x00000000e9500000|  0%| F|  |TAMS 0x00000000e9400000, 0x00000000e9400000| Untracked 
| 149|0x00000000e9500000, 0x00000000e9500000, 0x00000000e9600000|  0%| F|  |TAMS 0x00000000e9500000, 0x00000000e9500000| Untracked 
| 150|0x00000000e9600000, 0x00000000e9600000, 0x00000000e9700000|  0%| F|  |TAMS 0x00000000e9600000, 0x00000000e9600000| Untracked 
| 151|0x00000000e9700000, 0x00000000e9700000, 0x00000000e9800000|  0%| F|  |TAMS 0x00000000e9700000, 0x00000000e9700000| Untracked 
| 152|0x00000000e9800000, 0x00000000e9800000, 0x00000000e9900000|  0%| F|  |TAMS 0x00000000e9800000, 0x00000000e9800000| Untracked 
| 153|0x00000000e9900000, 0x00000000e9900000, 0x00000000e9a00000|  0%| F|  |TAMS 0x00000000e9900000, 0x00000000e9900000| Untracked 
| 154|0x00000000e9a00000, 0x00000000e9a00000, 0x00000000e9b00000|  0%| F|  |TAMS 0x00000000e9a00000, 0x00000000e9a00000| Untracked 
| 155|0x00000000e9b00000, 0x00000000e9b00000, 0x00000000e9c00000|  0%| F|  |TAMS 0x00000000e9b00000, 0x00000000e9b00000| Untracked 
| 156|0x00000000e9c00000, 0x00000000e9c00000, 0x00000000e9d00000|  0%| F|  |TAMS 0x00000000e9c00000, 0x00000000e9c00000| Untracked 
| 157|0x00000000e9d00000, 0x00000000e9d00000, 0x00000000e9e00000|  0%| F|  |TAMS 0x00000000e9d00000, 0x00000000e9d00000| Untracked 
| 158|0x00000000e9e00000, 0x00000000e9e00000, 0x00000000e9f00000|  0%| F|  |TAMS 0x00000000e9e00000, 0x00000000e9e00000| Untracked 
| 159|0x00000000e9f00000, 0x00000000e9f00000, 0x00000000ea000000|  0%| F|  |TAMS 0x00000000e9f00000, 0x00000000e9f00000| Untracked 
| 160|0x00000000ea000000, 0x00000000ea000000, 0x00000000ea100000|  0%| F|  |TAMS 0x00000000ea000000, 0x00000000ea000000| Untracked 
| 161|0x00000000ea100000, 0x00000000ea100000, 0x00000000ea200000|  0%| F|  |TAMS 0x00000000ea100000, 0x00000000ea100000| Untracked 
| 162|0x00000000ea200000, 0x00000000ea200000, 0x00000000ea300000|  0%| F|  |TAMS 0x00000000ea200000, 0x00000000ea200000| Untracked 
| 163|0x00000000ea300000, 0x00000000ea300000, 0x00000000ea400000|  0%| F|  |TAMS 0x00000000ea300000, 0x00000000ea300000| Untracked 
| 164|0x00000000ea400000, 0x00000000ea400000, 0x00000000ea500000|  0%| F|  |TAMS 0x00000000ea400000, 0x00000000ea400000| Untracked 
| 165|0x00000000ea500000, 0x00000000ea500000, 0x00000000ea600000|  0%| F|  |TAMS 0x00000000ea500000, 0x00000000ea500000| Untracked 
| 166|0x00000000ea600000, 0x00000000ea600000, 0x00000000ea700000|  0%| F|  |TAMS 0x00000000ea600000, 0x00000000ea600000| Untracked 
| 167|0x00000000ea700000, 0x00000000ea700000, 0x00000000ea800000|  0%| F|  |TAMS 0x00000000ea700000, 0x00000000ea700000| Untracked 
| 168|0x00000000ea800000, 0x00000000ea800000, 0x00000000ea900000|  0%| F|  |TAMS 0x00000000ea800000, 0x00000000ea800000| Untracked 
| 169|0x00000000ea900000, 0x00000000ea900000, 0x00000000eaa00000|  0%| F|  |TAMS 0x00000000ea900000, 0x00000000ea900000| Untracked 
| 170|0x00000000eaa00000, 0x00000000eaa00000, 0x00000000eab00000|  0%| F|  |TAMS 0x00000000eaa00000, 0x00000000eaa00000| Untracked 
| 171|0x00000000eab00000, 0x00000000eab00000, 0x00000000eac00000|  0%| F|  |TAMS 0x00000000eab00000, 0x00000000eab00000| Untracked 
| 172|0x00000000eac00000, 0x00000000eac00000, 0x00000000ead00000|  0%| F|  |TAMS 0x00000000eac00000, 0x00000000eac00000| Untracked 
| 173|0x00000000ead00000, 0x00000000ead00000, 0x00000000eae00000|  0%| F|  |TAMS 0x00000000ead00000, 0x00000000ead00000| Untracked 
| 174|0x00000000eae00000, 0x00000000eae00000, 0x00000000eaf00000|  0%| F|  |TAMS 0x00000000eae00000, 0x00000000eae00000| Untracked 
| 175|0x00000000eaf00000, 0x00000000eaf00000, 0x00000000eb000000|  0%| F|  |TAMS 0x00000000eaf00000, 0x00000000eaf00000| Untracked 
| 176|0x00000000eb000000, 0x00000000eb000000, 0x00000000eb100000|  0%| F|  |TAMS 0x00000000eb000000, 0x00000000eb000000| Untracked 
| 177|0x00000000eb100000, 0x00000000eb100000, 0x00000000eb200000|  0%| F|  |TAMS 0x00000000eb100000, 0x00000000eb100000| Untracked 
| 178|0x00000000eb200000, 0x00000000eb200000, 0x00000000eb300000|  0%| F|  |TAMS 0x00000000eb200000, 0x00000000eb200000| Untracked 
| 179|0x00000000eb300000, 0x00000000eb300000, 0x00000000eb400000|  0%| F|  |TAMS 0x00000000eb300000, 0x00000000eb300000| Untracked 
| 180|0x00000000eb400000, 0x00000000eb400000, 0x00000000eb500000|  0%| F|  |TAMS 0x00000000eb400000, 0x00000000eb400000| Untracked 
| 181|0x00000000eb500000, 0x00000000eb500000, 0x00000000eb600000|  0%| F|  |TAMS 0x00000000eb500000, 0x00000000eb500000| Untracked 
| 182|0x00000000eb600000, 0x00000000eb600000, 0x00000000eb700000|  0%| F|  |TAMS 0x00000000eb600000, 0x00000000eb600000| Untracked 
| 183|0x00000000eb700000, 0x00000000eb700000, 0x00000000eb800000|  0%| F|  |TAMS 0x00000000eb700000, 0x00000000eb700000| Untracked 
| 184|0x00000000eb800000, 0x00000000eb800000, 0x00000000eb900000|  0%| F|  |TAMS 0x00000000eb800000, 0x00000000eb800000| Untracked 
| 185|0x00000000eb900000, 0x00000000eb900000, 0x00000000eba00000|  0%| F|  |TAMS 0x00000000eb900000, 0x00000000eb900000| Untracked 
| 186|0x00000000eba00000, 0x00000000eba00000, 0x00000000ebb00000|  0%| F|  |TAMS 0x00000000eba00000, 0x00000000eba00000| Untracked 
| 187|0x00000000ebb00000, 0x00000000ebb00000, 0x00000000ebc00000|  0%| F|  |TAMS 0x00000000ebb00000, 0x00000000ebb00000| Untracked 
| 188|0x00000000ebc00000, 0x00000000ebc00000, 0x00000000ebd00000|  0%| F|  |TAMS 0x00000000ebc00000, 0x00000000ebc00000| Untracked 
| 189|0x00000000ebd00000, 0x00000000ebd00000, 0x00000000ebe00000|  0%| F|  |TAMS 0x00000000ebd00000, 0x00000000ebd00000| Untracked 
| 190|0x00000000ebe00000, 0x00000000ebe00000, 0x00000000ebf00000|  0%| F|  |TAMS 0x00000000ebe00000, 0x00000000ebe00000| Untracked 
| 191|0x00000000ebf00000, 0x00000000ebf00000, 0x00000000ec000000|  0%| F|  |TAMS 0x00000000ebf00000, 0x00000000ebf00000| Untracked 
| 192|0x00000000ec000000, 0x00000000ec000000, 0x00000000ec100000|  0%| F|  |TAMS 0x00000000ec000000, 0x00000000ec000000| Untracked 
| 193|0x00000000ec100000, 0x00000000ec100000, 0x00000000ec200000|  0%| F|  |TAMS 0x00000000ec100000, 0x00000000ec100000| Untracked 
| 194|0x00000000ec200000, 0x00000000ec200000, 0x00000000ec300000|  0%| F|  |TAMS 0x00000000ec200000, 0x00000000ec200000| Untracked 
| 195|0x00000000ec300000, 0x00000000ec300000, 0x00000000ec400000|  0%| F|  |TAMS 0x00000000ec300000, 0x00000000ec300000| Untracked 
| 196|0x00000000ec400000, 0x00000000ec400000, 0x00000000ec500000|  0%| F|  |TAMS 0x00000000ec400000, 0x00000000ec400000| Untracked 
| 197|0x00000000ec500000, 0x00000000ec500000, 0x00000000ec600000|  0%| F|  |TAMS 0x00000000ec500000, 0x00000000ec500000| Untracked 
| 198|0x00000000ec600000, 0x00000000ec600000, 0x00000000ec700000|  0%| F|  |TAMS 0x00000000ec600000, 0x00000000ec600000| Untracked 
| 199|0x00000000ec700000, 0x00000000ec700000, 0x00000000ec800000|  0%| F|  |TAMS 0x00000000ec700000, 0x00000000ec700000| Untracked 
| 200|0x00000000ec800000, 0x00000000ec800000, 0x00000000ec900000|  0%| F|  |TAMS 0x00000000ec800000, 0x00000000ec800000| Untracked 
| 201|0x00000000ec900000, 0x00000000ec900000, 0x00000000eca00000|  0%| F|  |TAMS 0x00000000ec900000, 0x00000000ec900000| Untracked 
| 202|0x00000000eca00000, 0x00000000ecb00000, 0x00000000ecb00000|100%| E|  |TAMS 0x00000000eca00000, 0x00000000eca00000| Complete 
| 203|0x00000000ecb00000, 0x00000000ecc00000, 0x00000000ecc00000|100%| E|CS|TAMS 0x00000000ecb00000, 0x00000000ecb00000| Complete 
| 204|0x00000000ecc00000, 0x00000000ecd00000, 0x00000000ecd00000|100%| E|CS|TAMS 0x00000000ecc00000, 0x00000000ecc00000| Complete 
| 205|0x00000000ecd00000, 0x00000000ece00000, 0x00000000ece00000|100%| E|CS|TAMS 0x00000000ecd00000, 0x00000000ecd00000| Complete 
| 206|0x00000000ece00000, 0x00000000ecf00000, 0x00000000ecf00000|100%| E|CS|TAMS 0x00000000ece00000, 0x00000000ece00000| Complete 
| 207|0x00000000ecf00000, 0x00000000ed000000, 0x00000000ed000000|100%| E|CS|TAMS 0x00000000ecf00000, 0x00000000ecf00000| Complete 
| 208|0x00000000ed000000, 0x00000000ed100000, 0x00000000ed100000|100%| E|CS|TAMS 0x00000000ed000000, 0x00000000ed000000| Complete 
| 209|0x00000000ed100000, 0x00000000ed200000, 0x00000000ed200000|100%| E|CS|TAMS 0x00000000ed100000, 0x00000000ed100000| Complete 
| 210|0x00000000ed200000, 0x00000000ed300000, 0x00000000ed300000|100%| E|CS|TAMS 0x00000000ed200000, 0x00000000ed200000| Complete 
| 211|0x00000000ed300000, 0x00000000ed400000, 0x00000000ed400000|100%| E|CS|TAMS 0x00000000ed300000, 0x00000000ed300000| Complete 
| 212|0x00000000ed400000, 0x00000000ed500000, 0x00000000ed500000|100%| E|CS|TAMS 0x00000000ed400000, 0x00000000ed400000| Complete 
| 213|0x00000000ed500000, 0x00000000ed600000, 0x00000000ed600000|100%| E|CS|TAMS 0x00000000ed500000, 0x00000000ed500000| Complete 
| 214|0x00000000ed600000, 0x00000000ed700000, 0x00000000ed700000|100%| E|CS|TAMS 0x00000000ed600000, 0x00000000ed600000| Complete 
| 215|0x00000000ed700000, 0x00000000ed800000, 0x00000000ed800000|100%| E|CS|TAMS 0x00000000ed700000, 0x00000000ed700000| Complete 
| 216|0x00000000ed800000, 0x00000000ed900000, 0x00000000ed900000|100%| E|CS|TAMS 0x00000000ed800000, 0x00000000ed800000| Complete 
| 217|0x00000000ed900000, 0x00000000eda00000, 0x00000000eda00000|100%| E|CS|TAMS 0x00000000ed900000, 0x00000000ed900000| Complete 
| 218|0x00000000eda00000, 0x00000000edb00000, 0x00000000edb00000|100%| E|CS|TAMS 0x00000000eda00000, 0x00000000eda00000| Complete 
| 219|0x00000000edb00000, 0x00000000edc00000, 0x00000000edc00000|100%| E|CS|TAMS 0x00000000edb00000, 0x00000000edb00000| Complete 
| 220|0x00000000edc00000, 0x00000000edc79a88, 0x00000000edd00000| 47%| S|CS|TAMS 0x00000000edc00000, 0x00000000edc00000| Complete 
| 221|0x00000000edd00000, 0x00000000ede00000, 0x00000000ede00000|100%| S|CS|TAMS 0x00000000edd00000, 0x00000000edd00000| Complete 
| 222|0x00000000ede00000, 0x00000000edf00000, 0x00000000edf00000|100%| S|CS|TAMS 0x00000000ede00000, 0x00000000ede00000| Complete 
| 223|0x00000000edf00000, 0x00000000ee000000, 0x00000000ee000000|100%| S|CS|TAMS 0x00000000edf00000, 0x00000000edf00000| Complete 
| 224|0x00000000ee000000, 0x00000000ee100000, 0x00000000ee100000|100%| E|CS|TAMS 0x00000000ee000000, 0x00000000ee000000| Complete 
| 225|0x00000000ee100000, 0x00000000ee200000, 0x00000000ee200000|100%| E|CS|TAMS 0x00000000ee100000, 0x00000000ee100000| Complete 
| 226|0x00000000ee200000, 0x00000000ee300000, 0x00000000ee300000|100%| E|CS|TAMS 0x00000000ee200000, 0x00000000ee200000| Complete 
| 227|0x00000000ee300000, 0x00000000ee400000, 0x00000000ee400000|100%| E|CS|TAMS 0x00000000ee300000, 0x00000000ee300000| Complete 
| 228|0x00000000ee400000, 0x00000000ee500000, 0x00000000ee500000|100%| E|CS|TAMS 0x00000000ee400000, 0x00000000ee400000| Complete 
| 229|0x00000000ee500000, 0x00000000ee600000, 0x00000000ee600000|100%| E|CS|TAMS 0x00000000ee500000, 0x00000000ee500000| Complete 
| 230|0x00000000ee600000, 0x00000000ee700000, 0x00000000ee700000|100%| E|CS|TAMS 0x00000000ee600000, 0x00000000ee600000| Complete 
| 231|0x00000000ee700000, 0x00000000ee800000, 0x00000000ee800000|100%| E|CS|TAMS 0x00000000ee700000, 0x00000000ee700000| Complete 
| 232|0x00000000ee800000, 0x00000000ee900000, 0x00000000ee900000|100%| E|CS|TAMS 0x00000000ee800000, 0x00000000ee800000| Complete 
| 233|0x00000000ee900000, 0x00000000eea00000, 0x00000000eea00000|100%| E|CS|TAMS 0x00000000ee900000, 0x00000000ee900000| Complete 
| 234|0x00000000eea00000, 0x00000000eeb00000, 0x00000000eeb00000|100%| E|CS|TAMS 0x00000000eea00000, 0x00000000eea00000| Complete 
| 235|0x00000000eeb00000, 0x00000000eec00000, 0x00000000eec00000|100%| E|CS|TAMS 0x00000000eeb00000, 0x00000000eeb00000| Complete 
| 236|0x00000000eec00000, 0x00000000eed00000, 0x00000000eed00000|100%| E|CS|TAMS 0x00000000eec00000, 0x00000000eec00000| Complete 
| 237|0x00000000eed00000, 0x00000000eee00000, 0x00000000eee00000|100%| E|CS|TAMS 0x00000000eed00000, 0x00000000eed00000| Complete 
| 238|0x00000000eee00000, 0x00000000eef00000, 0x00000000eef00000|100%| E|CS|TAMS 0x00000000eee00000, 0x00000000eee00000| Complete 
| 239|0x00000000eef00000, 0x00000000ef000000, 0x00000000ef000000|100%| E|CS|TAMS 0x00000000eef00000, 0x00000000eef00000| Complete 
| 240|0x00000000ef000000, 0x00000000ef100000, 0x00000000ef100000|100%| E|CS|TAMS 0x00000000ef000000, 0x00000000ef000000| Complete 
| 241|0x00000000ef100000, 0x00000000ef200000, 0x00000000ef200000|100%| E|CS|TAMS 0x00000000ef100000, 0x00000000ef100000| Complete 
| 242|0x00000000ef200000, 0x00000000ef300000, 0x00000000ef300000|100%| E|CS|TAMS 0x00000000ef200000, 0x00000000ef200000| Complete 
| 243|0x00000000ef300000, 0x00000000ef400000, 0x00000000ef400000|100%| E|CS|TAMS 0x00000000ef300000, 0x00000000ef300000| Complete 
| 244|0x00000000ef400000, 0x00000000ef500000, 0x00000000ef500000|100%| E|CS|TAMS 0x00000000ef400000, 0x00000000ef400000| Complete 
| 245|0x00000000ef500000, 0x00000000ef600000, 0x00000000ef600000|100%| E|CS|TAMS 0x00000000ef500000, 0x00000000ef500000| Complete 
| 246|0x00000000ef600000, 0x00000000ef700000, 0x00000000ef700000|100%| E|CS|TAMS 0x00000000ef600000, 0x00000000ef600000| Complete 
| 247|0x00000000ef700000, 0x00000000ef800000, 0x00000000ef800000|100%| E|CS|TAMS 0x00000000ef700000, 0x00000000ef700000| Complete 
| 248|0x00000000ef800000, 0x00000000ef900000, 0x00000000ef900000|100%| E|CS|TAMS 0x00000000ef800000, 0x00000000ef800000| Complete 
| 249|0x00000000ef900000, 0x00000000efa00000, 0x00000000efa00000|100%| E|CS|TAMS 0x00000000ef900000, 0x00000000ef900000| Complete 
| 250|0x00000000efa00000, 0x00000000efb00000, 0x00000000efb00000|100%| E|CS|TAMS 0x00000000efa00000, 0x00000000efa00000| Complete 
| 251|0x00000000efb00000, 0x00000000efc00000, 0x00000000efc00000|100%| E|CS|TAMS 0x00000000efb00000, 0x00000000efb00000| Complete 
| 252|0x00000000efc00000, 0x00000000efd00000, 0x00000000efd00000|100%| E|CS|TAMS 0x00000000efc00000, 0x00000000efc00000| Complete 
| 253|0x00000000efd00000, 0x00000000efe00000, 0x00000000efe00000|100%| E|CS|TAMS 0x00000000efd00000, 0x00000000efd00000| Complete 
| 254|0x00000000efe00000, 0x00000000eff00000, 0x00000000eff00000|100%| E|CS|TAMS 0x00000000efe00000, 0x00000000efe00000| Complete 
| 255|0x00000000eff00000, 0x00000000f0000000, 0x00000000f0000000|100%| E|  |TAMS 0x00000000eff00000, 0x00000000eff00000| Complete 

Card table byte_map: [0x00000165fb650000,0x00000165fb750000] _byte_map_base: 0x00000165faf50000

Marking Bits (Prev, Next): (CMBitMap*) 0x00000165e40bd7c0, (CMBitMap*) 0x00000165e40bd800
 Prev Bits: [0x00000165fb850000, 0x00000165fc050000)
 Next Bits: [0x00000165fc050000, 0x00000165fc850000)

Polling page: 0x00000165e2090000

Metaspace:

Usage:
  Non-class:     12.04 MB used.
      Class:      1.85 MB used.
       Both:     13.89 MB used.

Virtual space:
  Non-class space:       64.00 MB reserved,      12.25 MB ( 19%) committed,  1 nodes.
      Class space:      308.00 MB reserved,       2.00 MB ( <1%) committed,  1 nodes.
             Both:      372.00 MB reserved,      14.25 MB (  4%) committed. 

Chunk freelists:
   Non-Class:  3.59 MB
       Class:  2.01 MB
        Both:  5.61 MB

MaxMetaspaceSize: 384.00 MB
CompressedClassSpaceSize: 308.00 MB
Initial GC threshold: 21.00 MB
Current GC threshold: 21.00 MB
CDS: on
MetaspaceReclaimPolicy: balanced
 - commit_granule_bytes: 65536.
 - commit_granule_words: 8192.
 - virtual_space_node_default_size: 8388608.
 - enlarge_chunks_in_place: 1.
 - new_chunks_are_fully_committed: 0.
 - uncommit_free_chunks: 1.
 - use_allocation_guard: 0.


Internal statistics:

num_allocs_failed_limit: 0.
num_arena_births: 448.
num_arena_deaths: 0.
num_vsnodes_births: 2.
num_vsnodes_deaths: 0.
num_space_committed: 228.
num_space_uncommitted: 0.
num_chunks_returned_to_freelist: 0.
num_chunks_taken_from_freelist: 897.
num_chunk_merges: 0.
num_chunk_splits: 589.
num_chunks_enlarged: 402.
num_inconsistent_stats: 0.

CodeHeap 'non-profiled nmethods': size=120000Kb used=1006Kb max_used=1006Kb free=118993Kb
 bounds [0x00000165f3ac0000, 0x00000165f3d30000, 0x00000165faff0000]
CodeHeap 'profiled nmethods': size=120000Kb used=4970Kb max_used=4970Kb free=115029Kb
 bounds [0x00000165ebff0000, 0x00000165ec4d0000, 0x00000165f3520000]
CodeHeap 'non-nmethods': size=5760Kb used=1317Kb max_used=1330Kb free=4442Kb
 bounds [0x00000165f3520000, 0x00000165f3790000, 0x00000165f3ac0000]
 total_blobs=2978 nmethods=2436 adapters=452
 compilation: enabled
              stopped_count=0, restarted_count=0
 full_count=0

Compilation events (20 events):
Event: 26.297 Thread 0x00000165ff4eee60 2415       1       sun.reflect.annotation.AnnotationType::memberDefaults (5 bytes)
Event: 26.297 Thread 0x00000165ff4eee60 nmethod 2415 0x00000165f3bb9590 code [0x00000165f3bb9720, 0x00000165f3bb97d8]
Event: 26.297 Thread 0x00000165ff4eee60 2416       1       sun.reflect.annotation.AnnotationType::retention (5 bytes)
Event: 26.297 Thread 0x00000165ff4eee60 nmethod 2416 0x00000165f3bb9890 code [0x00000165f3bb9a20, 0x00000165f3bb9ad8]
Event: 26.298 Thread 0x00000165ff4eee60 2417       3       org.gradle.internal.concurrent.CompositeStoppable::toStoppable (37 bytes)
Event: 26.298 Thread 0x00000165ff4eee60 nmethod 2417 0x00000165ec4b6090 code [0x00000165ec4b6280, 0x00000165ec4b6908]
Event: 26.298 Thread 0x00000165ff4eee60 2418       3       sun.reflect.generics.parser.SignatureParser::parseFieldTypeSignature (73 bytes)
Event: 26.299 Thread 0x00000165ff4eee60 nmethod 2418 0x00000165ec4b6a10 code [0x00000165ec4b6c60, 0x00000165ec4b7158]
Event: 26.301 Thread 0x00000165ff4eee60 2420       3       org.gradle.internal.service.DefaultServiceRegistry$OwnServices::collectProvidersForClassHierarchy (95 bytes)
Event: 26.303 Thread 0x00000165ff4eee60 nmethod 2420 0x00000165ec4b7390 code [0x00000165ec4b7680, 0x00000165ec4b8688]
Event: 26.305 Thread 0x00000165ff4e9e50 nmethod 2411 0x00000165f3bb9b90 code [0x00000165f3bb9d60, 0x00000165f3bba538]
Event: 26.305 Thread 0x00000165ff4e9e50 2419   !   4       java.util.zip.InflaterInputStream::read (122 bytes)
Event: 26.305 Thread 0x00000165ff4eee60 2421       3       sun.reflect.annotation.AnnotationParser::parseSig (62 bytes)
Event: 26.307 Thread 0x00000165ff4eee60 nmethod 2421 0x00000165ec4b8c10 code [0x00000165ec4b8f00, 0x00000165ec4ba0d8]
Event: 26.307 Thread 0x00000165ff4eee60 2423       3       jdk.internal.org.objectweb.asm.MethodWriter::putFrame (549 bytes)
Event: 26.309 Thread 0x00000165ff4eee60 nmethod 2423 0x00000165ec4ba690 code [0x00000165ec4bab00, 0x00000165ec4bc618]
Event: 26.309 Thread 0x00000165ff4eee60 2422       3       sun.reflect.generics.parser.SignatureParser::parseTypeSig (10 bytes)
Event: 26.310 Thread 0x00000165ff4eee60 nmethod 2422 0x00000165ec4bd290 code [0x00000165ec4bd440, 0x00000165ec4bd648]
Event: 26.310 Thread 0x00000165ff4eee60 2424   !   3       java.util.jar.Attributes::read (494 bytes)
Event: 26.314 Thread 0x00000165ff4eee60 nmethod 2424 0x00000165ec4bd710 code [0x00000165ec4bde80, 0x00000165ec4c1ae8]

GC Heap History (4 events):
Event: 3.418 GC heap before
{Heap before GC invocations=0 (full 0):
 garbage-first heap   total 262144K, used 26624K [0x00000000e0000000, 0x0000000100000000)
  region size 1024K, 23 young (23552K), 0 survivors (0K)
 Metaspace       used 3173K, committed 3328K, reserved 380928K
  class space    used 389K, committed 448K, reserved 315392K
}
Event: 3.500 GC heap after
{Heap after GC invocations=1 (full 0):
 garbage-first heap   total 262144K, used 10226K [0x00000000e0000000, 0x0000000100000000)
  region size 1024K, 3 young (3072K), 3 survivors (3072K)
 Metaspace       used 3173K, committed 3328K, reserved 380928K
  class space    used 389K, committed 448K, reserved 315392K
}
Event: 8.436 GC heap before
{Heap before GC invocations=1 (full 0):
 garbage-first heap   total 262144K, used 39922K [0x00000000e0000000, 0x0000000100000000)
  region size 1024K, 32 young (32768K), 3 survivors (3072K)
 Metaspace       used 4156K, committed 4352K, reserved 380928K
  class space    used 484K, committed 576K, reserved 315392K
}
Event: 8.442 GC heap after
{Heap after GC invocations=2 (full 0):
 garbage-first heap   total 262144K, used 13856K [0x00000000e0000000, 0x0000000100000000)
  region size 1024K, 4 young (4096K), 4 survivors (4096K)
 Metaspace       used 4156K, committed 4352K, reserved 380928K
  class space    used 484K, committed 576K, reserved 315392K
}

Dll operation events (15 events):
Event: 0.040 Loaded shared library C:\Program Files\Java\jdk-19\bin\java.dll
Event: 0.093 Loaded shared library C:\Program Files\Java\jdk-19\bin\jsvml.dll
Event: 0.339 Loaded shared library C:\Program Files\Java\jdk-19\bin\zip.dll
Event: 0.344 Loaded shared library C:\Program Files\Java\jdk-19\bin\instrument.dll
Event: 0.356 Loaded shared library C:\Program Files\Java\jdk-19\bin\net.dll
Event: 0.359 Loaded shared library C:\Program Files\Java\jdk-19\bin\nio.dll
Event: 0.371 Loaded shared library C:\Program Files\Java\jdk-19\bin\zip.dll
Event: 1.452 Loaded shared library C:\Program Files\Java\jdk-19\bin\jimage.dll
Event: 1.873 Loaded shared library C:\Program Files\Java\jdk-19\bin\verify.dll
Event: 2.899 Loaded shared library C:\Users\HP\.gradle\native\68d5fa5c4cc2d200863cafc0d521ce42e7d3e7ee720ec0a83991735586a16f82\windows-amd64\native-platform.dll
Event: 2.909 Loaded shared library C:\Users\HP\.gradle\native\e376f236ea51e6404a007f0833ffe2c6e607c4080706a723a18a27aeea778392\windows-amd64\native-platform-file-events.dll
Event: 13.732 Loaded shared library C:\Program Files\Java\jdk-19\bin\management.dll
Event: 13.795 Loaded shared library C:\Program Files\Java\jdk-19\bin\management_ext.dll
Event: 19.184 Loaded shared library C:\Program Files\Java\jdk-19\bin\extnet.dll
Event: 22.039 Loaded shared library C:\Program Files\Java\jdk-19\bin\sunmscapi.dll

Deoptimization events (20 events):
Event: 22.597 Thread 0x00000165856d18a0 Uncommon trap: trap_request=0xffffffde fr.pc=0x00000165f3b647bc relative=0x000000000000027c
Event: 22.597 Thread 0x00000165856d18a0 Uncommon trap: reason=class_check action=maybe_recompile pc=0x00000165f3b647bc method=java.util.regex.Pattern$BmpCharPropertyGreedy.match(Ljava/util/regex/Matcher;ILjava/lang/CharSequence;)Z @ 26 c2
Event: 22.597 Thread 0x00000165856d18a0 DEOPT PACKING pc=0x00000165f3b647bc sp=0x0000001c5e7fd950
Event: 22.597 Thread 0x00000165856d18a0 DEOPT UNPACKING pc=0x00000165f3586da3 sp=0x0000001c5e7fd8e8 mode 2
Event: 24.515 Thread 0x00000165846eb410 Uncommon trap: trap_request=0xffffff45 fr.pc=0x00000165f3b6b208 relative=0x0000000000001528
Event: 24.515 Thread 0x00000165846eb410 Uncommon trap: reason=unstable_if action=reinterpret pc=0x00000165f3b6b208 method=java.util.concurrent.ConcurrentHashMap.transfer([Ljava/util/concurrent/ConcurrentHashMap$Node;[Ljava/util/concurrent/ConcurrentHashMap$Node;)V @ 26 c2
Event: 24.515 Thread 0x00000165846eb410 DEOPT PACKING pc=0x00000165f3b6b208 sp=0x0000001c5e9fe370
Event: 24.515 Thread 0x00000165846eb410 DEOPT UNPACKING pc=0x00000165f3586da3 sp=0x0000001c5e9fe2e0 mode 2
Event: 25.246 Thread 0x00000165846eb410 Uncommon trap: trap_request=0xffffff45 fr.pc=0x00000165f3b80f94 relative=0x00000000000003b4
Event: 25.246 Thread 0x00000165846eb410 Uncommon trap: reason=unstable_if action=reinterpret pc=0x00000165f3b80f94 method=jdk.internal.org.objectweb.asm.Frame.push(I)V @ 26 c2
Event: 25.246 Thread 0x00000165846eb410 DEOPT PACKING pc=0x00000165f3b80f94 sp=0x0000001c5e9fcbb0
Event: 25.246 Thread 0x00000165846eb410 DEOPT UNPACKING pc=0x00000165f3586da3 sp=0x0000001c5e9fcab8 mode 2
Event: 25.248 Thread 0x00000165846eb410 Uncommon trap: trap_request=0xffffff45 fr.pc=0x00000165f3ba3f38 relative=0x0000000000000218
Event: 25.248 Thread 0x00000165846eb410 Uncommon trap: reason=unstable_if action=reinterpret pc=0x00000165f3ba3f38 method=jdk.internal.org.objectweb.asm.Frame.push(I)V @ 26 c2
Event: 25.248 Thread 0x00000165846eb410 DEOPT PACKING pc=0x00000165f3ba3f38 sp=0x0000001c5e9fc420
Event: 25.248 Thread 0x00000165846eb410 DEOPT UNPACKING pc=0x00000165f3586da3 sp=0x0000001c5e9fc3d8 mode 2
Event: 25.423 Thread 0x00000165846eb410 Uncommon trap: trap_request=0xffffff45 fr.pc=0x00000165f3b57b5c relative=0x000000000000023c
Event: 25.423 Thread 0x00000165846eb410 Uncommon trap: reason=unstable_if action=reinterpret pc=0x00000165f3b57b5c method=java.util.concurrent.ConcurrentHashMap.get(Ljava/lang/Object;)Ljava/lang/Object; @ 76 c2
Event: 25.424 Thread 0x00000165846eb410 DEOPT PACKING pc=0x00000165f3b57b5c sp=0x0000001c5e9fc250
Event: 25.424 Thread 0x00000165846eb410 DEOPT UNPACKING pc=0x00000165f3586da3 sp=0x0000001c5e9fc1c8 mode 2

Classes loaded (20 events):
Event: 25.429 Loading class java/util/stream/MatchOps
Event: 25.429 Loading class java/util/stream/MatchOps done
Event: 25.429 Loading class java/util/stream/MatchOps$MatchOp
Event: 25.429 Loading class java/util/stream/MatchOps$MatchOp done
Event: 25.429 Loading class java/util/stream/MatchOps$BooleanTerminalSink
Event: 25.429 Loading class java/util/stream/MatchOps$BooleanTerminalSink done
Event: 25.430 Loading class java/util/stream/MatchOps$1MatchSink
Event: 25.430 Loading class java/util/stream/MatchOps$1MatchSink done
Event: 25.784 Loading class java/util/ConcurrentModificationException
Event: 25.787 Loading class java/util/ConcurrentModificationException done
Event: 25.947 Loading class sun/reflect/generics/scope/ConstructorScope
Event: 25.947 Loading class sun/reflect/generics/scope/ConstructorScope done
Event: 25.947 Loading class sun/reflect/generics/tree/VoidDescriptor
Event: 25.947 Loading class sun/reflect/generics/tree/VoidDescriptor done
Event: 26.338 Loading class java/nio/file/attribute/PosixFilePermission
Event: 26.338 Loading class java/nio/file/attribute/PosixFilePermission done
Event: 26.338 Loading class java/nio/file/NoSuchFileException
Event: 26.339 Loading class java/nio/file/FileSystemException
Event: 26.339 Loading class java/nio/file/FileSystemException done
Event: 26.339 Loading class java/nio/file/NoSuchFileException done

Classes unloaded (0 events):
No events

Classes redefined (0 events):
No events

Internal exceptions (20 events):
Event: 18.851 Thread 0x00000165e408b360 Exception <a 'java/lang/NoSuchMethodError'{0x00000000eeb50ed0}: 'java.lang.Object java.lang.invoke.DirectMethodHandle$Holder.invokeStaticInit(java.lang.Object, java.lang.Object, int, int, int, int)'> (0x00000000eeb50ed0) 
thrown [s\open\src\hotspot\share\interpreter\linkResolver.cpp, line 774]
Event: 21.938 Thread 0x00000165e408b360 Exception <a 'java/io/IOException'{0x00000000ee88e880}> (0x00000000ee88e880) 
thrown [s\open\src\hotspot\share\prims\jni.cpp, line 517]
Event: 22.789 Thread 0x00000165856d18a0 Exception <a 'java/lang/NoSuchMethodError'{0x00000000ee4c3480}: 'long java.lang.invoke.DirectMethodHandle$Holder.invokeSpecial(java.lang.Object, java.lang.Object)'> (0x00000000ee4c3480) 
thrown [s\open\src\hotspot\share\interpreter\linkResolver.cpp, line 774]
Event: 22.790 Thread 0x00000165856d18a0 Exception <a 'java/lang/NoSuchMethodError'{0x00000000ee4c6b28}: 'long java.lang.invoke.Invokers$Holder.invokeExact_MT(java.lang.Object, java.lang.Object)'> (0x00000000ee4c6b28) 
thrown [s\open\src\hotspot\share\interpreter\linkResolver.cpp, line 774]
Event: 22.800 Thread 0x00000165856d18a0 Exception <a 'java/lang/NoSuchMethodError'{0x00000000ee4ed4c0}: 'void java.lang.invoke.DirectMethodHandle$Holder.invokeSpecial(java.lang.Object, java.lang.Object, java.lang.Object)'> (0x00000000ee4ed4c0) 
thrown [s\open\src\hotspot\share\interpreter\linkResolver.cpp, line 774]
Event: 22.876 Thread 0x00000165856d18a0 Exception <a 'java/lang/NoSuchMethodError'{0x00000000ee319950}: static Lorg/gradle/tooling/internal/provider/serialization/ClassLoaderDetails;.<clinit>()V> (0x00000000ee319950) 
thrown [s\open\src\hotspot\share\prims\jni.cpp, line 1107]
Event: 22.943 Thread 0x00000165856d18a0 Exception <a 'java/lang/NoSuchMethodError'{0x00000000ee332e10}: static Lorg/gradle/internal/classloader/ClassLoaderSpec;.<clinit>()V> (0x00000000ee332e10) 
thrown [s\open\src\hotspot\share\prims\jni.cpp, line 1107]
Event: 22.946 Thread 0x00000165856d18a0 Exception <a 'java/lang/NoSuchMethodError'{0x00000000ee33c8b8}: static Lorg/gradle/tooling/internal/provider/serialization/WellKnownClassLoaderRegistry$KnownClassLoaderSpec;.<clinit>()V> (0x00000000ee33c8b8) 
thrown [s\open\src\hotspot\share\prims\jni.cpp, line 1107]
Event: 22.960 Thread 0x00000165856d18a0 Exception <a 'java/lang/NoSuchMethodError'{0x00000000ee3527e8}: static Lorg/gradle/tooling/internal/provider/serialization/ClientOwnedClassLoaderSpec;.<clinit>()V> (0x00000000ee3527e8) 
thrown [s\open\src\hotspot\share\prims\jni.cpp, line 1107]
Event: 24.689 Thread 0x00000165846eb410 Exception <a 'java/lang/NoSuchMethodError'{0x00000000edba3110}: 'long java.lang.invoke.DirectMethodHandle$Holder.invokeInterface(java.lang.Object, java.lang.Object)'> (0x00000000edba3110) 
thrown [s\open\src\hotspot\share\interpreter\linkResolver.cpp, line 774]
Event: 25.233 Thread 0x00000165846eb410 Exception <a 'java/lang/NoSuchMethodError'{0x00000000ed76ed90}: 'void java.lang.invoke.DirectMethodHandle$Holder.invokeStatic(java.lang.Object, java.lang.Object)'> (0x00000000ed76ed90) 
thrown [s\open\src\hotspot\share\interpreter\linkResolver.cpp, line 774]
Event: 25.246 Thread 0x00000165846eb410 Exception <a 'java/lang/NoSuchMethodError'{0x00000000ed7a55a0}: 'java.lang.Object java.lang.invoke.DirectMethodHandle$Holder.invokeVirtual(java.lang.Object, java.lang.Object, java.lang.Object, java.lang.Object, java.lang.Object, java.lang.Object, java.lang.Object, java.lang.Object, java.lang.Object, java.lang.Object, java.lang.Object, java.lang.Object)'> (0x00000000ed7a55a0) 
thrown [s\open\src\hotspot\share\interpreter\linkResolver.cpp, line 774]
Event: 25.281 Thread 0x00000165846eb410 Exception <a 'java/lang/NoSuchMethodError'{0x00000000ed7f23d8}: 'java.lang.Object java.lang.invoke.DirectMethodHandle$Holder.invokeStatic(java.lang.Object, java.lang.Object, java.lang.Object, java.lang.Object, java.lang.Object, java.lang.Object, java.lang.Object, java.lang.Object, java.lang.Object, java.lang.Object, java.lang.Object, java.lang.Object, java.lang.Object)'> (0x00000000ed7f23d8) 
thrown [s\open\src\hotspot\share\interpreter\linkResolver.cpp, line 774]
Event: 25.285 Thread 0x00000165846eb410 Exception <a 'java/lang/NoSuchMethodError'{0x00000000ed612a50}: 'java.lang.Object java.lang.invoke.DirectMethodHandle$Holder.invokeStatic(java.lang.Object, java.lang.Object, java.lang.Object, java.lang.Object, java.lang.Object, java.lang.Object, java.lang.Object, java.lang.Object, java.lang.Object, java.lang.Object, java.lang.Object, java.lang.Object, java.lang.Object, java.lang.Object)'> (0x00000000ed612a50) 
thrown [s\open\src\hotspot\share\interpreter\linkResolver.cpp, line 774]
Event: 25.364 Thread 0x00000165846eb410 Exception <a 'java/lang/NoSuchMethodError'{0x00000000ed57c670}: 'java.lang.Object java.lang.invoke.DirectMethodHandle$Holder.newInvokeSpecial(java.lang.Object, java.lang.Object, java.lang.Object, java.lang.Object, java.lang.Object)'> (0x00000000ed57c670) 
thrown [s\open\src\hotspot\share\interpreter\linkResolver.cpp, line 774]
Event: 25.688 Thread 0x00000165846eb410 Exception <a 'java/lang/NoSuchMethodError'{0x00000000ed229128}: 'java.lang.Object java.lang.invoke.DirectMethodHandle$Holder.newInvokeSpecial(java.lang.Object, java.lang.Object, java.lang.Object, java.lang.Object, java.lang.Object, java.lang.Object)'> (0x00000000ed229128) 
thrown [s\open\src\hotspot\share\interpreter\linkResolver.cpp, line 774]
Event: 25.698 Thread 0x00000165846eb410 Exception <a 'java/lang/NoSuchMethodError'{0x00000000ed24da90}: 'void java.lang.invoke.DirectMethodHandle$Holder.invokeStaticInit(java.lang.Object, java.lang.Object)'> (0x00000000ed24da90) 
thrown [s\open\src\hotspot\share\interpreter\linkResolver.cpp, line 774]
Event: 26.022 Thread 0x00000165846eb410 Exception <a 'java/lang/NoSuchMethodError'{0x00000000ed0e8d50}: 'void java.lang.invoke.DelegatingMethodHandle$Holder.reinvoke_L(java.lang.Object, java.lang.Object, java.lang.Object, java.lang.Object, java.lang.Object, java.lang.Object, java.lang.Object, java.lang.Object, java.lang.Object, java.lang.Object)'> (0x00000000ed0e8d50) 
thrown [s\open\src\hotspot\share\interpreter\linkResolver.cpp, line 774]
Event: 26.024 Thread 0x00000165846eb410 Exception <a 'java/lang/NoSuchMethodError'{0x00000000ed0f13e0}: 'java.lang.Object java.lang.invoke.Invokers$Holder.invoker(java.lang.Object, java.lang.Object, java.lang.Object, java.lang.Object, java.lang.Object, java.lang.Object, java.lang.Object, java.lang.Object, java.lang.Object, java.lang.Object)'> (0x00000000ed0f13e0) 
thrown [s\open\src\hotspot\share\interpreter\linkResolver.cpp, line 774]
Event: 26.252 Thread 0x00000165846eb410 Exception <a 'java/lang/NoSuchMethodError'{0x00000000ecc66678}: 'void java.lang.invoke.DirectMethodHandle$Holder.invokeVirtual(java.lang.Object, java.lang.Object, java.lang.Object, java.lang.Object, java.lang.Object)'> (0x00000000ecc66678) 
thrown [s\open\src\hotspot\share\interpreter\linkResolver.cpp, line 774]

VM Operations (20 events):
Event: 18.377 Executing VM operation: HandshakeAllThreads
Event: 18.377 Executing VM operation: HandshakeAllThreads done
Event: 19.391 Executing VM operation: Cleanup
Event: 19.392 Executing VM operation: Cleanup done
Event: 20.394 Executing VM operation: Cleanup
Event: 20.394 Executing VM operation: Cleanup done
Event: 21.403 Executing VM operation: Cleanup
Event: 21.418 Executing VM operation: Cleanup done
Event: 21.423 Executing VM operation: HandshakeAllThreads
Event: 21.423 Executing VM operation: HandshakeAllThreads done
Event: 22.121 Executing VM operation: HandshakeAllThreads
Event: 22.122 Executing VM operation: HandshakeAllThreads done
Event: 23.136 Executing VM operation: Cleanup
Event: 23.136 Executing VM operation: Cleanup done
Event: 24.145 Executing VM operation: Cleanup
Event: 24.146 Executing VM operation: Cleanup done
Event: 25.152 Executing VM operation: Cleanup
Event: 25.171 Executing VM operation: Cleanup done
Event: 26.185 Executing VM operation: Cleanup
Event: 26.205 Executing VM operation: Cleanup done

Events (20 events):
Event: 0.141 Thread 0x00000165ff4e91f0 Thread added: 0x00000165ff4e91f0
Event: 0.141 Thread 0x00000165ff4e9e50 Thread added: 0x00000165ff4e9e50
Event: 0.142 Thread 0x00000165ff4eee60 Thread added: 0x00000165ff4eee60
Event: 0.142 Thread 0x00000165ff4f1980 Thread added: 0x00000165ff4f1980
Event: 0.203 Thread 0x00000165ff692e10 Thread added: 0x00000165ff692e10
Event: 0.430 Thread 0x00000165ff7de5a0 Thread added: 0x00000165ff7de5a0
Event: 1.479 Thread 0x00000165ff9e7d70 Thread added: 0x00000165ff9e7d70
Event: 2.036 Thread 0x00000165ff9e7d70 Thread exited: 0x00000165ff9e7d70
Event: 3.369 Thread 0x00000165847e0a10 Thread added: 0x00000165847e0a10
Event: 3.745 Thread 0x00000165847e0a10 Thread exited: 0x00000165847e0a10
Event: 14.453 Thread 0x0000016584e01830 Thread added: 0x0000016584e01830
Event: 21.133 Thread 0x00000165ff72e950 Thread added: 0x00000165ff72e950
Event: 22.111 Thread 0x000001658405a5d0 Thread added: 0x000001658405a5d0
Event: 22.421 Thread 0x0000016584685170 Thread added: 0x0000016584685170
Event: 22.524 Thread 0x00000165856d18a0 Thread added: 0x00000165856d18a0
Event: 23.046 Thread 0x00000165857ec910 Thread added: 0x00000165857ec910
Event: 24.458 Thread 0x00000165846eb410 Thread added: 0x00000165846eb410
Event: 24.510 Thread 0x00000165845901e0 Thread added: 0x00000165845901e0
Event: 24.524 Thread 0x0000016584592710 Thread added: 0x0000016584592710
Event: 24.536 Thread 0x0000016584590730 Thread added: 0x0000016584590730


Dynamic libraries:
0x00007ff73e470000 - 0x00007ff73e480000 	C:\Program Files\Java\jdk-19\bin\java.exe
0x00007ff876ad0000 - 0x00007ff876ce7000 	C:\WINDOWS\SYSTEM32\ntdll.dll
0x00007ff875a70000 - 0x00007ff875b34000 	C:\WINDOWS\System32\KERNEL32.DLL
0x00007ff8741a0000 - 0x00007ff874545000 	C:\WINDOWS\System32\KERNELBASE.dll
0x00007ff873ec0000 - 0x00007ff873fd1000 	C:\WINDOWS\System32\ucrtbase.dll
0x00007ff868ec0000 - 0x00007ff868ed8000 	C:\Program Files\Java\jdk-19\bin\jli.dll
0x00007ff874980000 - 0x00007ff874a31000 	C:\WINDOWS\System32\ADVAPI32.dll
0x00007ff8762a0000 - 0x00007ff876347000 	C:\WINDOWS\System32\msvcrt.dll
0x00007ff8748d0000 - 0x00007ff874976000 	C:\WINDOWS\System32\sechost.dll
0x00007ff8763d0000 - 0x00007ff8764e7000 	C:\WINDOWS\System32\RPCRT4.dll
0x00007ff869b70000 - 0x00007ff869b8b000 	C:\Program Files\Java\jdk-19\bin\VCRUNTIME140.dll
0x00007ff875f20000 - 0x00007ff8760ce000 	C:\WINDOWS\System32\USER32.dll
0x00007ff874550000 - 0x00007ff874576000 	C:\WINDOWS\System32\win32u.dll
0x00007ff8751e0000 - 0x00007ff875209000 	C:\WINDOWS\System32\GDI32.dll
0x00007ff856650000 - 0x00007ff8568e3000 	C:\WINDOWS\WinSxS\amd64_microsoft.windows.common-controls_6595b64144ccf1df_6.0.22621.2506_none_270c5ae97388e100\COMCTL32.dll
0x00007ff873fe0000 - 0x00007ff8740f9000 	C:\WINDOWS\System32\gdi32full.dll
0x00007ff874100000 - 0x00007ff87419a000 	C:\WINDOWS\System32\msvcp_win.dll
0x00007ff8605f0000 - 0x00007ff8605fa000 	C:\WINDOWS\SYSTEM32\VERSION.dll
0x00007ff8751a0000 - 0x00007ff8751d1000 	C:\WINDOWS\System32\IMM32.DLL
0x00007ff868eb0000 - 0x00007ff868ebc000 	C:\Program Files\Java\jdk-19\bin\vcruntime140_1.dll
0x00007ff8326b0000 - 0x00007ff83273e000 	C:\Program Files\Java\jdk-19\bin\msvcp140.dll
0x00007fffdbc30000 - 0x00007fffdc8f0000 	C:\Program Files\Java\jdk-19\bin\server\jvm.dll
0x00007ff869030000 - 0x00007ff869064000 	C:\WINDOWS\SYSTEM32\WINMM.dll
0x00007ff84ebc0000 - 0x00007ff84ebc9000 	C:\WINDOWS\SYSTEM32\WSOCK32.dll
0x00007ff8760d0000 - 0x00007ff876141000 	C:\WINDOWS\System32\WS2_32.dll
0x00007ff872e00000 - 0x00007ff872e18000 	C:\WINDOWS\SYSTEM32\kernel.appcore.dll
0x00007ff868ea0000 - 0x00007ff868eaa000 	C:\Program Files\Java\jdk-19\bin\jimage.dll
0x00007ff8716e0000 - 0x00007ff871913000 	C:\WINDOWS\SYSTEM32\DBGHELP.DLL
0x00007ff874df0000 - 0x00007ff875179000 	C:\WINDOWS\System32\combase.dll
0x00007ff874ca0000 - 0x00007ff874d77000 	C:\WINDOWS\System32\OLEAUT32.dll
0x00007ff84e1d0000 - 0x00007ff84e202000 	C:\WINDOWS\SYSTEM32\dbgcore.DLL
0x00007ff873e40000 - 0x00007ff873eba000 	C:\WINDOWS\System32\bcryptPrimitives.dll
0x00007ff8708e0000 - 0x00007ff8708ee000 	C:\Program Files\Java\jdk-19\bin\instrument.dll
0x00007ff868e70000 - 0x00007ff868e96000 	C:\Program Files\Java\jdk-19\bin\java.dll
0x00007fffdbb50000 - 0x00007fffdbc27000 	C:\Program Files\Java\jdk-19\bin\jsvml.dll
0x00007ff875210000 - 0x00007ff875a69000 	C:\WINDOWS\System32\SHELL32.dll
0x00007ff871d10000 - 0x00007ff872604000 	C:\WINDOWS\SYSTEM32\windows.storage.dll
0x00007ff871bd0000 - 0x00007ff871d0e000 	C:\WINDOWS\SYSTEM32\wintypes.dll
0x00007ff874ba0000 - 0x00007ff874c93000 	C:\WINDOWS\System32\SHCORE.dll
0x00007ff875ec0000 - 0x00007ff875f1e000 	C:\WINDOWS\System32\shlwapi.dll
0x00007ff873d70000 - 0x00007ff873d96000 	C:\WINDOWS\SYSTEM32\profapi.dll
0x00007ff859aa0000 - 0x00007ff859ab8000 	C:\Program Files\Java\jdk-19\bin\zip.dll
0x00007ff868e50000 - 0x00007ff868e63000 	C:\Program Files\Java\jdk-19\bin\net.dll
0x00007ff869f10000 - 0x00007ff86a047000 	C:\WINDOWS\SYSTEM32\WINHTTP.dll
0x00007ff873270000 - 0x00007ff8732d9000 	C:\WINDOWS\system32\mswsock.dll
0x00007ff868e30000 - 0x00007ff868e46000 	C:\Program Files\Java\jdk-19\bin\nio.dll
0x00007ff8393a0000 - 0x00007ff8393b0000 	C:\Program Files\Java\jdk-19\bin\verify.dll
0x00007ff86ebc0000 - 0x00007ff86ebe7000 	C:\Users\HP\.gradle\native\68d5fa5c4cc2d200863cafc0d521ce42e7d3e7ee720ec0a83991735586a16f82\windows-amd64\native-platform.dll
0x00007ff843100000 - 0x00007ff843244000 	C:\Users\HP\.gradle\native\e376f236ea51e6404a007f0833ffe2c6e607c4080706a723a18a27aeea778392\windows-amd64\native-platform-file-events.dll
0x00007ff86ebb0000 - 0x00007ff86ebba000 	C:\Program Files\Java\jdk-19\bin\management.dll
0x00007ff86eba0000 - 0x00007ff86ebab000 	C:\Program Files\Java\jdk-19\bin\management_ext.dll
0x00007ff874820000 - 0x00007ff874828000 	C:\WINDOWS\System32\PSAPI.DLL
0x00007ff8735c0000 - 0x00007ff8735db000 	C:\WINDOWS\SYSTEM32\CRYPTSP.dll
0x00007ff872d60000 - 0x00007ff872d95000 	C:\WINDOWS\system32\rsaenh.dll
0x00007ff873310000 - 0x00007ff87333c000 	C:\WINDOWS\SYSTEM32\USERENV.dll
0x00007ff873700000 - 0x00007ff873728000 	C:\WINDOWS\SYSTEM32\bcrypt.dll
0x00007ff8735a0000 - 0x00007ff8735ac000 	C:\WINDOWS\SYSTEM32\CRYPTBASE.dll
0x00007ff872870000 - 0x00007ff87289d000 	C:\WINDOWS\SYSTEM32\IPHLPAPI.DLL
0x00007ff8748c0000 - 0x00007ff8748c9000 	C:\WINDOWS\System32\NSI.dll
0x00007ff869db0000 - 0x00007ff869dc9000 	C:\WINDOWS\SYSTEM32\dhcpcsvc6.DLL
0x00007ff869c80000 - 0x00007ff869c9f000 	C:\WINDOWS\SYSTEM32\dhcpcsvc.DLL
0x00007ff8728e0000 - 0x00007ff8729d9000 	C:\WINDOWS\SYSTEM32\DNSAPI.dll
0x00007ff859a90000 - 0x00007ff859a98000 	C:\Program Files\Java\jdk-19\bin\extnet.dll
0x00007ff86eb90000 - 0x00007ff86eb9e000 	C:\Program Files\Java\jdk-19\bin\sunmscapi.dll
0x00007ff8746b0000 - 0x00007ff874816000 	C:\WINDOWS\System32\CRYPT32.dll
0x00007ff8736d0000 - 0x00007ff8736fd000 	C:\WINDOWS\SYSTEM32\ncrypt.dll
0x00007ff873690000 - 0x00007ff8736c7000 	C:\WINDOWS\SYSTEM32\NTASN1.dll
0x00007ff841970000 - 0x00007ff841978000 	C:\WINDOWS\system32\wshunix.dll

dbghelp: loaded successfully - version: 4.0.5 - missing functions: none
symbol engine: initialized successfully - sym options: 0x614 - pdb path: .;C:\Program Files\Java\jdk-19\bin;C:\WINDOWS\SYSTEM32;C:\WINDOWS\WinSxS\amd64_microsoft.windows.common-controls_6595b64144ccf1df_6.0.22621.2506_none_270c5ae97388e100;C:\Program Files\Java\jdk-19\bin\server;C:\Users\HP\.gradle\native\68d5fa5c4cc2d200863cafc0d521ce42e7d3e7ee720ec0a83991735586a16f82\windows-amd64;C:\Users\HP\.gradle\native\e376f236ea51e6404a007f0833ffe2c6e607c4080706a723a18a27aeea778392\windows-amd64

VM Arguments:
jvm_args: --add-opens=java.base/java.util=ALL-UNNAMED --add-opens=java.base/java.lang=ALL-UNNAMED --add-opens=java.base/java.lang.invoke=ALL-UNNAMED --add-opens=java.prefs/java.util.prefs=ALL-UNNAMED --add-opens=java.base/java.nio.charset=ALL-UNNAMED --add-opens=java.base/java.net=ALL-UNNAMED --add-opens=java.base/java.util.concurrent.atomic=ALL-UNNAMED -XX:MaxMetaspaceSize=384m -XX:+HeapDumpOnOutOfMemoryError -Xms256m -Xmx512m -Dfile.encoding=windows-1251 -Duser.country=US -Duser.language=en -Duser.variant -javaagent:C:\Users\HP\.gradle\wrapper\dists\gradle-8.3-bin\dxjbbhstwasg8cbags9q7cvli\gradle-8.3\lib\agents\gradle-instrumentation-agent-8.3.jar 
java_command: org.gradle.launcher.daemon.bootstrap.GradleDaemon 8.3
java_class_path (initial): C:\Users\HP\.gradle\wrapper\dists\gradle-8.3-bin\dxjbbhstwasg8cbags9q7cvli\gradle-8.3\lib\gradle-launcher-8.3.jar
Launcher Type: SUN_STANDARD

[Global flags]
     intx CICompilerCount                          = 4                                         {product} {ergonomic}
   size_t CompressedClassSpaceSize                 = 322961408                                 {product} {ergonomic}
     uint ConcGCThreads                            = 3                                         {product} {ergonomic}
     uint G1ConcRefinementThreads                  = 10                                        {product} {ergonomic}
   size_t G1HeapRegionSize                         = 1048576                                   {product} {ergonomic}
    uintx GCDrainStackTargetSize                   = 64                                        {product} {ergonomic}
     bool HeapDumpOnOutOfMemoryError               = true                                   {manageable} {command line}
   size_t InitialHeapSize                          = 268435456                                 {product} {command line}
   size_t MarkStackSize                            = 4194304                                   {product} {ergonomic}
   size_t MaxHeapSize                              = 536870912                                 {product} {command line}
   size_t MaxMetaspaceSize                         = 402653184                                 {product} {command line}
   size_t MaxNewSize                               = 321912832                                 {product} {ergonomic}
   size_t MinHeapDeltaBytes                        = 1048576                                   {product} {ergonomic}
   size_t MinHeapSize                              = 268435456                                 {product} {command line}
    uintx NonNMethodCodeHeapSize                   = 5839372                                {pd product} {ergonomic}
    uintx NonProfiledCodeHeapSize                  = 122909434                              {pd product} {ergonomic}
    uintx ProfiledCodeHeapSize                     = 122909434                              {pd product} {ergonomic}
    uintx ReservedCodeCacheSize                    = 251658240                              {pd product} {ergonomic}
     bool SegmentedCodeCache                       = true                                      {product} {ergonomic}
   size_t SoftMaxHeapSize                          = 536870912                              {manageable} {ergonomic}
     bool UseCompressedClassPointers               = true                           {product lp64_product} {ergonomic}
     bool UseCompressedOops                        = true                           {product lp64_product} {ergonomic}
     bool UseG1GC                                  = true                                      {product} {ergonomic}
     bool UseLargePagesIndividualAllocation        = false                                  {pd product} {ergonomic}

Logging:
Log output configuration:
 #0: stdout all=warning uptime,level,tags foldmultilines=false
 #1: stderr all=off uptime,level,tags foldmultilines=false

Environment Variables:
JAVA_HOME=C:\Program Files\Java\jdk-19
PATH=C:\Program Files\Common Files\Oracle\Java\javapath;C:\Program Files (x86)\Common Files\Oracle\Java\javapath;C:\WINDOWS\system32;C:\WINDOWS;C:\WINDOWS\System32\Wbem;C:\WINDOWS\System32\WindowsPowerShell\v1.0\;C:\WINDOWS\System32\OpenSSH\;C:\Program Files (x86)\Common Files\Acronis\SnapAPI\;C:\Program Files\Git\cmd;C:\Program Files\Docker\Docker\resources\bin;C:\Users\HP\AppData\Local\Microsoft\WindowsApps;C:\Program Files\Java\jdk-19\bin;%Intellij IDEA%;
USERNAME=HP
OS=Windows_NT
PROCESSOR_IDENTIFIER=Intel64 Family 6 Model 154 Stepping 4, GenuineIntel
TMP=C:\Users\HP\AppData\Local\Temp
TEMP=C:\Users\HP\AppData\Local\Temp



---------------  S Y S T E M  ---------------

OS:
 Windows 11 , 64 bit Build 22621 (10.0.22621.2506)
OS uptime: 0 days 2:06 hours
Hyper-V role detected

CPU: total 12 (initial active 12) (6 cores per cpu, 2 threads per core) family 6 model 154 stepping 4 microcode 0x42c, cx8, cmov, fxsr, ht, mmx, 3dnowpref, sse, sse2, sse3, ssse3, sse4.1, sse4.2, popcnt, lzcnt, tsc, tscinvbit, avx, avx2, aes, erms, clmul, bmi1, bmi2, adx, sha, fma, vzeroupper, clflush, clflushopt, clwb, hv, serialize, rdtscp, rdpid, fsrm

Memory: 4k page, system-wide physical 7863M (385M free)
TotalPageFile size 16799M (AvailPageFile size 1M)
current process WorkingSet (physical memory assigned to process): 141M, peak: 141M
current process commit charge ("private bytes"): 389M, peak: 389M

vm_info: Java HotSpot(TM) 64-Bit Server VM (19.0.1+10-21) for windows-amd64 JRE (19.0.1+10-21), built on 2022-09-14T12:45:06Z by "mach5one" with MS VC++ 17.1 (VS2022)

END.
